[2025-02-09T13:56:15.232+0000] {processor.py:186} INFO - Started process (PID=96) to work on /home/airflow/.local/lib/python3.12/site-packages/airflow/example_dags/example_nested_branch_dag.py
[2025-02-09T13:56:15.241+0000] {processor.py:914} INFO - Processing file /home/airflow/.local/lib/python3.12/site-packages/airflow/example_dags/example_nested_branch_dag.py for tasks to queue
[2025-02-09T13:56:15.245+0000] {logging_mixin.py:190} INFO - [2025-02-09T13:56:15.245+0000] {dagbag.py:588} INFO - Filling up the DagBag from /home/airflow/.local/lib/python3.12/site-packages/airflow/example_dags/example_nested_branch_dag.py
[2025-02-09T13:56:15.280+0000] {processor.py:925} INFO - DAG(s) 'example_nested_branch_dag' retrieved from /home/airflow/.local/lib/python3.12/site-packages/airflow/example_dags/example_nested_branch_dag.py
[2025-02-09T13:56:15.332+0000] {logging_mixin.py:190} INFO - [2025-02-09T13:56:15.332+0000] {dag.py:3239} INFO - Sync 1 DAGs
[2025-02-09T13:56:15.422+0000] {logging_mixin.py:190} INFO - [2025-02-09T13:56:15.421+0000] {dag.py:4180} INFO - Setting next_dagrun for example_nested_branch_dag to 2025-02-08 00:00:00+00:00, run_after=2025-02-09 00:00:00+00:00
[2025-02-09T13:56:15.532+0000] {processor.py:208} INFO - Processing /home/airflow/.local/lib/python3.12/site-packages/airflow/example_dags/example_nested_branch_dag.py took 0.307 seconds
[2025-02-09T13:56:45.922+0000] {processor.py:186} INFO - Started process (PID=166) to work on /home/airflow/.local/lib/python3.12/site-packages/airflow/example_dags/example_nested_branch_dag.py
[2025-02-09T13:56:45.923+0000] {processor.py:914} INFO - Processing file /home/airflow/.local/lib/python3.12/site-packages/airflow/example_dags/example_nested_branch_dag.py for tasks to queue
[2025-02-09T13:56:45.926+0000] {logging_mixin.py:190} INFO - [2025-02-09T13:56:45.926+0000] {dagbag.py:588} INFO - Filling up the DagBag from /home/airflow/.local/lib/python3.12/site-packages/airflow/example_dags/example_nested_branch_dag.py
[2025-02-09T13:56:45.934+0000] {processor.py:925} INFO - DAG(s) 'example_nested_branch_dag' retrieved from /home/airflow/.local/lib/python3.12/site-packages/airflow/example_dags/example_nested_branch_dag.py
[2025-02-09T13:56:45.947+0000] {logging_mixin.py:190} INFO - [2025-02-09T13:56:45.946+0000] {dag.py:3239} INFO - Sync 1 DAGs
[2025-02-09T13:56:45.970+0000] {logging_mixin.py:190} INFO - [2025-02-09T13:56:45.970+0000] {dag.py:4180} INFO - Setting next_dagrun for example_nested_branch_dag to 2025-02-08 00:00:00+00:00, run_after=2025-02-09 00:00:00+00:00
[2025-02-09T13:56:45.985+0000] {processor.py:208} INFO - Processing /home/airflow/.local/lib/python3.12/site-packages/airflow/example_dags/example_nested_branch_dag.py took 0.066 seconds
[2025-02-09T13:57:16.780+0000] {processor.py:186} INFO - Started process (PID=232) to work on /home/airflow/.local/lib/python3.12/site-packages/airflow/example_dags/example_nested_branch_dag.py
[2025-02-09T13:57:16.781+0000] {processor.py:914} INFO - Processing file /home/airflow/.local/lib/python3.12/site-packages/airflow/example_dags/example_nested_branch_dag.py for tasks to queue
[2025-02-09T13:57:16.783+0000] {logging_mixin.py:190} INFO - [2025-02-09T13:57:16.783+0000] {dagbag.py:588} INFO - Filling up the DagBag from /home/airflow/.local/lib/python3.12/site-packages/airflow/example_dags/example_nested_branch_dag.py
[2025-02-09T13:57:16.790+0000] {processor.py:925} INFO - DAG(s) 'example_nested_branch_dag' retrieved from /home/airflow/.local/lib/python3.12/site-packages/airflow/example_dags/example_nested_branch_dag.py
[2025-02-09T13:57:16.808+0000] {logging_mixin.py:190} INFO - [2025-02-09T13:57:16.807+0000] {dag.py:3239} INFO - Sync 1 DAGs
[2025-02-09T13:57:16.826+0000] {logging_mixin.py:190} INFO - [2025-02-09T13:57:16.825+0000] {dag.py:4180} INFO - Setting next_dagrun for example_nested_branch_dag to 2025-02-08 00:00:00+00:00, run_after=2025-02-09 00:00:00+00:00
[2025-02-09T13:57:16.850+0000] {processor.py:208} INFO - Processing /home/airflow/.local/lib/python3.12/site-packages/airflow/example_dags/example_nested_branch_dag.py took 0.073 seconds
[2025-02-09T13:57:48.096+0000] {processor.py:186} INFO - Started process (PID=298) to work on /home/airflow/.local/lib/python3.12/site-packages/airflow/example_dags/example_nested_branch_dag.py
[2025-02-09T13:57:48.097+0000] {processor.py:914} INFO - Processing file /home/airflow/.local/lib/python3.12/site-packages/airflow/example_dags/example_nested_branch_dag.py for tasks to queue
[2025-02-09T13:57:48.098+0000] {logging_mixin.py:190} INFO - [2025-02-09T13:57:48.098+0000] {dagbag.py:588} INFO - Filling up the DagBag from /home/airflow/.local/lib/python3.12/site-packages/airflow/example_dags/example_nested_branch_dag.py
[2025-02-09T13:57:48.105+0000] {processor.py:925} INFO - DAG(s) 'example_nested_branch_dag' retrieved from /home/airflow/.local/lib/python3.12/site-packages/airflow/example_dags/example_nested_branch_dag.py
[2025-02-09T13:57:48.119+0000] {logging_mixin.py:190} INFO - [2025-02-09T13:57:48.119+0000] {dag.py:3239} INFO - Sync 1 DAGs
[2025-02-09T13:57:48.134+0000] {logging_mixin.py:190} INFO - [2025-02-09T13:57:48.134+0000] {dag.py:4180} INFO - Setting next_dagrun for example_nested_branch_dag to 2025-02-08 00:00:00+00:00, run_after=2025-02-09 00:00:00+00:00
[2025-02-09T13:57:48.148+0000] {processor.py:208} INFO - Processing /home/airflow/.local/lib/python3.12/site-packages/airflow/example_dags/example_nested_branch_dag.py took 0.055 seconds
[2025-02-09T13:58:18.811+0000] {processor.py:186} INFO - Started process (PID=363) to work on /home/airflow/.local/lib/python3.12/site-packages/airflow/example_dags/example_nested_branch_dag.py
[2025-02-09T13:58:18.812+0000] {processor.py:914} INFO - Processing file /home/airflow/.local/lib/python3.12/site-packages/airflow/example_dags/example_nested_branch_dag.py for tasks to queue
[2025-02-09T13:58:18.813+0000] {logging_mixin.py:190} INFO - [2025-02-09T13:58:18.813+0000] {dagbag.py:588} INFO - Filling up the DagBag from /home/airflow/.local/lib/python3.12/site-packages/airflow/example_dags/example_nested_branch_dag.py
[2025-02-09T13:58:18.819+0000] {processor.py:925} INFO - DAG(s) 'example_nested_branch_dag' retrieved from /home/airflow/.local/lib/python3.12/site-packages/airflow/example_dags/example_nested_branch_dag.py
[2025-02-09T13:58:18.831+0000] {logging_mixin.py:190} INFO - [2025-02-09T13:58:18.831+0000] {dag.py:3239} INFO - Sync 1 DAGs
[2025-02-09T13:58:18.843+0000] {logging_mixin.py:190} INFO - [2025-02-09T13:58:18.843+0000] {dag.py:4180} INFO - Setting next_dagrun for example_nested_branch_dag to 2025-02-08 00:00:00+00:00, run_after=2025-02-09 00:00:00+00:00
[2025-02-09T13:58:18.853+0000] {processor.py:208} INFO - Processing /home/airflow/.local/lib/python3.12/site-packages/airflow/example_dags/example_nested_branch_dag.py took 0.045 seconds
[2025-02-09T13:58:50.251+0000] {processor.py:186} INFO - Started process (PID=429) to work on /home/airflow/.local/lib/python3.12/site-packages/airflow/example_dags/example_nested_branch_dag.py
[2025-02-09T13:58:50.252+0000] {processor.py:914} INFO - Processing file /home/airflow/.local/lib/python3.12/site-packages/airflow/example_dags/example_nested_branch_dag.py for tasks to queue
[2025-02-09T13:58:50.254+0000] {logging_mixin.py:190} INFO - [2025-02-09T13:58:50.254+0000] {dagbag.py:588} INFO - Filling up the DagBag from /home/airflow/.local/lib/python3.12/site-packages/airflow/example_dags/example_nested_branch_dag.py
[2025-02-09T13:58:50.261+0000] {processor.py:925} INFO - DAG(s) 'example_nested_branch_dag' retrieved from /home/airflow/.local/lib/python3.12/site-packages/airflow/example_dags/example_nested_branch_dag.py
[2025-02-09T13:58:50.277+0000] {logging_mixin.py:190} INFO - [2025-02-09T13:58:50.277+0000] {dag.py:3239} INFO - Sync 1 DAGs
[2025-02-09T13:58:50.291+0000] {logging_mixin.py:190} INFO - [2025-02-09T13:58:50.291+0000] {dag.py:4180} INFO - Setting next_dagrun for example_nested_branch_dag to 2025-02-08 00:00:00+00:00, run_after=2025-02-09 00:00:00+00:00
[2025-02-09T13:58:50.306+0000] {processor.py:208} INFO - Processing /home/airflow/.local/lib/python3.12/site-packages/airflow/example_dags/example_nested_branch_dag.py took 0.058 seconds
