[2025-02-09T13:56:10.248+0000] {processor.py:186} INFO - Started process (PID=60) to work on /home/airflow/.local/lib/python3.12/site-packages/airflow/example_dags/example_xcom.py
[2025-02-09T13:56:10.252+0000] {processor.py:914} INFO - Processing file /home/airflow/.local/lib/python3.12/site-packages/airflow/example_dags/example_xcom.py for tasks to queue
[2025-02-09T13:56:10.255+0000] {logging_mixin.py:190} INFO - [2025-02-09T13:56:10.255+0000] {dagbag.py:588} INFO - Filling up the DagBag from /home/airflow/.local/lib/python3.12/site-packages/airflow/example_dags/example_xcom.py
[2025-02-09T13:56:10.273+0000] {processor.py:925} INFO - DAG(s) 'example_xcom' retrieved from /home/airflow/.local/lib/python3.12/site-packages/airflow/example_dags/example_xcom.py
[2025-02-09T13:56:10.320+0000] {logging_mixin.py:190} INFO - [2025-02-09T13:56:10.320+0000] {dag.py:3239} INFO - Sync 1 DAGs
[2025-02-09T13:56:10.345+0000] {logging_mixin.py:190} INFO - [2025-02-09T13:56:10.345+0000] {dag.py:4180} INFO - Setting next_dagrun for example_xcom to 2021-01-01 00:00:00+00:00, run_after=2021-01-01 00:00:00+00:00
[2025-02-09T13:56:10.378+0000] {processor.py:208} INFO - Processing /home/airflow/.local/lib/python3.12/site-packages/airflow/example_dags/example_xcom.py took 0.139 seconds
[2025-02-09T13:56:40.550+0000] {processor.py:186} INFO - Started process (PID=129) to work on /home/airflow/.local/lib/python3.12/site-packages/airflow/example_dags/example_xcom.py
[2025-02-09T13:56:40.551+0000] {processor.py:914} INFO - Processing file /home/airflow/.local/lib/python3.12/site-packages/airflow/example_dags/example_xcom.py for tasks to queue
[2025-02-09T13:56:40.552+0000] {logging_mixin.py:190} INFO - [2025-02-09T13:56:40.552+0000] {dagbag.py:588} INFO - Filling up the DagBag from /home/airflow/.local/lib/python3.12/site-packages/airflow/example_dags/example_xcom.py
[2025-02-09T13:56:40.558+0000] {processor.py:925} INFO - DAG(s) 'example_xcom' retrieved from /home/airflow/.local/lib/python3.12/site-packages/airflow/example_dags/example_xcom.py
[2025-02-09T13:56:40.573+0000] {logging_mixin.py:190} INFO - [2025-02-09T13:56:40.573+0000] {dag.py:3239} INFO - Sync 1 DAGs
[2025-02-09T13:56:40.588+0000] {logging_mixin.py:190} INFO - [2025-02-09T13:56:40.588+0000] {dag.py:4180} INFO - Setting next_dagrun for example_xcom to 2021-01-01 00:00:00+00:00, run_after=2021-01-01 00:00:00+00:00
[2025-02-09T13:56:40.607+0000] {processor.py:208} INFO - Processing /home/airflow/.local/lib/python3.12/site-packages/airflow/example_dags/example_xcom.py took 0.061 seconds
[2025-02-09T13:57:10.910+0000] {processor.py:186} INFO - Started process (PID=195) to work on /home/airflow/.local/lib/python3.12/site-packages/airflow/example_dags/example_xcom.py
[2025-02-09T13:57:10.911+0000] {processor.py:914} INFO - Processing file /home/airflow/.local/lib/python3.12/site-packages/airflow/example_dags/example_xcom.py for tasks to queue
[2025-02-09T13:57:10.913+0000] {logging_mixin.py:190} INFO - [2025-02-09T13:57:10.913+0000] {dagbag.py:588} INFO - Filling up the DagBag from /home/airflow/.local/lib/python3.12/site-packages/airflow/example_dags/example_xcom.py
[2025-02-09T13:57:10.918+0000] {processor.py:925} INFO - DAG(s) 'example_xcom' retrieved from /home/airflow/.local/lib/python3.12/site-packages/airflow/example_dags/example_xcom.py
[2025-02-09T13:57:10.934+0000] {logging_mixin.py:190} INFO - [2025-02-09T13:57:10.934+0000] {dag.py:3239} INFO - Sync 1 DAGs
[2025-02-09T13:57:10.949+0000] {logging_mixin.py:190} INFO - [2025-02-09T13:57:10.948+0000] {dag.py:4180} INFO - Setting next_dagrun for example_xcom to 2021-01-01 00:00:00+00:00, run_after=2021-01-01 00:00:00+00:00
[2025-02-09T13:57:10.966+0000] {processor.py:208} INFO - Processing /home/airflow/.local/lib/python3.12/site-packages/airflow/example_dags/example_xcom.py took 0.060 seconds
[2025-02-09T13:57:41.281+0000] {processor.py:186} INFO - Started process (PID=261) to work on /home/airflow/.local/lib/python3.12/site-packages/airflow/example_dags/example_xcom.py
[2025-02-09T13:57:41.282+0000] {processor.py:914} INFO - Processing file /home/airflow/.local/lib/python3.12/site-packages/airflow/example_dags/example_xcom.py for tasks to queue
[2025-02-09T13:57:41.284+0000] {logging_mixin.py:190} INFO - [2025-02-09T13:57:41.284+0000] {dagbag.py:588} INFO - Filling up the DagBag from /home/airflow/.local/lib/python3.12/site-packages/airflow/example_dags/example_xcom.py
[2025-02-09T13:57:41.290+0000] {processor.py:925} INFO - DAG(s) 'example_xcom' retrieved from /home/airflow/.local/lib/python3.12/site-packages/airflow/example_dags/example_xcom.py
[2025-02-09T13:57:41.302+0000] {logging_mixin.py:190} INFO - [2025-02-09T13:57:41.302+0000] {dag.py:3239} INFO - Sync 1 DAGs
[2025-02-09T13:57:41.318+0000] {logging_mixin.py:190} INFO - [2025-02-09T13:57:41.318+0000] {dag.py:4180} INFO - Setting next_dagrun for example_xcom to 2021-01-01 00:00:00+00:00, run_after=2021-01-01 00:00:00+00:00
[2025-02-09T13:57:41.332+0000] {processor.py:208} INFO - Processing /home/airflow/.local/lib/python3.12/site-packages/airflow/example_dags/example_xcom.py took 0.055 seconds
[2025-02-09T13:58:12.042+0000] {processor.py:186} INFO - Started process (PID=327) to work on /home/airflow/.local/lib/python3.12/site-packages/airflow/example_dags/example_xcom.py
[2025-02-09T13:58:12.042+0000] {processor.py:914} INFO - Processing file /home/airflow/.local/lib/python3.12/site-packages/airflow/example_dags/example_xcom.py for tasks to queue
[2025-02-09T13:58:12.044+0000] {logging_mixin.py:190} INFO - [2025-02-09T13:58:12.044+0000] {dagbag.py:588} INFO - Filling up the DagBag from /home/airflow/.local/lib/python3.12/site-packages/airflow/example_dags/example_xcom.py
[2025-02-09T13:58:12.050+0000] {processor.py:925} INFO - DAG(s) 'example_xcom' retrieved from /home/airflow/.local/lib/python3.12/site-packages/airflow/example_dags/example_xcom.py
[2025-02-09T13:58:12.074+0000] {logging_mixin.py:190} INFO - [2025-02-09T13:58:12.074+0000] {dag.py:3239} INFO - Sync 1 DAGs
[2025-02-09T13:58:12.129+0000] {logging_mixin.py:190} INFO - [2025-02-09T13:58:12.129+0000] {dag.py:4180} INFO - Setting next_dagrun for example_xcom to 2021-01-01 00:00:00+00:00, run_after=2021-01-01 00:00:00+00:00
[2025-02-09T13:58:12.152+0000] {processor.py:208} INFO - Processing /home/airflow/.local/lib/python3.12/site-packages/airflow/example_dags/example_xcom.py took 0.115 seconds
[2025-02-09T13:58:42.592+0000] {processor.py:186} INFO - Started process (PID=398) to work on /home/airflow/.local/lib/python3.12/site-packages/airflow/example_dags/example_xcom.py
[2025-02-09T13:58:42.595+0000] {processor.py:914} INFO - Processing file /home/airflow/.local/lib/python3.12/site-packages/airflow/example_dags/example_xcom.py for tasks to queue
[2025-02-09T13:58:42.598+0000] {logging_mixin.py:190} INFO - [2025-02-09T13:58:42.598+0000] {dagbag.py:588} INFO - Filling up the DagBag from /home/airflow/.local/lib/python3.12/site-packages/airflow/example_dags/example_xcom.py
[2025-02-09T13:58:42.603+0000] {processor.py:925} INFO - DAG(s) 'example_xcom' retrieved from /home/airflow/.local/lib/python3.12/site-packages/airflow/example_dags/example_xcom.py
[2025-02-09T13:58:42.616+0000] {logging_mixin.py:190} INFO - [2025-02-09T13:58:42.616+0000] {dag.py:3239} INFO - Sync 1 DAGs
[2025-02-09T13:58:42.629+0000] {logging_mixin.py:190} INFO - [2025-02-09T13:58:42.628+0000] {dag.py:4180} INFO - Setting next_dagrun for example_xcom to 2021-01-01 00:00:00+00:00, run_after=2021-01-01 00:00:00+00:00
[2025-02-09T13:58:42.646+0000] {processor.py:208} INFO - Processing /home/airflow/.local/lib/python3.12/site-packages/airflow/example_dags/example_xcom.py took 0.057 seconds
