[2025-02-09T13:56:17.325+0000] {processor.py:186} INFO - Started process (PID=112) to work on /home/airflow/.local/lib/python3.12/site-packages/airflow/example_dags/example_branch_operator_decorator.py
[2025-02-09T13:56:17.326+0000] {processor.py:914} INFO - Processing file /home/airflow/.local/lib/python3.12/site-packages/airflow/example_dags/example_branch_operator_decorator.py for tasks to queue
[2025-02-09T13:56:17.327+0000] {logging_mixin.py:190} INFO - [2025-02-09T13:56:17.327+0000] {dagbag.py:588} INFO - Filling up the DagBag from /home/airflow/.local/lib/python3.12/site-packages/airflow/example_dags/example_branch_operator_decorator.py
[2025-02-09T13:56:17.343+0000] {processor.py:925} INFO - DAG(s) 'example_branch_python_operator_decorator' retrieved from /home/airflow/.local/lib/python3.12/site-packages/airflow/example_dags/example_branch_operator_decorator.py
[2025-02-09T13:56:17.463+0000] {logging_mixin.py:190} INFO - [2025-02-09T13:56:17.462+0000] {dag.py:3239} INFO - Sync 1 DAGs
[2025-02-09T13:56:17.485+0000] {logging_mixin.py:190} INFO - [2025-02-09T13:56:17.485+0000] {dag.py:4180} INFO - Setting next_dagrun for example_branch_python_operator_decorator to 2025-02-08 00:00:00+00:00, run_after=2025-02-09 00:00:00+00:00
[2025-02-09T13:56:17.513+0000] {processor.py:208} INFO - Processing /home/airflow/.local/lib/python3.12/site-packages/airflow/example_dags/example_branch_operator_decorator.py took 0.192 seconds
[2025-02-09T13:56:47.880+0000] {processor.py:186} INFO - Started process (PID=182) to work on /home/airflow/.local/lib/python3.12/site-packages/airflow/example_dags/example_branch_operator_decorator.py
[2025-02-09T13:56:47.883+0000] {processor.py:914} INFO - Processing file /home/airflow/.local/lib/python3.12/site-packages/airflow/example_dags/example_branch_operator_decorator.py for tasks to queue
[2025-02-09T13:56:47.885+0000] {logging_mixin.py:190} INFO - [2025-02-09T13:56:47.885+0000] {dagbag.py:588} INFO - Filling up the DagBag from /home/airflow/.local/lib/python3.12/site-packages/airflow/example_dags/example_branch_operator_decorator.py
[2025-02-09T13:56:47.898+0000] {processor.py:925} INFO - DAG(s) 'example_branch_python_operator_decorator' retrieved from /home/airflow/.local/lib/python3.12/site-packages/airflow/example_dags/example_branch_operator_decorator.py
[2025-02-09T13:56:47.919+0000] {logging_mixin.py:190} INFO - [2025-02-09T13:56:47.919+0000] {dag.py:3239} INFO - Sync 1 DAGs
[2025-02-09T13:56:47.934+0000] {logging_mixin.py:190} INFO - [2025-02-09T13:56:47.934+0000] {dag.py:4180} INFO - Setting next_dagrun for example_branch_python_operator_decorator to 2025-02-08 00:00:00+00:00, run_after=2025-02-09 00:00:00+00:00
[2025-02-09T13:56:47.952+0000] {processor.py:208} INFO - Processing /home/airflow/.local/lib/python3.12/site-packages/airflow/example_dags/example_branch_operator_decorator.py took 0.077 seconds
[2025-02-09T13:57:18.595+0000] {processor.py:186} INFO - Started process (PID=248) to work on /home/airflow/.local/lib/python3.12/site-packages/airflow/example_dags/example_branch_operator_decorator.py
[2025-02-09T13:57:18.596+0000] {processor.py:914} INFO - Processing file /home/airflow/.local/lib/python3.12/site-packages/airflow/example_dags/example_branch_operator_decorator.py for tasks to queue
[2025-02-09T13:57:18.597+0000] {logging_mixin.py:190} INFO - [2025-02-09T13:57:18.597+0000] {dagbag.py:588} INFO - Filling up the DagBag from /home/airflow/.local/lib/python3.12/site-packages/airflow/example_dags/example_branch_operator_decorator.py
[2025-02-09T13:57:18.609+0000] {processor.py:925} INFO - DAG(s) 'example_branch_python_operator_decorator' retrieved from /home/airflow/.local/lib/python3.12/site-packages/airflow/example_dags/example_branch_operator_decorator.py
[2025-02-09T13:57:18.624+0000] {logging_mixin.py:190} INFO - [2025-02-09T13:57:18.624+0000] {dag.py:3239} INFO - Sync 1 DAGs
[2025-02-09T13:57:18.641+0000] {logging_mixin.py:190} INFO - [2025-02-09T13:57:18.641+0000] {dag.py:4180} INFO - Setting next_dagrun for example_branch_python_operator_decorator to 2025-02-08 00:00:00+00:00, run_after=2025-02-09 00:00:00+00:00
[2025-02-09T13:57:18.658+0000] {processor.py:208} INFO - Processing /home/airflow/.local/lib/python3.12/site-packages/airflow/example_dags/example_branch_operator_decorator.py took 0.066 seconds
[2025-02-09T13:57:49.005+0000] {processor.py:186} INFO - Started process (PID=314) to work on /home/airflow/.local/lib/python3.12/site-packages/airflow/example_dags/example_branch_operator_decorator.py
[2025-02-09T13:57:49.006+0000] {processor.py:914} INFO - Processing file /home/airflow/.local/lib/python3.12/site-packages/airflow/example_dags/example_branch_operator_decorator.py for tasks to queue
[2025-02-09T13:57:49.007+0000] {logging_mixin.py:190} INFO - [2025-02-09T13:57:49.007+0000] {dagbag.py:588} INFO - Filling up the DagBag from /home/airflow/.local/lib/python3.12/site-packages/airflow/example_dags/example_branch_operator_decorator.py
[2025-02-09T13:57:49.019+0000] {processor.py:925} INFO - DAG(s) 'example_branch_python_operator_decorator' retrieved from /home/airflow/.local/lib/python3.12/site-packages/airflow/example_dags/example_branch_operator_decorator.py
[2025-02-09T13:57:49.039+0000] {logging_mixin.py:190} INFO - [2025-02-09T13:57:49.039+0000] {dag.py:3239} INFO - Sync 1 DAGs
[2025-02-09T13:57:49.058+0000] {logging_mixin.py:190} INFO - [2025-02-09T13:57:49.058+0000] {dag.py:4180} INFO - Setting next_dagrun for example_branch_python_operator_decorator to 2025-02-08 00:00:00+00:00, run_after=2025-02-09 00:00:00+00:00
[2025-02-09T13:57:49.086+0000] {processor.py:208} INFO - Processing /home/airflow/.local/lib/python3.12/site-packages/airflow/example_dags/example_branch_operator_decorator.py took 0.084 seconds
[2025-02-09T13:58:19.690+0000] {processor.py:186} INFO - Started process (PID=379) to work on /home/airflow/.local/lib/python3.12/site-packages/airflow/example_dags/example_branch_operator_decorator.py
[2025-02-09T13:58:19.691+0000] {processor.py:914} INFO - Processing file /home/airflow/.local/lib/python3.12/site-packages/airflow/example_dags/example_branch_operator_decorator.py for tasks to queue
[2025-02-09T13:58:19.692+0000] {logging_mixin.py:190} INFO - [2025-02-09T13:58:19.692+0000] {dagbag.py:588} INFO - Filling up the DagBag from /home/airflow/.local/lib/python3.12/site-packages/airflow/example_dags/example_branch_operator_decorator.py
[2025-02-09T13:58:19.703+0000] {processor.py:925} INFO - DAG(s) 'example_branch_python_operator_decorator' retrieved from /home/airflow/.local/lib/python3.12/site-packages/airflow/example_dags/example_branch_operator_decorator.py
[2025-02-09T13:58:19.723+0000] {logging_mixin.py:190} INFO - [2025-02-09T13:58:19.722+0000] {dag.py:3239} INFO - Sync 1 DAGs
[2025-02-09T13:58:19.736+0000] {logging_mixin.py:190} INFO - [2025-02-09T13:58:19.736+0000] {dag.py:4180} INFO - Setting next_dagrun for example_branch_python_operator_decorator to 2025-02-08 00:00:00+00:00, run_after=2025-02-09 00:00:00+00:00
[2025-02-09T13:58:19.751+0000] {processor.py:208} INFO - Processing /home/airflow/.local/lib/python3.12/site-packages/airflow/example_dags/example_branch_operator_decorator.py took 0.064 seconds
[2025-02-09T13:58:51.000+0000] {processor.py:186} INFO - Started process (PID=445) to work on /home/airflow/.local/lib/python3.12/site-packages/airflow/example_dags/example_branch_operator_decorator.py
[2025-02-09T13:58:51.003+0000] {processor.py:914} INFO - Processing file /home/airflow/.local/lib/python3.12/site-packages/airflow/example_dags/example_branch_operator_decorator.py for tasks to queue
[2025-02-09T13:58:51.006+0000] {logging_mixin.py:190} INFO - [2025-02-09T13:58:51.006+0000] {dagbag.py:588} INFO - Filling up the DagBag from /home/airflow/.local/lib/python3.12/site-packages/airflow/example_dags/example_branch_operator_decorator.py
[2025-02-09T13:58:51.019+0000] {processor.py:925} INFO - DAG(s) 'example_branch_python_operator_decorator' retrieved from /home/airflow/.local/lib/python3.12/site-packages/airflow/example_dags/example_branch_operator_decorator.py
[2025-02-09T13:58:51.041+0000] {logging_mixin.py:190} INFO - [2025-02-09T13:58:51.041+0000] {dag.py:3239} INFO - Sync 1 DAGs
[2025-02-09T13:58:51.059+0000] {logging_mixin.py:190} INFO - [2025-02-09T13:58:51.059+0000] {dag.py:4180} INFO - Setting next_dagrun for example_branch_python_operator_decorator to 2025-02-08 00:00:00+00:00, run_after=2025-02-09 00:00:00+00:00
[2025-02-09T13:58:51.070+0000] {processor.py:208} INFO - Processing /home/airflow/.local/lib/python3.12/site-packages/airflow/example_dags/example_branch_operator_decorator.py took 0.074 seconds
