[2025-02-09T13:56:17.495+0000] {processor.py:186} INFO - Started process (PID=117) to work on /home/airflow/.local/lib/python3.12/site-packages/airflow/example_dags/example_branch_operator.py
[2025-02-09T13:56:17.496+0000] {processor.py:914} INFO - Processing file /home/airflow/.local/lib/python3.12/site-packages/airflow/example_dags/example_branch_operator.py for tasks to queue
[2025-02-09T13:56:17.498+0000] {logging_mixin.py:190} INFO - [2025-02-09T13:56:17.498+0000] {dagbag.py:588} INFO - Filling up the DagBag from /home/airflow/.local/lib/python3.12/site-packages/airflow/example_dags/example_branch_operator.py
[2025-02-09T13:56:17.521+0000] {processor.py:925} INFO - DAG(s) 'example_branch_operator' retrieved from /home/airflow/.local/lib/python3.12/site-packages/airflow/example_dags/example_branch_operator.py
[2025-02-09T13:56:17.647+0000] {logging_mixin.py:190} INFO - [2025-02-09T13:56:17.647+0000] {dag.py:3239} INFO - Sync 1 DAGs
[2025-02-09T13:56:17.662+0000] {logging_mixin.py:190} INFO - [2025-02-09T13:56:17.662+0000] {dag.py:4180} INFO - Setting next_dagrun for example_branch_operator to 2025-02-08 00:00:00+00:00, run_after=2025-02-09 00:00:00+00:00
[2025-02-09T13:56:17.683+0000] {processor.py:208} INFO - Processing /home/airflow/.local/lib/python3.12/site-packages/airflow/example_dags/example_branch_operator.py took 0.193 seconds
[2025-02-09T13:56:47.882+0000] {processor.py:186} INFO - Started process (PID=183) to work on /home/airflow/.local/lib/python3.12/site-packages/airflow/example_dags/example_branch_operator.py
[2025-02-09T13:56:47.884+0000] {processor.py:914} INFO - Processing file /home/airflow/.local/lib/python3.12/site-packages/airflow/example_dags/example_branch_operator.py for tasks to queue
[2025-02-09T13:56:47.886+0000] {logging_mixin.py:190} INFO - [2025-02-09T13:56:47.886+0000] {dagbag.py:588} INFO - Filling up the DagBag from /home/airflow/.local/lib/python3.12/site-packages/airflow/example_dags/example_branch_operator.py
[2025-02-09T13:56:47.898+0000] {processor.py:925} INFO - DAG(s) 'example_branch_operator' retrieved from /home/airflow/.local/lib/python3.12/site-packages/airflow/example_dags/example_branch_operator.py
[2025-02-09T13:56:47.915+0000] {logging_mixin.py:190} INFO - [2025-02-09T13:56:47.915+0000] {dag.py:3239} INFO - Sync 1 DAGs
[2025-02-09T13:56:47.929+0000] {logging_mixin.py:190} INFO - [2025-02-09T13:56:47.929+0000] {dag.py:4180} INFO - Setting next_dagrun for example_branch_operator to 2025-02-08 00:00:00+00:00, run_after=2025-02-09 00:00:00+00:00
[2025-02-09T13:56:47.945+0000] {processor.py:208} INFO - Processing /home/airflow/.local/lib/python3.12/site-packages/airflow/example_dags/example_branch_operator.py took 0.066 seconds
[2025-02-09T13:57:18.615+0000] {processor.py:186} INFO - Started process (PID=249) to work on /home/airflow/.local/lib/python3.12/site-packages/airflow/example_dags/example_branch_operator.py
[2025-02-09T13:57:18.616+0000] {processor.py:914} INFO - Processing file /home/airflow/.local/lib/python3.12/site-packages/airflow/example_dags/example_branch_operator.py for tasks to queue
[2025-02-09T13:57:18.617+0000] {logging_mixin.py:190} INFO - [2025-02-09T13:57:18.617+0000] {dagbag.py:588} INFO - Filling up the DagBag from /home/airflow/.local/lib/python3.12/site-packages/airflow/example_dags/example_branch_operator.py
[2025-02-09T13:57:18.626+0000] {processor.py:925} INFO - DAG(s) 'example_branch_operator' retrieved from /home/airflow/.local/lib/python3.12/site-packages/airflow/example_dags/example_branch_operator.py
[2025-02-09T13:57:18.651+0000] {logging_mixin.py:190} INFO - [2025-02-09T13:57:18.650+0000] {dag.py:3239} INFO - Sync 1 DAGs
[2025-02-09T13:57:18.668+0000] {logging_mixin.py:190} INFO - [2025-02-09T13:57:18.668+0000] {dag.py:4180} INFO - Setting next_dagrun for example_branch_operator to 2025-02-08 00:00:00+00:00, run_after=2025-02-09 00:00:00+00:00
[2025-02-09T13:57:18.679+0000] {processor.py:208} INFO - Processing /home/airflow/.local/lib/python3.12/site-packages/airflow/example_dags/example_branch_operator.py took 0.067 seconds
[2025-02-09T13:57:49.110+0000] {processor.py:186} INFO - Started process (PID=315) to work on /home/airflow/.local/lib/python3.12/site-packages/airflow/example_dags/example_branch_operator.py
[2025-02-09T13:57:49.112+0000] {processor.py:914} INFO - Processing file /home/airflow/.local/lib/python3.12/site-packages/airflow/example_dags/example_branch_operator.py for tasks to queue
[2025-02-09T13:57:49.115+0000] {logging_mixin.py:190} INFO - [2025-02-09T13:57:49.115+0000] {dagbag.py:588} INFO - Filling up the DagBag from /home/airflow/.local/lib/python3.12/site-packages/airflow/example_dags/example_branch_operator.py
[2025-02-09T13:57:49.136+0000] {processor.py:925} INFO - DAG(s) 'example_branch_operator' retrieved from /home/airflow/.local/lib/python3.12/site-packages/airflow/example_dags/example_branch_operator.py
[2025-02-09T13:57:49.161+0000] {logging_mixin.py:190} INFO - [2025-02-09T13:57:49.161+0000] {dag.py:3239} INFO - Sync 1 DAGs
[2025-02-09T13:57:49.178+0000] {logging_mixin.py:190} INFO - [2025-02-09T13:57:49.178+0000] {dag.py:4180} INFO - Setting next_dagrun for example_branch_operator to 2025-02-08 00:00:00+00:00, run_after=2025-02-09 00:00:00+00:00
[2025-02-09T13:57:49.201+0000] {processor.py:208} INFO - Processing /home/airflow/.local/lib/python3.12/site-packages/airflow/example_dags/example_branch_operator.py took 0.096 seconds
[2025-02-09T13:58:19.770+0000] {processor.py:186} INFO - Started process (PID=380) to work on /home/airflow/.local/lib/python3.12/site-packages/airflow/example_dags/example_branch_operator.py
[2025-02-09T13:58:19.771+0000] {processor.py:914} INFO - Processing file /home/airflow/.local/lib/python3.12/site-packages/airflow/example_dags/example_branch_operator.py for tasks to queue
[2025-02-09T13:58:19.772+0000] {logging_mixin.py:190} INFO - [2025-02-09T13:58:19.772+0000] {dagbag.py:588} INFO - Filling up the DagBag from /home/airflow/.local/lib/python3.12/site-packages/airflow/example_dags/example_branch_operator.py
[2025-02-09T13:58:19.783+0000] {processor.py:925} INFO - DAG(s) 'example_branch_operator' retrieved from /home/airflow/.local/lib/python3.12/site-packages/airflow/example_dags/example_branch_operator.py
[2025-02-09T13:58:19.802+0000] {logging_mixin.py:190} INFO - [2025-02-09T13:58:19.802+0000] {dag.py:3239} INFO - Sync 1 DAGs
[2025-02-09T13:58:19.815+0000] {logging_mixin.py:190} INFO - [2025-02-09T13:58:19.815+0000] {dag.py:4180} INFO - Setting next_dagrun for example_branch_operator to 2025-02-08 00:00:00+00:00, run_after=2025-02-09 00:00:00+00:00
[2025-02-09T13:58:19.830+0000] {processor.py:208} INFO - Processing /home/airflow/.local/lib/python3.12/site-packages/airflow/example_dags/example_branch_operator.py took 0.064 seconds
[2025-02-09T13:58:51.070+0000] {processor.py:186} INFO - Started process (PID=446) to work on /home/airflow/.local/lib/python3.12/site-packages/airflow/example_dags/example_branch_operator.py
[2025-02-09T13:58:51.071+0000] {processor.py:914} INFO - Processing file /home/airflow/.local/lib/python3.12/site-packages/airflow/example_dags/example_branch_operator.py for tasks to queue
[2025-02-09T13:58:51.075+0000] {logging_mixin.py:190} INFO - [2025-02-09T13:58:51.075+0000] {dagbag.py:588} INFO - Filling up the DagBag from /home/airflow/.local/lib/python3.12/site-packages/airflow/example_dags/example_branch_operator.py
[2025-02-09T13:58:51.085+0000] {processor.py:925} INFO - DAG(s) 'example_branch_operator' retrieved from /home/airflow/.local/lib/python3.12/site-packages/airflow/example_dags/example_branch_operator.py
[2025-02-09T13:58:51.101+0000] {logging_mixin.py:190} INFO - [2025-02-09T13:58:51.101+0000] {dag.py:3239} INFO - Sync 1 DAGs
[2025-02-09T13:58:51.117+0000] {logging_mixin.py:190} INFO - [2025-02-09T13:58:51.117+0000] {dag.py:4180} INFO - Setting next_dagrun for example_branch_operator to 2025-02-08 00:00:00+00:00, run_after=2025-02-09 00:00:00+00:00
[2025-02-09T13:58:51.131+0000] {processor.py:208} INFO - Processing /home/airflow/.local/lib/python3.12/site-packages/airflow/example_dags/example_branch_operator.py took 0.065 seconds
