[2025-02-09T13:56:11.193+0000] {processor.py:186} INFO - Started process (PID=65) to work on /home/airflow/.local/lib/python3.12/site-packages/airflow/example_dags/example_skip_dag.py
[2025-02-09T13:56:11.197+0000] {processor.py:914} INFO - Processing file /home/airflow/.local/lib/python3.12/site-packages/airflow/example_dags/example_skip_dag.py for tasks to queue
[2025-02-09T13:56:11.201+0000] {logging_mixin.py:190} INFO - [2025-02-09T13:56:11.200+0000] {dagbag.py:588} INFO - Filling up the DagBag from /home/airflow/.local/lib/python3.12/site-packages/airflow/example_dags/example_skip_dag.py
[2025-02-09T13:56:11.208+0000] {processor.py:925} INFO - DAG(s) 'example_skip_dag' retrieved from /home/airflow/.local/lib/python3.12/site-packages/airflow/example_dags/example_skip_dag.py
[2025-02-09T13:56:11.256+0000] {logging_mixin.py:190} INFO - [2025-02-09T13:56:11.256+0000] {dag.py:3239} INFO - Sync 1 DAGs
[2025-02-09T13:56:11.291+0000] {logging_mixin.py:190} INFO - [2025-02-09T13:56:11.291+0000] {dag.py:4180} INFO - Setting next_dagrun for example_skip_dag to 2025-02-08 00:00:00+00:00, run_after=2025-02-09 00:00:00+00:00
[2025-02-09T13:56:11.326+0000] {processor.py:208} INFO - Processing /home/airflow/.local/lib/python3.12/site-packages/airflow/example_dags/example_skip_dag.py took 0.143 seconds
[2025-02-09T13:56:41.809+0000] {processor.py:186} INFO - Started process (PID=134) to work on /home/airflow/.local/lib/python3.12/site-packages/airflow/example_dags/example_skip_dag.py
[2025-02-09T13:56:41.809+0000] {processor.py:914} INFO - Processing file /home/airflow/.local/lib/python3.12/site-packages/airflow/example_dags/example_skip_dag.py for tasks to queue
[2025-02-09T13:56:41.811+0000] {logging_mixin.py:190} INFO - [2025-02-09T13:56:41.810+0000] {dagbag.py:588} INFO - Filling up the DagBag from /home/airflow/.local/lib/python3.12/site-packages/airflow/example_dags/example_skip_dag.py
[2025-02-09T13:56:41.816+0000] {processor.py:925} INFO - DAG(s) 'example_skip_dag' retrieved from /home/airflow/.local/lib/python3.12/site-packages/airflow/example_dags/example_skip_dag.py
[2025-02-09T13:56:41.835+0000] {logging_mixin.py:190} INFO - [2025-02-09T13:56:41.835+0000] {dag.py:3239} INFO - Sync 1 DAGs
[2025-02-09T13:56:41.848+0000] {logging_mixin.py:190} INFO - [2025-02-09T13:56:41.848+0000] {dag.py:4180} INFO - Setting next_dagrun for example_skip_dag to 2025-02-08 00:00:00+00:00, run_after=2025-02-09 00:00:00+00:00
[2025-02-09T13:56:41.866+0000] {processor.py:208} INFO - Processing /home/airflow/.local/lib/python3.12/site-packages/airflow/example_dags/example_skip_dag.py took 0.061 seconds
[2025-02-09T13:57:12.138+0000] {processor.py:186} INFO - Started process (PID=200) to work on /home/airflow/.local/lib/python3.12/site-packages/airflow/example_dags/example_skip_dag.py
[2025-02-09T13:57:12.139+0000] {processor.py:914} INFO - Processing file /home/airflow/.local/lib/python3.12/site-packages/airflow/example_dags/example_skip_dag.py for tasks to queue
[2025-02-09T13:57:12.141+0000] {logging_mixin.py:190} INFO - [2025-02-09T13:57:12.141+0000] {dagbag.py:588} INFO - Filling up the DagBag from /home/airflow/.local/lib/python3.12/site-packages/airflow/example_dags/example_skip_dag.py
[2025-02-09T13:57:12.145+0000] {processor.py:925} INFO - DAG(s) 'example_skip_dag' retrieved from /home/airflow/.local/lib/python3.12/site-packages/airflow/example_dags/example_skip_dag.py
[2025-02-09T13:57:12.162+0000] {logging_mixin.py:190} INFO - [2025-02-09T13:57:12.162+0000] {dag.py:3239} INFO - Sync 1 DAGs
[2025-02-09T13:57:12.181+0000] {logging_mixin.py:190} INFO - [2025-02-09T13:57:12.180+0000] {dag.py:4180} INFO - Setting next_dagrun for example_skip_dag to 2025-02-08 00:00:00+00:00, run_after=2025-02-09 00:00:00+00:00
[2025-02-09T13:57:12.212+0000] {processor.py:208} INFO - Processing /home/airflow/.local/lib/python3.12/site-packages/airflow/example_dags/example_skip_dag.py took 0.077 seconds
[2025-02-09T13:57:42.491+0000] {processor.py:186} INFO - Started process (PID=272) to work on /home/airflow/.local/lib/python3.12/site-packages/airflow/example_dags/example_skip_dag.py
[2025-02-09T13:57:42.493+0000] {processor.py:914} INFO - Processing file /home/airflow/.local/lib/python3.12/site-packages/airflow/example_dags/example_skip_dag.py for tasks to queue
[2025-02-09T13:57:42.495+0000] {logging_mixin.py:190} INFO - [2025-02-09T13:57:42.494+0000] {dagbag.py:588} INFO - Filling up the DagBag from /home/airflow/.local/lib/python3.12/site-packages/airflow/example_dags/example_skip_dag.py
[2025-02-09T13:57:42.500+0000] {processor.py:925} INFO - DAG(s) 'example_skip_dag' retrieved from /home/airflow/.local/lib/python3.12/site-packages/airflow/example_dags/example_skip_dag.py
[2025-02-09T13:57:42.522+0000] {logging_mixin.py:190} INFO - [2025-02-09T13:57:42.521+0000] {dag.py:3239} INFO - Sync 1 DAGs
[2025-02-09T13:57:42.541+0000] {logging_mixin.py:190} INFO - [2025-02-09T13:57:42.541+0000] {dag.py:4180} INFO - Setting next_dagrun for example_skip_dag to 2025-02-08 00:00:00+00:00, run_after=2025-02-09 00:00:00+00:00
[2025-02-09T13:57:42.554+0000] {processor.py:208} INFO - Processing /home/airflow/.local/lib/python3.12/site-packages/airflow/example_dags/example_skip_dag.py took 0.068 seconds
[2025-02-09T13:58:13.275+0000] {processor.py:186} INFO - Started process (PID=337) to work on /home/airflow/.local/lib/python3.12/site-packages/airflow/example_dags/example_skip_dag.py
[2025-02-09T13:58:13.276+0000] {processor.py:914} INFO - Processing file /home/airflow/.local/lib/python3.12/site-packages/airflow/example_dags/example_skip_dag.py for tasks to queue
[2025-02-09T13:58:13.277+0000] {logging_mixin.py:190} INFO - [2025-02-09T13:58:13.277+0000] {dagbag.py:588} INFO - Filling up the DagBag from /home/airflow/.local/lib/python3.12/site-packages/airflow/example_dags/example_skip_dag.py
[2025-02-09T13:58:13.284+0000] {processor.py:925} INFO - DAG(s) 'example_skip_dag' retrieved from /home/airflow/.local/lib/python3.12/site-packages/airflow/example_dags/example_skip_dag.py
[2025-02-09T13:58:13.302+0000] {logging_mixin.py:190} INFO - [2025-02-09T13:58:13.301+0000] {dag.py:3239} INFO - Sync 1 DAGs
[2025-02-09T13:58:13.317+0000] {logging_mixin.py:190} INFO - [2025-02-09T13:58:13.317+0000] {dag.py:4180} INFO - Setting next_dagrun for example_skip_dag to 2025-02-08 00:00:00+00:00, run_after=2025-02-09 00:00:00+00:00
[2025-02-09T13:58:13.330+0000] {processor.py:208} INFO - Processing /home/airflow/.local/lib/python3.12/site-packages/airflow/example_dags/example_skip_dag.py took 0.066 seconds
[2025-02-09T13:58:43.782+0000] {processor.py:186} INFO - Started process (PID=403) to work on /home/airflow/.local/lib/python3.12/site-packages/airflow/example_dags/example_skip_dag.py
[2025-02-09T13:58:43.783+0000] {processor.py:914} INFO - Processing file /home/airflow/.local/lib/python3.12/site-packages/airflow/example_dags/example_skip_dag.py for tasks to queue
[2025-02-09T13:58:43.785+0000] {logging_mixin.py:190} INFO - [2025-02-09T13:58:43.785+0000] {dagbag.py:588} INFO - Filling up the DagBag from /home/airflow/.local/lib/python3.12/site-packages/airflow/example_dags/example_skip_dag.py
[2025-02-09T13:58:43.791+0000] {processor.py:925} INFO - DAG(s) 'example_skip_dag' retrieved from /home/airflow/.local/lib/python3.12/site-packages/airflow/example_dags/example_skip_dag.py
[2025-02-09T13:58:43.807+0000] {logging_mixin.py:190} INFO - [2025-02-09T13:58:43.807+0000] {dag.py:3239} INFO - Sync 1 DAGs
[2025-02-09T13:58:43.820+0000] {logging_mixin.py:190} INFO - [2025-02-09T13:58:43.819+0000] {dag.py:4180} INFO - Setting next_dagrun for example_skip_dag to 2025-02-08 00:00:00+00:00, run_after=2025-02-09 00:00:00+00:00
[2025-02-09T13:58:43.832+0000] {processor.py:208} INFO - Processing /home/airflow/.local/lib/python3.12/site-packages/airflow/example_dags/example_skip_dag.py took 0.053 seconds
