[2025-02-09T13:56:13.897+0000] {processor.py:186} INFO - Started process (PID=88) to work on /home/airflow/.local/lib/python3.12/site-packages/airflow/example_dags/example_xcomargs.py
[2025-02-09T13:56:13.901+0000] {processor.py:914} INFO - Processing file /home/airflow/.local/lib/python3.12/site-packages/airflow/example_dags/example_xcomargs.py for tasks to queue
[2025-02-09T13:56:13.906+0000] {logging_mixin.py:190} INFO - [2025-02-09T13:56:13.905+0000] {dagbag.py:588} INFO - Filling up the DagBag from /home/airflow/.local/lib/python3.12/site-packages/airflow/example_dags/example_xcomargs.py
[2025-02-09T13:56:13.921+0000] {processor.py:925} INFO - DAG(s) 'example_xcom_args', 'example_xcom_args_with_operators' retrieved from /home/airflow/.local/lib/python3.12/site-packages/airflow/example_dags/example_xcomargs.py
[2025-02-09T13:56:13.951+0000] {logging_mixin.py:190} INFO - [2025-02-09T13:56:13.951+0000] {dag.py:3239} INFO - Sync 2 DAGs
[2025-02-09T13:56:13.963+0000] {logging_mixin.py:190} INFO - [2025-02-09T13:56:13.963+0000] {dag.py:4180} INFO - Setting next_dagrun for example_xcom_args to None, run_after=None
[2025-02-09T13:56:13.967+0000] {logging_mixin.py:190} INFO - [2025-02-09T13:56:13.967+0000] {dag.py:4180} INFO - Setting next_dagrun for example_xcom_args_with_operators to None, run_after=None
[2025-02-09T13:56:13.997+0000] {processor.py:208} INFO - Processing /home/airflow/.local/lib/python3.12/site-packages/airflow/example_dags/example_xcomargs.py took 0.103 seconds
[2025-02-09T13:56:44.871+0000] {processor.py:186} INFO - Started process (PID=158) to work on /home/airflow/.local/lib/python3.12/site-packages/airflow/example_dags/example_xcomargs.py
[2025-02-09T13:56:44.873+0000] {processor.py:914} INFO - Processing file /home/airflow/.local/lib/python3.12/site-packages/airflow/example_dags/example_xcomargs.py for tasks to queue
[2025-02-09T13:56:44.876+0000] {logging_mixin.py:190} INFO - [2025-02-09T13:56:44.876+0000] {dagbag.py:588} INFO - Filling up the DagBag from /home/airflow/.local/lib/python3.12/site-packages/airflow/example_dags/example_xcomargs.py
[2025-02-09T13:56:44.887+0000] {processor.py:925} INFO - DAG(s) 'example_xcom_args_with_operators', 'example_xcom_args' retrieved from /home/airflow/.local/lib/python3.12/site-packages/airflow/example_dags/example_xcomargs.py
[2025-02-09T13:56:44.907+0000] {logging_mixin.py:190} INFO - [2025-02-09T13:56:44.906+0000] {dag.py:3239} INFO - Sync 2 DAGs
[2025-02-09T13:56:44.916+0000] {logging_mixin.py:190} INFO - [2025-02-09T13:56:44.916+0000] {dag.py:4180} INFO - Setting next_dagrun for example_xcom_args to None, run_after=None
[2025-02-09T13:56:44.919+0000] {logging_mixin.py:190} INFO - [2025-02-09T13:56:44.919+0000] {dag.py:4180} INFO - Setting next_dagrun for example_xcom_args_with_operators to None, run_after=None
[2025-02-09T13:56:44.929+0000] {processor.py:208} INFO - Processing /home/airflow/.local/lib/python3.12/site-packages/airflow/example_dags/example_xcomargs.py took 0.063 seconds
[2025-02-09T13:57:14.957+0000] {processor.py:186} INFO - Started process (PID=223) to work on /home/airflow/.local/lib/python3.12/site-packages/airflow/example_dags/example_xcomargs.py
[2025-02-09T13:57:14.958+0000] {processor.py:914} INFO - Processing file /home/airflow/.local/lib/python3.12/site-packages/airflow/example_dags/example_xcomargs.py for tasks to queue
[2025-02-09T13:57:14.959+0000] {logging_mixin.py:190} INFO - [2025-02-09T13:57:14.959+0000] {dagbag.py:588} INFO - Filling up the DagBag from /home/airflow/.local/lib/python3.12/site-packages/airflow/example_dags/example_xcomargs.py
[2025-02-09T13:57:14.965+0000] {processor.py:925} INFO - DAG(s) 'example_xcom_args', 'example_xcom_args_with_operators' retrieved from /home/airflow/.local/lib/python3.12/site-packages/airflow/example_dags/example_xcomargs.py
[2025-02-09T13:57:14.981+0000] {logging_mixin.py:190} INFO - [2025-02-09T13:57:14.981+0000] {dag.py:3239} INFO - Sync 2 DAGs
[2025-02-09T13:57:14.989+0000] {logging_mixin.py:190} INFO - [2025-02-09T13:57:14.989+0000] {dag.py:4180} INFO - Setting next_dagrun for example_xcom_args to None, run_after=None
[2025-02-09T13:57:14.992+0000] {logging_mixin.py:190} INFO - [2025-02-09T13:57:14.992+0000] {dag.py:4180} INFO - Setting next_dagrun for example_xcom_args_with_operators to None, run_after=None
[2025-02-09T13:57:15.002+0000] {processor.py:208} INFO - Processing /home/airflow/.local/lib/python3.12/site-packages/airflow/example_dags/example_xcomargs.py took 0.049 seconds
[2025-02-09T13:57:45.302+0000] {processor.py:186} INFO - Started process (PID=289) to work on /home/airflow/.local/lib/python3.12/site-packages/airflow/example_dags/example_xcomargs.py
[2025-02-09T13:57:45.304+0000] {processor.py:914} INFO - Processing file /home/airflow/.local/lib/python3.12/site-packages/airflow/example_dags/example_xcomargs.py for tasks to queue
[2025-02-09T13:57:45.309+0000] {logging_mixin.py:190} INFO - [2025-02-09T13:57:45.309+0000] {dagbag.py:588} INFO - Filling up the DagBag from /home/airflow/.local/lib/python3.12/site-packages/airflow/example_dags/example_xcomargs.py
[2025-02-09T13:57:45.317+0000] {processor.py:925} INFO - DAG(s) 'example_xcom_args', 'example_xcom_args_with_operators' retrieved from /home/airflow/.local/lib/python3.12/site-packages/airflow/example_dags/example_xcomargs.py
[2025-02-09T13:57:45.337+0000] {logging_mixin.py:190} INFO - [2025-02-09T13:57:45.337+0000] {dag.py:3239} INFO - Sync 2 DAGs
[2025-02-09T13:57:45.346+0000] {logging_mixin.py:190} INFO - [2025-02-09T13:57:45.346+0000] {dag.py:4180} INFO - Setting next_dagrun for example_xcom_args to None, run_after=None
[2025-02-09T13:57:45.350+0000] {logging_mixin.py:190} INFO - [2025-02-09T13:57:45.350+0000] {dag.py:4180} INFO - Setting next_dagrun for example_xcom_args_with_operators to None, run_after=None
[2025-02-09T13:57:45.362+0000] {processor.py:208} INFO - Processing /home/airflow/.local/lib/python3.12/site-packages/airflow/example_dags/example_xcomargs.py took 0.063 seconds
[2025-02-09T13:58:16.032+0000] {processor.py:186} INFO - Started process (PID=354) to work on /home/airflow/.local/lib/python3.12/site-packages/airflow/example_dags/example_xcomargs.py
[2025-02-09T13:58:16.033+0000] {processor.py:914} INFO - Processing file /home/airflow/.local/lib/python3.12/site-packages/airflow/example_dags/example_xcomargs.py for tasks to queue
[2025-02-09T13:58:16.035+0000] {logging_mixin.py:190} INFO - [2025-02-09T13:58:16.035+0000] {dagbag.py:588} INFO - Filling up the DagBag from /home/airflow/.local/lib/python3.12/site-packages/airflow/example_dags/example_xcomargs.py
[2025-02-09T13:58:16.043+0000] {processor.py:925} INFO - DAG(s) 'example_xcom_args', 'example_xcom_args_with_operators' retrieved from /home/airflow/.local/lib/python3.12/site-packages/airflow/example_dags/example_xcomargs.py
[2025-02-09T13:58:16.065+0000] {logging_mixin.py:190} INFO - [2025-02-09T13:58:16.065+0000] {dag.py:3239} INFO - Sync 2 DAGs
[2025-02-09T13:58:16.073+0000] {logging_mixin.py:190} INFO - [2025-02-09T13:58:16.073+0000] {dag.py:4180} INFO - Setting next_dagrun for example_xcom_args to None, run_after=None
[2025-02-09T13:58:16.076+0000] {logging_mixin.py:190} INFO - [2025-02-09T13:58:16.075+0000] {dag.py:4180} INFO - Setting next_dagrun for example_xcom_args_with_operators to None, run_after=None
[2025-02-09T13:58:16.090+0000] {processor.py:208} INFO - Processing /home/airflow/.local/lib/python3.12/site-packages/airflow/example_dags/example_xcomargs.py took 0.061 seconds
[2025-02-09T13:58:46.404+0000] {processor.py:186} INFO - Started process (PID=420) to work on /home/airflow/.local/lib/python3.12/site-packages/airflow/example_dags/example_xcomargs.py
[2025-02-09T13:58:46.409+0000] {processor.py:914} INFO - Processing file /home/airflow/.local/lib/python3.12/site-packages/airflow/example_dags/example_xcomargs.py for tasks to queue
[2025-02-09T13:58:46.410+0000] {logging_mixin.py:190} INFO - [2025-02-09T13:58:46.410+0000] {dagbag.py:588} INFO - Filling up the DagBag from /home/airflow/.local/lib/python3.12/site-packages/airflow/example_dags/example_xcomargs.py
[2025-02-09T13:58:46.419+0000] {processor.py:925} INFO - DAG(s) 'example_xcom_args_with_operators', 'example_xcom_args' retrieved from /home/airflow/.local/lib/python3.12/site-packages/airflow/example_dags/example_xcomargs.py
[2025-02-09T13:58:46.437+0000] {logging_mixin.py:190} INFO - [2025-02-09T13:58:46.436+0000] {dag.py:3239} INFO - Sync 2 DAGs
[2025-02-09T13:58:46.445+0000] {logging_mixin.py:190} INFO - [2025-02-09T13:58:46.444+0000] {dag.py:4180} INFO - Setting next_dagrun for example_xcom_args to None, run_after=None
[2025-02-09T13:58:46.447+0000] {logging_mixin.py:190} INFO - [2025-02-09T13:58:46.447+0000] {dag.py:4180} INFO - Setting next_dagrun for example_xcom_args_with_operators to None, run_after=None
[2025-02-09T13:58:46.463+0000] {processor.py:208} INFO - Processing /home/airflow/.local/lib/python3.12/site-packages/airflow/example_dags/example_xcomargs.py took 0.062 seconds
