[2025-02-09T13:56:14.717+0000] {processor.py:186} INFO - Started process (PID=92) to work on /home/airflow/.local/lib/python3.12/site-packages/airflow/example_dags/example_complex.py
[2025-02-09T13:56:14.718+0000] {processor.py:914} INFO - Processing file /home/airflow/.local/lib/python3.12/site-packages/airflow/example_dags/example_complex.py for tasks to queue
[2025-02-09T13:56:14.720+0000] {logging_mixin.py:190} INFO - [2025-02-09T13:56:14.720+0000] {dagbag.py:588} INFO - Filling up the DagBag from /home/airflow/.local/lib/python3.12/site-packages/airflow/example_dags/example_complex.py
[2025-02-09T13:56:14.733+0000] {processor.py:925} INFO - DAG(s) 'example_complex' retrieved from /home/airflow/.local/lib/python3.12/site-packages/airflow/example_dags/example_complex.py
[2025-02-09T13:56:14.779+0000] {logging_mixin.py:190} INFO - [2025-02-09T13:56:14.779+0000] {dag.py:3239} INFO - Sync 1 DAGs
[2025-02-09T13:56:14.830+0000] {logging_mixin.py:190} INFO - [2025-02-09T13:56:14.829+0000] {dag.py:4180} INFO - Setting next_dagrun for example_complex to None, run_after=None
[2025-02-09T13:56:14.889+0000] {processor.py:208} INFO - Processing /home/airflow/.local/lib/python3.12/site-packages/airflow/example_dags/example_complex.py took 0.175 seconds
[2025-02-09T13:56:45.658+0000] {processor.py:186} INFO - Started process (PID=162) to work on /home/airflow/.local/lib/python3.12/site-packages/airflow/example_dags/example_complex.py
[2025-02-09T13:56:45.658+0000] {processor.py:914} INFO - Processing file /home/airflow/.local/lib/python3.12/site-packages/airflow/example_dags/example_complex.py for tasks to queue
[2025-02-09T13:56:45.660+0000] {logging_mixin.py:190} INFO - [2025-02-09T13:56:45.660+0000] {dagbag.py:588} INFO - Filling up the DagBag from /home/airflow/.local/lib/python3.12/site-packages/airflow/example_dags/example_complex.py
[2025-02-09T13:56:45.668+0000] {processor.py:925} INFO - DAG(s) 'example_complex' retrieved from /home/airflow/.local/lib/python3.12/site-packages/airflow/example_dags/example_complex.py
[2025-02-09T13:56:45.688+0000] {logging_mixin.py:190} INFO - [2025-02-09T13:56:45.688+0000] {dag.py:3239} INFO - Sync 1 DAGs
[2025-02-09T13:56:45.698+0000] {logging_mixin.py:190} INFO - [2025-02-09T13:56:45.698+0000] {dag.py:4180} INFO - Setting next_dagrun for example_complex to None, run_after=None
[2025-02-09T13:56:45.710+0000] {processor.py:208} INFO - Processing /home/airflow/.local/lib/python3.12/site-packages/airflow/example_dags/example_complex.py took 0.057 seconds
[2025-02-09T13:57:16.526+0000] {processor.py:186} INFO - Started process (PID=228) to work on /home/airflow/.local/lib/python3.12/site-packages/airflow/example_dags/example_complex.py
[2025-02-09T13:57:16.527+0000] {processor.py:914} INFO - Processing file /home/airflow/.local/lib/python3.12/site-packages/airflow/example_dags/example_complex.py for tasks to queue
[2025-02-09T13:57:16.528+0000] {logging_mixin.py:190} INFO - [2025-02-09T13:57:16.528+0000] {dagbag.py:588} INFO - Filling up the DagBag from /home/airflow/.local/lib/python3.12/site-packages/airflow/example_dags/example_complex.py
[2025-02-09T13:57:16.535+0000] {processor.py:925} INFO - DAG(s) 'example_complex' retrieved from /home/airflow/.local/lib/python3.12/site-packages/airflow/example_dags/example_complex.py
[2025-02-09T13:57:16.553+0000] {logging_mixin.py:190} INFO - [2025-02-09T13:57:16.553+0000] {dag.py:3239} INFO - Sync 1 DAGs
[2025-02-09T13:57:16.562+0000] {logging_mixin.py:190} INFO - [2025-02-09T13:57:16.562+0000] {dag.py:4180} INFO - Setting next_dagrun for example_complex to None, run_after=None
[2025-02-09T13:57:16.573+0000] {processor.py:208} INFO - Processing /home/airflow/.local/lib/python3.12/site-packages/airflow/example_dags/example_complex.py took 0.051 seconds
[2025-02-09T13:57:47.872+0000] {processor.py:186} INFO - Started process (PID=294) to work on /home/airflow/.local/lib/python3.12/site-packages/airflow/example_dags/example_complex.py
[2025-02-09T13:57:47.873+0000] {processor.py:914} INFO - Processing file /home/airflow/.local/lib/python3.12/site-packages/airflow/example_dags/example_complex.py for tasks to queue
[2025-02-09T13:57:47.874+0000] {logging_mixin.py:190} INFO - [2025-02-09T13:57:47.874+0000] {dagbag.py:588} INFO - Filling up the DagBag from /home/airflow/.local/lib/python3.12/site-packages/airflow/example_dags/example_complex.py
[2025-02-09T13:57:47.881+0000] {processor.py:925} INFO - DAG(s) 'example_complex' retrieved from /home/airflow/.local/lib/python3.12/site-packages/airflow/example_dags/example_complex.py
[2025-02-09T13:57:47.896+0000] {logging_mixin.py:190} INFO - [2025-02-09T13:57:47.896+0000] {dag.py:3239} INFO - Sync 1 DAGs
[2025-02-09T13:57:47.904+0000] {logging_mixin.py:190} INFO - [2025-02-09T13:57:47.904+0000] {dag.py:4180} INFO - Setting next_dagrun for example_complex to None, run_after=None
[2025-02-09T13:57:47.914+0000] {processor.py:208} INFO - Processing /home/airflow/.local/lib/python3.12/site-packages/airflow/example_dags/example_complex.py took 0.045 seconds
[2025-02-09T13:58:18.628+0000] {processor.py:186} INFO - Started process (PID=358) to work on /home/airflow/.local/lib/python3.12/site-packages/airflow/example_dags/example_complex.py
[2025-02-09T13:58:18.629+0000] {processor.py:914} INFO - Processing file /home/airflow/.local/lib/python3.12/site-packages/airflow/example_dags/example_complex.py for tasks to queue
[2025-02-09T13:58:18.632+0000] {logging_mixin.py:190} INFO - [2025-02-09T13:58:18.631+0000] {dagbag.py:588} INFO - Filling up the DagBag from /home/airflow/.local/lib/python3.12/site-packages/airflow/example_dags/example_complex.py
[2025-02-09T13:58:18.639+0000] {processor.py:925} INFO - DAG(s) 'example_complex' retrieved from /home/airflow/.local/lib/python3.12/site-packages/airflow/example_dags/example_complex.py
[2025-02-09T13:58:18.662+0000] {logging_mixin.py:190} INFO - [2025-02-09T13:58:18.661+0000] {dag.py:3239} INFO - Sync 1 DAGs
[2025-02-09T13:58:18.670+0000] {logging_mixin.py:190} INFO - [2025-02-09T13:58:18.670+0000] {dag.py:4180} INFO - Setting next_dagrun for example_complex to None, run_after=None
[2025-02-09T13:58:18.681+0000] {processor.py:208} INFO - Processing /home/airflow/.local/lib/python3.12/site-packages/airflow/example_dags/example_complex.py took 0.057 seconds
[2025-02-09T13:58:50.003+0000] {processor.py:186} INFO - Started process (PID=425) to work on /home/airflow/.local/lib/python3.12/site-packages/airflow/example_dags/example_complex.py
[2025-02-09T13:58:50.003+0000] {processor.py:914} INFO - Processing file /home/airflow/.local/lib/python3.12/site-packages/airflow/example_dags/example_complex.py for tasks to queue
[2025-02-09T13:58:50.005+0000] {logging_mixin.py:190} INFO - [2025-02-09T13:58:50.005+0000] {dagbag.py:588} INFO - Filling up the DagBag from /home/airflow/.local/lib/python3.12/site-packages/airflow/example_dags/example_complex.py
[2025-02-09T13:58:50.011+0000] {processor.py:925} INFO - DAG(s) 'example_complex' retrieved from /home/airflow/.local/lib/python3.12/site-packages/airflow/example_dags/example_complex.py
[2025-02-09T13:58:50.029+0000] {logging_mixin.py:190} INFO - [2025-02-09T13:58:50.028+0000] {dag.py:3239} INFO - Sync 1 DAGs
[2025-02-09T13:58:50.036+0000] {logging_mixin.py:190} INFO - [2025-02-09T13:58:50.036+0000] {dag.py:4180} INFO - Setting next_dagrun for example_complex to None, run_after=None
[2025-02-09T13:58:50.048+0000] {processor.py:208} INFO - Processing /home/airflow/.local/lib/python3.12/site-packages/airflow/example_dags/example_complex.py took 0.049 seconds
