[2025-02-09T13:56:11.519+0000] {processor.py:186} INFO - Started process (PID=67) to work on /home/airflow/.local/lib/python3.12/site-packages/airflow/example_dags/example_setup_teardown.py
[2025-02-09T13:56:11.522+0000] {processor.py:914} INFO - Processing file /home/airflow/.local/lib/python3.12/site-packages/airflow/example_dags/example_setup_teardown.py for tasks to queue
[2025-02-09T13:56:11.527+0000] {logging_mixin.py:190} INFO - [2025-02-09T13:56:11.526+0000] {dagbag.py:588} INFO - Filling up the DagBag from /home/airflow/.local/lib/python3.12/site-packages/airflow/example_dags/example_setup_teardown.py
[2025-02-09T13:56:11.539+0000] {processor.py:925} INFO - DAG(s) 'example_setup_teardown' retrieved from /home/airflow/.local/lib/python3.12/site-packages/airflow/example_dags/example_setup_teardown.py
[2025-02-09T13:56:11.579+0000] {logging_mixin.py:190} INFO - [2025-02-09T13:56:11.579+0000] {dag.py:3239} INFO - Sync 1 DAGs
[2025-02-09T13:56:11.591+0000] {logging_mixin.py:190} INFO - [2025-02-09T13:56:11.591+0000] {dag.py:4180} INFO - Setting next_dagrun for example_setup_teardown to None, run_after=None
[2025-02-09T13:56:11.616+0000] {processor.py:208} INFO - Processing /home/airflow/.local/lib/python3.12/site-packages/airflow/example_dags/example_setup_teardown.py took 0.110 seconds
[2025-02-09T13:56:41.885+0000] {processor.py:186} INFO - Started process (PID=136) to work on /home/airflow/.local/lib/python3.12/site-packages/airflow/example_dags/example_setup_teardown.py
[2025-02-09T13:56:41.885+0000] {processor.py:914} INFO - Processing file /home/airflow/.local/lib/python3.12/site-packages/airflow/example_dags/example_setup_teardown.py for tasks to queue
[2025-02-09T13:56:41.887+0000] {logging_mixin.py:190} INFO - [2025-02-09T13:56:41.887+0000] {dagbag.py:588} INFO - Filling up the DagBag from /home/airflow/.local/lib/python3.12/site-packages/airflow/example_dags/example_setup_teardown.py
[2025-02-09T13:56:41.892+0000] {processor.py:925} INFO - DAG(s) 'example_setup_teardown' retrieved from /home/airflow/.local/lib/python3.12/site-packages/airflow/example_dags/example_setup_teardown.py
[2025-02-09T13:56:41.913+0000] {logging_mixin.py:190} INFO - [2025-02-09T13:56:41.913+0000] {dag.py:3239} INFO - Sync 1 DAGs
[2025-02-09T13:56:41.924+0000] {logging_mixin.py:190} INFO - [2025-02-09T13:56:41.924+0000] {dag.py:4180} INFO - Setting next_dagrun for example_setup_teardown to None, run_after=None
[2025-02-09T13:56:41.937+0000] {processor.py:208} INFO - Processing /home/airflow/.local/lib/python3.12/site-packages/airflow/example_dags/example_setup_teardown.py took 0.055 seconds
[2025-02-09T13:57:12.234+0000] {processor.py:186} INFO - Started process (PID=208) to work on /home/airflow/.local/lib/python3.12/site-packages/airflow/example_dags/example_setup_teardown.py
[2025-02-09T13:57:12.235+0000] {processor.py:914} INFO - Processing file /home/airflow/.local/lib/python3.12/site-packages/airflow/example_dags/example_setup_teardown.py for tasks to queue
[2025-02-09T13:57:12.237+0000] {logging_mixin.py:190} INFO - [2025-02-09T13:57:12.236+0000] {dagbag.py:588} INFO - Filling up the DagBag from /home/airflow/.local/lib/python3.12/site-packages/airflow/example_dags/example_setup_teardown.py
[2025-02-09T13:57:12.242+0000] {processor.py:925} INFO - DAG(s) 'example_setup_teardown' retrieved from /home/airflow/.local/lib/python3.12/site-packages/airflow/example_dags/example_setup_teardown.py
[2025-02-09T13:57:12.260+0000] {logging_mixin.py:190} INFO - [2025-02-09T13:57:12.260+0000] {dag.py:3239} INFO - Sync 1 DAGs
[2025-02-09T13:57:12.268+0000] {logging_mixin.py:190} INFO - [2025-02-09T13:57:12.268+0000] {dag.py:4180} INFO - Setting next_dagrun for example_setup_teardown to None, run_after=None
[2025-02-09T13:57:12.281+0000] {processor.py:208} INFO - Processing /home/airflow/.local/lib/python3.12/site-packages/airflow/example_dags/example_setup_teardown.py took 0.051 seconds
[2025-02-09T13:57:42.571+0000] {processor.py:186} INFO - Started process (PID=274) to work on /home/airflow/.local/lib/python3.12/site-packages/airflow/example_dags/example_setup_teardown.py
[2025-02-09T13:57:42.571+0000] {processor.py:914} INFO - Processing file /home/airflow/.local/lib/python3.12/site-packages/airflow/example_dags/example_setup_teardown.py for tasks to queue
[2025-02-09T13:57:42.572+0000] {logging_mixin.py:190} INFO - [2025-02-09T13:57:42.572+0000] {dagbag.py:588} INFO - Filling up the DagBag from /home/airflow/.local/lib/python3.12/site-packages/airflow/example_dags/example_setup_teardown.py
[2025-02-09T13:57:42.577+0000] {processor.py:925} INFO - DAG(s) 'example_setup_teardown' retrieved from /home/airflow/.local/lib/python3.12/site-packages/airflow/example_dags/example_setup_teardown.py
[2025-02-09T13:57:42.589+0000] {logging_mixin.py:190} INFO - [2025-02-09T13:57:42.588+0000] {dag.py:3239} INFO - Sync 1 DAGs
[2025-02-09T13:57:42.596+0000] {logging_mixin.py:190} INFO - [2025-02-09T13:57:42.596+0000] {dag.py:4180} INFO - Setting next_dagrun for example_setup_teardown to None, run_after=None
[2025-02-09T13:57:42.606+0000] {processor.py:208} INFO - Processing /home/airflow/.local/lib/python3.12/site-packages/airflow/example_dags/example_setup_teardown.py took 0.040 seconds
[2025-02-09T13:58:13.347+0000] {processor.py:186} INFO - Started process (PID=339) to work on /home/airflow/.local/lib/python3.12/site-packages/airflow/example_dags/example_setup_teardown.py
[2025-02-09T13:58:13.348+0000] {processor.py:914} INFO - Processing file /home/airflow/.local/lib/python3.12/site-packages/airflow/example_dags/example_setup_teardown.py for tasks to queue
[2025-02-09T13:58:13.349+0000] {logging_mixin.py:190} INFO - [2025-02-09T13:58:13.349+0000] {dagbag.py:588} INFO - Filling up the DagBag from /home/airflow/.local/lib/python3.12/site-packages/airflow/example_dags/example_setup_teardown.py
[2025-02-09T13:58:13.354+0000] {processor.py:925} INFO - DAG(s) 'example_setup_teardown' retrieved from /home/airflow/.local/lib/python3.12/site-packages/airflow/example_dags/example_setup_teardown.py
[2025-02-09T13:58:13.365+0000] {logging_mixin.py:190} INFO - [2025-02-09T13:58:13.365+0000] {dag.py:3239} INFO - Sync 1 DAGs
[2025-02-09T13:58:13.374+0000] {logging_mixin.py:190} INFO - [2025-02-09T13:58:13.374+0000] {dag.py:4180} INFO - Setting next_dagrun for example_setup_teardown to None, run_after=None
[2025-02-09T13:58:13.388+0000] {processor.py:208} INFO - Processing /home/airflow/.local/lib/python3.12/site-packages/airflow/example_dags/example_setup_teardown.py took 0.045 seconds
[2025-02-09T13:58:43.852+0000] {processor.py:186} INFO - Started process (PID=405) to work on /home/airflow/.local/lib/python3.12/site-packages/airflow/example_dags/example_setup_teardown.py
[2025-02-09T13:58:43.852+0000] {processor.py:914} INFO - Processing file /home/airflow/.local/lib/python3.12/site-packages/airflow/example_dags/example_setup_teardown.py for tasks to queue
[2025-02-09T13:58:43.854+0000] {logging_mixin.py:190} INFO - [2025-02-09T13:58:43.854+0000] {dagbag.py:588} INFO - Filling up the DagBag from /home/airflow/.local/lib/python3.12/site-packages/airflow/example_dags/example_setup_teardown.py
[2025-02-09T13:58:43.859+0000] {processor.py:925} INFO - DAG(s) 'example_setup_teardown' retrieved from /home/airflow/.local/lib/python3.12/site-packages/airflow/example_dags/example_setup_teardown.py
[2025-02-09T13:58:43.874+0000] {logging_mixin.py:190} INFO - [2025-02-09T13:58:43.874+0000] {dag.py:3239} INFO - Sync 1 DAGs
[2025-02-09T13:58:43.882+0000] {logging_mixin.py:190} INFO - [2025-02-09T13:58:43.881+0000] {dag.py:4180} INFO - Setting next_dagrun for example_setup_teardown to None, run_after=None
[2025-02-09T13:58:43.895+0000] {processor.py:208} INFO - Processing /home/airflow/.local/lib/python3.12/site-packages/airflow/example_dags/example_setup_teardown.py took 0.047 seconds
