[2025-02-09T13:56:16.325+0000] {processor.py:186} INFO - Started process (PID=103) to work on /home/airflow/.local/lib/python3.12/site-packages/airflow/example_dags/example_branch_datetime_operator.py
[2025-02-09T13:56:16.330+0000] {processor.py:914} INFO - Processing file /home/airflow/.local/lib/python3.12/site-packages/airflow/example_dags/example_branch_datetime_operator.py for tasks to queue
[2025-02-09T13:56:16.346+0000] {logging_mixin.py:190} INFO - [2025-02-09T13:56:16.346+0000] {dagbag.py:588} INFO - Filling up the DagBag from /home/airflow/.local/lib/python3.12/site-packages/airflow/example_dags/example_branch_datetime_operator.py
[2025-02-09T13:56:16.363+0000] {processor.py:925} INFO - DAG(s) 'example_branch_datetime_operator_2', 'example_branch_datetime_operator', 'example_branch_datetime_operator_3' retrieved from /home/airflow/.local/lib/python3.12/site-packages/airflow/example_dags/example_branch_datetime_operator.py
[2025-02-09T13:56:16.404+0000] {logging_mixin.py:190} INFO - [2025-02-09T13:56:16.404+0000] {dag.py:3239} INFO - Sync 3 DAGs
[2025-02-09T13:56:16.437+0000] {logging_mixin.py:190} INFO - [2025-02-09T13:56:16.437+0000] {dag.py:4180} INFO - Setting next_dagrun for example_branch_datetime_operator to 2025-02-08 00:00:00+00:00, run_after=2025-02-09 00:00:00+00:00
[2025-02-09T13:56:16.442+0000] {logging_mixin.py:190} INFO - [2025-02-09T13:56:16.441+0000] {dag.py:4180} INFO - Setting next_dagrun for example_branch_datetime_operator_2 to 2025-02-08 00:00:00+00:00, run_after=2025-02-09 00:00:00+00:00
[2025-02-09T13:56:16.444+0000] {logging_mixin.py:190} INFO - [2025-02-09T13:56:16.444+0000] {dag.py:4180} INFO - Setting next_dagrun for example_branch_datetime_operator_3 to 2025-02-08 00:00:00+00:00, run_after=2025-02-09 00:00:00+00:00
[2025-02-09T13:56:16.483+0000] {processor.py:208} INFO - Processing /home/airflow/.local/lib/python3.12/site-packages/airflow/example_dags/example_branch_datetime_operator.py took 0.165 seconds
[2025-02-09T13:56:47.172+0000] {processor.py:186} INFO - Started process (PID=173) to work on /home/airflow/.local/lib/python3.12/site-packages/airflow/example_dags/example_branch_datetime_operator.py
[2025-02-09T13:56:47.172+0000] {processor.py:914} INFO - Processing file /home/airflow/.local/lib/python3.12/site-packages/airflow/example_dags/example_branch_datetime_operator.py for tasks to queue
[2025-02-09T13:56:47.174+0000] {logging_mixin.py:190} INFO - [2025-02-09T13:56:47.173+0000] {dagbag.py:588} INFO - Filling up the DagBag from /home/airflow/.local/lib/python3.12/site-packages/airflow/example_dags/example_branch_datetime_operator.py
[2025-02-09T13:56:47.181+0000] {processor.py:925} INFO - DAG(s) 'example_branch_datetime_operator_3', 'example_branch_datetime_operator_2', 'example_branch_datetime_operator' retrieved from /home/airflow/.local/lib/python3.12/site-packages/airflow/example_dags/example_branch_datetime_operator.py
[2025-02-09T13:56:47.204+0000] {logging_mixin.py:190} INFO - [2025-02-09T13:56:47.203+0000] {dag.py:3239} INFO - Sync 3 DAGs
[2025-02-09T13:56:47.223+0000] {logging_mixin.py:190} INFO - [2025-02-09T13:56:47.223+0000] {dag.py:4180} INFO - Setting next_dagrun for example_branch_datetime_operator to 2025-02-08 00:00:00+00:00, run_after=2025-02-09 00:00:00+00:00
[2025-02-09T13:56:47.226+0000] {logging_mixin.py:190} INFO - [2025-02-09T13:56:47.225+0000] {dag.py:4180} INFO - Setting next_dagrun for example_branch_datetime_operator_2 to 2025-02-08 00:00:00+00:00, run_after=2025-02-09 00:00:00+00:00
[2025-02-09T13:56:47.227+0000] {logging_mixin.py:190} INFO - [2025-02-09T13:56:47.227+0000] {dag.py:4180} INFO - Setting next_dagrun for example_branch_datetime_operator_3 to 2025-02-08 00:00:00+00:00, run_after=2025-02-09 00:00:00+00:00
[2025-02-09T13:56:47.241+0000] {processor.py:208} INFO - Processing /home/airflow/.local/lib/python3.12/site-packages/airflow/example_dags/example_branch_datetime_operator.py took 0.073 seconds
[2025-02-09T13:57:18.099+0000] {processor.py:186} INFO - Started process (PID=239) to work on /home/airflow/.local/lib/python3.12/site-packages/airflow/example_dags/example_branch_datetime_operator.py
[2025-02-09T13:57:18.100+0000] {processor.py:914} INFO - Processing file /home/airflow/.local/lib/python3.12/site-packages/airflow/example_dags/example_branch_datetime_operator.py for tasks to queue
[2025-02-09T13:57:18.101+0000] {logging_mixin.py:190} INFO - [2025-02-09T13:57:18.101+0000] {dagbag.py:588} INFO - Filling up the DagBag from /home/airflow/.local/lib/python3.12/site-packages/airflow/example_dags/example_branch_datetime_operator.py
[2025-02-09T13:57:18.108+0000] {processor.py:925} INFO - DAG(s) 'example_branch_datetime_operator', 'example_branch_datetime_operator_2', 'example_branch_datetime_operator_3' retrieved from /home/airflow/.local/lib/python3.12/site-packages/airflow/example_dags/example_branch_datetime_operator.py
[2025-02-09T13:57:18.127+0000] {logging_mixin.py:190} INFO - [2025-02-09T13:57:18.127+0000] {dag.py:3239} INFO - Sync 3 DAGs
[2025-02-09T13:57:18.141+0000] {logging_mixin.py:190} INFO - [2025-02-09T13:57:18.141+0000] {dag.py:4180} INFO - Setting next_dagrun for example_branch_datetime_operator to 2025-02-08 00:00:00+00:00, run_after=2025-02-09 00:00:00+00:00
[2025-02-09T13:57:18.146+0000] {logging_mixin.py:190} INFO - [2025-02-09T13:57:18.146+0000] {dag.py:4180} INFO - Setting next_dagrun for example_branch_datetime_operator_2 to 2025-02-08 00:00:00+00:00, run_after=2025-02-09 00:00:00+00:00
[2025-02-09T13:57:18.148+0000] {logging_mixin.py:190} INFO - [2025-02-09T13:57:18.148+0000] {dag.py:4180} INFO - Setting next_dagrun for example_branch_datetime_operator_3 to 2025-02-08 00:00:00+00:00, run_after=2025-02-09 00:00:00+00:00
[2025-02-09T13:57:18.158+0000] {processor.py:208} INFO - Processing /home/airflow/.local/lib/python3.12/site-packages/airflow/example_dags/example_branch_datetime_operator.py took 0.063 seconds
[2025-02-09T13:57:48.433+0000] {processor.py:186} INFO - Started process (PID=305) to work on /home/airflow/.local/lib/python3.12/site-packages/airflow/example_dags/example_branch_datetime_operator.py
[2025-02-09T13:57:48.434+0000] {processor.py:914} INFO - Processing file /home/airflow/.local/lib/python3.12/site-packages/airflow/example_dags/example_branch_datetime_operator.py for tasks to queue
[2025-02-09T13:57:48.435+0000] {logging_mixin.py:190} INFO - [2025-02-09T13:57:48.435+0000] {dagbag.py:588} INFO - Filling up the DagBag from /home/airflow/.local/lib/python3.12/site-packages/airflow/example_dags/example_branch_datetime_operator.py
[2025-02-09T13:57:48.442+0000] {processor.py:925} INFO - DAG(s) 'example_branch_datetime_operator_2', 'example_branch_datetime_operator_3', 'example_branch_datetime_operator' retrieved from /home/airflow/.local/lib/python3.12/site-packages/airflow/example_dags/example_branch_datetime_operator.py
[2025-02-09T13:57:48.465+0000] {logging_mixin.py:190} INFO - [2025-02-09T13:57:48.465+0000] {dag.py:3239} INFO - Sync 3 DAGs
[2025-02-09T13:57:48.483+0000] {logging_mixin.py:190} INFO - [2025-02-09T13:57:48.483+0000] {dag.py:4180} INFO - Setting next_dagrun for example_branch_datetime_operator to 2025-02-08 00:00:00+00:00, run_after=2025-02-09 00:00:00+00:00
[2025-02-09T13:57:48.486+0000] {logging_mixin.py:190} INFO - [2025-02-09T13:57:48.486+0000] {dag.py:4180} INFO - Setting next_dagrun for example_branch_datetime_operator_2 to 2025-02-08 00:00:00+00:00, run_after=2025-02-09 00:00:00+00:00
[2025-02-09T13:57:48.488+0000] {logging_mixin.py:190} INFO - [2025-02-09T13:57:48.488+0000] {dag.py:4180} INFO - Setting next_dagrun for example_branch_datetime_operator_3 to 2025-02-08 00:00:00+00:00, run_after=2025-02-09 00:00:00+00:00
[2025-02-09T13:57:48.500+0000] {processor.py:208} INFO - Processing /home/airflow/.local/lib/python3.12/site-packages/airflow/example_dags/example_branch_datetime_operator.py took 0.071 seconds
[2025-02-09T13:58:19.236+0000] {processor.py:186} INFO - Started process (PID=370) to work on /home/airflow/.local/lib/python3.12/site-packages/airflow/example_dags/example_branch_datetime_operator.py
[2025-02-09T13:58:19.237+0000] {processor.py:914} INFO - Processing file /home/airflow/.local/lib/python3.12/site-packages/airflow/example_dags/example_branch_datetime_operator.py for tasks to queue
[2025-02-09T13:58:19.243+0000] {logging_mixin.py:190} INFO - [2025-02-09T13:58:19.243+0000] {dagbag.py:588} INFO - Filling up the DagBag from /home/airflow/.local/lib/python3.12/site-packages/airflow/example_dags/example_branch_datetime_operator.py
[2025-02-09T13:58:19.249+0000] {processor.py:925} INFO - DAG(s) 'example_branch_datetime_operator', 'example_branch_datetime_operator_2', 'example_branch_datetime_operator_3' retrieved from /home/airflow/.local/lib/python3.12/site-packages/airflow/example_dags/example_branch_datetime_operator.py
[2025-02-09T13:58:19.266+0000] {logging_mixin.py:190} INFO - [2025-02-09T13:58:19.266+0000] {dag.py:3239} INFO - Sync 3 DAGs
[2025-02-09T13:58:19.280+0000] {logging_mixin.py:190} INFO - [2025-02-09T13:58:19.280+0000] {dag.py:4180} INFO - Setting next_dagrun for example_branch_datetime_operator to 2025-02-08 00:00:00+00:00, run_after=2025-02-09 00:00:00+00:00
[2025-02-09T13:58:19.285+0000] {logging_mixin.py:190} INFO - [2025-02-09T13:58:19.285+0000] {dag.py:4180} INFO - Setting next_dagrun for example_branch_datetime_operator_2 to 2025-02-08 00:00:00+00:00, run_after=2025-02-09 00:00:00+00:00
[2025-02-09T13:58:19.286+0000] {logging_mixin.py:190} INFO - [2025-02-09T13:58:19.286+0000] {dag.py:4180} INFO - Setting next_dagrun for example_branch_datetime_operator_3 to 2025-02-08 00:00:00+00:00, run_after=2025-02-09 00:00:00+00:00
[2025-02-09T13:58:19.296+0000] {processor.py:208} INFO - Processing /home/airflow/.local/lib/python3.12/site-packages/airflow/example_dags/example_branch_datetime_operator.py took 0.063 seconds
[2025-02-09T13:58:50.523+0000] {processor.py:186} INFO - Started process (PID=436) to work on /home/airflow/.local/lib/python3.12/site-packages/airflow/example_dags/example_branch_datetime_operator.py
[2025-02-09T13:58:50.527+0000] {processor.py:914} INFO - Processing file /home/airflow/.local/lib/python3.12/site-packages/airflow/example_dags/example_branch_datetime_operator.py for tasks to queue
[2025-02-09T13:58:50.529+0000] {logging_mixin.py:190} INFO - [2025-02-09T13:58:50.528+0000] {dagbag.py:588} INFO - Filling up the DagBag from /home/airflow/.local/lib/python3.12/site-packages/airflow/example_dags/example_branch_datetime_operator.py
[2025-02-09T13:58:50.534+0000] {processor.py:925} INFO - DAG(s) 'example_branch_datetime_operator_3', 'example_branch_datetime_operator_2', 'example_branch_datetime_operator' retrieved from /home/airflow/.local/lib/python3.12/site-packages/airflow/example_dags/example_branch_datetime_operator.py
[2025-02-09T13:58:50.553+0000] {logging_mixin.py:190} INFO - [2025-02-09T13:58:50.553+0000] {dag.py:3239} INFO - Sync 3 DAGs
[2025-02-09T13:58:50.569+0000] {logging_mixin.py:190} INFO - [2025-02-09T13:58:50.568+0000] {dag.py:4180} INFO - Setting next_dagrun for example_branch_datetime_operator to 2025-02-08 00:00:00+00:00, run_after=2025-02-09 00:00:00+00:00
[2025-02-09T13:58:50.571+0000] {logging_mixin.py:190} INFO - [2025-02-09T13:58:50.571+0000] {dag.py:4180} INFO - Setting next_dagrun for example_branch_datetime_operator_2 to 2025-02-08 00:00:00+00:00, run_after=2025-02-09 00:00:00+00:00
[2025-02-09T13:58:50.572+0000] {logging_mixin.py:190} INFO - [2025-02-09T13:58:50.572+0000] {dag.py:4180} INFO - Setting next_dagrun for example_branch_datetime_operator_3 to 2025-02-08 00:00:00+00:00, run_after=2025-02-09 00:00:00+00:00
[2025-02-09T13:58:50.587+0000] {processor.py:208} INFO - Processing /home/airflow/.local/lib/python3.12/site-packages/airflow/example_dags/example_branch_datetime_operator.py took 0.068 seconds
