[2025-02-09T13:56:11.727+0000] {processor.py:186} INFO - Started process (PID=69) to work on /home/airflow/.local/lib/python3.12/site-packages/airflow/example_dags/example_branch_python_dop_operator_3.py
[2025-02-09T13:56:11.728+0000] {processor.py:914} INFO - Processing file /home/airflow/.local/lib/python3.12/site-packages/airflow/example_dags/example_branch_python_dop_operator_3.py for tasks to queue
[2025-02-09T13:56:11.732+0000] {logging_mixin.py:190} INFO - [2025-02-09T13:56:11.731+0000] {dagbag.py:588} INFO - Filling up the DagBag from /home/airflow/.local/lib/python3.12/site-packages/airflow/example_dags/example_branch_python_dop_operator_3.py
[2025-02-09T13:56:11.749+0000] {processor.py:925} INFO - DAG(s) 'example_branch_dop_operator_v3' retrieved from /home/airflow/.local/lib/python3.12/site-packages/airflow/example_dags/example_branch_python_dop_operator_3.py
[2025-02-09T13:56:11.789+0000] {logging_mixin.py:190} INFO - [2025-02-09T13:56:11.789+0000] {dag.py:3239} INFO - Sync 1 DAGs
[2025-02-09T13:56:11.810+0000] {logging_mixin.py:190} INFO - [2025-02-09T13:56:11.810+0000] {dag.py:4180} INFO - Setting next_dagrun for example_branch_dop_operator_v3 to 2025-02-09 13:55:00+00:00, run_after=2025-02-09 13:56:00+00:00
[2025-02-09T13:56:11.836+0000] {processor.py:208} INFO - Processing /home/airflow/.local/lib/python3.12/site-packages/airflow/example_dags/example_branch_python_dop_operator_3.py took 0.117 seconds
[2025-02-09T13:56:42.041+0000] {processor.py:186} INFO - Started process (PID=139) to work on /home/airflow/.local/lib/python3.12/site-packages/airflow/example_dags/example_branch_python_dop_operator_3.py
[2025-02-09T13:56:42.042+0000] {processor.py:914} INFO - Processing file /home/airflow/.local/lib/python3.12/site-packages/airflow/example_dags/example_branch_python_dop_operator_3.py for tasks to queue
[2025-02-09T13:56:42.043+0000] {logging_mixin.py:190} INFO - [2025-02-09T13:56:42.043+0000] {dagbag.py:588} INFO - Filling up the DagBag from /home/airflow/.local/lib/python3.12/site-packages/airflow/example_dags/example_branch_python_dop_operator_3.py
[2025-02-09T13:56:42.050+0000] {processor.py:925} INFO - DAG(s) 'example_branch_dop_operator_v3' retrieved from /home/airflow/.local/lib/python3.12/site-packages/airflow/example_dags/example_branch_python_dop_operator_3.py
[2025-02-09T13:56:42.063+0000] {logging_mixin.py:190} INFO - [2025-02-09T13:56:42.063+0000] {dag.py:3239} INFO - Sync 1 DAGs
[2025-02-09T13:56:42.080+0000] {logging_mixin.py:190} INFO - [2025-02-09T13:56:42.080+0000] {dag.py:4180} INFO - Setting next_dagrun for example_branch_dop_operator_v3 to 2025-02-09 13:55:00+00:00, run_after=2025-02-09 13:56:00+00:00
[2025-02-09T13:56:42.092+0000] {processor.py:208} INFO - Processing /home/airflow/.local/lib/python3.12/site-packages/airflow/example_dags/example_branch_python_dop_operator_3.py took 0.056 seconds
[2025-02-09T13:57:12.308+0000] {processor.py:186} INFO - Started process (PID=210) to work on /home/airflow/.local/lib/python3.12/site-packages/airflow/example_dags/example_branch_python_dop_operator_3.py
[2025-02-09T13:57:12.309+0000] {processor.py:914} INFO - Processing file /home/airflow/.local/lib/python3.12/site-packages/airflow/example_dags/example_branch_python_dop_operator_3.py for tasks to queue
[2025-02-09T13:57:12.313+0000] {logging_mixin.py:190} INFO - [2025-02-09T13:57:12.313+0000] {dagbag.py:588} INFO - Filling up the DagBag from /home/airflow/.local/lib/python3.12/site-packages/airflow/example_dags/example_branch_python_dop_operator_3.py
[2025-02-09T13:57:12.322+0000] {processor.py:925} INFO - DAG(s) 'example_branch_dop_operator_v3' retrieved from /home/airflow/.local/lib/python3.12/site-packages/airflow/example_dags/example_branch_python_dop_operator_3.py
[2025-02-09T13:57:12.336+0000] {logging_mixin.py:190} INFO - [2025-02-09T13:57:12.336+0000] {dag.py:3239} INFO - Sync 1 DAGs
[2025-02-09T13:57:12.356+0000] {logging_mixin.py:190} INFO - [2025-02-09T13:57:12.356+0000] {dag.py:4180} INFO - Setting next_dagrun for example_branch_dop_operator_v3 to 2025-02-09 13:56:00+00:00, run_after=2025-02-09 13:57:00+00:00
[2025-02-09T13:57:12.372+0000] {processor.py:208} INFO - Processing /home/airflow/.local/lib/python3.12/site-packages/airflow/example_dags/example_branch_python_dop_operator_3.py took 0.071 seconds
[2025-02-09T13:57:42.688+0000] {processor.py:186} INFO - Started process (PID=276) to work on /home/airflow/.local/lib/python3.12/site-packages/airflow/example_dags/example_branch_python_dop_operator_3.py
[2025-02-09T13:57:42.688+0000] {processor.py:914} INFO - Processing file /home/airflow/.local/lib/python3.12/site-packages/airflow/example_dags/example_branch_python_dop_operator_3.py for tasks to queue
[2025-02-09T13:57:42.692+0000] {logging_mixin.py:190} INFO - [2025-02-09T13:57:42.691+0000] {dagbag.py:588} INFO - Filling up the DagBag from /home/airflow/.local/lib/python3.12/site-packages/airflow/example_dags/example_branch_python_dop_operator_3.py
[2025-02-09T13:57:42.700+0000] {processor.py:925} INFO - DAG(s) 'example_branch_dop_operator_v3' retrieved from /home/airflow/.local/lib/python3.12/site-packages/airflow/example_dags/example_branch_python_dop_operator_3.py
[2025-02-09T13:57:42.714+0000] {logging_mixin.py:190} INFO - [2025-02-09T13:57:42.713+0000] {dag.py:3239} INFO - Sync 1 DAGs
[2025-02-09T13:57:42.728+0000] {logging_mixin.py:190} INFO - [2025-02-09T13:57:42.728+0000] {dag.py:4180} INFO - Setting next_dagrun for example_branch_dop_operator_v3 to 2025-02-09 13:56:00+00:00, run_after=2025-02-09 13:57:00+00:00
[2025-02-09T13:57:42.744+0000] {processor.py:208} INFO - Processing /home/airflow/.local/lib/python3.12/site-packages/airflow/example_dags/example_branch_python_dop_operator_3.py took 0.060 seconds
[2025-02-09T13:58:13.410+0000] {processor.py:186} INFO - Started process (PID=341) to work on /home/airflow/.local/lib/python3.12/site-packages/airflow/example_dags/example_branch_python_dop_operator_3.py
[2025-02-09T13:58:13.411+0000] {processor.py:914} INFO - Processing file /home/airflow/.local/lib/python3.12/site-packages/airflow/example_dags/example_branch_python_dop_operator_3.py for tasks to queue
[2025-02-09T13:58:13.412+0000] {logging_mixin.py:190} INFO - [2025-02-09T13:58:13.412+0000] {dagbag.py:588} INFO - Filling up the DagBag from /home/airflow/.local/lib/python3.12/site-packages/airflow/example_dags/example_branch_python_dop_operator_3.py
[2025-02-09T13:58:13.421+0000] {processor.py:925} INFO - DAG(s) 'example_branch_dop_operator_v3' retrieved from /home/airflow/.local/lib/python3.12/site-packages/airflow/example_dags/example_branch_python_dop_operator_3.py
[2025-02-09T13:58:13.441+0000] {logging_mixin.py:190} INFO - [2025-02-09T13:58:13.441+0000] {dag.py:3239} INFO - Sync 1 DAGs
[2025-02-09T13:58:13.457+0000] {logging_mixin.py:190} INFO - [2025-02-09T13:58:13.457+0000] {dag.py:4180} INFO - Setting next_dagrun for example_branch_dop_operator_v3 to 2025-02-09 13:57:00+00:00, run_after=2025-02-09 13:58:00+00:00
[2025-02-09T13:58:13.468+0000] {processor.py:208} INFO - Processing /home/airflow/.local/lib/python3.12/site-packages/airflow/example_dags/example_branch_python_dop_operator_3.py took 0.062 seconds
[2025-02-09T13:58:43.913+0000] {processor.py:186} INFO - Started process (PID=407) to work on /home/airflow/.local/lib/python3.12/site-packages/airflow/example_dags/example_branch_python_dop_operator_3.py
[2025-02-09T13:58:43.916+0000] {processor.py:914} INFO - Processing file /home/airflow/.local/lib/python3.12/site-packages/airflow/example_dags/example_branch_python_dop_operator_3.py for tasks to queue
[2025-02-09T13:58:43.919+0000] {logging_mixin.py:190} INFO - [2025-02-09T13:58:43.918+0000] {dagbag.py:588} INFO - Filling up the DagBag from /home/airflow/.local/lib/python3.12/site-packages/airflow/example_dags/example_branch_python_dop_operator_3.py
[2025-02-09T13:58:43.924+0000] {processor.py:925} INFO - DAG(s) 'example_branch_dop_operator_v3' retrieved from /home/airflow/.local/lib/python3.12/site-packages/airflow/example_dags/example_branch_python_dop_operator_3.py
[2025-02-09T13:58:43.942+0000] {logging_mixin.py:190} INFO - [2025-02-09T13:58:43.942+0000] {dag.py:3239} INFO - Sync 1 DAGs
[2025-02-09T13:58:43.957+0000] {logging_mixin.py:190} INFO - [2025-02-09T13:58:43.957+0000] {dag.py:4180} INFO - Setting next_dagrun for example_branch_dop_operator_v3 to 2025-02-09 13:57:00+00:00, run_after=2025-02-09 13:58:00+00:00
[2025-02-09T13:58:43.974+0000] {processor.py:208} INFO - Processing /home/airflow/.local/lib/python3.12/site-packages/airflow/example_dags/example_branch_python_dop_operator_3.py took 0.065 seconds
