[2025-02-09T13:56:12.280+0000] {processor.py:186} INFO - Started process (PID=82) to work on /home/airflow/.local/lib/python3.12/site-packages/airflow/example_dags/example_display_name.py
[2025-02-09T13:56:12.281+0000] {processor.py:914} INFO - Processing file /home/airflow/.local/lib/python3.12/site-packages/airflow/example_dags/example_display_name.py for tasks to queue
[2025-02-09T13:56:12.285+0000] {logging_mixin.py:190} INFO - [2025-02-09T13:56:12.285+0000] {dagbag.py:588} INFO - Filling up the DagBag from /home/airflow/.local/lib/python3.12/site-packages/airflow/example_dags/example_display_name.py
[2025-02-09T13:56:12.298+0000] {processor.py:925} INFO - DAG(s) 'example_display_name' retrieved from /home/airflow/.local/lib/python3.12/site-packages/airflow/example_dags/example_display_name.py
[2025-02-09T13:56:12.390+0000] {logging_mixin.py:190} INFO - [2025-02-09T13:56:12.390+0000] {dag.py:3239} INFO - Sync 1 DAGs
[2025-02-09T13:56:12.423+0000] {logging_mixin.py:190} INFO - [2025-02-09T13:56:12.423+0000] {dag.py:4180} INFO - Setting next_dagrun for example_display_name to None, run_after=None
[2025-02-09T13:56:12.464+0000] {processor.py:208} INFO - Processing /home/airflow/.local/lib/python3.12/site-packages/airflow/example_dags/example_display_name.py took 0.191 seconds
[2025-02-09T13:56:42.491+0000] {processor.py:186} INFO - Started process (PID=151) to work on /home/airflow/.local/lib/python3.12/site-packages/airflow/example_dags/example_display_name.py
[2025-02-09T13:56:42.491+0000] {processor.py:914} INFO - Processing file /home/airflow/.local/lib/python3.12/site-packages/airflow/example_dags/example_display_name.py for tasks to queue
[2025-02-09T13:56:42.493+0000] {logging_mixin.py:190} INFO - [2025-02-09T13:56:42.493+0000] {dagbag.py:588} INFO - Filling up the DagBag from /home/airflow/.local/lib/python3.12/site-packages/airflow/example_dags/example_display_name.py
[2025-02-09T13:56:42.498+0000] {processor.py:925} INFO - DAG(s) 'example_display_name' retrieved from /home/airflow/.local/lib/python3.12/site-packages/airflow/example_dags/example_display_name.py
[2025-02-09T13:56:42.509+0000] {logging_mixin.py:190} INFO - [2025-02-09T13:56:42.509+0000] {dag.py:3239} INFO - Sync 1 DAGs
[2025-02-09T13:56:42.516+0000] {logging_mixin.py:190} INFO - [2025-02-09T13:56:42.516+0000] {dag.py:4180} INFO - Setting next_dagrun for example_display_name to None, run_after=None
[2025-02-09T13:56:42.526+0000] {processor.py:208} INFO - Processing /home/airflow/.local/lib/python3.12/site-packages/airflow/example_dags/example_display_name.py took 0.039 seconds
[2025-02-09T13:57:12.628+0000] {processor.py:186} INFO - Started process (PID=217) to work on /home/airflow/.local/lib/python3.12/site-packages/airflow/example_dags/example_display_name.py
[2025-02-09T13:57:12.629+0000] {processor.py:914} INFO - Processing file /home/airflow/.local/lib/python3.12/site-packages/airflow/example_dags/example_display_name.py for tasks to queue
[2025-02-09T13:57:12.631+0000] {logging_mixin.py:190} INFO - [2025-02-09T13:57:12.631+0000] {dagbag.py:588} INFO - Filling up the DagBag from /home/airflow/.local/lib/python3.12/site-packages/airflow/example_dags/example_display_name.py
[2025-02-09T13:57:12.637+0000] {processor.py:925} INFO - DAG(s) 'example_display_name' retrieved from /home/airflow/.local/lib/python3.12/site-packages/airflow/example_dags/example_display_name.py
[2025-02-09T13:57:12.651+0000] {logging_mixin.py:190} INFO - [2025-02-09T13:57:12.650+0000] {dag.py:3239} INFO - Sync 1 DAGs
[2025-02-09T13:57:12.662+0000] {logging_mixin.py:190} INFO - [2025-02-09T13:57:12.662+0000] {dag.py:4180} INFO - Setting next_dagrun for example_display_name to None, run_after=None
[2025-02-09T13:57:12.675+0000] {processor.py:208} INFO - Processing /home/airflow/.local/lib/python3.12/site-packages/airflow/example_dags/example_display_name.py took 0.052 seconds
[2025-02-09T13:57:42.883+0000] {processor.py:186} INFO - Started process (PID=282) to work on /home/airflow/.local/lib/python3.12/site-packages/airflow/example_dags/example_display_name.py
[2025-02-09T13:57:42.884+0000] {processor.py:914} INFO - Processing file /home/airflow/.local/lib/python3.12/site-packages/airflow/example_dags/example_display_name.py for tasks to queue
[2025-02-09T13:57:42.885+0000] {logging_mixin.py:190} INFO - [2025-02-09T13:57:42.885+0000] {dagbag.py:588} INFO - Filling up the DagBag from /home/airflow/.local/lib/python3.12/site-packages/airflow/example_dags/example_display_name.py
[2025-02-09T13:57:42.893+0000] {processor.py:925} INFO - DAG(s) 'example_display_name' retrieved from /home/airflow/.local/lib/python3.12/site-packages/airflow/example_dags/example_display_name.py
[2025-02-09T13:57:42.911+0000] {logging_mixin.py:190} INFO - [2025-02-09T13:57:42.911+0000] {dag.py:3239} INFO - Sync 1 DAGs
[2025-02-09T13:57:42.920+0000] {logging_mixin.py:190} INFO - [2025-02-09T13:57:42.919+0000] {dag.py:4180} INFO - Setting next_dagrun for example_display_name to None, run_after=None
[2025-02-09T13:57:42.935+0000] {processor.py:208} INFO - Processing /home/airflow/.local/lib/python3.12/site-packages/airflow/example_dags/example_display_name.py took 0.055 seconds
[2025-02-09T13:58:13.621+0000] {processor.py:186} INFO - Started process (PID=347) to work on /home/airflow/.local/lib/python3.12/site-packages/airflow/example_dags/example_display_name.py
[2025-02-09T13:58:13.621+0000] {processor.py:914} INFO - Processing file /home/airflow/.local/lib/python3.12/site-packages/airflow/example_dags/example_display_name.py for tasks to queue
[2025-02-09T13:58:13.623+0000] {logging_mixin.py:190} INFO - [2025-02-09T13:58:13.622+0000] {dagbag.py:588} INFO - Filling up the DagBag from /home/airflow/.local/lib/python3.12/site-packages/airflow/example_dags/example_display_name.py
[2025-02-09T13:58:13.633+0000] {processor.py:925} INFO - DAG(s) 'example_display_name' retrieved from /home/airflow/.local/lib/python3.12/site-packages/airflow/example_dags/example_display_name.py
[2025-02-09T13:58:13.661+0000] {logging_mixin.py:190} INFO - [2025-02-09T13:58:13.660+0000] {dag.py:3239} INFO - Sync 1 DAGs
[2025-02-09T13:58:13.678+0000] {logging_mixin.py:190} INFO - [2025-02-09T13:58:13.678+0000] {dag.py:4180} INFO - Setting next_dagrun for example_display_name to None, run_after=None
[2025-02-09T13:58:13.695+0000] {processor.py:208} INFO - Processing /home/airflow/.local/lib/python3.12/site-packages/airflow/example_dags/example_display_name.py took 0.079 seconds
[2025-02-09T13:58:44.134+0000] {processor.py:186} INFO - Started process (PID=413) to work on /home/airflow/.local/lib/python3.12/site-packages/airflow/example_dags/example_display_name.py
[2025-02-09T13:58:44.135+0000] {processor.py:914} INFO - Processing file /home/airflow/.local/lib/python3.12/site-packages/airflow/example_dags/example_display_name.py for tasks to queue
[2025-02-09T13:58:44.136+0000] {logging_mixin.py:190} INFO - [2025-02-09T13:58:44.136+0000] {dagbag.py:588} INFO - Filling up the DagBag from /home/airflow/.local/lib/python3.12/site-packages/airflow/example_dags/example_display_name.py
[2025-02-09T13:58:44.141+0000] {processor.py:925} INFO - DAG(s) 'example_display_name' retrieved from /home/airflow/.local/lib/python3.12/site-packages/airflow/example_dags/example_display_name.py
[2025-02-09T13:58:44.158+0000] {logging_mixin.py:190} INFO - [2025-02-09T13:58:44.158+0000] {dag.py:3239} INFO - Sync 1 DAGs
[2025-02-09T13:58:44.166+0000] {logging_mixin.py:190} INFO - [2025-02-09T13:58:44.166+0000] {dag.py:4180} INFO - Setting next_dagrun for example_display_name to None, run_after=None
[2025-02-09T13:58:44.181+0000] {processor.py:208} INFO - Processing /home/airflow/.local/lib/python3.12/site-packages/airflow/example_dags/example_display_name.py took 0.051 seconds
