[2025-02-09T13:56:15.912+0000] {processor.py:186} INFO - Started process (PID=100) to work on /home/airflow/.local/lib/python3.12/site-packages/airflow/example_dags/example_latest_only_with_trigger.py
[2025-02-09T13:56:15.913+0000] {processor.py:914} INFO - Processing file /home/airflow/.local/lib/python3.12/site-packages/airflow/example_dags/example_latest_only_with_trigger.py for tasks to queue
[2025-02-09T13:56:15.916+0000] {logging_mixin.py:190} INFO - [2025-02-09T13:56:15.915+0000] {dagbag.py:588} INFO - Filling up the DagBag from /home/airflow/.local/lib/python3.12/site-packages/airflow/example_dags/example_latest_only_with_trigger.py
[2025-02-09T13:56:15.926+0000] {processor.py:925} INFO - DAG(s) 'latest_only_with_trigger' retrieved from /home/airflow/.local/lib/python3.12/site-packages/airflow/example_dags/example_latest_only_with_trigger.py
[2025-02-09T13:56:15.941+0000] {logging_mixin.py:190} INFO - [2025-02-09T13:56:15.941+0000] {dag.py:3239} INFO - Sync 1 DAGs
[2025-02-09T13:56:15.960+0000] {logging_mixin.py:190} INFO - [2025-02-09T13:56:15.960+0000] {dag.py:4180} INFO - Setting next_dagrun for latest_only_with_trigger to 2025-02-09 08:00:00+00:00, run_after=2025-02-09 12:00:00+00:00
[2025-02-09T13:56:15.976+0000] {processor.py:208} INFO - Processing /home/airflow/.local/lib/python3.12/site-packages/airflow/example_dags/example_latest_only_with_trigger.py took 0.067 seconds
[2025-02-09T13:56:46.081+0000] {processor.py:186} INFO - Started process (PID=170) to work on /home/airflow/.local/lib/python3.12/site-packages/airflow/example_dags/example_latest_only_with_trigger.py
[2025-02-09T13:56:46.081+0000] {processor.py:914} INFO - Processing file /home/airflow/.local/lib/python3.12/site-packages/airflow/example_dags/example_latest_only_with_trigger.py for tasks to queue
[2025-02-09T13:56:46.083+0000] {logging_mixin.py:190} INFO - [2025-02-09T13:56:46.083+0000] {dagbag.py:588} INFO - Filling up the DagBag from /home/airflow/.local/lib/python3.12/site-packages/airflow/example_dags/example_latest_only_with_trigger.py
[2025-02-09T13:56:46.087+0000] {processor.py:925} INFO - DAG(s) 'latest_only_with_trigger' retrieved from /home/airflow/.local/lib/python3.12/site-packages/airflow/example_dags/example_latest_only_with_trigger.py
[2025-02-09T13:56:46.100+0000] {logging_mixin.py:190} INFO - [2025-02-09T13:56:46.100+0000] {dag.py:3239} INFO - Sync 1 DAGs
[2025-02-09T13:56:46.114+0000] {logging_mixin.py:190} INFO - [2025-02-09T13:56:46.114+0000] {dag.py:4180} INFO - Setting next_dagrun for latest_only_with_trigger to 2025-02-09 08:00:00+00:00, run_after=2025-02-09 12:00:00+00:00
[2025-02-09T13:56:46.125+0000] {processor.py:208} INFO - Processing /home/airflow/.local/lib/python3.12/site-packages/airflow/example_dags/example_latest_only_with_trigger.py took 0.048 seconds
[2025-02-09T13:57:16.990+0000] {processor.py:186} INFO - Started process (PID=236) to work on /home/airflow/.local/lib/python3.12/site-packages/airflow/example_dags/example_latest_only_with_trigger.py
[2025-02-09T13:57:16.991+0000] {processor.py:914} INFO - Processing file /home/airflow/.local/lib/python3.12/site-packages/airflow/example_dags/example_latest_only_with_trigger.py for tasks to queue
[2025-02-09T13:57:16.993+0000] {logging_mixin.py:190} INFO - [2025-02-09T13:57:16.992+0000] {dagbag.py:588} INFO - Filling up the DagBag from /home/airflow/.local/lib/python3.12/site-packages/airflow/example_dags/example_latest_only_with_trigger.py
[2025-02-09T13:57:17.001+0000] {processor.py:925} INFO - DAG(s) 'latest_only_with_trigger' retrieved from /home/airflow/.local/lib/python3.12/site-packages/airflow/example_dags/example_latest_only_with_trigger.py
[2025-02-09T13:57:17.016+0000] {logging_mixin.py:190} INFO - [2025-02-09T13:57:17.016+0000] {dag.py:3239} INFO - Sync 1 DAGs
[2025-02-09T13:57:17.029+0000] {logging_mixin.py:190} INFO - [2025-02-09T13:57:17.029+0000] {dag.py:4180} INFO - Setting next_dagrun for latest_only_with_trigger to 2025-02-09 08:00:00+00:00, run_after=2025-02-09 12:00:00+00:00
[2025-02-09T13:57:17.041+0000] {processor.py:208} INFO - Processing /home/airflow/.local/lib/python3.12/site-packages/airflow/example_dags/example_latest_only_with_trigger.py took 0.055 seconds
[2025-02-09T13:57:48.295+0000] {processor.py:186} INFO - Started process (PID=302) to work on /home/airflow/.local/lib/python3.12/site-packages/airflow/example_dags/example_latest_only_with_trigger.py
[2025-02-09T13:57:48.297+0000] {processor.py:914} INFO - Processing file /home/airflow/.local/lib/python3.12/site-packages/airflow/example_dags/example_latest_only_with_trigger.py for tasks to queue
[2025-02-09T13:57:48.300+0000] {logging_mixin.py:190} INFO - [2025-02-09T13:57:48.299+0000] {dagbag.py:588} INFO - Filling up the DagBag from /home/airflow/.local/lib/python3.12/site-packages/airflow/example_dags/example_latest_only_with_trigger.py
[2025-02-09T13:57:48.309+0000] {processor.py:925} INFO - DAG(s) 'latest_only_with_trigger' retrieved from /home/airflow/.local/lib/python3.12/site-packages/airflow/example_dags/example_latest_only_with_trigger.py
[2025-02-09T13:57:48.326+0000] {logging_mixin.py:190} INFO - [2025-02-09T13:57:48.326+0000] {dag.py:3239} INFO - Sync 1 DAGs
[2025-02-09T13:57:48.340+0000] {logging_mixin.py:190} INFO - [2025-02-09T13:57:48.340+0000] {dag.py:4180} INFO - Setting next_dagrun for latest_only_with_trigger to 2025-02-09 08:00:00+00:00, run_after=2025-02-09 12:00:00+00:00
[2025-02-09T13:57:48.353+0000] {processor.py:208} INFO - Processing /home/airflow/.local/lib/python3.12/site-packages/airflow/example_dags/example_latest_only_with_trigger.py took 0.061 seconds
[2025-02-09T13:58:19.048+0000] {processor.py:186} INFO - Started process (PID=367) to work on /home/airflow/.local/lib/python3.12/site-packages/airflow/example_dags/example_latest_only_with_trigger.py
[2025-02-09T13:58:19.049+0000] {processor.py:914} INFO - Processing file /home/airflow/.local/lib/python3.12/site-packages/airflow/example_dags/example_latest_only_with_trigger.py for tasks to queue
[2025-02-09T13:58:19.050+0000] {logging_mixin.py:190} INFO - [2025-02-09T13:58:19.050+0000] {dagbag.py:588} INFO - Filling up the DagBag from /home/airflow/.local/lib/python3.12/site-packages/airflow/example_dags/example_latest_only_with_trigger.py
[2025-02-09T13:58:19.055+0000] {processor.py:925} INFO - DAG(s) 'latest_only_with_trigger' retrieved from /home/airflow/.local/lib/python3.12/site-packages/airflow/example_dags/example_latest_only_with_trigger.py
[2025-02-09T13:58:19.066+0000] {logging_mixin.py:190} INFO - [2025-02-09T13:58:19.066+0000] {dag.py:3239} INFO - Sync 1 DAGs
[2025-02-09T13:58:19.079+0000] {logging_mixin.py:190} INFO - [2025-02-09T13:58:19.079+0000] {dag.py:4180} INFO - Setting next_dagrun for latest_only_with_trigger to 2025-02-09 08:00:00+00:00, run_after=2025-02-09 12:00:00+00:00
[2025-02-09T13:58:19.093+0000] {processor.py:208} INFO - Processing /home/airflow/.local/lib/python3.12/site-packages/airflow/example_dags/example_latest_only_with_trigger.py took 0.049 seconds
[2025-02-09T13:58:50.436+0000] {processor.py:186} INFO - Started process (PID=433) to work on /home/airflow/.local/lib/python3.12/site-packages/airflow/example_dags/example_latest_only_with_trigger.py
[2025-02-09T13:58:50.437+0000] {processor.py:914} INFO - Processing file /home/airflow/.local/lib/python3.12/site-packages/airflow/example_dags/example_latest_only_with_trigger.py for tasks to queue
[2025-02-09T13:58:50.438+0000] {logging_mixin.py:190} INFO - [2025-02-09T13:58:50.438+0000] {dagbag.py:588} INFO - Filling up the DagBag from /home/airflow/.local/lib/python3.12/site-packages/airflow/example_dags/example_latest_only_with_trigger.py
[2025-02-09T13:58:50.443+0000] {processor.py:925} INFO - DAG(s) 'latest_only_with_trigger' retrieved from /home/airflow/.local/lib/python3.12/site-packages/airflow/example_dags/example_latest_only_with_trigger.py
[2025-02-09T13:58:50.456+0000] {logging_mixin.py:190} INFO - [2025-02-09T13:58:50.456+0000] {dag.py:3239} INFO - Sync 1 DAGs
[2025-02-09T13:58:50.472+0000] {logging_mixin.py:190} INFO - [2025-02-09T13:58:50.472+0000] {dag.py:4180} INFO - Setting next_dagrun for latest_only_with_trigger to 2025-02-09 08:00:00+00:00, run_after=2025-02-09 12:00:00+00:00
[2025-02-09T13:58:50.488+0000] {processor.py:208} INFO - Processing /home/airflow/.local/lib/python3.12/site-packages/airflow/example_dags/example_latest_only_with_trigger.py took 0.055 seconds
