[2025-02-09T13:56:11.810+0000] {processor.py:186} INFO - Started process (PID=70) to work on /home/airflow/.local/lib/python3.12/site-packages/airflow/example_dags/example_python_operator.py
[2025-02-09T13:56:11.811+0000] {processor.py:914} INFO - Processing file /home/airflow/.local/lib/python3.12/site-packages/airflow/example_dags/example_python_operator.py for tasks to queue
[2025-02-09T13:56:11.815+0000] {logging_mixin.py:190} INFO - [2025-02-09T13:56:11.814+0000] {dagbag.py:588} INFO - Filling up the DagBag from /home/airflow/.local/lib/python3.12/site-packages/airflow/example_dags/example_python_operator.py
[2025-02-09T13:56:11.833+0000] {processor.py:925} INFO - DAG(s) 'example_python_operator' retrieved from /home/airflow/.local/lib/python3.12/site-packages/airflow/example_dags/example_python_operator.py
[2025-02-09T13:56:11.935+0000] {logging_mixin.py:190} INFO - [2025-02-09T13:56:11.935+0000] {dag.py:3239} INFO - Sync 1 DAGs
[2025-02-09T13:56:11.946+0000] {logging_mixin.py:190} INFO - [2025-02-09T13:56:11.946+0000] {dag.py:4180} INFO - Setting next_dagrun for example_python_operator to None, run_after=None
[2025-02-09T13:56:11.959+0000] {processor.py:208} INFO - Processing /home/airflow/.local/lib/python3.12/site-packages/airflow/example_dags/example_python_operator.py took 0.156 seconds
[2025-02-09T13:56:42.115+0000] {processor.py:186} INFO - Started process (PID=140) to work on /home/airflow/.local/lib/python3.12/site-packages/airflow/example_dags/example_python_operator.py
[2025-02-09T13:56:42.115+0000] {processor.py:914} INFO - Processing file /home/airflow/.local/lib/python3.12/site-packages/airflow/example_dags/example_python_operator.py for tasks to queue
[2025-02-09T13:56:42.117+0000] {logging_mixin.py:190} INFO - [2025-02-09T13:56:42.117+0000] {dagbag.py:588} INFO - Filling up the DagBag from /home/airflow/.local/lib/python3.12/site-packages/airflow/example_dags/example_python_operator.py
[2025-02-09T13:56:42.125+0000] {processor.py:925} INFO - DAG(s) 'example_python_operator' retrieved from /home/airflow/.local/lib/python3.12/site-packages/airflow/example_dags/example_python_operator.py
[2025-02-09T13:56:42.143+0000] {logging_mixin.py:190} INFO - [2025-02-09T13:56:42.143+0000] {dag.py:3239} INFO - Sync 1 DAGs
[2025-02-09T13:56:42.157+0000] {logging_mixin.py:190} INFO - [2025-02-09T13:56:42.157+0000] {dag.py:4180} INFO - Setting next_dagrun for example_python_operator to None, run_after=None
[2025-02-09T13:56:42.177+0000] {processor.py:208} INFO - Processing /home/airflow/.local/lib/python3.12/site-packages/airflow/example_dags/example_python_operator.py took 0.068 seconds
[2025-02-09T13:57:12.333+0000] {processor.py:186} INFO - Started process (PID=211) to work on /home/airflow/.local/lib/python3.12/site-packages/airflow/example_dags/example_python_operator.py
[2025-02-09T13:57:12.335+0000] {processor.py:914} INFO - Processing file /home/airflow/.local/lib/python3.12/site-packages/airflow/example_dags/example_python_operator.py for tasks to queue
[2025-02-09T13:57:12.339+0000] {logging_mixin.py:190} INFO - [2025-02-09T13:57:12.339+0000] {dagbag.py:588} INFO - Filling up the DagBag from /home/airflow/.local/lib/python3.12/site-packages/airflow/example_dags/example_python_operator.py
[2025-02-09T13:57:12.348+0000] {processor.py:925} INFO - DAG(s) 'example_python_operator' retrieved from /home/airflow/.local/lib/python3.12/site-packages/airflow/example_dags/example_python_operator.py
[2025-02-09T13:57:12.371+0000] {logging_mixin.py:190} INFO - [2025-02-09T13:57:12.371+0000] {dag.py:3239} INFO - Sync 1 DAGs
[2025-02-09T13:57:12.379+0000] {logging_mixin.py:190} INFO - [2025-02-09T13:57:12.379+0000] {dag.py:4180} INFO - Setting next_dagrun for example_python_operator to None, run_after=None
[2025-02-09T13:57:12.393+0000] {processor.py:208} INFO - Processing /home/airflow/.local/lib/python3.12/site-packages/airflow/example_dags/example_python_operator.py took 0.066 seconds
[2025-02-09T13:57:42.691+0000] {processor.py:186} INFO - Started process (PID=277) to work on /home/airflow/.local/lib/python3.12/site-packages/airflow/example_dags/example_python_operator.py
[2025-02-09T13:57:42.695+0000] {processor.py:914} INFO - Processing file /home/airflow/.local/lib/python3.12/site-packages/airflow/example_dags/example_python_operator.py for tasks to queue
[2025-02-09T13:57:42.697+0000] {logging_mixin.py:190} INFO - [2025-02-09T13:57:42.696+0000] {dagbag.py:588} INFO - Filling up the DagBag from /home/airflow/.local/lib/python3.12/site-packages/airflow/example_dags/example_python_operator.py
[2025-02-09T13:57:42.707+0000] {processor.py:925} INFO - DAG(s) 'example_python_operator' retrieved from /home/airflow/.local/lib/python3.12/site-packages/airflow/example_dags/example_python_operator.py
[2025-02-09T13:57:42.726+0000] {logging_mixin.py:190} INFO - [2025-02-09T13:57:42.726+0000] {dag.py:3239} INFO - Sync 1 DAGs
[2025-02-09T13:57:42.734+0000] {logging_mixin.py:190} INFO - [2025-02-09T13:57:42.733+0000] {dag.py:4180} INFO - Setting next_dagrun for example_python_operator to None, run_after=None
[2025-02-09T13:57:42.748+0000] {processor.py:208} INFO - Processing /home/airflow/.local/lib/python3.12/site-packages/airflow/example_dags/example_python_operator.py took 0.060 seconds
[2025-02-09T13:58:13.469+0000] {processor.py:186} INFO - Started process (PID=342) to work on /home/airflow/.local/lib/python3.12/site-packages/airflow/example_dags/example_python_operator.py
[2025-02-09T13:58:13.472+0000] {processor.py:914} INFO - Processing file /home/airflow/.local/lib/python3.12/site-packages/airflow/example_dags/example_python_operator.py for tasks to queue
[2025-02-09T13:58:13.473+0000] {logging_mixin.py:190} INFO - [2025-02-09T13:58:13.473+0000] {dagbag.py:588} INFO - Filling up the DagBag from /home/airflow/.local/lib/python3.12/site-packages/airflow/example_dags/example_python_operator.py
[2025-02-09T13:58:13.480+0000] {processor.py:925} INFO - DAG(s) 'example_python_operator' retrieved from /home/airflow/.local/lib/python3.12/site-packages/airflow/example_dags/example_python_operator.py
[2025-02-09T13:58:13.495+0000] {logging_mixin.py:190} INFO - [2025-02-09T13:58:13.495+0000] {dag.py:3239} INFO - Sync 1 DAGs
[2025-02-09T13:58:13.503+0000] {logging_mixin.py:190} INFO - [2025-02-09T13:58:13.503+0000] {dag.py:4180} INFO - Setting next_dagrun for example_python_operator to None, run_after=None
[2025-02-09T13:58:13.521+0000] {processor.py:208} INFO - Processing /home/airflow/.local/lib/python3.12/site-packages/airflow/example_dags/example_python_operator.py took 0.055 seconds
[2025-02-09T13:58:43.983+0000] {processor.py:186} INFO - Started process (PID=408) to work on /home/airflow/.local/lib/python3.12/site-packages/airflow/example_dags/example_python_operator.py
[2025-02-09T13:58:43.984+0000] {processor.py:914} INFO - Processing file /home/airflow/.local/lib/python3.12/site-packages/airflow/example_dags/example_python_operator.py for tasks to queue
[2025-02-09T13:58:43.985+0000] {logging_mixin.py:190} INFO - [2025-02-09T13:58:43.985+0000] {dagbag.py:588} INFO - Filling up the DagBag from /home/airflow/.local/lib/python3.12/site-packages/airflow/example_dags/example_python_operator.py
[2025-02-09T13:58:43.992+0000] {processor.py:925} INFO - DAG(s) 'example_python_operator' retrieved from /home/airflow/.local/lib/python3.12/site-packages/airflow/example_dags/example_python_operator.py
[2025-02-09T13:58:44.008+0000] {logging_mixin.py:190} INFO - [2025-02-09T13:58:44.008+0000] {dag.py:3239} INFO - Sync 1 DAGs
[2025-02-09T13:58:44.017+0000] {logging_mixin.py:190} INFO - [2025-02-09T13:58:44.017+0000] {dag.py:4180} INFO - Setting next_dagrun for example_python_operator to None, run_after=None
[2025-02-09T13:58:44.036+0000] {processor.py:208} INFO - Processing /home/airflow/.local/lib/python3.12/site-packages/airflow/example_dags/example_python_operator.py took 0.056 seconds
