[2025-02-09T13:56:14.026+0000] {processor.py:186} INFO - Started process (PID=90) to work on /home/airflow/.local/lib/python3.12/site-packages/airflow/example_dags/example_datasets.py
[2025-02-09T13:56:14.027+0000] {processor.py:914} INFO - Processing file /home/airflow/.local/lib/python3.12/site-packages/airflow/example_dags/example_datasets.py for tasks to queue
[2025-02-09T13:56:14.029+0000] {logging_mixin.py:190} INFO - [2025-02-09T13:56:14.029+0000] {dagbag.py:588} INFO - Filling up the DagBag from /home/airflow/.local/lib/python3.12/site-packages/airflow/example_dags/example_datasets.py
[2025-02-09T13:56:14.588+0000] {processor.py:925} INFO - DAG(s) 'dataset_consumes_unknown_never_scheduled', 'dataset_produces_1', 'consume_1_or_both_2_and_3_with_dataset_expressions', 'dataset_consumes_1', 'conditional_dataset_and_time_based_timetable', 'dataset_consumes_1_and_2', 'dataset_consumes_1_never_scheduled', 'consume_1_or_2_with_dataset_expressions', 'dataset_produces_2', 'consume_1_and_2_with_dataset_expressions' retrieved from /home/airflow/.local/lib/python3.12/site-packages/airflow/example_dags/example_datasets.py
[2025-02-09T13:56:14.627+0000] {logging_mixin.py:190} INFO - [2025-02-09T13:56:14.627+0000] {dag.py:3239} INFO - Sync 10 DAGs
[2025-02-09T13:56:14.648+0000] {logging_mixin.py:190} INFO - [2025-02-09T13:56:14.648+0000] {dag.py:4180} INFO - Setting next_dagrun for conditional_dataset_and_time_based_timetable to 2025-02-05 01:00:00+00:00, run_after=2025-02-05 01:00:00+00:00
[2025-02-09T13:56:14.656+0000] {logging_mixin.py:190} INFO - [2025-02-09T13:56:14.656+0000] {dag.py:4180} INFO - Setting next_dagrun for consume_1_and_2_with_dataset_expressions to None, run_after=None
[2025-02-09T13:56:14.657+0000] {logging_mixin.py:190} INFO - [2025-02-09T13:56:14.657+0000] {dag.py:4180} INFO - Setting next_dagrun for consume_1_or_2_with_dataset_expressions to None, run_after=None
[2025-02-09T13:56:14.658+0000] {logging_mixin.py:190} INFO - [2025-02-09T13:56:14.658+0000] {dag.py:4180} INFO - Setting next_dagrun for consume_1_or_both_2_and_3_with_dataset_expressions to None, run_after=None
[2025-02-09T13:56:14.659+0000] {logging_mixin.py:190} INFO - [2025-02-09T13:56:14.659+0000] {dag.py:4180} INFO - Setting next_dagrun for dataset_consumes_1 to None, run_after=None
[2025-02-09T13:56:14.664+0000] {logging_mixin.py:190} INFO - [2025-02-09T13:56:14.664+0000] {dag.py:4180} INFO - Setting next_dagrun for dataset_consumes_1_and_2 to None, run_after=None
[2025-02-09T13:56:14.665+0000] {logging_mixin.py:190} INFO - [2025-02-09T13:56:14.665+0000] {dag.py:4180} INFO - Setting next_dagrun for dataset_consumes_1_never_scheduled to None, run_after=None
[2025-02-09T13:56:14.666+0000] {logging_mixin.py:190} INFO - [2025-02-09T13:56:14.666+0000] {dag.py:4180} INFO - Setting next_dagrun for dataset_consumes_unknown_never_scheduled to None, run_after=None
[2025-02-09T13:56:14.668+0000] {logging_mixin.py:190} INFO - [2025-02-09T13:56:14.667+0000] {dag.py:4180} INFO - Setting next_dagrun for dataset_produces_1 to 2025-02-08 00:00:00+00:00, run_after=2025-02-09 00:00:00+00:00
[2025-02-09T13:56:14.670+0000] {logging_mixin.py:190} INFO - [2025-02-09T13:56:14.670+0000] {dag.py:4180} INFO - Setting next_dagrun for dataset_produces_2 to None, run_after=None
[2025-02-09T13:56:14.704+0000] {processor.py:208} INFO - Processing /home/airflow/.local/lib/python3.12/site-packages/airflow/example_dags/example_datasets.py took 0.683 seconds
[2025-02-09T13:56:45.456+0000] {processor.py:186} INFO - Started process (PID=160) to work on /home/airflow/.local/lib/python3.12/site-packages/airflow/example_dags/example_datasets.py
[2025-02-09T13:56:45.457+0000] {processor.py:914} INFO - Processing file /home/airflow/.local/lib/python3.12/site-packages/airflow/example_dags/example_datasets.py for tasks to queue
[2025-02-09T13:56:45.459+0000] {logging_mixin.py:190} INFO - [2025-02-09T13:56:45.459+0000] {dagbag.py:588} INFO - Filling up the DagBag from /home/airflow/.local/lib/python3.12/site-packages/airflow/example_dags/example_datasets.py
[2025-02-09T13:56:45.835+0000] {processor.py:925} INFO - DAG(s) 'consume_1_or_2_with_dataset_expressions', 'conditional_dataset_and_time_based_timetable', 'consume_1_or_both_2_and_3_with_dataset_expressions', 'consume_1_and_2_with_dataset_expressions', 'dataset_produces_2', 'dataset_consumes_1_and_2', 'dataset_consumes_1_never_scheduled', 'dataset_consumes_unknown_never_scheduled', 'dataset_consumes_1', 'dataset_produces_1' retrieved from /home/airflow/.local/lib/python3.12/site-packages/airflow/example_dags/example_datasets.py
[2025-02-09T13:56:45.861+0000] {logging_mixin.py:190} INFO - [2025-02-09T13:56:45.861+0000] {dag.py:3239} INFO - Sync 10 DAGs
[2025-02-09T13:56:45.877+0000] {logging_mixin.py:190} INFO - [2025-02-09T13:56:45.877+0000] {dag.py:4180} INFO - Setting next_dagrun for conditional_dataset_and_time_based_timetable to 2025-02-05 01:00:00+00:00, run_after=2025-02-05 01:00:00+00:00
[2025-02-09T13:56:45.881+0000] {logging_mixin.py:190} INFO - [2025-02-09T13:56:45.881+0000] {dag.py:4180} INFO - Setting next_dagrun for consume_1_and_2_with_dataset_expressions to None, run_after=None
[2025-02-09T13:56:45.882+0000] {logging_mixin.py:190} INFO - [2025-02-09T13:56:45.882+0000] {dag.py:4180} INFO - Setting next_dagrun for consume_1_or_2_with_dataset_expressions to None, run_after=None
[2025-02-09T13:56:45.886+0000] {logging_mixin.py:190} INFO - [2025-02-09T13:56:45.886+0000] {dag.py:4180} INFO - Setting next_dagrun for consume_1_or_both_2_and_3_with_dataset_expressions to None, run_after=None
[2025-02-09T13:56:45.887+0000] {logging_mixin.py:190} INFO - [2025-02-09T13:56:45.887+0000] {dag.py:4180} INFO - Setting next_dagrun for dataset_consumes_1 to None, run_after=None
[2025-02-09T13:56:45.887+0000] {logging_mixin.py:190} INFO - [2025-02-09T13:56:45.887+0000] {dag.py:4180} INFO - Setting next_dagrun for dataset_consumes_1_and_2 to None, run_after=None
[2025-02-09T13:56:45.889+0000] {logging_mixin.py:190} INFO - [2025-02-09T13:56:45.889+0000] {dag.py:4180} INFO - Setting next_dagrun for dataset_consumes_1_never_scheduled to None, run_after=None
[2025-02-09T13:56:45.890+0000] {logging_mixin.py:190} INFO - [2025-02-09T13:56:45.890+0000] {dag.py:4180} INFO - Setting next_dagrun for dataset_consumes_unknown_never_scheduled to None, run_after=None
[2025-02-09T13:56:45.894+0000] {logging_mixin.py:190} INFO - [2025-02-09T13:56:45.894+0000] {dag.py:4180} INFO - Setting next_dagrun for dataset_produces_1 to 2025-02-08 00:00:00+00:00, run_after=2025-02-09 00:00:00+00:00
[2025-02-09T13:56:45.894+0000] {logging_mixin.py:190} INFO - [2025-02-09T13:56:45.894+0000] {dag.py:4180} INFO - Setting next_dagrun for dataset_produces_2 to None, run_after=None
[2025-02-09T13:56:45.919+0000] {processor.py:208} INFO - Processing /home/airflow/.local/lib/python3.12/site-packages/airflow/example_dags/example_datasets.py took 0.467 seconds
[2025-02-09T13:57:16.449+0000] {processor.py:186} INFO - Started process (PID=226) to work on /home/airflow/.local/lib/python3.12/site-packages/airflow/example_dags/example_datasets.py
[2025-02-09T13:57:16.450+0000] {processor.py:914} INFO - Processing file /home/airflow/.local/lib/python3.12/site-packages/airflow/example_dags/example_datasets.py for tasks to queue
[2025-02-09T13:57:16.451+0000] {logging_mixin.py:190} INFO - [2025-02-09T13:57:16.451+0000] {dagbag.py:588} INFO - Filling up the DagBag from /home/airflow/.local/lib/python3.12/site-packages/airflow/example_dags/example_datasets.py
[2025-02-09T13:57:16.786+0000] {processor.py:925} INFO - DAG(s) 'dataset_consumes_1', 'conditional_dataset_and_time_based_timetable', 'dataset_produces_1', 'consume_1_and_2_with_dataset_expressions', 'dataset_consumes_1_never_scheduled', 'consume_1_or_both_2_and_3_with_dataset_expressions', 'dataset_consumes_1_and_2', 'consume_1_or_2_with_dataset_expressions', 'dataset_produces_2', 'dataset_consumes_unknown_never_scheduled' retrieved from /home/airflow/.local/lib/python3.12/site-packages/airflow/example_dags/example_datasets.py
[2025-02-09T13:57:16.829+0000] {logging_mixin.py:190} INFO - [2025-02-09T13:57:16.829+0000] {dag.py:3239} INFO - Sync 10 DAGs
[2025-02-09T13:57:16.846+0000] {logging_mixin.py:190} INFO - [2025-02-09T13:57:16.846+0000] {dag.py:4180} INFO - Setting next_dagrun for conditional_dataset_and_time_based_timetable to 2025-02-05 01:00:00+00:00, run_after=2025-02-05 01:00:00+00:00
[2025-02-09T13:57:16.850+0000] {logging_mixin.py:190} INFO - [2025-02-09T13:57:16.850+0000] {dag.py:4180} INFO - Setting next_dagrun for consume_1_and_2_with_dataset_expressions to None, run_after=None
[2025-02-09T13:57:16.853+0000] {logging_mixin.py:190} INFO - [2025-02-09T13:57:16.853+0000] {dag.py:4180} INFO - Setting next_dagrun for consume_1_or_2_with_dataset_expressions to None, run_after=None
[2025-02-09T13:57:16.855+0000] {logging_mixin.py:190} INFO - [2025-02-09T13:57:16.855+0000] {dag.py:4180} INFO - Setting next_dagrun for consume_1_or_both_2_and_3_with_dataset_expressions to None, run_after=None
[2025-02-09T13:57:16.856+0000] {logging_mixin.py:190} INFO - [2025-02-09T13:57:16.856+0000] {dag.py:4180} INFO - Setting next_dagrun for dataset_consumes_1 to None, run_after=None
[2025-02-09T13:57:16.857+0000] {logging_mixin.py:190} INFO - [2025-02-09T13:57:16.857+0000] {dag.py:4180} INFO - Setting next_dagrun for dataset_consumes_1_and_2 to None, run_after=None
[2025-02-09T13:57:16.858+0000] {logging_mixin.py:190} INFO - [2025-02-09T13:57:16.857+0000] {dag.py:4180} INFO - Setting next_dagrun for dataset_consumes_1_never_scheduled to None, run_after=None
[2025-02-09T13:57:16.858+0000] {logging_mixin.py:190} INFO - [2025-02-09T13:57:16.858+0000] {dag.py:4180} INFO - Setting next_dagrun for dataset_consumes_unknown_never_scheduled to None, run_after=None
[2025-02-09T13:57:16.860+0000] {logging_mixin.py:190} INFO - [2025-02-09T13:57:16.860+0000] {dag.py:4180} INFO - Setting next_dagrun for dataset_produces_1 to 2025-02-08 00:00:00+00:00, run_after=2025-02-09 00:00:00+00:00
[2025-02-09T13:57:16.862+0000] {logging_mixin.py:190} INFO - [2025-02-09T13:57:16.862+0000] {dag.py:4180} INFO - Setting next_dagrun for dataset_produces_2 to None, run_after=None
[2025-02-09T13:57:16.884+0000] {processor.py:208} INFO - Processing /home/airflow/.local/lib/python3.12/site-packages/airflow/example_dags/example_datasets.py took 0.439 seconds
[2025-02-09T13:57:47.800+0000] {processor.py:186} INFO - Started process (PID=292) to work on /home/airflow/.local/lib/python3.12/site-packages/airflow/example_dags/example_datasets.py
[2025-02-09T13:57:47.800+0000] {processor.py:914} INFO - Processing file /home/airflow/.local/lib/python3.12/site-packages/airflow/example_dags/example_datasets.py for tasks to queue
[2025-02-09T13:57:47.801+0000] {logging_mixin.py:190} INFO - [2025-02-09T13:57:47.801+0000] {dagbag.py:588} INFO - Filling up the DagBag from /home/airflow/.local/lib/python3.12/site-packages/airflow/example_dags/example_datasets.py
[2025-02-09T13:57:48.117+0000] {processor.py:925} INFO - DAG(s) 'dataset_consumes_1', 'consume_1_or_both_2_and_3_with_dataset_expressions', 'consume_1_and_2_with_dataset_expressions', 'dataset_consumes_1_and_2', 'consume_1_or_2_with_dataset_expressions', 'dataset_consumes_1_never_scheduled', 'dataset_produces_1', 'conditional_dataset_and_time_based_timetable', 'dataset_consumes_unknown_never_scheduled', 'dataset_produces_2' retrieved from /home/airflow/.local/lib/python3.12/site-packages/airflow/example_dags/example_datasets.py
[2025-02-09T13:57:48.148+0000] {logging_mixin.py:190} INFO - [2025-02-09T13:57:48.148+0000] {dag.py:3239} INFO - Sync 10 DAGs
[2025-02-09T13:57:48.162+0000] {logging_mixin.py:190} INFO - [2025-02-09T13:57:48.162+0000] {dag.py:4180} INFO - Setting next_dagrun for conditional_dataset_and_time_based_timetable to 2025-02-05 01:00:00+00:00, run_after=2025-02-05 01:00:00+00:00
[2025-02-09T13:57:48.164+0000] {logging_mixin.py:190} INFO - [2025-02-09T13:57:48.164+0000] {dag.py:4180} INFO - Setting next_dagrun for consume_1_and_2_with_dataset_expressions to None, run_after=None
[2025-02-09T13:57:48.166+0000] {logging_mixin.py:190} INFO - [2025-02-09T13:57:48.166+0000] {dag.py:4180} INFO - Setting next_dagrun for consume_1_or_2_with_dataset_expressions to None, run_after=None
[2025-02-09T13:57:48.169+0000] {logging_mixin.py:190} INFO - [2025-02-09T13:57:48.169+0000] {dag.py:4180} INFO - Setting next_dagrun for consume_1_or_both_2_and_3_with_dataset_expressions to None, run_after=None
[2025-02-09T13:57:48.172+0000] {logging_mixin.py:190} INFO - [2025-02-09T13:57:48.172+0000] {dag.py:4180} INFO - Setting next_dagrun for dataset_consumes_1 to None, run_after=None
[2025-02-09T13:57:48.173+0000] {logging_mixin.py:190} INFO - [2025-02-09T13:57:48.173+0000] {dag.py:4180} INFO - Setting next_dagrun for dataset_consumes_1_and_2 to None, run_after=None
[2025-02-09T13:57:48.174+0000] {logging_mixin.py:190} INFO - [2025-02-09T13:57:48.174+0000] {dag.py:4180} INFO - Setting next_dagrun for dataset_consumes_1_never_scheduled to None, run_after=None
[2025-02-09T13:57:48.176+0000] {logging_mixin.py:190} INFO - [2025-02-09T13:57:48.176+0000] {dag.py:4180} INFO - Setting next_dagrun for dataset_consumes_unknown_never_scheduled to None, run_after=None
[2025-02-09T13:57:48.177+0000] {logging_mixin.py:190} INFO - [2025-02-09T13:57:48.177+0000] {dag.py:4180} INFO - Setting next_dagrun for dataset_produces_1 to 2025-02-08 00:00:00+00:00, run_after=2025-02-09 00:00:00+00:00
[2025-02-09T13:57:48.178+0000] {logging_mixin.py:190} INFO - [2025-02-09T13:57:48.178+0000] {dag.py:4180} INFO - Setting next_dagrun for dataset_produces_2 to None, run_after=None
[2025-02-09T13:57:48.211+0000] {processor.py:208} INFO - Processing /home/airflow/.local/lib/python3.12/site-packages/airflow/example_dags/example_datasets.py took 0.415 seconds
[2025-02-09T13:58:18.763+0000] {processor.py:186} INFO - Started process (PID=362) to work on /home/airflow/.local/lib/python3.12/site-packages/airflow/example_dags/example_datasets.py
[2025-02-09T13:58:18.763+0000] {processor.py:914} INFO - Processing file /home/airflow/.local/lib/python3.12/site-packages/airflow/example_dags/example_datasets.py for tasks to queue
[2025-02-09T13:58:18.765+0000] {logging_mixin.py:190} INFO - [2025-02-09T13:58:18.764+0000] {dagbag.py:588} INFO - Filling up the DagBag from /home/airflow/.local/lib/python3.12/site-packages/airflow/example_dags/example_datasets.py
[2025-02-09T13:58:19.073+0000] {processor.py:925} INFO - DAG(s) 'dataset_consumes_unknown_never_scheduled', 'consume_1_or_2_with_dataset_expressions', 'dataset_produces_1', 'dataset_consumes_1_never_scheduled', 'dataset_produces_2', 'conditional_dataset_and_time_based_timetable', 'consume_1_and_2_with_dataset_expressions', 'dataset_consumes_1', 'consume_1_or_both_2_and_3_with_dataset_expressions', 'dataset_consumes_1_and_2' retrieved from /home/airflow/.local/lib/python3.12/site-packages/airflow/example_dags/example_datasets.py
[2025-02-09T13:58:19.106+0000] {logging_mixin.py:190} INFO - [2025-02-09T13:58:19.106+0000] {dag.py:3239} INFO - Sync 10 DAGs
[2025-02-09T13:58:19.120+0000] {logging_mixin.py:190} INFO - [2025-02-09T13:58:19.119+0000] {dag.py:4180} INFO - Setting next_dagrun for conditional_dataset_and_time_based_timetable to 2025-02-05 01:00:00+00:00, run_after=2025-02-05 01:00:00+00:00
[2025-02-09T13:58:19.123+0000] {logging_mixin.py:190} INFO - [2025-02-09T13:58:19.122+0000] {dag.py:4180} INFO - Setting next_dagrun for consume_1_and_2_with_dataset_expressions to None, run_after=None
[2025-02-09T13:58:19.124+0000] {logging_mixin.py:190} INFO - [2025-02-09T13:58:19.124+0000] {dag.py:4180} INFO - Setting next_dagrun for consume_1_or_2_with_dataset_expressions to None, run_after=None
[2025-02-09T13:58:19.125+0000] {logging_mixin.py:190} INFO - [2025-02-09T13:58:19.125+0000] {dag.py:4180} INFO - Setting next_dagrun for consume_1_or_both_2_and_3_with_dataset_expressions to None, run_after=None
[2025-02-09T13:58:19.126+0000] {logging_mixin.py:190} INFO - [2025-02-09T13:58:19.126+0000] {dag.py:4180} INFO - Setting next_dagrun for dataset_consumes_1 to None, run_after=None
[2025-02-09T13:58:19.127+0000] {logging_mixin.py:190} INFO - [2025-02-09T13:58:19.127+0000] {dag.py:4180} INFO - Setting next_dagrun for dataset_consumes_1_and_2 to None, run_after=None
[2025-02-09T13:58:19.128+0000] {logging_mixin.py:190} INFO - [2025-02-09T13:58:19.128+0000] {dag.py:4180} INFO - Setting next_dagrun for dataset_consumes_1_never_scheduled to None, run_after=None
[2025-02-09T13:58:19.130+0000] {logging_mixin.py:190} INFO - [2025-02-09T13:58:19.130+0000] {dag.py:4180} INFO - Setting next_dagrun for dataset_consumes_unknown_never_scheduled to None, run_after=None
[2025-02-09T13:58:19.131+0000] {logging_mixin.py:190} INFO - [2025-02-09T13:58:19.131+0000] {dag.py:4180} INFO - Setting next_dagrun for dataset_produces_1 to 2025-02-08 00:00:00+00:00, run_after=2025-02-09 00:00:00+00:00
[2025-02-09T13:58:19.132+0000] {logging_mixin.py:190} INFO - [2025-02-09T13:58:19.132+0000] {dag.py:4180} INFO - Setting next_dagrun for dataset_produces_2 to None, run_after=None
[2025-02-09T13:58:19.157+0000] {processor.py:208} INFO - Processing /home/airflow/.local/lib/python3.12/site-packages/airflow/example_dags/example_datasets.py took 0.398 seconds
[2025-02-09T13:58:49.938+0000] {processor.py:186} INFO - Started process (PID=423) to work on /home/airflow/.local/lib/python3.12/site-packages/airflow/example_dags/example_datasets.py
[2025-02-09T13:58:49.938+0000] {processor.py:914} INFO - Processing file /home/airflow/.local/lib/python3.12/site-packages/airflow/example_dags/example_datasets.py for tasks to queue
[2025-02-09T13:58:49.940+0000] {logging_mixin.py:190} INFO - [2025-02-09T13:58:49.940+0000] {dagbag.py:588} INFO - Filling up the DagBag from /home/airflow/.local/lib/python3.12/site-packages/airflow/example_dags/example_datasets.py
[2025-02-09T13:58:50.257+0000] {processor.py:925} INFO - DAG(s) 'dataset_produces_2', 'consume_1_or_both_2_and_3_with_dataset_expressions', 'conditional_dataset_and_time_based_timetable', 'dataset_consumes_1', 'dataset_consumes_1_and_2', 'consume_1_or_2_with_dataset_expressions', 'dataset_consumes_unknown_never_scheduled', 'dataset_consumes_1_never_scheduled', 'consume_1_and_2_with_dataset_expressions', 'dataset_produces_1' retrieved from /home/airflow/.local/lib/python3.12/site-packages/airflow/example_dags/example_datasets.py
[2025-02-09T13:58:50.289+0000] {logging_mixin.py:190} INFO - [2025-02-09T13:58:50.289+0000] {dag.py:3239} INFO - Sync 10 DAGs
[2025-02-09T13:58:50.302+0000] {logging_mixin.py:190} INFO - [2025-02-09T13:58:50.302+0000] {dag.py:4180} INFO - Setting next_dagrun for conditional_dataset_and_time_based_timetable to 2025-02-05 01:00:00+00:00, run_after=2025-02-05 01:00:00+00:00
[2025-02-09T13:58:50.305+0000] {logging_mixin.py:190} INFO - [2025-02-09T13:58:50.305+0000] {dag.py:4180} INFO - Setting next_dagrun for consume_1_and_2_with_dataset_expressions to None, run_after=None
[2025-02-09T13:58:50.308+0000] {logging_mixin.py:190} INFO - [2025-02-09T13:58:50.307+0000] {dag.py:4180} INFO - Setting next_dagrun for consume_1_or_2_with_dataset_expressions to None, run_after=None
[2025-02-09T13:58:50.310+0000] {logging_mixin.py:190} INFO - [2025-02-09T13:58:50.309+0000] {dag.py:4180} INFO - Setting next_dagrun for consume_1_or_both_2_and_3_with_dataset_expressions to None, run_after=None
[2025-02-09T13:58:50.311+0000] {logging_mixin.py:190} INFO - [2025-02-09T13:58:50.311+0000] {dag.py:4180} INFO - Setting next_dagrun for dataset_consumes_1 to None, run_after=None
[2025-02-09T13:58:50.312+0000] {logging_mixin.py:190} INFO - [2025-02-09T13:58:50.312+0000] {dag.py:4180} INFO - Setting next_dagrun for dataset_consumes_1_and_2 to None, run_after=None
[2025-02-09T13:58:50.312+0000] {logging_mixin.py:190} INFO - [2025-02-09T13:58:50.312+0000] {dag.py:4180} INFO - Setting next_dagrun for dataset_consumes_1_never_scheduled to None, run_after=None
[2025-02-09T13:58:50.313+0000] {logging_mixin.py:190} INFO - [2025-02-09T13:58:50.313+0000] {dag.py:4180} INFO - Setting next_dagrun for dataset_consumes_unknown_never_scheduled to None, run_after=None
[2025-02-09T13:58:50.314+0000] {logging_mixin.py:190} INFO - [2025-02-09T13:58:50.314+0000] {dag.py:4180} INFO - Setting next_dagrun for dataset_produces_1 to 2025-02-08 00:00:00+00:00, run_after=2025-02-09 00:00:00+00:00
[2025-02-09T13:58:50.315+0000] {logging_mixin.py:190} INFO - [2025-02-09T13:58:50.315+0000] {dag.py:4180} INFO - Setting next_dagrun for dataset_produces_2 to None, run_after=None
[2025-02-09T13:58:50.335+0000] {processor.py:208} INFO - Processing /home/airflow/.local/lib/python3.12/site-packages/airflow/example_dags/example_datasets.py took 0.400 seconds
