[2025-02-09T13:56:12.068+0000] {processor.py:186} INFO - Started process (PID=80) to work on /home/airflow/.local/lib/python3.12/site-packages/airflow/example_dags/example_subdag_operator.py
[2025-02-09T13:56:12.070+0000] {processor.py:914} INFO - Processing file /home/airflow/.local/lib/python3.12/site-packages/airflow/example_dags/example_subdag_operator.py for tasks to queue
[2025-02-09T13:56:12.073+0000] {logging_mixin.py:190} INFO - [2025-02-09T13:56:12.072+0000] {dagbag.py:588} INFO - Filling up the DagBag from /home/airflow/.local/lib/python3.12/site-packages/airflow/example_dags/example_subdag_operator.py
[2025-02-09T13:56:12.124+0000] {processor.py:925} INFO - DAG(s) 'example_subdag_operator.section-1', 'example_subdag_operator.section-2', 'example_subdag_operator' retrieved from /home/airflow/.local/lib/python3.12/site-packages/airflow/example_dags/example_subdag_operator.py
[2025-02-09T13:56:12.161+0000] {logging_mixin.py:190} INFO - [2025-02-09T13:56:12.161+0000] {dag.py:3239} INFO - Sync 3 DAGs
[2025-02-09T13:56:12.200+0000] {logging_mixin.py:190} INFO - [2025-02-09T13:56:12.200+0000] {dag.py:4180} INFO - Setting next_dagrun for example_subdag_operator to 2022-01-01 00:00:00+00:00, run_after=2022-01-01 00:00:00+00:00
[2025-02-09T13:56:12.204+0000] {logging_mixin.py:190} INFO - [2025-02-09T13:56:12.204+0000] {dag.py:4180} INFO - Setting next_dagrun for example_subdag_operator.section-1 to None, run_after=None
[2025-02-09T13:56:12.206+0000] {logging_mixin.py:190} INFO - [2025-02-09T13:56:12.206+0000] {dag.py:4180} INFO - Setting next_dagrun for example_subdag_operator.section-2 to None, run_after=None
[2025-02-09T13:56:12.217+0000] {logging_mixin.py:190} INFO - [2025-02-09T13:56:12.216+0000] {dag.py:3239} INFO - Sync 2 DAGs
[2025-02-09T13:56:12.225+0000] {logging_mixin.py:190} INFO - [2025-02-09T13:56:12.224+0000] {dag.py:4180} INFO - Setting next_dagrun for example_subdag_operator.section-1 to None, run_after=None
[2025-02-09T13:56:12.226+0000] {logging_mixin.py:190} INFO - [2025-02-09T13:56:12.225+0000] {dag.py:4180} INFO - Setting next_dagrun for example_subdag_operator.section-2 to None, run_after=None
[2025-02-09T13:56:12.246+0000] {processor.py:208} INFO - Processing /home/airflow/.local/lib/python3.12/site-packages/airflow/example_dags/example_subdag_operator.py took 0.186 seconds
[2025-02-09T13:56:42.402+0000] {processor.py:186} INFO - Started process (PID=150) to work on /home/airflow/.local/lib/python3.12/site-packages/airflow/example_dags/example_subdag_operator.py
[2025-02-09T13:56:42.406+0000] {processor.py:914} INFO - Processing file /home/airflow/.local/lib/python3.12/site-packages/airflow/example_dags/example_subdag_operator.py for tasks to queue
[2025-02-09T13:56:42.407+0000] {logging_mixin.py:190} INFO - [2025-02-09T13:56:42.407+0000] {dagbag.py:588} INFO - Filling up the DagBag from /home/airflow/.local/lib/python3.12/site-packages/airflow/example_dags/example_subdag_operator.py
[2025-02-09T13:56:42.431+0000] {processor.py:925} INFO - DAG(s) 'example_subdag_operator.section-1', 'example_subdag_operator.section-2', 'example_subdag_operator' retrieved from /home/airflow/.local/lib/python3.12/site-packages/airflow/example_dags/example_subdag_operator.py
[2025-02-09T13:56:42.443+0000] {logging_mixin.py:190} INFO - [2025-02-09T13:56:42.443+0000] {dag.py:3239} INFO - Sync 3 DAGs
[2025-02-09T13:56:42.458+0000] {logging_mixin.py:190} INFO - [2025-02-09T13:56:42.458+0000] {dag.py:4180} INFO - Setting next_dagrun for example_subdag_operator to 2022-01-01 00:00:00+00:00, run_after=2022-01-01 00:00:00+00:00
[2025-02-09T13:56:42.461+0000] {logging_mixin.py:190} INFO - [2025-02-09T13:56:42.460+0000] {dag.py:4180} INFO - Setting next_dagrun for example_subdag_operator.section-1 to None, run_after=None
[2025-02-09T13:56:42.462+0000] {logging_mixin.py:190} INFO - [2025-02-09T13:56:42.461+0000] {dag.py:4180} INFO - Setting next_dagrun for example_subdag_operator.section-2 to None, run_after=None
[2025-02-09T13:56:42.466+0000] {logging_mixin.py:190} INFO - [2025-02-09T13:56:42.466+0000] {dag.py:3239} INFO - Sync 2 DAGs
[2025-02-09T13:56:42.469+0000] {logging_mixin.py:190} INFO - [2025-02-09T13:56:42.469+0000] {dag.py:4180} INFO - Setting next_dagrun for example_subdag_operator.section-1 to None, run_after=None
[2025-02-09T13:56:42.470+0000] {logging_mixin.py:190} INFO - [2025-02-09T13:56:42.469+0000] {dag.py:4180} INFO - Setting next_dagrun for example_subdag_operator.section-2 to None, run_after=None
[2025-02-09T13:56:42.476+0000] {processor.py:208} INFO - Processing /home/airflow/.local/lib/python3.12/site-packages/airflow/example_dags/example_subdag_operator.py took 0.078 seconds
[2025-02-09T13:57:12.538+0000] {processor.py:186} INFO - Started process (PID=216) to work on /home/airflow/.local/lib/python3.12/site-packages/airflow/example_dags/example_subdag_operator.py
[2025-02-09T13:57:12.539+0000] {processor.py:914} INFO - Processing file /home/airflow/.local/lib/python3.12/site-packages/airflow/example_dags/example_subdag_operator.py for tasks to queue
[2025-02-09T13:57:12.540+0000] {logging_mixin.py:190} INFO - [2025-02-09T13:57:12.540+0000] {dagbag.py:588} INFO - Filling up the DagBag from /home/airflow/.local/lib/python3.12/site-packages/airflow/example_dags/example_subdag_operator.py
[2025-02-09T13:57:12.560+0000] {processor.py:925} INFO - DAG(s) 'example_subdag_operator.section-1', 'example_subdag_operator.section-2', 'example_subdag_operator' retrieved from /home/airflow/.local/lib/python3.12/site-packages/airflow/example_dags/example_subdag_operator.py
[2025-02-09T13:57:12.571+0000] {logging_mixin.py:190} INFO - [2025-02-09T13:57:12.571+0000] {dag.py:3239} INFO - Sync 3 DAGs
[2025-02-09T13:57:12.587+0000] {logging_mixin.py:190} INFO - [2025-02-09T13:57:12.587+0000] {dag.py:4180} INFO - Setting next_dagrun for example_subdag_operator to 2022-01-01 00:00:00+00:00, run_after=2022-01-01 00:00:00+00:00
[2025-02-09T13:57:12.590+0000] {logging_mixin.py:190} INFO - [2025-02-09T13:57:12.590+0000] {dag.py:4180} INFO - Setting next_dagrun for example_subdag_operator.section-1 to None, run_after=None
[2025-02-09T13:57:12.592+0000] {logging_mixin.py:190} INFO - [2025-02-09T13:57:12.592+0000] {dag.py:4180} INFO - Setting next_dagrun for example_subdag_operator.section-2 to None, run_after=None
[2025-02-09T13:57:12.596+0000] {logging_mixin.py:190} INFO - [2025-02-09T13:57:12.596+0000] {dag.py:3239} INFO - Sync 2 DAGs
[2025-02-09T13:57:12.600+0000] {logging_mixin.py:190} INFO - [2025-02-09T13:57:12.600+0000] {dag.py:4180} INFO - Setting next_dagrun for example_subdag_operator.section-1 to None, run_after=None
[2025-02-09T13:57:12.600+0000] {logging_mixin.py:190} INFO - [2025-02-09T13:57:12.600+0000] {dag.py:4180} INFO - Setting next_dagrun for example_subdag_operator.section-2 to None, run_after=None
[2025-02-09T13:57:12.608+0000] {processor.py:208} INFO - Processing /home/airflow/.local/lib/python3.12/site-packages/airflow/example_dags/example_subdag_operator.py took 0.074 seconds
[2025-02-09T13:57:42.875+0000] {processor.py:186} INFO - Started process (PID=281) to work on /home/airflow/.local/lib/python3.12/site-packages/airflow/example_dags/example_subdag_operator.py
[2025-02-09T13:57:42.875+0000] {processor.py:914} INFO - Processing file /home/airflow/.local/lib/python3.12/site-packages/airflow/example_dags/example_subdag_operator.py for tasks to queue
[2025-02-09T13:57:42.877+0000] {logging_mixin.py:190} INFO - [2025-02-09T13:57:42.876+0000] {dagbag.py:588} INFO - Filling up the DagBag from /home/airflow/.local/lib/python3.12/site-packages/airflow/example_dags/example_subdag_operator.py
[2025-02-09T13:57:42.897+0000] {processor.py:925} INFO - DAG(s) 'example_subdag_operator.section-1', 'example_subdag_operator.section-2', 'example_subdag_operator' retrieved from /home/airflow/.local/lib/python3.12/site-packages/airflow/example_dags/example_subdag_operator.py
[2025-02-09T13:57:42.907+0000] {logging_mixin.py:190} INFO - [2025-02-09T13:57:42.907+0000] {dag.py:3239} INFO - Sync 3 DAGs
[2025-02-09T13:57:42.923+0000] {logging_mixin.py:190} INFO - [2025-02-09T13:57:42.923+0000] {dag.py:4180} INFO - Setting next_dagrun for example_subdag_operator to 2022-01-01 00:00:00+00:00, run_after=2022-01-01 00:00:00+00:00
[2025-02-09T13:57:42.928+0000] {logging_mixin.py:190} INFO - [2025-02-09T13:57:42.927+0000] {dag.py:4180} INFO - Setting next_dagrun for example_subdag_operator.section-1 to None, run_after=None
[2025-02-09T13:57:42.930+0000] {logging_mixin.py:190} INFO - [2025-02-09T13:57:42.929+0000] {dag.py:4180} INFO - Setting next_dagrun for example_subdag_operator.section-2 to None, run_after=None
[2025-02-09T13:57:42.934+0000] {logging_mixin.py:190} INFO - [2025-02-09T13:57:42.934+0000] {dag.py:3239} INFO - Sync 2 DAGs
[2025-02-09T13:57:42.941+0000] {logging_mixin.py:190} INFO - [2025-02-09T13:57:42.941+0000] {dag.py:4180} INFO - Setting next_dagrun for example_subdag_operator.section-1 to None, run_after=None
[2025-02-09T13:57:42.941+0000] {logging_mixin.py:190} INFO - [2025-02-09T13:57:42.941+0000] {dag.py:4180} INFO - Setting next_dagrun for example_subdag_operator.section-2 to None, run_after=None
[2025-02-09T13:57:42.947+0000] {processor.py:208} INFO - Processing /home/airflow/.local/lib/python3.12/site-packages/airflow/example_dags/example_subdag_operator.py took 0.076 seconds
[2025-02-09T13:58:13.607+0000] {processor.py:186} INFO - Started process (PID=346) to work on /home/airflow/.local/lib/python3.12/site-packages/airflow/example_dags/example_subdag_operator.py
[2025-02-09T13:58:13.608+0000] {processor.py:914} INFO - Processing file /home/airflow/.local/lib/python3.12/site-packages/airflow/example_dags/example_subdag_operator.py for tasks to queue
[2025-02-09T13:58:13.611+0000] {logging_mixin.py:190} INFO - [2025-02-09T13:58:13.610+0000] {dagbag.py:588} INFO - Filling up the DagBag from /home/airflow/.local/lib/python3.12/site-packages/airflow/example_dags/example_subdag_operator.py
[2025-02-09T13:58:13.638+0000] {processor.py:925} INFO - DAG(s) 'example_subdag_operator.section-1', 'example_subdag_operator.section-2', 'example_subdag_operator' retrieved from /home/airflow/.local/lib/python3.12/site-packages/airflow/example_dags/example_subdag_operator.py
[2025-02-09T13:58:13.673+0000] {logging_mixin.py:190} INFO - [2025-02-09T13:58:13.673+0000] {dag.py:3239} INFO - Sync 3 DAGs
[2025-02-09T13:58:13.689+0000] {logging_mixin.py:190} INFO - [2025-02-09T13:58:13.689+0000] {dag.py:4180} INFO - Setting next_dagrun for example_subdag_operator to 2022-01-01 00:00:00+00:00, run_after=2022-01-01 00:00:00+00:00
[2025-02-09T13:58:13.692+0000] {logging_mixin.py:190} INFO - [2025-02-09T13:58:13.692+0000] {dag.py:4180} INFO - Setting next_dagrun for example_subdag_operator.section-1 to None, run_after=None
[2025-02-09T13:58:13.694+0000] {logging_mixin.py:190} INFO - [2025-02-09T13:58:13.694+0000] {dag.py:4180} INFO - Setting next_dagrun for example_subdag_operator.section-2 to None, run_after=None
[2025-02-09T13:58:13.700+0000] {logging_mixin.py:190} INFO - [2025-02-09T13:58:13.700+0000] {dag.py:3239} INFO - Sync 2 DAGs
[2025-02-09T13:58:13.705+0000] {logging_mixin.py:190} INFO - [2025-02-09T13:58:13.705+0000] {dag.py:4180} INFO - Setting next_dagrun for example_subdag_operator.section-1 to None, run_after=None
[2025-02-09T13:58:13.706+0000] {logging_mixin.py:190} INFO - [2025-02-09T13:58:13.705+0000] {dag.py:4180} INFO - Setting next_dagrun for example_subdag_operator.section-2 to None, run_after=None
[2025-02-09T13:58:13.715+0000] {processor.py:208} INFO - Processing /home/airflow/.local/lib/python3.12/site-packages/airflow/example_dags/example_subdag_operator.py took 0.111 seconds
[2025-02-09T13:58:44.122+0000] {processor.py:186} INFO - Started process (PID=412) to work on /home/airflow/.local/lib/python3.12/site-packages/airflow/example_dags/example_subdag_operator.py
[2025-02-09T13:58:44.123+0000] {processor.py:914} INFO - Processing file /home/airflow/.local/lib/python3.12/site-packages/airflow/example_dags/example_subdag_operator.py for tasks to queue
[2025-02-09T13:58:44.125+0000] {logging_mixin.py:190} INFO - [2025-02-09T13:58:44.125+0000] {dagbag.py:588} INFO - Filling up the DagBag from /home/airflow/.local/lib/python3.12/site-packages/airflow/example_dags/example_subdag_operator.py
[2025-02-09T13:58:44.148+0000] {processor.py:925} INFO - DAG(s) 'example_subdag_operator.section-1', 'example_subdag_operator.section-2', 'example_subdag_operator' retrieved from /home/airflow/.local/lib/python3.12/site-packages/airflow/example_dags/example_subdag_operator.py
[2025-02-09T13:58:44.158+0000] {logging_mixin.py:190} INFO - [2025-02-09T13:58:44.158+0000] {dag.py:3239} INFO - Sync 3 DAGs
[2025-02-09T13:58:44.174+0000] {logging_mixin.py:190} INFO - [2025-02-09T13:58:44.173+0000] {dag.py:4180} INFO - Setting next_dagrun for example_subdag_operator to 2022-01-01 00:00:00+00:00, run_after=2022-01-01 00:00:00+00:00
[2025-02-09T13:58:44.176+0000] {logging_mixin.py:190} INFO - [2025-02-09T13:58:44.176+0000] {dag.py:4180} INFO - Setting next_dagrun for example_subdag_operator.section-1 to None, run_after=None
[2025-02-09T13:58:44.177+0000] {logging_mixin.py:190} INFO - [2025-02-09T13:58:44.177+0000] {dag.py:4180} INFO - Setting next_dagrun for example_subdag_operator.section-2 to None, run_after=None
[2025-02-09T13:58:44.182+0000] {logging_mixin.py:190} INFO - [2025-02-09T13:58:44.182+0000] {dag.py:3239} INFO - Sync 2 DAGs
[2025-02-09T13:58:44.188+0000] {logging_mixin.py:190} INFO - [2025-02-09T13:58:44.188+0000] {dag.py:4180} INFO - Setting next_dagrun for example_subdag_operator.section-1 to None, run_after=None
[2025-02-09T13:58:44.189+0000] {logging_mixin.py:190} INFO - [2025-02-09T13:58:44.189+0000] {dag.py:4180} INFO - Setting next_dagrun for example_subdag_operator.section-2 to None, run_after=None
[2025-02-09T13:58:44.193+0000] {processor.py:208} INFO - Processing /home/airflow/.local/lib/python3.12/site-packages/airflow/example_dags/example_subdag_operator.py took 0.075 seconds
