[2025-02-09T13:56:14.740+0000] {processor.py:186} INFO - Started process (PID=93) to work on /home/airflow/.local/lib/python3.12/site-packages/airflow/example_dags/example_external_task_marker_dag.py
[2025-02-09T13:56:14.741+0000] {processor.py:914} INFO - Processing file /home/airflow/.local/lib/python3.12/site-packages/airflow/example_dags/example_external_task_marker_dag.py for tasks to queue
[2025-02-09T13:56:14.746+0000] {logging_mixin.py:190} INFO - [2025-02-09T13:56:14.745+0000] {dagbag.py:588} INFO - Filling up the DagBag from /home/airflow/.local/lib/python3.12/site-packages/airflow/example_dags/example_external_task_marker_dag.py
[2025-02-09T13:56:14.758+0000] {processor.py:925} INFO - DAG(s) 'example_external_task_marker_child', 'example_external_task_marker_parent' retrieved from /home/airflow/.local/lib/python3.12/site-packages/airflow/example_dags/example_external_task_marker_dag.py
[2025-02-09T13:56:14.815+0000] {logging_mixin.py:190} INFO - [2025-02-09T13:56:14.814+0000] {dag.py:3239} INFO - Sync 2 DAGs
[2025-02-09T13:56:14.833+0000] {logging_mixin.py:190} INFO - [2025-02-09T13:56:14.833+0000] {dag.py:4180} INFO - Setting next_dagrun for example_external_task_marker_child to None, run_after=None
[2025-02-09T13:56:14.838+0000] {logging_mixin.py:190} INFO - [2025-02-09T13:56:14.838+0000] {dag.py:4180} INFO - Setting next_dagrun for example_external_task_marker_parent to None, run_after=None
[2025-02-09T13:56:14.893+0000] {processor.py:208} INFO - Processing /home/airflow/.local/lib/python3.12/site-packages/airflow/example_dags/example_external_task_marker_dag.py took 0.160 seconds
[2025-02-09T13:56:45.730+0000] {processor.py:186} INFO - Started process (PID=163) to work on /home/airflow/.local/lib/python3.12/site-packages/airflow/example_dags/example_external_task_marker_dag.py
[2025-02-09T13:56:45.731+0000] {processor.py:914} INFO - Processing file /home/airflow/.local/lib/python3.12/site-packages/airflow/example_dags/example_external_task_marker_dag.py for tasks to queue
[2025-02-09T13:56:45.733+0000] {logging_mixin.py:190} INFO - [2025-02-09T13:56:45.733+0000] {dagbag.py:588} INFO - Filling up the DagBag from /home/airflow/.local/lib/python3.12/site-packages/airflow/example_dags/example_external_task_marker_dag.py
[2025-02-09T13:56:45.738+0000] {processor.py:925} INFO - DAG(s) 'example_external_task_marker_parent', 'example_external_task_marker_child' retrieved from /home/airflow/.local/lib/python3.12/site-packages/airflow/example_dags/example_external_task_marker_dag.py
[2025-02-09T13:56:45.753+0000] {logging_mixin.py:190} INFO - [2025-02-09T13:56:45.753+0000] {dag.py:3239} INFO - Sync 2 DAGs
[2025-02-09T13:56:45.764+0000] {logging_mixin.py:190} INFO - [2025-02-09T13:56:45.764+0000] {dag.py:4180} INFO - Setting next_dagrun for example_external_task_marker_child to None, run_after=None
[2025-02-09T13:56:45.767+0000] {logging_mixin.py:190} INFO - [2025-02-09T13:56:45.767+0000] {dag.py:4180} INFO - Setting next_dagrun for example_external_task_marker_parent to None, run_after=None
[2025-02-09T13:56:45.780+0000] {processor.py:208} INFO - Processing /home/airflow/.local/lib/python3.12/site-packages/airflow/example_dags/example_external_task_marker_dag.py took 0.054 seconds
[2025-02-09T13:57:16.588+0000] {processor.py:186} INFO - Started process (PID=229) to work on /home/airflow/.local/lib/python3.12/site-packages/airflow/example_dags/example_external_task_marker_dag.py
[2025-02-09T13:57:16.589+0000] {processor.py:914} INFO - Processing file /home/airflow/.local/lib/python3.12/site-packages/airflow/example_dags/example_external_task_marker_dag.py for tasks to queue
[2025-02-09T13:57:16.591+0000] {logging_mixin.py:190} INFO - [2025-02-09T13:57:16.590+0000] {dagbag.py:588} INFO - Filling up the DagBag from /home/airflow/.local/lib/python3.12/site-packages/airflow/example_dags/example_external_task_marker_dag.py
[2025-02-09T13:57:16.596+0000] {processor.py:925} INFO - DAG(s) 'example_external_task_marker_child', 'example_external_task_marker_parent' retrieved from /home/airflow/.local/lib/python3.12/site-packages/airflow/example_dags/example_external_task_marker_dag.py
[2025-02-09T13:57:16.617+0000] {logging_mixin.py:190} INFO - [2025-02-09T13:57:16.617+0000] {dag.py:3239} INFO - Sync 2 DAGs
[2025-02-09T13:57:16.626+0000] {logging_mixin.py:190} INFO - [2025-02-09T13:57:16.626+0000] {dag.py:4180} INFO - Setting next_dagrun for example_external_task_marker_child to None, run_after=None
[2025-02-09T13:57:16.628+0000] {logging_mixin.py:190} INFO - [2025-02-09T13:57:16.628+0000] {dag.py:4180} INFO - Setting next_dagrun for example_external_task_marker_parent to None, run_after=None
[2025-02-09T13:57:16.638+0000] {processor.py:208} INFO - Processing /home/airflow/.local/lib/python3.12/site-packages/airflow/example_dags/example_external_task_marker_dag.py took 0.052 seconds
[2025-02-09T13:57:47.928+0000] {processor.py:186} INFO - Started process (PID=295) to work on /home/airflow/.local/lib/python3.12/site-packages/airflow/example_dags/example_external_task_marker_dag.py
[2025-02-09T13:57:47.929+0000] {processor.py:914} INFO - Processing file /home/airflow/.local/lib/python3.12/site-packages/airflow/example_dags/example_external_task_marker_dag.py for tasks to queue
[2025-02-09T13:57:47.930+0000] {logging_mixin.py:190} INFO - [2025-02-09T13:57:47.930+0000] {dagbag.py:588} INFO - Filling up the DagBag from /home/airflow/.local/lib/python3.12/site-packages/airflow/example_dags/example_external_task_marker_dag.py
[2025-02-09T13:57:47.934+0000] {processor.py:925} INFO - DAG(s) 'example_external_task_marker_child', 'example_external_task_marker_parent' retrieved from /home/airflow/.local/lib/python3.12/site-packages/airflow/example_dags/example_external_task_marker_dag.py
[2025-02-09T13:57:47.950+0000] {logging_mixin.py:190} INFO - [2025-02-09T13:57:47.950+0000] {dag.py:3239} INFO - Sync 2 DAGs
[2025-02-09T13:57:47.959+0000] {logging_mixin.py:190} INFO - [2025-02-09T13:57:47.958+0000] {dag.py:4180} INFO - Setting next_dagrun for example_external_task_marker_child to None, run_after=None
[2025-02-09T13:57:47.961+0000] {logging_mixin.py:190} INFO - [2025-02-09T13:57:47.961+0000] {dag.py:4180} INFO - Setting next_dagrun for example_external_task_marker_parent to None, run_after=None
[2025-02-09T13:57:47.970+0000] {processor.py:208} INFO - Processing /home/airflow/.local/lib/python3.12/site-packages/airflow/example_dags/example_external_task_marker_dag.py took 0.045 seconds
[2025-02-09T13:58:18.684+0000] {processor.py:186} INFO - Started process (PID=359) to work on /home/airflow/.local/lib/python3.12/site-packages/airflow/example_dags/example_external_task_marker_dag.py
[2025-02-09T13:58:18.685+0000] {processor.py:914} INFO - Processing file /home/airflow/.local/lib/python3.12/site-packages/airflow/example_dags/example_external_task_marker_dag.py for tasks to queue
[2025-02-09T13:58:18.686+0000] {logging_mixin.py:190} INFO - [2025-02-09T13:58:18.686+0000] {dagbag.py:588} INFO - Filling up the DagBag from /home/airflow/.local/lib/python3.12/site-packages/airflow/example_dags/example_external_task_marker_dag.py
[2025-02-09T13:58:18.691+0000] {processor.py:925} INFO - DAG(s) 'example_external_task_marker_child', 'example_external_task_marker_parent' retrieved from /home/airflow/.local/lib/python3.12/site-packages/airflow/example_dags/example_external_task_marker_dag.py
[2025-02-09T13:58:18.705+0000] {logging_mixin.py:190} INFO - [2025-02-09T13:58:18.704+0000] {dag.py:3239} INFO - Sync 2 DAGs
[2025-02-09T13:58:18.715+0000] {logging_mixin.py:190} INFO - [2025-02-09T13:58:18.715+0000] {dag.py:4180} INFO - Setting next_dagrun for example_external_task_marker_child to None, run_after=None
[2025-02-09T13:58:18.722+0000] {logging_mixin.py:190} INFO - [2025-02-09T13:58:18.722+0000] {dag.py:4180} INFO - Setting next_dagrun for example_external_task_marker_parent to None, run_after=None
[2025-02-09T13:58:18.735+0000] {processor.py:208} INFO - Processing /home/airflow/.local/lib/python3.12/site-packages/airflow/example_dags/example_external_task_marker_dag.py took 0.055 seconds
[2025-02-09T13:58:50.064+0000] {processor.py:186} INFO - Started process (PID=426) to work on /home/airflow/.local/lib/python3.12/site-packages/airflow/example_dags/example_external_task_marker_dag.py
[2025-02-09T13:58:50.064+0000] {processor.py:914} INFO - Processing file /home/airflow/.local/lib/python3.12/site-packages/airflow/example_dags/example_external_task_marker_dag.py for tasks to queue
[2025-02-09T13:58:50.066+0000] {logging_mixin.py:190} INFO - [2025-02-09T13:58:50.066+0000] {dagbag.py:588} INFO - Filling up the DagBag from /home/airflow/.local/lib/python3.12/site-packages/airflow/example_dags/example_external_task_marker_dag.py
[2025-02-09T13:58:50.071+0000] {processor.py:925} INFO - DAG(s) 'example_external_task_marker_child', 'example_external_task_marker_parent' retrieved from /home/airflow/.local/lib/python3.12/site-packages/airflow/example_dags/example_external_task_marker_dag.py
[2025-02-09T13:58:50.093+0000] {logging_mixin.py:190} INFO - [2025-02-09T13:58:50.093+0000] {dag.py:3239} INFO - Sync 2 DAGs
[2025-02-09T13:58:50.101+0000] {logging_mixin.py:190} INFO - [2025-02-09T13:58:50.101+0000] {dag.py:4180} INFO - Setting next_dagrun for example_external_task_marker_child to None, run_after=None
[2025-02-09T13:58:50.104+0000] {logging_mixin.py:190} INFO - [2025-02-09T13:58:50.104+0000] {dag.py:4180} INFO - Setting next_dagrun for example_external_task_marker_parent to None, run_after=None
[2025-02-09T13:58:50.115+0000] {processor.py:208} INFO - Processing /home/airflow/.local/lib/python3.12/site-packages/airflow/example_dags/example_external_task_marker_dag.py took 0.055 seconds
