[2025-02-09T13:56:11.953+0000] {processor.py:186} INFO - Started process (PID=72) to work on /home/airflow/.local/lib/python3.12/site-packages/airflow/example_dags/example_task_group.py
[2025-02-09T13:56:11.954+0000] {processor.py:914} INFO - Processing file /home/airflow/.local/lib/python3.12/site-packages/airflow/example_dags/example_task_group.py for tasks to queue
[2025-02-09T13:56:11.955+0000] {logging_mixin.py:190} INFO - [2025-02-09T13:56:11.955+0000] {dagbag.py:588} INFO - Filling up the DagBag from /home/airflow/.local/lib/python3.12/site-packages/airflow/example_dags/example_task_group.py
[2025-02-09T13:56:11.962+0000] {processor.py:925} INFO - DAG(s) 'example_task_group' retrieved from /home/airflow/.local/lib/python3.12/site-packages/airflow/example_dags/example_task_group.py
[2025-02-09T13:56:11.991+0000] {logging_mixin.py:190} INFO - [2025-02-09T13:56:11.990+0000] {dag.py:3239} INFO - Sync 1 DAGs
[2025-02-09T13:56:12.005+0000] {logging_mixin.py:190} INFO - [2025-02-09T13:56:12.004+0000] {dag.py:4180} INFO - Setting next_dagrun for example_task_group to None, run_after=None
[2025-02-09T13:56:12.033+0000] {processor.py:208} INFO - Processing /home/airflow/.local/lib/python3.12/site-packages/airflow/example_dags/example_task_group.py took 0.084 seconds
[2025-02-09T13:56:42.263+0000] {processor.py:186} INFO - Started process (PID=148) to work on /home/airflow/.local/lib/python3.12/site-packages/airflow/example_dags/example_task_group.py
[2025-02-09T13:56:42.264+0000] {processor.py:914} INFO - Processing file /home/airflow/.local/lib/python3.12/site-packages/airflow/example_dags/example_task_group.py for tasks to queue
[2025-02-09T13:56:42.265+0000] {logging_mixin.py:190} INFO - [2025-02-09T13:56:42.265+0000] {dagbag.py:588} INFO - Filling up the DagBag from /home/airflow/.local/lib/python3.12/site-packages/airflow/example_dags/example_task_group.py
[2025-02-09T13:56:42.272+0000] {processor.py:925} INFO - DAG(s) 'example_task_group' retrieved from /home/airflow/.local/lib/python3.12/site-packages/airflow/example_dags/example_task_group.py
[2025-02-09T13:56:42.286+0000] {logging_mixin.py:190} INFO - [2025-02-09T13:56:42.285+0000] {dag.py:3239} INFO - Sync 1 DAGs
[2025-02-09T13:56:42.294+0000] {logging_mixin.py:190} INFO - [2025-02-09T13:56:42.293+0000] {dag.py:4180} INFO - Setting next_dagrun for example_task_group to None, run_after=None
[2025-02-09T13:56:42.306+0000] {processor.py:208} INFO - Processing /home/airflow/.local/lib/python3.12/site-packages/airflow/example_dags/example_task_group.py took 0.047 seconds
[2025-02-09T13:57:12.413+0000] {processor.py:186} INFO - Started process (PID=213) to work on /home/airflow/.local/lib/python3.12/site-packages/airflow/example_dags/example_task_group.py
[2025-02-09T13:57:12.413+0000] {processor.py:914} INFO - Processing file /home/airflow/.local/lib/python3.12/site-packages/airflow/example_dags/example_task_group.py for tasks to queue
[2025-02-09T13:57:12.415+0000] {logging_mixin.py:190} INFO - [2025-02-09T13:57:12.415+0000] {dagbag.py:588} INFO - Filling up the DagBag from /home/airflow/.local/lib/python3.12/site-packages/airflow/example_dags/example_task_group.py
[2025-02-09T13:57:12.421+0000] {processor.py:925} INFO - DAG(s) 'example_task_group' retrieved from /home/airflow/.local/lib/python3.12/site-packages/airflow/example_dags/example_task_group.py
[2025-02-09T13:57:12.435+0000] {logging_mixin.py:190} INFO - [2025-02-09T13:57:12.435+0000] {dag.py:3239} INFO - Sync 1 DAGs
[2025-02-09T13:57:12.443+0000] {logging_mixin.py:190} INFO - [2025-02-09T13:57:12.443+0000] {dag.py:4180} INFO - Setting next_dagrun for example_task_group to None, run_after=None
[2025-02-09T13:57:12.457+0000] {processor.py:208} INFO - Processing /home/airflow/.local/lib/python3.12/site-packages/airflow/example_dags/example_task_group.py took 0.047 seconds
[2025-02-09T13:57:42.816+0000] {processor.py:186} INFO - Started process (PID=279) to work on /home/airflow/.local/lib/python3.12/site-packages/airflow/example_dags/example_task_group.py
[2025-02-09T13:57:42.818+0000] {processor.py:914} INFO - Processing file /home/airflow/.local/lib/python3.12/site-packages/airflow/example_dags/example_task_group.py for tasks to queue
[2025-02-09T13:57:42.820+0000] {logging_mixin.py:190} INFO - [2025-02-09T13:57:42.820+0000] {dagbag.py:588} INFO - Filling up the DagBag from /home/airflow/.local/lib/python3.12/site-packages/airflow/example_dags/example_task_group.py
[2025-02-09T13:57:42.826+0000] {processor.py:925} INFO - DAG(s) 'example_task_group' retrieved from /home/airflow/.local/lib/python3.12/site-packages/airflow/example_dags/example_task_group.py
[2025-02-09T13:57:42.842+0000] {logging_mixin.py:190} INFO - [2025-02-09T13:57:42.842+0000] {dag.py:3239} INFO - Sync 1 DAGs
[2025-02-09T13:57:42.854+0000] {logging_mixin.py:190} INFO - [2025-02-09T13:57:42.854+0000] {dag.py:4180} INFO - Setting next_dagrun for example_task_group to None, run_after=None
[2025-02-09T13:57:42.866+0000] {processor.py:208} INFO - Processing /home/airflow/.local/lib/python3.12/site-packages/airflow/example_dags/example_task_group.py took 0.054 seconds
[2025-02-09T13:58:13.537+0000] {processor.py:186} INFO - Started process (PID=344) to work on /home/airflow/.local/lib/python3.12/site-packages/airflow/example_dags/example_task_group.py
[2025-02-09T13:58:13.538+0000] {processor.py:914} INFO - Processing file /home/airflow/.local/lib/python3.12/site-packages/airflow/example_dags/example_task_group.py for tasks to queue
[2025-02-09T13:58:13.539+0000] {logging_mixin.py:190} INFO - [2025-02-09T13:58:13.539+0000] {dagbag.py:588} INFO - Filling up the DagBag from /home/airflow/.local/lib/python3.12/site-packages/airflow/example_dags/example_task_group.py
[2025-02-09T13:58:13.544+0000] {processor.py:925} INFO - DAG(s) 'example_task_group' retrieved from /home/airflow/.local/lib/python3.12/site-packages/airflow/example_dags/example_task_group.py
[2025-02-09T13:58:13.560+0000] {logging_mixin.py:190} INFO - [2025-02-09T13:58:13.560+0000] {dag.py:3239} INFO - Sync 1 DAGs
[2025-02-09T13:58:13.570+0000] {logging_mixin.py:190} INFO - [2025-02-09T13:58:13.570+0000] {dag.py:4180} INFO - Setting next_dagrun for example_task_group to None, run_after=None
[2025-02-09T13:58:13.588+0000] {processor.py:208} INFO - Processing /home/airflow/.local/lib/python3.12/site-packages/airflow/example_dags/example_task_group.py took 0.054 seconds
[2025-02-09T13:58:44.053+0000] {processor.py:186} INFO - Started process (PID=410) to work on /home/airflow/.local/lib/python3.12/site-packages/airflow/example_dags/example_task_group.py
[2025-02-09T13:58:44.053+0000] {processor.py:914} INFO - Processing file /home/airflow/.local/lib/python3.12/site-packages/airflow/example_dags/example_task_group.py for tasks to queue
[2025-02-09T13:58:44.055+0000] {logging_mixin.py:190} INFO - [2025-02-09T13:58:44.054+0000] {dagbag.py:588} INFO - Filling up the DagBag from /home/airflow/.local/lib/python3.12/site-packages/airflow/example_dags/example_task_group.py
[2025-02-09T13:58:44.060+0000] {processor.py:925} INFO - DAG(s) 'example_task_group' retrieved from /home/airflow/.local/lib/python3.12/site-packages/airflow/example_dags/example_task_group.py
[2025-02-09T13:58:44.076+0000] {logging_mixin.py:190} INFO - [2025-02-09T13:58:44.075+0000] {dag.py:3239} INFO - Sync 1 DAGs
[2025-02-09T13:58:44.086+0000] {logging_mixin.py:190} INFO - [2025-02-09T13:58:44.086+0000] {dag.py:4180} INFO - Setting next_dagrun for example_task_group to None, run_after=None
[2025-02-09T13:58:44.104+0000] {processor.py:208} INFO - Processing /home/airflow/.local/lib/python3.12/site-packages/airflow/example_dags/example_task_group.py took 0.054 seconds
