[2025-02-09T13:56:10.165+0000] {processor.py:186} INFO - Started process (PID=59) to work on /home/airflow/.local/lib/python3.12/site-packages/airflow/example_dags/example_inlet_event_extra.py
[2025-02-09T13:56:10.166+0000] {processor.py:914} INFO - Processing file /home/airflow/.local/lib/python3.12/site-packages/airflow/example_dags/example_inlet_event_extra.py for tasks to queue
[2025-02-09T13:56:10.169+0000] {logging_mixin.py:190} INFO - [2025-02-09T13:56:10.169+0000] {dagbag.py:588} INFO - Filling up the DagBag from /home/airflow/.local/lib/python3.12/site-packages/airflow/example_dags/example_inlet_event_extra.py
[2025-02-09T13:56:11.586+0000] {processor.py:925} INFO - DAG(s) 'read_dataset_event', 'read_dataset_event_from_classic' retrieved from /home/airflow/.local/lib/python3.12/site-packages/airflow/example_dags/example_inlet_event_extra.py
[2025-02-09T13:56:11.608+0000] {logging_mixin.py:190} INFO - [2025-02-09T13:56:11.608+0000] {dag.py:3239} INFO - Sync 2 DAGs
[2025-02-09T13:56:11.632+0000] {logging_mixin.py:190} INFO - [2025-02-09T13:56:11.632+0000] {dag.py:4180} INFO - Setting next_dagrun for read_dataset_event to 2025-02-08 00:00:00+00:00, run_after=2025-02-09 00:00:00+00:00
[2025-02-09T13:56:11.637+0000] {logging_mixin.py:190} INFO - [2025-02-09T13:56:11.636+0000] {dag.py:4180} INFO - Setting next_dagrun for read_dataset_event_from_classic to 2025-02-08 00:00:00+00:00, run_after=2025-02-09 00:00:00+00:00
[2025-02-09T13:56:11.652+0000] {processor.py:208} INFO - Processing /home/airflow/.local/lib/python3.12/site-packages/airflow/example_dags/example_inlet_event_extra.py took 1.494 seconds
[2025-02-09T13:56:41.902+0000] {processor.py:186} INFO - Started process (PID=137) to work on /home/airflow/.local/lib/python3.12/site-packages/airflow/example_dags/example_inlet_event_extra.py
[2025-02-09T13:56:41.903+0000] {processor.py:914} INFO - Processing file /home/airflow/.local/lib/python3.12/site-packages/airflow/example_dags/example_inlet_event_extra.py for tasks to queue
[2025-02-09T13:56:41.907+0000] {logging_mixin.py:190} INFO - [2025-02-09T13:56:41.907+0000] {dagbag.py:588} INFO - Filling up the DagBag from /home/airflow/.local/lib/python3.12/site-packages/airflow/example_dags/example_inlet_event_extra.py
[2025-02-09T13:56:42.396+0000] {processor.py:925} INFO - DAG(s) 'read_dataset_event_from_classic', 'read_dataset_event' retrieved from /home/airflow/.local/lib/python3.12/site-packages/airflow/example_dags/example_inlet_event_extra.py
[2025-02-09T13:56:42.411+0000] {logging_mixin.py:190} INFO - [2025-02-09T13:56:42.410+0000] {dag.py:3239} INFO - Sync 2 DAGs
[2025-02-09T13:56:42.430+0000] {logging_mixin.py:190} INFO - [2025-02-09T13:56:42.430+0000] {dag.py:4180} INFO - Setting next_dagrun for read_dataset_event to 2025-02-08 00:00:00+00:00, run_after=2025-02-09 00:00:00+00:00
[2025-02-09T13:56:42.434+0000] {logging_mixin.py:190} INFO - [2025-02-09T13:56:42.434+0000] {dag.py:4180} INFO - Setting next_dagrun for read_dataset_event_from_classic to 2025-02-08 00:00:00+00:00, run_after=2025-02-09 00:00:00+00:00
[2025-02-09T13:56:42.453+0000] {processor.py:208} INFO - Processing /home/airflow/.local/lib/python3.12/site-packages/airflow/example_dags/example_inlet_event_extra.py took 0.559 seconds
[2025-02-09T13:57:12.479+0000] {processor.py:186} INFO - Started process (PID=215) to work on /home/airflow/.local/lib/python3.12/site-packages/airflow/example_dags/example_inlet_event_extra.py
[2025-02-09T13:57:12.480+0000] {processor.py:914} INFO - Processing file /home/airflow/.local/lib/python3.12/site-packages/airflow/example_dags/example_inlet_event_extra.py for tasks to queue
[2025-02-09T13:57:12.482+0000] {logging_mixin.py:190} INFO - [2025-02-09T13:57:12.481+0000] {dagbag.py:588} INFO - Filling up the DagBag from /home/airflow/.local/lib/python3.12/site-packages/airflow/example_dags/example_inlet_event_extra.py
[2025-02-09T13:57:13.012+0000] {processor.py:925} INFO - DAG(s) 'read_dataset_event', 'read_dataset_event_from_classic' retrieved from /home/airflow/.local/lib/python3.12/site-packages/airflow/example_dags/example_inlet_event_extra.py
[2025-02-09T13:57:13.024+0000] {logging_mixin.py:190} INFO - [2025-02-09T13:57:13.024+0000] {dag.py:3239} INFO - Sync 2 DAGs
[2025-02-09T13:57:13.036+0000] {logging_mixin.py:190} INFO - [2025-02-09T13:57:13.036+0000] {dag.py:4180} INFO - Setting next_dagrun for read_dataset_event to 2025-02-08 00:00:00+00:00, run_after=2025-02-09 00:00:00+00:00
[2025-02-09T13:57:13.039+0000] {logging_mixin.py:190} INFO - [2025-02-09T13:57:13.039+0000] {dag.py:4180} INFO - Setting next_dagrun for read_dataset_event_from_classic to 2025-02-08 00:00:00+00:00, run_after=2025-02-09 00:00:00+00:00
[2025-02-09T13:57:13.047+0000] {processor.py:208} INFO - Processing /home/airflow/.local/lib/python3.12/site-packages/airflow/example_dags/example_inlet_event_extra.py took 0.572 seconds
[2025-02-09T13:57:43.960+0000] {processor.py:186} INFO - Started process (PID=283) to work on /home/airflow/.local/lib/python3.12/site-packages/airflow/example_dags/example_inlet_event_extra.py
[2025-02-09T13:57:43.960+0000] {processor.py:914} INFO - Processing file /home/airflow/.local/lib/python3.12/site-packages/airflow/example_dags/example_inlet_event_extra.py for tasks to queue
[2025-02-09T13:57:43.962+0000] {logging_mixin.py:190} INFO - [2025-02-09T13:57:43.962+0000] {dagbag.py:588} INFO - Filling up the DagBag from /home/airflow/.local/lib/python3.12/site-packages/airflow/example_dags/example_inlet_event_extra.py
[2025-02-09T13:57:44.484+0000] {processor.py:925} INFO - DAG(s) 'read_dataset_event_from_classic', 'read_dataset_event' retrieved from /home/airflow/.local/lib/python3.12/site-packages/airflow/example_dags/example_inlet_event_extra.py
[2025-02-09T13:57:44.498+0000] {logging_mixin.py:190} INFO - [2025-02-09T13:57:44.498+0000] {dag.py:3239} INFO - Sync 2 DAGs
[2025-02-09T13:57:44.510+0000] {logging_mixin.py:190} INFO - [2025-02-09T13:57:44.510+0000] {dag.py:4180} INFO - Setting next_dagrun for read_dataset_event to 2025-02-08 00:00:00+00:00, run_after=2025-02-09 00:00:00+00:00
[2025-02-09T13:57:44.513+0000] {logging_mixin.py:190} INFO - [2025-02-09T13:57:44.513+0000] {dag.py:4180} INFO - Setting next_dagrun for read_dataset_event_from_classic to 2025-02-08 00:00:00+00:00, run_after=2025-02-09 00:00:00+00:00
[2025-02-09T13:57:44.521+0000] {processor.py:208} INFO - Processing /home/airflow/.local/lib/python3.12/site-packages/airflow/example_dags/example_inlet_event_extra.py took 0.566 seconds
[2025-02-09T13:58:14.723+0000] {processor.py:186} INFO - Started process (PID=348) to work on /home/airflow/.local/lib/python3.12/site-packages/airflow/example_dags/example_inlet_event_extra.py
[2025-02-09T13:58:14.724+0000] {processor.py:914} INFO - Processing file /home/airflow/.local/lib/python3.12/site-packages/airflow/example_dags/example_inlet_event_extra.py for tasks to queue
[2025-02-09T13:58:14.726+0000] {logging_mixin.py:190} INFO - [2025-02-09T13:58:14.725+0000] {dagbag.py:588} INFO - Filling up the DagBag from /home/airflow/.local/lib/python3.12/site-packages/airflow/example_dags/example_inlet_event_extra.py
[2025-02-09T13:58:15.210+0000] {processor.py:925} INFO - DAG(s) 'read_dataset_event', 'read_dataset_event_from_classic' retrieved from /home/airflow/.local/lib/python3.12/site-packages/airflow/example_dags/example_inlet_event_extra.py
[2025-02-09T13:58:15.221+0000] {logging_mixin.py:190} INFO - [2025-02-09T13:58:15.221+0000] {dag.py:3239} INFO - Sync 2 DAGs
[2025-02-09T13:58:15.233+0000] {logging_mixin.py:190} INFO - [2025-02-09T13:58:15.233+0000] {dag.py:4180} INFO - Setting next_dagrun for read_dataset_event to 2025-02-08 00:00:00+00:00, run_after=2025-02-09 00:00:00+00:00
[2025-02-09T13:58:15.236+0000] {logging_mixin.py:190} INFO - [2025-02-09T13:58:15.236+0000] {dag.py:4180} INFO - Setting next_dagrun for read_dataset_event_from_classic to 2025-02-08 00:00:00+00:00, run_after=2025-02-09 00:00:00+00:00
[2025-02-09T13:58:15.245+0000] {processor.py:208} INFO - Processing /home/airflow/.local/lib/python3.12/site-packages/airflow/example_dags/example_inlet_event_extra.py took 0.525 seconds
[2025-02-09T13:58:45.352+0000] {processor.py:186} INFO - Started process (PID=418) to work on /home/airflow/.local/lib/python3.12/site-packages/airflow/example_dags/example_inlet_event_extra.py
[2025-02-09T13:58:45.353+0000] {processor.py:914} INFO - Processing file /home/airflow/.local/lib/python3.12/site-packages/airflow/example_dags/example_inlet_event_extra.py for tasks to queue
[2025-02-09T13:58:45.357+0000] {logging_mixin.py:190} INFO - [2025-02-09T13:58:45.357+0000] {dagbag.py:588} INFO - Filling up the DagBag from /home/airflow/.local/lib/python3.12/site-packages/airflow/example_dags/example_inlet_event_extra.py
[2025-02-09T13:58:45.822+0000] {processor.py:925} INFO - DAG(s) 'read_dataset_event_from_classic', 'read_dataset_event' retrieved from /home/airflow/.local/lib/python3.12/site-packages/airflow/example_dags/example_inlet_event_extra.py
[2025-02-09T13:58:45.834+0000] {logging_mixin.py:190} INFO - [2025-02-09T13:58:45.834+0000] {dag.py:3239} INFO - Sync 2 DAGs
[2025-02-09T13:58:45.848+0000] {logging_mixin.py:190} INFO - [2025-02-09T13:58:45.847+0000] {dag.py:4180} INFO - Setting next_dagrun for read_dataset_event to 2025-02-08 00:00:00+00:00, run_after=2025-02-09 00:00:00+00:00
[2025-02-09T13:58:45.850+0000] {logging_mixin.py:190} INFO - [2025-02-09T13:58:45.850+0000] {dag.py:4180} INFO - Setting next_dagrun for read_dataset_event_from_classic to 2025-02-08 00:00:00+00:00, run_after=2025-02-09 00:00:00+00:00
[2025-02-09T13:58:45.859+0000] {processor.py:208} INFO - Processing /home/airflow/.local/lib/python3.12/site-packages/airflow/example_dags/example_inlet_event_extra.py took 0.510 seconds
