[2025-02-09T13:56:15.584+0000] {processor.py:186} INFO - Started process (PID=97) to work on /home/airflow/.local/lib/python3.12/site-packages/airflow/example_dags/example_sla_dag.py
[2025-02-09T13:56:15.594+0000] {processor.py:914} INFO - Processing file /home/airflow/.local/lib/python3.12/site-packages/airflow/example_dags/example_sla_dag.py for tasks to queue
[2025-02-09T13:56:15.641+0000] {logging_mixin.py:190} INFO - [2025-02-09T13:56:15.640+0000] {dagbag.py:588} INFO - Filling up the DagBag from /home/airflow/.local/lib/python3.12/site-packages/airflow/example_dags/example_sla_dag.py
[2025-02-09T13:56:15.691+0000] {processor.py:925} INFO - DAG(s) 'example_sla_dag' retrieved from /home/airflow/.local/lib/python3.12/site-packages/airflow/example_dags/example_sla_dag.py
[2025-02-09T13:56:15.724+0000] {logging_mixin.py:190} INFO - [2025-02-09T13:56:15.723+0000] {dag.py:3239} INFO - Sync 1 DAGs
[2025-02-09T13:56:15.747+0000] {logging_mixin.py:190} INFO - [2025-02-09T13:56:15.747+0000] {dag.py:4180} INFO - Setting next_dagrun for example_sla_dag to 2025-02-09 13:54:00+00:00, run_after=2025-02-09 13:56:00+00:00
[2025-02-09T13:56:15.776+0000] {processor.py:208} INFO - Processing /home/airflow/.local/lib/python3.12/site-packages/airflow/example_dags/example_sla_dag.py took 0.224 seconds
[2025-02-09T13:56:45.941+0000] {processor.py:186} INFO - Started process (PID=167) to work on /home/airflow/.local/lib/python3.12/site-packages/airflow/example_dags/example_sla_dag.py
[2025-02-09T13:56:45.945+0000] {processor.py:914} INFO - Processing file /home/airflow/.local/lib/python3.12/site-packages/airflow/example_dags/example_sla_dag.py for tasks to queue
[2025-02-09T13:56:45.946+0000] {logging_mixin.py:190} INFO - [2025-02-09T13:56:45.946+0000] {dagbag.py:588} INFO - Filling up the DagBag from /home/airflow/.local/lib/python3.12/site-packages/airflow/example_dags/example_sla_dag.py
[2025-02-09T13:56:45.951+0000] {processor.py:925} INFO - DAG(s) 'example_sla_dag' retrieved from /home/airflow/.local/lib/python3.12/site-packages/airflow/example_dags/example_sla_dag.py
[2025-02-09T13:56:45.965+0000] {logging_mixin.py:190} INFO - [2025-02-09T13:56:45.965+0000] {dag.py:3239} INFO - Sync 1 DAGs
[2025-02-09T13:56:45.981+0000] {logging_mixin.py:190} INFO - [2025-02-09T13:56:45.981+0000] {dag.py:4180} INFO - Setting next_dagrun for example_sla_dag to 2025-02-09 13:54:00+00:00, run_after=2025-02-09 13:56:00+00:00
[2025-02-09T13:56:45.994+0000] {processor.py:208} INFO - Processing /home/airflow/.local/lib/python3.12/site-packages/airflow/example_dags/example_sla_dag.py took 0.057 seconds
[2025-02-09T13:57:16.871+0000] {processor.py:186} INFO - Started process (PID=233) to work on /home/airflow/.local/lib/python3.12/site-packages/airflow/example_dags/example_sla_dag.py
[2025-02-09T13:57:16.873+0000] {processor.py:914} INFO - Processing file /home/airflow/.local/lib/python3.12/site-packages/airflow/example_dags/example_sla_dag.py for tasks to queue
[2025-02-09T13:57:16.875+0000] {logging_mixin.py:190} INFO - [2025-02-09T13:57:16.874+0000] {dagbag.py:588} INFO - Filling up the DagBag from /home/airflow/.local/lib/python3.12/site-packages/airflow/example_dags/example_sla_dag.py
[2025-02-09T13:57:16.881+0000] {processor.py:925} INFO - DAG(s) 'example_sla_dag' retrieved from /home/airflow/.local/lib/python3.12/site-packages/airflow/example_dags/example_sla_dag.py
[2025-02-09T13:57:16.895+0000] {logging_mixin.py:190} INFO - [2025-02-09T13:57:16.895+0000] {dag.py:3239} INFO - Sync 1 DAGs
[2025-02-09T13:57:16.909+0000] {logging_mixin.py:190} INFO - [2025-02-09T13:57:16.909+0000] {dag.py:4180} INFO - Setting next_dagrun for example_sla_dag to 2025-02-09 13:54:00+00:00, run_after=2025-02-09 13:56:00+00:00
[2025-02-09T13:57:16.927+0000] {processor.py:208} INFO - Processing /home/airflow/.local/lib/python3.12/site-packages/airflow/example_dags/example_sla_dag.py took 0.060 seconds
[2025-02-09T13:57:48.163+0000] {processor.py:186} INFO - Started process (PID=299) to work on /home/airflow/.local/lib/python3.12/site-packages/airflow/example_dags/example_sla_dag.py
[2025-02-09T13:57:48.165+0000] {processor.py:914} INFO - Processing file /home/airflow/.local/lib/python3.12/site-packages/airflow/example_dags/example_sla_dag.py for tasks to queue
[2025-02-09T13:57:48.166+0000] {logging_mixin.py:190} INFO - [2025-02-09T13:57:48.166+0000] {dagbag.py:588} INFO - Filling up the DagBag from /home/airflow/.local/lib/python3.12/site-packages/airflow/example_dags/example_sla_dag.py
[2025-02-09T13:57:48.171+0000] {processor.py:925} INFO - DAG(s) 'example_sla_dag' retrieved from /home/airflow/.local/lib/python3.12/site-packages/airflow/example_dags/example_sla_dag.py
[2025-02-09T13:57:48.189+0000] {logging_mixin.py:190} INFO - [2025-02-09T13:57:48.188+0000] {dag.py:3239} INFO - Sync 1 DAGs
[2025-02-09T13:57:48.204+0000] {logging_mixin.py:190} INFO - [2025-02-09T13:57:48.204+0000] {dag.py:4180} INFO - Setting next_dagrun for example_sla_dag to 2025-02-09 13:54:00+00:00, run_after=2025-02-09 13:56:00+00:00
[2025-02-09T13:57:48.220+0000] {processor.py:208} INFO - Processing /home/airflow/.local/lib/python3.12/site-packages/airflow/example_dags/example_sla_dag.py took 0.060 seconds
[2025-02-09T13:58:18.867+0000] {processor.py:186} INFO - Started process (PID=364) to work on /home/airflow/.local/lib/python3.12/site-packages/airflow/example_dags/example_sla_dag.py
[2025-02-09T13:58:18.868+0000] {processor.py:914} INFO - Processing file /home/airflow/.local/lib/python3.12/site-packages/airflow/example_dags/example_sla_dag.py for tasks to queue
[2025-02-09T13:58:18.869+0000] {logging_mixin.py:190} INFO - [2025-02-09T13:58:18.869+0000] {dagbag.py:588} INFO - Filling up the DagBag from /home/airflow/.local/lib/python3.12/site-packages/airflow/example_dags/example_sla_dag.py
[2025-02-09T13:58:18.875+0000] {processor.py:925} INFO - DAG(s) 'example_sla_dag' retrieved from /home/airflow/.local/lib/python3.12/site-packages/airflow/example_dags/example_sla_dag.py
[2025-02-09T13:58:18.887+0000] {logging_mixin.py:190} INFO - [2025-02-09T13:58:18.887+0000] {dag.py:3239} INFO - Sync 1 DAGs
[2025-02-09T13:58:18.900+0000] {logging_mixin.py:190} INFO - [2025-02-09T13:58:18.900+0000] {dag.py:4180} INFO - Setting next_dagrun for example_sla_dag to 2025-02-09 13:56:00+00:00, run_after=2025-02-09 13:58:00+00:00
[2025-02-09T13:58:18.910+0000] {processor.py:208} INFO - Processing /home/airflow/.local/lib/python3.12/site-packages/airflow/example_dags/example_sla_dag.py took 0.046 seconds
[2025-02-09T13:58:50.323+0000] {processor.py:186} INFO - Started process (PID=430) to work on /home/airflow/.local/lib/python3.12/site-packages/airflow/example_dags/example_sla_dag.py
[2025-02-09T13:58:50.325+0000] {processor.py:914} INFO - Processing file /home/airflow/.local/lib/python3.12/site-packages/airflow/example_dags/example_sla_dag.py for tasks to queue
[2025-02-09T13:58:50.326+0000] {logging_mixin.py:190} INFO - [2025-02-09T13:58:50.326+0000] {dagbag.py:588} INFO - Filling up the DagBag from /home/airflow/.local/lib/python3.12/site-packages/airflow/example_dags/example_sla_dag.py
[2025-02-09T13:58:50.331+0000] {processor.py:925} INFO - DAG(s) 'example_sla_dag' retrieved from /home/airflow/.local/lib/python3.12/site-packages/airflow/example_dags/example_sla_dag.py
[2025-02-09T13:58:50.343+0000] {logging_mixin.py:190} INFO - [2025-02-09T13:58:50.343+0000] {dag.py:3239} INFO - Sync 1 DAGs
[2025-02-09T13:58:50.357+0000] {logging_mixin.py:190} INFO - [2025-02-09T13:58:50.357+0000] {dag.py:4180} INFO - Setting next_dagrun for example_sla_dag to 2025-02-09 13:56:00+00:00, run_after=2025-02-09 13:58:00+00:00
[2025-02-09T13:58:50.370+0000] {processor.py:208} INFO - Processing /home/airflow/.local/lib/python3.12/site-packages/airflow/example_dags/example_sla_dag.py took 0.050 seconds
