[2025-02-09T13:56:10.777+0000] {processor.py:186} INFO - Started process (PID=63) to work on /home/airflow/.local/lib/python3.12/site-packages/airflow/example_dags/tutorial_taskflow_templates.py
[2025-02-09T13:56:10.778+0000] {processor.py:914} INFO - Processing file /home/airflow/.local/lib/python3.12/site-packages/airflow/example_dags/tutorial_taskflow_templates.py for tasks to queue
[2025-02-09T13:56:10.782+0000] {logging_mixin.py:190} INFO - [2025-02-09T13:56:10.781+0000] {dagbag.py:588} INFO - Filling up the DagBag from /home/airflow/.local/lib/python3.12/site-packages/airflow/example_dags/tutorial_taskflow_templates.py
[2025-02-09T13:56:10.796+0000] {processor.py:925} INFO - DAG(s) 'tutorial_taskflow_templates' retrieved from /home/airflow/.local/lib/python3.12/site-packages/airflow/example_dags/tutorial_taskflow_templates.py
[2025-02-09T13:56:10.827+0000] {logging_mixin.py:190} INFO - [2025-02-09T13:56:10.826+0000] {dag.py:3239} INFO - Sync 1 DAGs
[2025-02-09T13:56:10.854+0000] {logging_mixin.py:190} INFO - [2025-02-09T13:56:10.853+0000] {dag.py:4180} INFO - Setting next_dagrun for tutorial_taskflow_templates to 2025-02-08 00:00:00+00:00, run_after=2025-02-09 00:00:00+00:00
[2025-02-09T13:56:10.885+0000] {processor.py:208} INFO - Processing /home/airflow/.local/lib/python3.12/site-packages/airflow/example_dags/tutorial_taskflow_templates.py took 0.114 seconds
[2025-02-09T13:56:41.653+0000] {processor.py:186} INFO - Started process (PID=132) to work on /home/airflow/.local/lib/python3.12/site-packages/airflow/example_dags/tutorial_taskflow_templates.py
[2025-02-09T13:56:41.660+0000] {processor.py:914} INFO - Processing file /home/airflow/.local/lib/python3.12/site-packages/airflow/example_dags/tutorial_taskflow_templates.py for tasks to queue
[2025-02-09T13:56:41.661+0000] {logging_mixin.py:190} INFO - [2025-02-09T13:56:41.661+0000] {dagbag.py:588} INFO - Filling up the DagBag from /home/airflow/.local/lib/python3.12/site-packages/airflow/example_dags/tutorial_taskflow_templates.py
[2025-02-09T13:56:41.671+0000] {processor.py:925} INFO - DAG(s) 'tutorial_taskflow_templates' retrieved from /home/airflow/.local/lib/python3.12/site-packages/airflow/example_dags/tutorial_taskflow_templates.py
[2025-02-09T13:56:41.694+0000] {logging_mixin.py:190} INFO - [2025-02-09T13:56:41.694+0000] {dag.py:3239} INFO - Sync 1 DAGs
[2025-02-09T13:56:41.715+0000] {logging_mixin.py:190} INFO - [2025-02-09T13:56:41.715+0000] {dag.py:4180} INFO - Setting next_dagrun for tutorial_taskflow_templates to 2025-02-08 00:00:00+00:00, run_after=2025-02-09 00:00:00+00:00
[2025-02-09T13:56:41.732+0000] {processor.py:208} INFO - Processing /home/airflow/.local/lib/python3.12/site-packages/airflow/example_dags/tutorial_taskflow_templates.py took 0.084 seconds
[2025-02-09T13:57:11.998+0000] {processor.py:186} INFO - Started process (PID=198) to work on /home/airflow/.local/lib/python3.12/site-packages/airflow/example_dags/tutorial_taskflow_templates.py
[2025-02-09T13:57:11.999+0000] {processor.py:914} INFO - Processing file /home/airflow/.local/lib/python3.12/site-packages/airflow/example_dags/tutorial_taskflow_templates.py for tasks to queue
[2025-02-09T13:57:12.003+0000] {logging_mixin.py:190} INFO - [2025-02-09T13:57:12.003+0000] {dagbag.py:588} INFO - Filling up the DagBag from /home/airflow/.local/lib/python3.12/site-packages/airflow/example_dags/tutorial_taskflow_templates.py
[2025-02-09T13:57:12.013+0000] {processor.py:925} INFO - DAG(s) 'tutorial_taskflow_templates' retrieved from /home/airflow/.local/lib/python3.12/site-packages/airflow/example_dags/tutorial_taskflow_templates.py
[2025-02-09T13:57:12.031+0000] {logging_mixin.py:190} INFO - [2025-02-09T13:57:12.031+0000] {dag.py:3239} INFO - Sync 1 DAGs
[2025-02-09T13:57:12.048+0000] {logging_mixin.py:190} INFO - [2025-02-09T13:57:12.048+0000] {dag.py:4180} INFO - Setting next_dagrun for tutorial_taskflow_templates to 2025-02-08 00:00:00+00:00, run_after=2025-02-09 00:00:00+00:00
[2025-02-09T13:57:12.064+0000] {processor.py:208} INFO - Processing /home/airflow/.local/lib/python3.12/site-packages/airflow/example_dags/tutorial_taskflow_templates.py took 0.071 seconds
[2025-02-09T13:57:42.358+0000] {processor.py:186} INFO - Started process (PID=270) to work on /home/airflow/.local/lib/python3.12/site-packages/airflow/example_dags/tutorial_taskflow_templates.py
[2025-02-09T13:57:42.360+0000] {processor.py:914} INFO - Processing file /home/airflow/.local/lib/python3.12/site-packages/airflow/example_dags/tutorial_taskflow_templates.py for tasks to queue
[2025-02-09T13:57:42.361+0000] {logging_mixin.py:190} INFO - [2025-02-09T13:57:42.361+0000] {dagbag.py:588} INFO - Filling up the DagBag from /home/airflow/.local/lib/python3.12/site-packages/airflow/example_dags/tutorial_taskflow_templates.py
[2025-02-09T13:57:42.372+0000] {processor.py:925} INFO - DAG(s) 'tutorial_taskflow_templates' retrieved from /home/airflow/.local/lib/python3.12/site-packages/airflow/example_dags/tutorial_taskflow_templates.py
[2025-02-09T13:57:42.388+0000] {logging_mixin.py:190} INFO - [2025-02-09T13:57:42.388+0000] {dag.py:3239} INFO - Sync 1 DAGs
[2025-02-09T13:57:42.403+0000] {logging_mixin.py:190} INFO - [2025-02-09T13:57:42.403+0000] {dag.py:4180} INFO - Setting next_dagrun for tutorial_taskflow_templates to 2025-02-08 00:00:00+00:00, run_after=2025-02-09 00:00:00+00:00
[2025-02-09T13:57:42.420+0000] {processor.py:208} INFO - Processing /home/airflow/.local/lib/python3.12/site-packages/airflow/example_dags/tutorial_taskflow_templates.py took 0.065 seconds
[2025-02-09T13:58:13.188+0000] {processor.py:186} INFO - Started process (PID=335) to work on /home/airflow/.local/lib/python3.12/site-packages/airflow/example_dags/tutorial_taskflow_templates.py
[2025-02-09T13:58:13.193+0000] {processor.py:914} INFO - Processing file /home/airflow/.local/lib/python3.12/site-packages/airflow/example_dags/tutorial_taskflow_templates.py for tasks to queue
[2025-02-09T13:58:13.194+0000] {logging_mixin.py:190} INFO - [2025-02-09T13:58:13.194+0000] {dagbag.py:588} INFO - Filling up the DagBag from /home/airflow/.local/lib/python3.12/site-packages/airflow/example_dags/tutorial_taskflow_templates.py
[2025-02-09T13:58:13.201+0000] {processor.py:925} INFO - DAG(s) 'tutorial_taskflow_templates' retrieved from /home/airflow/.local/lib/python3.12/site-packages/airflow/example_dags/tutorial_taskflow_templates.py
[2025-02-09T13:58:13.219+0000] {logging_mixin.py:190} INFO - [2025-02-09T13:58:13.218+0000] {dag.py:3239} INFO - Sync 1 DAGs
[2025-02-09T13:58:13.234+0000] {logging_mixin.py:190} INFO - [2025-02-09T13:58:13.234+0000] {dag.py:4180} INFO - Setting next_dagrun for tutorial_taskflow_templates to 2025-02-08 00:00:00+00:00, run_after=2025-02-09 00:00:00+00:00
[2025-02-09T13:58:13.249+0000] {processor.py:208} INFO - Processing /home/airflow/.local/lib/python3.12/site-packages/airflow/example_dags/tutorial_taskflow_templates.py took 0.066 seconds
[2025-02-09T13:58:43.679+0000] {processor.py:186} INFO - Started process (PID=401) to work on /home/airflow/.local/lib/python3.12/site-packages/airflow/example_dags/tutorial_taskflow_templates.py
[2025-02-09T13:58:43.681+0000] {processor.py:914} INFO - Processing file /home/airflow/.local/lib/python3.12/site-packages/airflow/example_dags/tutorial_taskflow_templates.py for tasks to queue
[2025-02-09T13:58:43.682+0000] {logging_mixin.py:190} INFO - [2025-02-09T13:58:43.682+0000] {dagbag.py:588} INFO - Filling up the DagBag from /home/airflow/.local/lib/python3.12/site-packages/airflow/example_dags/tutorial_taskflow_templates.py
[2025-02-09T13:58:43.690+0000] {processor.py:925} INFO - DAG(s) 'tutorial_taskflow_templates' retrieved from /home/airflow/.local/lib/python3.12/site-packages/airflow/example_dags/tutorial_taskflow_templates.py
[2025-02-09T13:58:43.706+0000] {logging_mixin.py:190} INFO - [2025-02-09T13:58:43.705+0000] {dag.py:3239} INFO - Sync 1 DAGs
[2025-02-09T13:58:43.729+0000] {logging_mixin.py:190} INFO - [2025-02-09T13:58:43.728+0000] {dag.py:4180} INFO - Setting next_dagrun for tutorial_taskflow_templates to 2025-02-08 00:00:00+00:00, run_after=2025-02-09 00:00:00+00:00
[2025-02-09T13:58:43.761+0000] {processor.py:208} INFO - Processing /home/airflow/.local/lib/python3.12/site-packages/airflow/example_dags/tutorial_taskflow_templates.py took 0.087 seconds
