[2025-02-09T13:56:09.999+0000] {processor.py:186} INFO - Started process (PID=58) to work on /home/airflow/.local/lib/python3.12/site-packages/airflow/example_dags/tutorial.py
[2025-02-09T13:56:10.001+0000] {processor.py:914} INFO - Processing file /home/airflow/.local/lib/python3.12/site-packages/airflow/example_dags/tutorial.py for tasks to queue
[2025-02-09T13:56:10.003+0000] {logging_mixin.py:190} INFO - [2025-02-09T13:56:10.003+0000] {dagbag.py:588} INFO - Filling up the DagBag from /home/airflow/.local/lib/python3.12/site-packages/airflow/example_dags/tutorial.py
[2025-02-09T13:56:10.019+0000] {processor.py:925} INFO - DAG(s) 'tutorial' retrieved from /home/airflow/.local/lib/python3.12/site-packages/airflow/example_dags/tutorial.py
[2025-02-09T13:56:10.056+0000] {logging_mixin.py:190} INFO - [2025-02-09T13:56:10.056+0000] {dag.py:3239} INFO - Sync 1 DAGs
[2025-02-09T13:56:10.099+0000] {logging_mixin.py:190} INFO - [2025-02-09T13:56:10.099+0000] {dag.py:4180} INFO - Setting next_dagrun for tutorial to 2025-02-08 00:00:00+00:00, run_after=2025-02-09 00:00:00+00:00
[2025-02-09T13:56:10.127+0000] {processor.py:208} INFO - Processing /home/airflow/.local/lib/python3.12/site-packages/airflow/example_dags/tutorial.py took 0.133 seconds
[2025-02-09T13:56:40.460+0000] {processor.py:186} INFO - Started process (PID=128) to work on /home/airflow/.local/lib/python3.12/site-packages/airflow/example_dags/tutorial.py
[2025-02-09T13:56:40.460+0000] {processor.py:914} INFO - Processing file /home/airflow/.local/lib/python3.12/site-packages/airflow/example_dags/tutorial.py for tasks to queue
[2025-02-09T13:56:40.463+0000] {logging_mixin.py:190} INFO - [2025-02-09T13:56:40.462+0000] {dagbag.py:588} INFO - Filling up the DagBag from /home/airflow/.local/lib/python3.12/site-packages/airflow/example_dags/tutorial.py
[2025-02-09T13:56:40.475+0000] {processor.py:925} INFO - DAG(s) 'tutorial' retrieved from /home/airflow/.local/lib/python3.12/site-packages/airflow/example_dags/tutorial.py
[2025-02-09T13:56:40.492+0000] {logging_mixin.py:190} INFO - [2025-02-09T13:56:40.492+0000] {dag.py:3239} INFO - Sync 1 DAGs
[2025-02-09T13:56:40.513+0000] {logging_mixin.py:190} INFO - [2025-02-09T13:56:40.513+0000] {dag.py:4180} INFO - Setting next_dagrun for tutorial to 2025-02-08 00:00:00+00:00, run_after=2025-02-09 00:00:00+00:00
[2025-02-09T13:56:40.534+0000] {processor.py:208} INFO - Processing /home/airflow/.local/lib/python3.12/site-packages/airflow/example_dags/tutorial.py took 0.077 seconds
[2025-02-09T13:57:10.849+0000] {processor.py:186} INFO - Started process (PID=194) to work on /home/airflow/.local/lib/python3.12/site-packages/airflow/example_dags/tutorial.py
[2025-02-09T13:57:10.850+0000] {processor.py:914} INFO - Processing file /home/airflow/.local/lib/python3.12/site-packages/airflow/example_dags/tutorial.py for tasks to queue
[2025-02-09T13:57:10.852+0000] {logging_mixin.py:190} INFO - [2025-02-09T13:57:10.852+0000] {dagbag.py:588} INFO - Filling up the DagBag from /home/airflow/.local/lib/python3.12/site-packages/airflow/example_dags/tutorial.py
[2025-02-09T13:57:10.857+0000] {processor.py:925} INFO - DAG(s) 'tutorial' retrieved from /home/airflow/.local/lib/python3.12/site-packages/airflow/example_dags/tutorial.py
[2025-02-09T13:57:10.869+0000] {logging_mixin.py:190} INFO - [2025-02-09T13:57:10.869+0000] {dag.py:3239} INFO - Sync 1 DAGs
[2025-02-09T13:57:10.883+0000] {logging_mixin.py:190} INFO - [2025-02-09T13:57:10.883+0000] {dag.py:4180} INFO - Setting next_dagrun for tutorial to 2025-02-08 00:00:00+00:00, run_after=2025-02-09 00:00:00+00:00
[2025-02-09T13:57:10.893+0000] {processor.py:208} INFO - Processing /home/airflow/.local/lib/python3.12/site-packages/airflow/example_dags/tutorial.py took 0.050 seconds
[2025-02-09T13:57:41.225+0000] {processor.py:186} INFO - Started process (PID=260) to work on /home/airflow/.local/lib/python3.12/site-packages/airflow/example_dags/tutorial.py
[2025-02-09T13:57:41.228+0000] {processor.py:914} INFO - Processing file /home/airflow/.local/lib/python3.12/site-packages/airflow/example_dags/tutorial.py for tasks to queue
[2025-02-09T13:57:41.231+0000] {logging_mixin.py:190} INFO - [2025-02-09T13:57:41.230+0000] {dagbag.py:588} INFO - Filling up the DagBag from /home/airflow/.local/lib/python3.12/site-packages/airflow/example_dags/tutorial.py
[2025-02-09T13:57:41.235+0000] {processor.py:925} INFO - DAG(s) 'tutorial' retrieved from /home/airflow/.local/lib/python3.12/site-packages/airflow/example_dags/tutorial.py
[2025-02-09T13:57:41.249+0000] {logging_mixin.py:190} INFO - [2025-02-09T13:57:41.248+0000] {dag.py:3239} INFO - Sync 1 DAGs
[2025-02-09T13:57:41.266+0000] {logging_mixin.py:190} INFO - [2025-02-09T13:57:41.266+0000] {dag.py:4180} INFO - Setting next_dagrun for tutorial to 2025-02-08 00:00:00+00:00, run_after=2025-02-09 00:00:00+00:00
[2025-02-09T13:57:41.278+0000] {processor.py:208} INFO - Processing /home/airflow/.local/lib/python3.12/site-packages/airflow/example_dags/tutorial.py took 0.055 seconds
[2025-02-09T13:58:11.984+0000] {processor.py:186} INFO - Started process (PID=326) to work on /home/airflow/.local/lib/python3.12/site-packages/airflow/example_dags/tutorial.py
[2025-02-09T13:58:11.984+0000] {processor.py:914} INFO - Processing file /home/airflow/.local/lib/python3.12/site-packages/airflow/example_dags/tutorial.py for tasks to queue
[2025-02-09T13:58:11.986+0000] {logging_mixin.py:190} INFO - [2025-02-09T13:58:11.986+0000] {dagbag.py:588} INFO - Filling up the DagBag from /home/airflow/.local/lib/python3.12/site-packages/airflow/example_dags/tutorial.py
[2025-02-09T13:58:11.990+0000] {processor.py:925} INFO - DAG(s) 'tutorial' retrieved from /home/airflow/.local/lib/python3.12/site-packages/airflow/example_dags/tutorial.py
[2025-02-09T13:58:12.002+0000] {logging_mixin.py:190} INFO - [2025-02-09T13:58:12.002+0000] {dag.py:3239} INFO - Sync 1 DAGs
[2025-02-09T13:58:12.016+0000] {logging_mixin.py:190} INFO - [2025-02-09T13:58:12.016+0000] {dag.py:4180} INFO - Setting next_dagrun for tutorial to 2025-02-08 00:00:00+00:00, run_after=2025-02-09 00:00:00+00:00
[2025-02-09T13:58:12.026+0000] {processor.py:208} INFO - Processing /home/airflow/.local/lib/python3.12/site-packages/airflow/example_dags/tutorial.py took 0.045 seconds
[2025-02-09T13:58:42.535+0000] {processor.py:186} INFO - Started process (PID=397) to work on /home/airflow/.local/lib/python3.12/site-packages/airflow/example_dags/tutorial.py
[2025-02-09T13:58:42.536+0000] {processor.py:914} INFO - Processing file /home/airflow/.local/lib/python3.12/site-packages/airflow/example_dags/tutorial.py for tasks to queue
[2025-02-09T13:58:42.537+0000] {logging_mixin.py:190} INFO - [2025-02-09T13:58:42.537+0000] {dagbag.py:588} INFO - Filling up the DagBag from /home/airflow/.local/lib/python3.12/site-packages/airflow/example_dags/tutorial.py
[2025-02-09T13:58:42.542+0000] {processor.py:925} INFO - DAG(s) 'tutorial' retrieved from /home/airflow/.local/lib/python3.12/site-packages/airflow/example_dags/tutorial.py
[2025-02-09T13:58:42.555+0000] {logging_mixin.py:190} INFO - [2025-02-09T13:58:42.555+0000] {dag.py:3239} INFO - Sync 1 DAGs
[2025-02-09T13:58:42.568+0000] {logging_mixin.py:190} INFO - [2025-02-09T13:58:42.567+0000] {dag.py:4180} INFO - Setting next_dagrun for tutorial to 2025-02-08 00:00:00+00:00, run_after=2025-02-09 00:00:00+00:00
[2025-02-09T13:58:42.577+0000] {processor.py:208} INFO - Processing /home/airflow/.local/lib/python3.12/site-packages/airflow/example_dags/tutorial.py took 0.045 seconds
