[2025-02-01T06:39:25.858+0000] {processor.py:186} INFO - Started process (PID=47) to work on /opt/airflow/dags/idp.py
[2025-02-01T06:39:25.864+0000] {processor.py:914} INFO - Processing file /opt/airflow/dags/idp.py for tasks to queue
[2025-02-01T06:39:25.871+0000] {logging_mixin.py:190} INFO - [2025-02-01T06:39:25.870+0000] {dagbag.py:588} INFO - Filling up the DagBag from /opt/airflow/dags/idp.py
[2025-02-01T06:39:26.118+0000] {processor.py:925} INFO - DAG(s) 'idp' retrieved from /opt/airflow/dags/idp.py
[2025-02-01T06:39:26.163+0000] {logging_mixin.py:190} INFO - [2025-02-01T06:39:26.163+0000] {dag.py:3239} INFO - Sync 1 DAGs
[2025-02-01T06:39:26.192+0000] {logging_mixin.py:190} INFO - [2025-02-01T06:39:26.192+0000] {dag.py:4180} INFO - Setting next_dagrun for idp to 2025-02-01 00:00:00+00:00, run_after=2025-02-02 00:00:00+00:00
[2025-02-01T06:39:26.219+0000] {processor.py:208} INFO - Processing /opt/airflow/dags/idp.py took 0.369 seconds
[2025-02-01T06:39:56.639+0000] {processor.py:186} INFO - Started process (PID=113) to work on /opt/airflow/dags/idp.py
[2025-02-01T06:39:56.644+0000] {processor.py:914} INFO - Processing file /opt/airflow/dags/idp.py for tasks to queue
[2025-02-01T06:39:56.653+0000] {logging_mixin.py:190} INFO - [2025-02-01T06:39:56.653+0000] {dagbag.py:588} INFO - Filling up the DagBag from /opt/airflow/dags/idp.py
[2025-02-01T06:39:56.802+0000] {processor.py:925} INFO - DAG(s) 'idp' retrieved from /opt/airflow/dags/idp.py
[2025-02-01T06:39:56.836+0000] {logging_mixin.py:190} INFO - [2025-02-01T06:39:56.836+0000] {dag.py:3239} INFO - Sync 1 DAGs
[2025-02-01T06:39:56.882+0000] {logging_mixin.py:190} INFO - [2025-02-01T06:39:56.882+0000] {dag.py:4180} INFO - Setting next_dagrun for idp to 2025-02-01 00:00:00+00:00, run_after=2025-02-02 00:00:00+00:00
[2025-02-01T06:39:56.915+0000] {processor.py:208} INFO - Processing /opt/airflow/dags/idp.py took 0.297 seconds
[2025-02-01T06:40:27.786+0000] {processor.py:186} INFO - Started process (PID=185) to work on /opt/airflow/dags/idp.py
[2025-02-01T06:40:27.788+0000] {processor.py:914} INFO - Processing file /opt/airflow/dags/idp.py for tasks to queue
[2025-02-01T06:40:27.792+0000] {logging_mixin.py:190} INFO - [2025-02-01T06:40:27.791+0000] {dagbag.py:588} INFO - Filling up the DagBag from /opt/airflow/dags/idp.py
[2025-02-01T06:40:27.889+0000] {processor.py:925} INFO - DAG(s) 'idp' retrieved from /opt/airflow/dags/idp.py
[2025-02-01T06:40:27.909+0000] {logging_mixin.py:190} INFO - [2025-02-01T06:40:27.909+0000] {dag.py:3239} INFO - Sync 1 DAGs
[2025-02-01T06:40:27.932+0000] {logging_mixin.py:190} INFO - [2025-02-01T06:40:27.932+0000] {dag.py:4180} INFO - Setting next_dagrun for idp to 2025-02-01 00:00:00+00:00, run_after=2025-02-02 00:00:00+00:00
[2025-02-01T06:40:27.946+0000] {processor.py:208} INFO - Processing /opt/airflow/dags/idp.py took 0.177 seconds
[2025-02-01T06:40:58.368+0000] {processor.py:186} INFO - Started process (PID=251) to work on /opt/airflow/dags/idp.py
[2025-02-01T06:40:58.370+0000] {processor.py:914} INFO - Processing file /opt/airflow/dags/idp.py for tasks to queue
[2025-02-01T06:40:58.378+0000] {logging_mixin.py:190} INFO - [2025-02-01T06:40:58.377+0000] {dagbag.py:588} INFO - Filling up the DagBag from /opt/airflow/dags/idp.py
[2025-02-01T06:40:58.497+0000] {processor.py:925} INFO - DAG(s) 'idp' retrieved from /opt/airflow/dags/idp.py
[2025-02-01T06:40:58.520+0000] {logging_mixin.py:190} INFO - [2025-02-01T06:40:58.520+0000] {dag.py:3239} INFO - Sync 1 DAGs
[2025-02-01T06:40:58.551+0000] {logging_mixin.py:190} INFO - [2025-02-01T06:40:58.551+0000] {dag.py:4180} INFO - Setting next_dagrun for idp to 2025-02-01 00:00:00+00:00, run_after=2025-02-02 00:00:00+00:00
[2025-02-01T06:40:58.567+0000] {processor.py:208} INFO - Processing /opt/airflow/dags/idp.py took 0.216 seconds
[2025-02-01T06:41:28.642+0000] {processor.py:186} INFO - Started process (PID=317) to work on /opt/airflow/dags/idp.py
[2025-02-01T06:41:28.644+0000] {processor.py:914} INFO - Processing file /opt/airflow/dags/idp.py for tasks to queue
[2025-02-01T06:41:28.655+0000] {logging_mixin.py:190} INFO - [2025-02-01T06:41:28.651+0000] {dagbag.py:588} INFO - Filling up the DagBag from /opt/airflow/dags/idp.py
[2025-02-01T06:41:28.768+0000] {processor.py:925} INFO - DAG(s) 'idp' retrieved from /opt/airflow/dags/idp.py
[2025-02-01T06:41:28.797+0000] {logging_mixin.py:190} INFO - [2025-02-01T06:41:28.797+0000] {dag.py:3239} INFO - Sync 1 DAGs
[2025-02-01T06:41:28.819+0000] {logging_mixin.py:190} INFO - [2025-02-01T06:41:28.819+0000] {dag.py:4180} INFO - Setting next_dagrun for idp to 2025-02-01 00:00:00+00:00, run_after=2025-02-02 00:00:00+00:00
[2025-02-01T06:41:28.835+0000] {processor.py:208} INFO - Processing /opt/airflow/dags/idp.py took 0.208 seconds
[2025-02-01T06:41:58.986+0000] {processor.py:186} INFO - Started process (PID=383) to work on /opt/airflow/dags/idp.py
[2025-02-01T06:41:58.988+0000] {processor.py:914} INFO - Processing file /opt/airflow/dags/idp.py for tasks to queue
[2025-02-01T06:41:58.995+0000] {logging_mixin.py:190} INFO - [2025-02-01T06:41:58.995+0000] {dagbag.py:588} INFO - Filling up the DagBag from /opt/airflow/dags/idp.py
[2025-02-01T06:41:59.110+0000] {processor.py:925} INFO - DAG(s) 'idp' retrieved from /opt/airflow/dags/idp.py
[2025-02-01T06:41:59.143+0000] {logging_mixin.py:190} INFO - [2025-02-01T06:41:59.143+0000] {dag.py:3239} INFO - Sync 1 DAGs
[2025-02-01T06:41:59.163+0000] {logging_mixin.py:190} INFO - [2025-02-01T06:41:59.163+0000] {dag.py:4180} INFO - Setting next_dagrun for idp to 2025-02-01 00:00:00+00:00, run_after=2025-02-02 00:00:00+00:00
[2025-02-01T06:41:59.177+0000] {processor.py:208} INFO - Processing /opt/airflow/dags/idp.py took 0.205 seconds
[2025-02-01T06:42:29.616+0000] {processor.py:186} INFO - Started process (PID=449) to work on /opt/airflow/dags/idp.py
[2025-02-01T06:42:29.618+0000] {processor.py:914} INFO - Processing file /opt/airflow/dags/idp.py for tasks to queue
[2025-02-01T06:42:29.623+0000] {logging_mixin.py:190} INFO - [2025-02-01T06:42:29.623+0000] {dagbag.py:588} INFO - Filling up the DagBag from /opt/airflow/dags/idp.py
[2025-02-01T06:42:29.727+0000] {processor.py:925} INFO - DAG(s) 'idp' retrieved from /opt/airflow/dags/idp.py
[2025-02-01T06:42:29.755+0000] {logging_mixin.py:190} INFO - [2025-02-01T06:42:29.755+0000] {dag.py:3239} INFO - Sync 1 DAGs
[2025-02-01T06:42:29.778+0000] {logging_mixin.py:190} INFO - [2025-02-01T06:42:29.778+0000] {dag.py:4180} INFO - Setting next_dagrun for idp to 2025-02-01 00:00:00+00:00, run_after=2025-02-02 00:00:00+00:00
[2025-02-01T06:42:29.795+0000] {processor.py:208} INFO - Processing /opt/airflow/dags/idp.py took 0.192 seconds
[2025-02-01T06:43:00.169+0000] {processor.py:186} INFO - Started process (PID=515) to work on /opt/airflow/dags/idp.py
[2025-02-01T06:43:00.174+0000] {processor.py:914} INFO - Processing file /opt/airflow/dags/idp.py for tasks to queue
[2025-02-01T06:43:00.181+0000] {logging_mixin.py:190} INFO - [2025-02-01T06:43:00.181+0000] {dagbag.py:588} INFO - Filling up the DagBag from /opt/airflow/dags/idp.py
[2025-02-01T06:43:00.290+0000] {processor.py:925} INFO - DAG(s) 'idp' retrieved from /opt/airflow/dags/idp.py
[2025-02-01T06:43:00.324+0000] {logging_mixin.py:190} INFO - [2025-02-01T06:43:00.324+0000] {dag.py:3239} INFO - Sync 1 DAGs
[2025-02-01T06:43:00.347+0000] {logging_mixin.py:190} INFO - [2025-02-01T06:43:00.347+0000] {dag.py:4180} INFO - Setting next_dagrun for idp to 2025-02-01 00:00:00+00:00, run_after=2025-02-02 00:00:00+00:00
[2025-02-01T06:43:00.360+0000] {processor.py:208} INFO - Processing /opt/airflow/dags/idp.py took 0.214 seconds
[2025-02-01T06:43:30.622+0000] {processor.py:186} INFO - Started process (PID=581) to work on /opt/airflow/dags/idp.py
[2025-02-01T06:43:30.623+0000] {processor.py:914} INFO - Processing file /opt/airflow/dags/idp.py for tasks to queue
[2025-02-01T06:43:30.633+0000] {logging_mixin.py:190} INFO - [2025-02-01T06:43:30.629+0000] {dagbag.py:588} INFO - Filling up the DagBag from /opt/airflow/dags/idp.py
[2025-02-01T06:43:30.723+0000] {processor.py:925} INFO - DAG(s) 'idp' retrieved from /opt/airflow/dags/idp.py
[2025-02-01T06:43:30.748+0000] {logging_mixin.py:190} INFO - [2025-02-01T06:43:30.748+0000] {dag.py:3239} INFO - Sync 1 DAGs
[2025-02-01T06:43:30.773+0000] {logging_mixin.py:190} INFO - [2025-02-01T06:43:30.773+0000] {dag.py:4180} INFO - Setting next_dagrun for idp to 2025-02-01 00:00:00+00:00, run_after=2025-02-02 00:00:00+00:00
[2025-02-01T06:43:30.789+0000] {processor.py:208} INFO - Processing /opt/airflow/dags/idp.py took 0.180 seconds
[2025-02-01T06:44:01.209+0000] {processor.py:186} INFO - Started process (PID=647) to work on /opt/airflow/dags/idp.py
[2025-02-01T06:44:01.210+0000] {processor.py:914} INFO - Processing file /opt/airflow/dags/idp.py for tasks to queue
[2025-02-01T06:44:01.214+0000] {logging_mixin.py:190} INFO - [2025-02-01T06:44:01.213+0000] {dagbag.py:588} INFO - Filling up the DagBag from /opt/airflow/dags/idp.py
[2025-02-01T06:44:01.305+0000] {processor.py:925} INFO - DAG(s) 'idp' retrieved from /opt/airflow/dags/idp.py
[2025-02-01T06:44:01.332+0000] {logging_mixin.py:190} INFO - [2025-02-01T06:44:01.332+0000] {dag.py:3239} INFO - Sync 1 DAGs
[2025-02-01T06:44:01.352+0000] {logging_mixin.py:190} INFO - [2025-02-01T06:44:01.352+0000] {dag.py:4180} INFO - Setting next_dagrun for idp to 2025-02-01 00:00:00+00:00, run_after=2025-02-02 00:00:00+00:00
[2025-02-01T06:44:01.365+0000] {processor.py:208} INFO - Processing /opt/airflow/dags/idp.py took 0.168 seconds
[2025-02-01T06:44:31.731+0000] {processor.py:186} INFO - Started process (PID=712) to work on /opt/airflow/dags/idp.py
[2025-02-01T06:44:31.736+0000] {processor.py:914} INFO - Processing file /opt/airflow/dags/idp.py for tasks to queue
[2025-02-01T06:44:31.744+0000] {logging_mixin.py:190} INFO - [2025-02-01T06:44:31.743+0000] {dagbag.py:588} INFO - Filling up the DagBag from /opt/airflow/dags/idp.py
[2025-02-01T06:44:31.844+0000] {processor.py:925} INFO - DAG(s) 'idp' retrieved from /opt/airflow/dags/idp.py
[2025-02-01T06:44:31.887+0000] {logging_mixin.py:190} INFO - [2025-02-01T06:44:31.886+0000] {dag.py:3239} INFO - Sync 1 DAGs
[2025-02-01T06:44:31.914+0000] {logging_mixin.py:190} INFO - [2025-02-01T06:44:31.914+0000] {dag.py:4180} INFO - Setting next_dagrun for idp to 2025-02-01 00:00:00+00:00, run_after=2025-02-02 00:00:00+00:00
[2025-02-01T06:44:31.931+0000] {processor.py:208} INFO - Processing /opt/airflow/dags/idp.py took 0.223 seconds
[2025-02-01T06:45:02.104+0000] {processor.py:186} INFO - Started process (PID=778) to work on /opt/airflow/dags/idp.py
[2025-02-01T06:45:02.106+0000] {processor.py:914} INFO - Processing file /opt/airflow/dags/idp.py for tasks to queue
[2025-02-01T06:45:02.112+0000] {logging_mixin.py:190} INFO - [2025-02-01T06:45:02.112+0000] {dagbag.py:588} INFO - Filling up the DagBag from /opt/airflow/dags/idp.py
[2025-02-01T06:45:02.248+0000] {processor.py:925} INFO - DAG(s) 'idp' retrieved from /opt/airflow/dags/idp.py
[2025-02-01T06:45:02.280+0000] {logging_mixin.py:190} INFO - [2025-02-01T06:45:02.280+0000] {dag.py:3239} INFO - Sync 1 DAGs
[2025-02-01T06:45:02.305+0000] {logging_mixin.py:190} INFO - [2025-02-01T06:45:02.305+0000] {dag.py:4180} INFO - Setting next_dagrun for idp to 2025-02-01 00:00:00+00:00, run_after=2025-02-02 00:00:00+00:00
[2025-02-01T06:45:02.324+0000] {processor.py:208} INFO - Processing /opt/airflow/dags/idp.py took 0.239 seconds
[2025-02-01T06:46:15.106+0000] {processor.py:186} INFO - Started process (PID=42) to work on /opt/airflow/dags/idp.py
[2025-02-01T06:46:15.107+0000] {processor.py:914} INFO - Processing file /opt/airflow/dags/idp.py for tasks to queue
[2025-02-01T06:46:15.110+0000] {logging_mixin.py:190} INFO - [2025-02-01T06:46:15.110+0000] {dagbag.py:588} INFO - Filling up the DagBag from /opt/airflow/dags/idp.py
[2025-02-01T06:46:15.204+0000] {processor.py:925} INFO - DAG(s) 'idp' retrieved from /opt/airflow/dags/idp.py
[2025-02-01T06:46:15.234+0000] {logging_mixin.py:190} INFO - [2025-02-01T06:46:15.234+0000] {dag.py:3239} INFO - Sync 1 DAGs
[2025-02-01T06:46:15.272+0000] {logging_mixin.py:190} INFO - [2025-02-01T06:46:15.272+0000] {dag.py:4180} INFO - Setting next_dagrun for idp to 2025-02-01 00:00:00+00:00, run_after=2025-02-02 00:00:00+00:00
[2025-02-01T06:46:15.294+0000] {processor.py:208} INFO - Processing /opt/airflow/dags/idp.py took 0.196 seconds
[2025-02-01T06:46:45.655+0000] {processor.py:186} INFO - Started process (PID=108) to work on /opt/airflow/dags/idp.py
[2025-02-01T06:46:45.658+0000] {processor.py:914} INFO - Processing file /opt/airflow/dags/idp.py for tasks to queue
[2025-02-01T06:46:45.673+0000] {logging_mixin.py:190} INFO - [2025-02-01T06:46:45.672+0000] {dagbag.py:588} INFO - Filling up the DagBag from /opt/airflow/dags/idp.py
[2025-02-01T06:46:45.761+0000] {processor.py:925} INFO - DAG(s) 'idp' retrieved from /opt/airflow/dags/idp.py
[2025-02-01T06:46:45.788+0000] {logging_mixin.py:190} INFO - [2025-02-01T06:46:45.788+0000] {dag.py:3239} INFO - Sync 1 DAGs
[2025-02-01T06:46:45.808+0000] {logging_mixin.py:190} INFO - [2025-02-01T06:46:45.807+0000] {dag.py:4180} INFO - Setting next_dagrun for idp to 2025-02-01 00:00:00+00:00, run_after=2025-02-02 00:00:00+00:00
[2025-02-01T06:46:45.822+0000] {processor.py:208} INFO - Processing /opt/airflow/dags/idp.py took 0.177 seconds
[2025-02-01T06:47:16.191+0000] {processor.py:186} INFO - Started process (PID=178) to work on /opt/airflow/dags/idp.py
[2025-02-01T06:47:16.194+0000] {processor.py:914} INFO - Processing file /opt/airflow/dags/idp.py for tasks to queue
[2025-02-01T06:47:16.198+0000] {logging_mixin.py:190} INFO - [2025-02-01T06:47:16.198+0000] {dagbag.py:588} INFO - Filling up the DagBag from /opt/airflow/dags/idp.py
[2025-02-01T06:47:16.276+0000] {processor.py:925} INFO - DAG(s) 'idp' retrieved from /opt/airflow/dags/idp.py
[2025-02-01T06:47:16.296+0000] {logging_mixin.py:190} INFO - [2025-02-01T06:47:16.296+0000] {dag.py:3239} INFO - Sync 1 DAGs
[2025-02-01T06:47:16.319+0000] {logging_mixin.py:190} INFO - [2025-02-01T06:47:16.319+0000] {dag.py:4180} INFO - Setting next_dagrun for idp to 2025-02-01 00:00:00+00:00, run_after=2025-02-02 00:00:00+00:00
[2025-02-01T06:47:16.335+0000] {processor.py:208} INFO - Processing /opt/airflow/dags/idp.py took 0.151 seconds
[2025-02-01T06:47:46.548+0000] {processor.py:186} INFO - Started process (PID=244) to work on /opt/airflow/dags/idp.py
[2025-02-01T06:47:46.550+0000] {processor.py:914} INFO - Processing file /opt/airflow/dags/idp.py for tasks to queue
[2025-02-01T06:47:46.555+0000] {logging_mixin.py:190} INFO - [2025-02-01T06:47:46.555+0000] {dagbag.py:588} INFO - Filling up the DagBag from /opt/airflow/dags/idp.py
[2025-02-01T06:47:46.660+0000] {processor.py:925} INFO - DAG(s) 'idp' retrieved from /opt/airflow/dags/idp.py
[2025-02-01T06:47:46.680+0000] {logging_mixin.py:190} INFO - [2025-02-01T06:47:46.680+0000] {dag.py:3239} INFO - Sync 1 DAGs
[2025-02-01T06:47:46.699+0000] {logging_mixin.py:190} INFO - [2025-02-01T06:47:46.699+0000] {dag.py:4180} INFO - Setting next_dagrun for idp to 2025-02-01 00:00:00+00:00, run_after=2025-02-02 00:00:00+00:00
[2025-02-01T06:47:46.715+0000] {processor.py:208} INFO - Processing /opt/airflow/dags/idp.py took 0.181 seconds
[2025-02-01T06:48:16.910+0000] {processor.py:186} INFO - Started process (PID=309) to work on /opt/airflow/dags/idp.py
[2025-02-01T06:48:16.912+0000] {processor.py:914} INFO - Processing file /opt/airflow/dags/idp.py for tasks to queue
[2025-02-01T06:48:16.917+0000] {logging_mixin.py:190} INFO - [2025-02-01T06:48:16.917+0000] {dagbag.py:588} INFO - Filling up the DagBag from /opt/airflow/dags/idp.py
[2025-02-01T06:48:17.022+0000] {processor.py:925} INFO - DAG(s) 'idp' retrieved from /opt/airflow/dags/idp.py
[2025-02-01T06:48:17.044+0000] {logging_mixin.py:190} INFO - [2025-02-01T06:48:17.043+0000] {dag.py:3239} INFO - Sync 1 DAGs
[2025-02-01T06:48:17.063+0000] {logging_mixin.py:190} INFO - [2025-02-01T06:48:17.063+0000] {dag.py:4180} INFO - Setting next_dagrun for idp to 2025-02-01 00:00:00+00:00, run_after=2025-02-02 00:00:00+00:00
[2025-02-01T06:48:17.084+0000] {processor.py:208} INFO - Processing /opt/airflow/dags/idp.py took 0.187 seconds
[2025-02-01T06:48:47.492+0000] {processor.py:186} INFO - Started process (PID=375) to work on /opt/airflow/dags/idp.py
[2025-02-01T06:48:47.495+0000] {processor.py:914} INFO - Processing file /opt/airflow/dags/idp.py for tasks to queue
[2025-02-01T06:48:47.498+0000] {logging_mixin.py:190} INFO - [2025-02-01T06:48:47.497+0000] {dagbag.py:588} INFO - Filling up the DagBag from /opt/airflow/dags/idp.py
[2025-02-01T06:48:47.580+0000] {processor.py:925} INFO - DAG(s) 'idp' retrieved from /opt/airflow/dags/idp.py
[2025-02-01T06:48:47.605+0000] {logging_mixin.py:190} INFO - [2025-02-01T06:48:47.604+0000] {dag.py:3239} INFO - Sync 1 DAGs
[2025-02-01T06:48:47.622+0000] {logging_mixin.py:190} INFO - [2025-02-01T06:48:47.622+0000] {dag.py:4180} INFO - Setting next_dagrun for idp to 2025-02-01 00:00:00+00:00, run_after=2025-02-02 00:00:00+00:00
[2025-02-01T06:48:47.637+0000] {processor.py:208} INFO - Processing /opt/airflow/dags/idp.py took 0.154 seconds
[2025-02-01T06:49:17.850+0000] {processor.py:186} INFO - Started process (PID=441) to work on /opt/airflow/dags/idp.py
[2025-02-01T06:49:17.854+0000] {processor.py:914} INFO - Processing file /opt/airflow/dags/idp.py for tasks to queue
[2025-02-01T06:49:17.861+0000] {logging_mixin.py:190} INFO - [2025-02-01T06:49:17.860+0000] {dagbag.py:588} INFO - Filling up the DagBag from /opt/airflow/dags/idp.py
[2025-02-01T06:49:17.946+0000] {processor.py:925} INFO - DAG(s) 'idp' retrieved from /opt/airflow/dags/idp.py
[2025-02-01T06:49:17.965+0000] {logging_mixin.py:190} INFO - [2025-02-01T06:49:17.964+0000] {dag.py:3239} INFO - Sync 1 DAGs
[2025-02-01T06:49:17.984+0000] {logging_mixin.py:190} INFO - [2025-02-01T06:49:17.984+0000] {dag.py:4180} INFO - Setting next_dagrun for idp to 2025-02-01 00:00:00+00:00, run_after=2025-02-02 00:00:00+00:00
[2025-02-01T06:49:18.000+0000] {processor.py:208} INFO - Processing /opt/airflow/dags/idp.py took 0.158 seconds
[2025-02-01T06:49:48.484+0000] {processor.py:186} INFO - Started process (PID=507) to work on /opt/airflow/dags/idp.py
[2025-02-01T06:49:48.487+0000] {processor.py:914} INFO - Processing file /opt/airflow/dags/idp.py for tasks to queue
[2025-02-01T06:49:48.495+0000] {logging_mixin.py:190} INFO - [2025-02-01T06:49:48.495+0000] {dagbag.py:588} INFO - Filling up the DagBag from /opt/airflow/dags/idp.py
[2025-02-01T06:49:48.607+0000] {processor.py:925} INFO - DAG(s) 'idp' retrieved from /opt/airflow/dags/idp.py
[2025-02-01T06:49:48.639+0000] {logging_mixin.py:190} INFO - [2025-02-01T06:49:48.639+0000] {dag.py:3239} INFO - Sync 1 DAGs
[2025-02-01T06:49:48.666+0000] {logging_mixin.py:190} INFO - [2025-02-01T06:49:48.666+0000] {dag.py:4180} INFO - Setting next_dagrun for idp to 2025-02-01 00:00:00+00:00, run_after=2025-02-02 00:00:00+00:00
[2025-02-01T06:49:48.681+0000] {processor.py:208} INFO - Processing /opt/airflow/dags/idp.py took 0.210 seconds
[2025-02-01T06:50:19.401+0000] {processor.py:186} INFO - Started process (PID=573) to work on /opt/airflow/dags/idp.py
[2025-02-01T06:50:19.404+0000] {processor.py:914} INFO - Processing file /opt/airflow/dags/idp.py for tasks to queue
[2025-02-01T06:50:19.408+0000] {logging_mixin.py:190} INFO - [2025-02-01T06:50:19.408+0000] {dagbag.py:588} INFO - Filling up the DagBag from /opt/airflow/dags/idp.py
[2025-02-01T06:50:19.517+0000] {processor.py:925} INFO - DAG(s) 'idp' retrieved from /opt/airflow/dags/idp.py
[2025-02-01T06:50:19.535+0000] {logging_mixin.py:190} INFO - [2025-02-01T06:50:19.535+0000] {dag.py:3239} INFO - Sync 1 DAGs
[2025-02-01T06:50:19.554+0000] {logging_mixin.py:190} INFO - [2025-02-01T06:50:19.554+0000] {dag.py:4180} INFO - Setting next_dagrun for idp to 2025-02-01 00:00:00+00:00, run_after=2025-02-02 00:00:00+00:00
[2025-02-01T06:50:19.568+0000] {processor.py:208} INFO - Processing /opt/airflow/dags/idp.py took 0.189 seconds
[2025-02-01T06:50:49.974+0000] {processor.py:186} INFO - Started process (PID=639) to work on /opt/airflow/dags/idp.py
[2025-02-01T06:50:49.978+0000] {processor.py:914} INFO - Processing file /opt/airflow/dags/idp.py for tasks to queue
[2025-02-01T06:50:49.984+0000] {logging_mixin.py:190} INFO - [2025-02-01T06:50:49.984+0000] {dagbag.py:588} INFO - Filling up the DagBag from /opt/airflow/dags/idp.py
[2025-02-01T06:50:50.085+0000] {processor.py:925} INFO - DAG(s) 'idp' retrieved from /opt/airflow/dags/idp.py
[2025-02-01T06:50:50.117+0000] {logging_mixin.py:190} INFO - [2025-02-01T06:50:50.117+0000] {dag.py:3239} INFO - Sync 1 DAGs
[2025-02-01T06:50:50.139+0000] {logging_mixin.py:190} INFO - [2025-02-01T06:50:50.139+0000] {dag.py:4180} INFO - Setting next_dagrun for idp to 2025-02-01 00:00:00+00:00, run_after=2025-02-02 00:00:00+00:00
[2025-02-01T06:50:50.154+0000] {processor.py:208} INFO - Processing /opt/airflow/dags/idp.py took 0.195 seconds
[2025-02-01T06:51:20.693+0000] {processor.py:186} INFO - Started process (PID=705) to work on /opt/airflow/dags/idp.py
[2025-02-01T06:51:20.694+0000] {processor.py:914} INFO - Processing file /opt/airflow/dags/idp.py for tasks to queue
[2025-02-01T06:51:20.699+0000] {logging_mixin.py:190} INFO - [2025-02-01T06:51:20.698+0000] {dagbag.py:588} INFO - Filling up the DagBag from /opt/airflow/dags/idp.py
[2025-02-01T06:51:20.786+0000] {processor.py:925} INFO - DAG(s) 'idp' retrieved from /opt/airflow/dags/idp.py
[2025-02-01T06:51:20.812+0000] {logging_mixin.py:190} INFO - [2025-02-01T06:51:20.811+0000] {dag.py:3239} INFO - Sync 1 DAGs
[2025-02-01T06:51:20.840+0000] {logging_mixin.py:190} INFO - [2025-02-01T06:51:20.840+0000] {dag.py:4180} INFO - Setting next_dagrun for idp to 2025-02-01 00:00:00+00:00, run_after=2025-02-02 00:00:00+00:00
[2025-02-01T06:51:20.854+0000] {processor.py:208} INFO - Processing /opt/airflow/dags/idp.py took 0.172 seconds
[2025-02-01T06:51:51.209+0000] {processor.py:186} INFO - Started process (PID=771) to work on /opt/airflow/dags/idp.py
[2025-02-01T06:51:51.218+0000] {processor.py:914} INFO - Processing file /opt/airflow/dags/idp.py for tasks to queue
[2025-02-01T06:51:51.232+0000] {logging_mixin.py:190} INFO - [2025-02-01T06:51:51.231+0000] {dagbag.py:588} INFO - Filling up the DagBag from /opt/airflow/dags/idp.py
[2025-02-01T06:51:51.341+0000] {processor.py:925} INFO - DAG(s) 'idp' retrieved from /opt/airflow/dags/idp.py
[2025-02-01T06:51:51.374+0000] {logging_mixin.py:190} INFO - [2025-02-01T06:51:51.374+0000] {dag.py:3239} INFO - Sync 1 DAGs
[2025-02-01T06:51:51.394+0000] {logging_mixin.py:190} INFO - [2025-02-01T06:51:51.394+0000] {dag.py:4180} INFO - Setting next_dagrun for idp to 2025-02-01 00:00:00+00:00, run_after=2025-02-02 00:00:00+00:00
[2025-02-01T06:51:51.410+0000] {processor.py:208} INFO - Processing /opt/airflow/dags/idp.py took 0.218 seconds
[2025-02-01T06:52:22.109+0000] {processor.py:186} INFO - Started process (PID=837) to work on /opt/airflow/dags/idp.py
[2025-02-01T06:52:22.115+0000] {processor.py:914} INFO - Processing file /opt/airflow/dags/idp.py for tasks to queue
[2025-02-01T06:52:22.120+0000] {logging_mixin.py:190} INFO - [2025-02-01T06:52:22.119+0000] {dagbag.py:588} INFO - Filling up the DagBag from /opt/airflow/dags/idp.py
[2025-02-01T06:52:22.211+0000] {processor.py:925} INFO - DAG(s) 'idp' retrieved from /opt/airflow/dags/idp.py
[2025-02-01T06:52:22.236+0000] {logging_mixin.py:190} INFO - [2025-02-01T06:52:22.236+0000] {dag.py:3239} INFO - Sync 1 DAGs
[2025-02-01T06:52:22.253+0000] {logging_mixin.py:190} INFO - [2025-02-01T06:52:22.253+0000] {dag.py:4180} INFO - Setting next_dagrun for idp to 2025-02-01 00:00:00+00:00, run_after=2025-02-02 00:00:00+00:00
[2025-02-01T06:52:22.266+0000] {processor.py:208} INFO - Processing /opt/airflow/dags/idp.py took 0.171 seconds
[2025-02-01T06:52:52.556+0000] {processor.py:186} INFO - Started process (PID=902) to work on /opt/airflow/dags/idp.py
[2025-02-01T06:52:52.557+0000] {processor.py:914} INFO - Processing file /opt/airflow/dags/idp.py for tasks to queue
[2025-02-01T06:52:52.563+0000] {logging_mixin.py:190} INFO - [2025-02-01T06:52:52.562+0000] {dagbag.py:588} INFO - Filling up the DagBag from /opt/airflow/dags/idp.py
[2025-02-01T06:52:52.636+0000] {processor.py:925} INFO - DAG(s) 'idp' retrieved from /opt/airflow/dags/idp.py
[2025-02-01T06:52:52.661+0000] {logging_mixin.py:190} INFO - [2025-02-01T06:52:52.661+0000] {dag.py:3239} INFO - Sync 1 DAGs
[2025-02-01T06:52:52.681+0000] {logging_mixin.py:190} INFO - [2025-02-01T06:52:52.681+0000] {dag.py:4180} INFO - Setting next_dagrun for idp to 2025-02-01 00:00:00+00:00, run_after=2025-02-02 00:00:00+00:00
[2025-02-01T06:52:52.694+0000] {processor.py:208} INFO - Processing /opt/airflow/dags/idp.py took 0.147 seconds
[2025-02-01T06:53:23.736+0000] {processor.py:186} INFO - Started process (PID=968) to work on /opt/airflow/dags/idp.py
[2025-02-01T06:53:23.737+0000] {processor.py:914} INFO - Processing file /opt/airflow/dags/idp.py for tasks to queue
[2025-02-01T06:53:23.742+0000] {logging_mixin.py:190} INFO - [2025-02-01T06:53:23.742+0000] {dagbag.py:588} INFO - Filling up the DagBag from /opt/airflow/dags/idp.py
[2025-02-01T06:53:23.822+0000] {processor.py:925} INFO - DAG(s) 'idp' retrieved from /opt/airflow/dags/idp.py
[2025-02-01T06:53:23.852+0000] {logging_mixin.py:190} INFO - [2025-02-01T06:53:23.851+0000] {dag.py:3239} INFO - Sync 1 DAGs
[2025-02-01T06:53:23.875+0000] {logging_mixin.py:190} INFO - [2025-02-01T06:53:23.875+0000] {dag.py:4180} INFO - Setting next_dagrun for idp to 2025-02-01 00:00:00+00:00, run_after=2025-02-02 00:00:00+00:00
[2025-02-01T06:53:23.889+0000] {processor.py:208} INFO - Processing /opt/airflow/dags/idp.py took 0.168 seconds
[2025-02-01T06:53:54.324+0000] {processor.py:186} INFO - Started process (PID=1034) to work on /opt/airflow/dags/idp.py
[2025-02-01T06:53:54.326+0000] {processor.py:914} INFO - Processing file /opt/airflow/dags/idp.py for tasks to queue
[2025-02-01T06:53:54.332+0000] {logging_mixin.py:190} INFO - [2025-02-01T06:53:54.331+0000] {dagbag.py:588} INFO - Filling up the DagBag from /opt/airflow/dags/idp.py
[2025-02-01T06:53:54.421+0000] {processor.py:925} INFO - DAG(s) 'idp' retrieved from /opt/airflow/dags/idp.py
[2025-02-01T06:53:54.451+0000] {logging_mixin.py:190} INFO - [2025-02-01T06:53:54.451+0000] {dag.py:3239} INFO - Sync 1 DAGs
[2025-02-01T06:53:54.474+0000] {logging_mixin.py:190} INFO - [2025-02-01T06:53:54.473+0000] {dag.py:4180} INFO - Setting next_dagrun for idp to 2025-02-01 00:00:00+00:00, run_after=2025-02-02 00:00:00+00:00
[2025-02-01T06:53:54.499+0000] {processor.py:208} INFO - Processing /opt/airflow/dags/idp.py took 0.188 seconds
[2025-02-01T06:54:25.150+0000] {processor.py:186} INFO - Started process (PID=1100) to work on /opt/airflow/dags/idp.py
[2025-02-01T06:54:25.151+0000] {processor.py:914} INFO - Processing file /opt/airflow/dags/idp.py for tasks to queue
[2025-02-01T06:54:25.157+0000] {logging_mixin.py:190} INFO - [2025-02-01T06:54:25.157+0000] {dagbag.py:588} INFO - Filling up the DagBag from /opt/airflow/dags/idp.py
[2025-02-01T06:54:25.233+0000] {processor.py:925} INFO - DAG(s) 'idp' retrieved from /opt/airflow/dags/idp.py
[2025-02-01T06:54:25.252+0000] {logging_mixin.py:190} INFO - [2025-02-01T06:54:25.252+0000] {dag.py:3239} INFO - Sync 1 DAGs
[2025-02-01T06:54:25.276+0000] {logging_mixin.py:190} INFO - [2025-02-01T06:54:25.276+0000] {dag.py:4180} INFO - Setting next_dagrun for idp to 2025-02-01 00:00:00+00:00, run_after=2025-02-02 00:00:00+00:00
[2025-02-01T06:54:25.289+0000] {processor.py:208} INFO - Processing /opt/airflow/dags/idp.py took 0.155 seconds
[2025-02-01T06:54:55.704+0000] {processor.py:186} INFO - Started process (PID=1166) to work on /opt/airflow/dags/idp.py
[2025-02-01T06:54:55.707+0000] {processor.py:914} INFO - Processing file /opt/airflow/dags/idp.py for tasks to queue
[2025-02-01T06:54:55.714+0000] {logging_mixin.py:190} INFO - [2025-02-01T06:54:55.714+0000] {dagbag.py:588} INFO - Filling up the DagBag from /opt/airflow/dags/idp.py
[2025-02-01T06:54:55.803+0000] {processor.py:925} INFO - DAG(s) 'idp' retrieved from /opt/airflow/dags/idp.py
[2025-02-01T06:54:55.831+0000] {logging_mixin.py:190} INFO - [2025-02-01T06:54:55.830+0000] {dag.py:3239} INFO - Sync 1 DAGs
[2025-02-01T06:54:55.851+0000] {logging_mixin.py:190} INFO - [2025-02-01T06:54:55.851+0000] {dag.py:4180} INFO - Setting next_dagrun for idp to 2025-02-01 00:00:00+00:00, run_after=2025-02-02 00:00:00+00:00
[2025-02-01T06:54:55.868+0000] {processor.py:208} INFO - Processing /opt/airflow/dags/idp.py took 0.180 seconds
[2025-02-01T06:55:26.336+0000] {processor.py:186} INFO - Started process (PID=1232) to work on /opt/airflow/dags/idp.py
[2025-02-01T06:55:26.338+0000] {processor.py:914} INFO - Processing file /opt/airflow/dags/idp.py for tasks to queue
[2025-02-01T06:55:26.344+0000] {logging_mixin.py:190} INFO - [2025-02-01T06:55:26.343+0000] {dagbag.py:588} INFO - Filling up the DagBag from /opt/airflow/dags/idp.py
[2025-02-01T06:55:26.415+0000] {processor.py:925} INFO - DAG(s) 'idp' retrieved from /opt/airflow/dags/idp.py
[2025-02-01T06:55:26.441+0000] {logging_mixin.py:190} INFO - [2025-02-01T06:55:26.441+0000] {dag.py:3239} INFO - Sync 1 DAGs
[2025-02-01T06:55:26.457+0000] {logging_mixin.py:190} INFO - [2025-02-01T06:55:26.457+0000] {dag.py:4180} INFO - Setting next_dagrun for idp to 2025-02-01 00:00:00+00:00, run_after=2025-02-02 00:00:00+00:00
[2025-02-01T06:55:26.470+0000] {processor.py:208} INFO - Processing /opt/airflow/dags/idp.py took 0.154 seconds
[2025-02-01T06:55:57.122+0000] {processor.py:186} INFO - Started process (PID=1298) to work on /opt/airflow/dags/idp.py
[2025-02-01T06:55:57.123+0000] {processor.py:914} INFO - Processing file /opt/airflow/dags/idp.py for tasks to queue
[2025-02-01T06:55:57.128+0000] {logging_mixin.py:190} INFO - [2025-02-01T06:55:57.127+0000] {dagbag.py:588} INFO - Filling up the DagBag from /opt/airflow/dags/idp.py
[2025-02-01T06:55:57.198+0000] {processor.py:925} INFO - DAG(s) 'idp' retrieved from /opt/airflow/dags/idp.py
[2025-02-01T06:55:57.222+0000] {logging_mixin.py:190} INFO - [2025-02-01T06:55:57.222+0000] {dag.py:3239} INFO - Sync 1 DAGs
[2025-02-01T06:55:57.242+0000] {logging_mixin.py:190} INFO - [2025-02-01T06:55:57.242+0000] {dag.py:4180} INFO - Setting next_dagrun for idp to 2025-02-01 00:00:00+00:00, run_after=2025-02-02 00:00:00+00:00
[2025-02-01T06:55:57.258+0000] {processor.py:208} INFO - Processing /opt/airflow/dags/idp.py took 0.144 seconds
[2025-02-01T06:56:27.776+0000] {processor.py:186} INFO - Started process (PID=1364) to work on /opt/airflow/dags/idp.py
[2025-02-01T06:56:27.777+0000] {processor.py:914} INFO - Processing file /opt/airflow/dags/idp.py for tasks to queue
[2025-02-01T06:56:27.781+0000] {logging_mixin.py:190} INFO - [2025-02-01T06:56:27.781+0000] {dagbag.py:588} INFO - Filling up the DagBag from /opt/airflow/dags/idp.py
[2025-02-01T06:56:27.845+0000] {processor.py:925} INFO - DAG(s) 'idp' retrieved from /opt/airflow/dags/idp.py
[2025-02-01T06:56:27.860+0000] {logging_mixin.py:190} INFO - [2025-02-01T06:56:27.860+0000] {dag.py:3239} INFO - Sync 1 DAGs
[2025-02-01T06:56:27.878+0000] {logging_mixin.py:190} INFO - [2025-02-01T06:56:27.878+0000] {dag.py:4180} INFO - Setting next_dagrun for idp to 2025-02-01 00:00:00+00:00, run_after=2025-02-02 00:00:00+00:00
[2025-02-01T06:56:27.893+0000] {processor.py:208} INFO - Processing /opt/airflow/dags/idp.py took 0.124 seconds
[2025-02-01T06:56:58.815+0000] {processor.py:186} INFO - Started process (PID=1430) to work on /opt/airflow/dags/idp.py
[2025-02-01T06:56:58.817+0000] {processor.py:914} INFO - Processing file /opt/airflow/dags/idp.py for tasks to queue
[2025-02-01T06:56:58.823+0000] {logging_mixin.py:190} INFO - [2025-02-01T06:56:58.823+0000] {dagbag.py:588} INFO - Filling up the DagBag from /opt/airflow/dags/idp.py
[2025-02-01T06:56:58.900+0000] {processor.py:925} INFO - DAG(s) 'idp' retrieved from /opt/airflow/dags/idp.py
[2025-02-01T06:56:58.928+0000] {logging_mixin.py:190} INFO - [2025-02-01T06:56:58.928+0000] {dag.py:3239} INFO - Sync 1 DAGs
[2025-02-01T06:56:58.949+0000] {logging_mixin.py:190} INFO - [2025-02-01T06:56:58.949+0000] {dag.py:4180} INFO - Setting next_dagrun for idp to 2025-02-01 00:00:00+00:00, run_after=2025-02-02 00:00:00+00:00
[2025-02-01T06:56:58.963+0000] {processor.py:208} INFO - Processing /opt/airflow/dags/idp.py took 0.161 seconds
[2025-02-01T06:57:29.784+0000] {processor.py:186} INFO - Started process (PID=1496) to work on /opt/airflow/dags/idp.py
[2025-02-01T06:57:29.785+0000] {processor.py:914} INFO - Processing file /opt/airflow/dags/idp.py for tasks to queue
[2025-02-01T06:57:29.792+0000] {logging_mixin.py:190} INFO - [2025-02-01T06:57:29.790+0000] {dagbag.py:588} INFO - Filling up the DagBag from /opt/airflow/dags/idp.py
[2025-02-01T06:57:29.866+0000] {processor.py:925} INFO - DAG(s) 'idp' retrieved from /opt/airflow/dags/idp.py
[2025-02-01T06:57:29.884+0000] {logging_mixin.py:190} INFO - [2025-02-01T06:57:29.884+0000] {dag.py:3239} INFO - Sync 1 DAGs
[2025-02-01T06:57:29.911+0000] {logging_mixin.py:190} INFO - [2025-02-01T06:57:29.911+0000] {dag.py:4180} INFO - Setting next_dagrun for idp to 2025-02-01 00:00:00+00:00, run_after=2025-02-02 00:00:00+00:00
[2025-02-01T06:57:29.925+0000] {processor.py:208} INFO - Processing /opt/airflow/dags/idp.py took 0.148 seconds
[2025-02-01T06:58:00.430+0000] {processor.py:186} INFO - Started process (PID=1562) to work on /opt/airflow/dags/idp.py
[2025-02-01T06:58:00.431+0000] {processor.py:914} INFO - Processing file /opt/airflow/dags/idp.py for tasks to queue
[2025-02-01T06:58:00.437+0000] {logging_mixin.py:190} INFO - [2025-02-01T06:58:00.436+0000] {dagbag.py:588} INFO - Filling up the DagBag from /opt/airflow/dags/idp.py
[2025-02-01T06:58:00.530+0000] {processor.py:925} INFO - DAG(s) 'idp' retrieved from /opt/airflow/dags/idp.py
[2025-02-01T06:58:00.557+0000] {logging_mixin.py:190} INFO - [2025-02-01T06:58:00.557+0000] {dag.py:3239} INFO - Sync 1 DAGs
[2025-02-01T06:58:00.578+0000] {logging_mixin.py:190} INFO - [2025-02-01T06:58:00.578+0000] {dag.py:4180} INFO - Setting next_dagrun for idp to 2025-02-01 00:00:00+00:00, run_after=2025-02-02 00:00:00+00:00
[2025-02-01T06:58:00.595+0000] {processor.py:208} INFO - Processing /opt/airflow/dags/idp.py took 0.174 seconds
[2025-02-01T06:58:30.860+0000] {processor.py:186} INFO - Started process (PID=1628) to work on /opt/airflow/dags/idp.py
[2025-02-01T06:58:30.863+0000] {processor.py:914} INFO - Processing file /opt/airflow/dags/idp.py for tasks to queue
[2025-02-01T06:58:30.869+0000] {logging_mixin.py:190} INFO - [2025-02-01T06:58:30.867+0000] {dagbag.py:588} INFO - Filling up the DagBag from /opt/airflow/dags/idp.py
[2025-02-01T06:58:30.968+0000] {processor.py:925} INFO - DAG(s) 'idp' retrieved from /opt/airflow/dags/idp.py
[2025-02-01T06:58:30.991+0000] {logging_mixin.py:190} INFO - [2025-02-01T06:58:30.991+0000] {dag.py:3239} INFO - Sync 1 DAGs
[2025-02-01T06:58:31.013+0000] {logging_mixin.py:190} INFO - [2025-02-01T06:58:31.013+0000] {dag.py:4180} INFO - Setting next_dagrun for idp to 2025-02-01 00:00:00+00:00, run_after=2025-02-02 00:00:00+00:00
[2025-02-01T06:58:31.031+0000] {processor.py:208} INFO - Processing /opt/airflow/dags/idp.py took 0.183 seconds
[2025-02-01T06:59:01.999+0000] {processor.py:186} INFO - Started process (PID=1694) to work on /opt/airflow/dags/idp.py
[2025-02-01T06:59:02.007+0000] {processor.py:914} INFO - Processing file /opt/airflow/dags/idp.py for tasks to queue
[2025-02-01T06:59:02.015+0000] {logging_mixin.py:190} INFO - [2025-02-01T06:59:02.014+0000] {dagbag.py:588} INFO - Filling up the DagBag from /opt/airflow/dags/idp.py
[2025-02-01T06:59:02.129+0000] {processor.py:925} INFO - DAG(s) 'idp' retrieved from /opt/airflow/dags/idp.py
[2025-02-01T06:59:02.163+0000] {logging_mixin.py:190} INFO - [2025-02-01T06:59:02.163+0000] {dag.py:3239} INFO - Sync 1 DAGs
[2025-02-01T06:59:02.187+0000] {logging_mixin.py:190} INFO - [2025-02-01T06:59:02.187+0000] {dag.py:4180} INFO - Setting next_dagrun for idp to 2025-02-01 00:00:00+00:00, run_after=2025-02-02 00:00:00+00:00
[2025-02-01T06:59:02.204+0000] {processor.py:208} INFO - Processing /opt/airflow/dags/idp.py took 0.223 seconds
[2025-02-01T06:59:33.050+0000] {processor.py:186} INFO - Started process (PID=1760) to work on /opt/airflow/dags/idp.py
[2025-02-01T06:59:33.053+0000] {processor.py:914} INFO - Processing file /opt/airflow/dags/idp.py for tasks to queue
[2025-02-01T06:59:33.059+0000] {logging_mixin.py:190} INFO - [2025-02-01T06:59:33.058+0000] {dagbag.py:588} INFO - Filling up the DagBag from /opt/airflow/dags/idp.py
[2025-02-01T06:59:33.151+0000] {processor.py:925} INFO - DAG(s) 'idp' retrieved from /opt/airflow/dags/idp.py
[2025-02-01T06:59:33.171+0000] {logging_mixin.py:190} INFO - [2025-02-01T06:59:33.171+0000] {dag.py:3239} INFO - Sync 1 DAGs
[2025-02-01T06:59:33.190+0000] {logging_mixin.py:190} INFO - [2025-02-01T06:59:33.190+0000] {dag.py:4180} INFO - Setting next_dagrun for idp to 2025-02-01 00:00:00+00:00, run_after=2025-02-02 00:00:00+00:00
[2025-02-01T06:59:33.203+0000] {processor.py:208} INFO - Processing /opt/airflow/dags/idp.py took 0.161 seconds
[2025-02-01T07:00:04.145+0000] {processor.py:186} INFO - Started process (PID=1826) to work on /opt/airflow/dags/idp.py
[2025-02-01T07:00:04.148+0000] {processor.py:914} INFO - Processing file /opt/airflow/dags/idp.py for tasks to queue
[2025-02-01T07:00:04.153+0000] {logging_mixin.py:190} INFO - [2025-02-01T07:00:04.152+0000] {dagbag.py:588} INFO - Filling up the DagBag from /opt/airflow/dags/idp.py
[2025-02-01T07:00:04.231+0000] {processor.py:925} INFO - DAG(s) 'idp' retrieved from /opt/airflow/dags/idp.py
[2025-02-01T07:00:04.247+0000] {logging_mixin.py:190} INFO - [2025-02-01T07:00:04.246+0000] {dag.py:3239} INFO - Sync 1 DAGs
[2025-02-01T07:00:04.267+0000] {logging_mixin.py:190} INFO - [2025-02-01T07:00:04.267+0000] {dag.py:4180} INFO - Setting next_dagrun for idp to 2025-02-01 00:00:00+00:00, run_after=2025-02-02 00:00:00+00:00
[2025-02-01T07:00:04.282+0000] {processor.py:208} INFO - Processing /opt/airflow/dags/idp.py took 0.150 seconds
[2025-02-01T07:00:35.143+0000] {processor.py:186} INFO - Started process (PID=1892) to work on /opt/airflow/dags/idp.py
[2025-02-01T07:00:35.144+0000] {processor.py:914} INFO - Processing file /opt/airflow/dags/idp.py for tasks to queue
[2025-02-01T07:00:35.149+0000] {logging_mixin.py:190} INFO - [2025-02-01T07:00:35.149+0000] {dagbag.py:588} INFO - Filling up the DagBag from /opt/airflow/dags/idp.py
[2025-02-01T07:00:35.226+0000] {processor.py:925} INFO - DAG(s) 'idp' retrieved from /opt/airflow/dags/idp.py
[2025-02-01T07:00:35.245+0000] {logging_mixin.py:190} INFO - [2025-02-01T07:00:35.245+0000] {dag.py:3239} INFO - Sync 1 DAGs
[2025-02-01T07:00:35.266+0000] {logging_mixin.py:190} INFO - [2025-02-01T07:00:35.266+0000] {dag.py:4180} INFO - Setting next_dagrun for idp to 2025-02-01 00:00:00+00:00, run_after=2025-02-02 00:00:00+00:00
[2025-02-01T07:00:35.282+0000] {processor.py:208} INFO - Processing /opt/airflow/dags/idp.py took 0.148 seconds
[2025-02-01T07:01:05.866+0000] {processor.py:186} INFO - Started process (PID=1958) to work on /opt/airflow/dags/idp.py
[2025-02-01T07:01:05.868+0000] {processor.py:914} INFO - Processing file /opt/airflow/dags/idp.py for tasks to queue
[2025-02-01T07:01:05.876+0000] {logging_mixin.py:190} INFO - [2025-02-01T07:01:05.875+0000] {dagbag.py:588} INFO - Filling up the DagBag from /opt/airflow/dags/idp.py
[2025-02-01T07:01:05.968+0000] {processor.py:925} INFO - DAG(s) 'idp' retrieved from /opt/airflow/dags/idp.py
[2025-02-01T07:01:05.996+0000] {logging_mixin.py:190} INFO - [2025-02-01T07:01:05.996+0000] {dag.py:3239} INFO - Sync 1 DAGs
[2025-02-01T07:01:06.022+0000] {logging_mixin.py:190} INFO - [2025-02-01T07:01:06.022+0000] {dag.py:4180} INFO - Setting next_dagrun for idp to 2025-02-01 00:00:00+00:00, run_after=2025-02-02 00:00:00+00:00
[2025-02-01T07:01:06.042+0000] {processor.py:208} INFO - Processing /opt/airflow/dags/idp.py took 0.190 seconds
[2025-02-01T07:01:36.573+0000] {processor.py:186} INFO - Started process (PID=2024) to work on /opt/airflow/dags/idp.py
[2025-02-01T07:01:36.576+0000] {processor.py:914} INFO - Processing file /opt/airflow/dags/idp.py for tasks to queue
[2025-02-01T07:01:36.583+0000] {logging_mixin.py:190} INFO - [2025-02-01T07:01:36.583+0000] {dagbag.py:588} INFO - Filling up the DagBag from /opt/airflow/dags/idp.py
[2025-02-01T07:01:36.704+0000] {processor.py:925} INFO - DAG(s) 'idp' retrieved from /opt/airflow/dags/idp.py
[2025-02-01T07:01:36.726+0000] {logging_mixin.py:190} INFO - [2025-02-01T07:01:36.726+0000] {dag.py:3239} INFO - Sync 1 DAGs
[2025-02-01T07:01:36.751+0000] {logging_mixin.py:190} INFO - [2025-02-01T07:01:36.751+0000] {dag.py:4180} INFO - Setting next_dagrun for idp to 2025-02-01 00:00:00+00:00, run_after=2025-02-02 00:00:00+00:00
[2025-02-01T07:01:36.774+0000] {processor.py:208} INFO - Processing /opt/airflow/dags/idp.py took 0.222 seconds
[2025-02-01T07:02:07.463+0000] {processor.py:186} INFO - Started process (PID=2090) to work on /opt/airflow/dags/idp.py
[2025-02-01T07:02:07.464+0000] {processor.py:914} INFO - Processing file /opt/airflow/dags/idp.py for tasks to queue
[2025-02-01T07:02:07.474+0000] {logging_mixin.py:190} INFO - [2025-02-01T07:02:07.473+0000] {dagbag.py:588} INFO - Filling up the DagBag from /opt/airflow/dags/idp.py
[2025-02-01T07:02:07.578+0000] {processor.py:925} INFO - DAG(s) 'idp' retrieved from /opt/airflow/dags/idp.py
[2025-02-01T07:02:07.608+0000] {logging_mixin.py:190} INFO - [2025-02-01T07:02:07.607+0000] {dag.py:3239} INFO - Sync 1 DAGs
[2025-02-01T07:02:07.636+0000] {logging_mixin.py:190} INFO - [2025-02-01T07:02:07.636+0000] {dag.py:4180} INFO - Setting next_dagrun for idp to 2025-02-01 00:00:00+00:00, run_after=2025-02-02 00:00:00+00:00
[2025-02-01T07:02:07.652+0000] {processor.py:208} INFO - Processing /opt/airflow/dags/idp.py took 0.211 seconds
[2025-02-01T07:04:06.612+0000] {processor.py:186} INFO - Started process (PID=42) to work on /opt/airflow/dags/idp.py
[2025-02-01T07:04:06.613+0000] {processor.py:914} INFO - Processing file /opt/airflow/dags/idp.py for tasks to queue
[2025-02-01T07:04:06.619+0000] {logging_mixin.py:190} INFO - [2025-02-01T07:04:06.619+0000] {dagbag.py:588} INFO - Filling up the DagBag from /opt/airflow/dags/idp.py
[2025-02-01T07:04:06.766+0000] {processor.py:925} INFO - DAG(s) 'idp' retrieved from /opt/airflow/dags/idp.py
[2025-02-01T07:04:06.803+0000] {logging_mixin.py:190} INFO - [2025-02-01T07:04:06.802+0000] {dag.py:3239} INFO - Sync 1 DAGs
[2025-02-01T07:04:06.864+0000] {logging_mixin.py:190} INFO - [2025-02-01T07:04:06.864+0000] {dag.py:4180} INFO - Setting next_dagrun for idp to 2025-02-01 00:00:00+00:00, run_after=2025-02-02 00:00:00+00:00
[2025-02-01T07:04:06.888+0000] {processor.py:208} INFO - Processing /opt/airflow/dags/idp.py took 0.287 seconds
[2025-02-01T07:04:37.178+0000] {processor.py:186} INFO - Started process (PID=114) to work on /opt/airflow/dags/idp.py
[2025-02-01T07:04:37.180+0000] {processor.py:914} INFO - Processing file /opt/airflow/dags/idp.py for tasks to queue
[2025-02-01T07:04:37.187+0000] {logging_mixin.py:190} INFO - [2025-02-01T07:04:37.186+0000] {dagbag.py:588} INFO - Filling up the DagBag from /opt/airflow/dags/idp.py
[2025-02-01T07:04:37.277+0000] {processor.py:925} INFO - DAG(s) 'idp' retrieved from /opt/airflow/dags/idp.py
[2025-02-01T07:04:37.309+0000] {logging_mixin.py:190} INFO - [2025-02-01T07:04:37.309+0000] {dag.py:3239} INFO - Sync 1 DAGs
[2025-02-01T07:04:37.332+0000] {logging_mixin.py:190} INFO - [2025-02-01T07:04:37.332+0000] {dag.py:4180} INFO - Setting next_dagrun for idp to 2025-02-01 00:00:00+00:00, run_after=2025-02-02 00:00:00+00:00
[2025-02-01T07:04:37.350+0000] {processor.py:208} INFO - Processing /opt/airflow/dags/idp.py took 0.182 seconds
[2025-02-01T07:05:07.918+0000] {processor.py:186} INFO - Started process (PID=180) to work on /opt/airflow/dags/idp.py
[2025-02-01T07:05:07.921+0000] {processor.py:914} INFO - Processing file /opt/airflow/dags/idp.py for tasks to queue
[2025-02-01T07:05:07.928+0000] {logging_mixin.py:190} INFO - [2025-02-01T07:05:07.928+0000] {dagbag.py:588} INFO - Filling up the DagBag from /opt/airflow/dags/idp.py
[2025-02-01T07:05:08.032+0000] {processor.py:925} INFO - DAG(s) 'idp' retrieved from /opt/airflow/dags/idp.py
[2025-02-01T07:05:08.057+0000] {logging_mixin.py:190} INFO - [2025-02-01T07:05:08.057+0000] {dag.py:3239} INFO - Sync 1 DAGs
[2025-02-01T07:05:08.083+0000] {logging_mixin.py:190} INFO - [2025-02-01T07:05:08.082+0000] {dag.py:4180} INFO - Setting next_dagrun for idp to 2025-02-01 00:00:00+00:00, run_after=2025-02-02 00:00:00+00:00
[2025-02-01T07:05:08.099+0000] {processor.py:208} INFO - Processing /opt/airflow/dags/idp.py took 0.190 seconds
[2025-02-01T07:05:38.402+0000] {processor.py:186} INFO - Started process (PID=246) to work on /opt/airflow/dags/idp.py
[2025-02-01T07:05:38.408+0000] {processor.py:914} INFO - Processing file /opt/airflow/dags/idp.py for tasks to queue
[2025-02-01T07:05:38.411+0000] {logging_mixin.py:190} INFO - [2025-02-01T07:05:38.411+0000] {dagbag.py:588} INFO - Filling up the DagBag from /opt/airflow/dags/idp.py
[2025-02-01T07:05:38.542+0000] {processor.py:925} INFO - DAG(s) 'idp' retrieved from /opt/airflow/dags/idp.py
[2025-02-01T07:05:38.566+0000] {logging_mixin.py:190} INFO - [2025-02-01T07:05:38.565+0000] {dag.py:3239} INFO - Sync 1 DAGs
[2025-02-01T07:05:38.588+0000] {logging_mixin.py:190} INFO - [2025-02-01T07:05:38.588+0000] {dag.py:4180} INFO - Setting next_dagrun for idp to 2025-02-01 00:00:00+00:00, run_after=2025-02-02 00:00:00+00:00
[2025-02-01T07:05:38.604+0000] {processor.py:208} INFO - Processing /opt/airflow/dags/idp.py took 0.215 seconds
[2025-02-01T07:06:09.202+0000] {processor.py:186} INFO - Started process (PID=312) to work on /opt/airflow/dags/idp.py
[2025-02-01T07:06:09.205+0000] {processor.py:914} INFO - Processing file /opt/airflow/dags/idp.py for tasks to queue
[2025-02-01T07:06:09.211+0000] {logging_mixin.py:190} INFO - [2025-02-01T07:06:09.211+0000] {dagbag.py:588} INFO - Filling up the DagBag from /opt/airflow/dags/idp.py
[2025-02-01T07:06:09.294+0000] {processor.py:925} INFO - DAG(s) 'idp' retrieved from /opt/airflow/dags/idp.py
[2025-02-01T07:06:09.323+0000] {logging_mixin.py:190} INFO - [2025-02-01T07:06:09.322+0000] {dag.py:3239} INFO - Sync 1 DAGs
[2025-02-01T07:06:09.348+0000] {logging_mixin.py:190} INFO - [2025-02-01T07:06:09.348+0000] {dag.py:4180} INFO - Setting next_dagrun for idp to 2025-02-01 00:00:00+00:00, run_after=2025-02-02 00:00:00+00:00
[2025-02-01T07:06:09.367+0000] {processor.py:208} INFO - Processing /opt/airflow/dags/idp.py took 0.178 seconds
[2025-02-01T07:06:40.269+0000] {processor.py:186} INFO - Started process (PID=378) to work on /opt/airflow/dags/idp.py
[2025-02-01T07:06:40.272+0000] {processor.py:914} INFO - Processing file /opt/airflow/dags/idp.py for tasks to queue
[2025-02-01T07:06:40.276+0000] {logging_mixin.py:190} INFO - [2025-02-01T07:06:40.275+0000] {dagbag.py:588} INFO - Filling up the DagBag from /opt/airflow/dags/idp.py
[2025-02-01T07:06:40.381+0000] {processor.py:925} INFO - DAG(s) 'idp' retrieved from /opt/airflow/dags/idp.py
[2025-02-01T07:06:40.418+0000] {logging_mixin.py:190} INFO - [2025-02-01T07:06:40.418+0000] {dag.py:3239} INFO - Sync 1 DAGs
[2025-02-01T07:06:40.454+0000] {logging_mixin.py:190} INFO - [2025-02-01T07:06:40.454+0000] {dag.py:4180} INFO - Setting next_dagrun for idp to 2025-02-01 00:00:00+00:00, run_after=2025-02-02 00:00:00+00:00
[2025-02-01T07:06:40.474+0000] {processor.py:208} INFO - Processing /opt/airflow/dags/idp.py took 0.229 seconds
[2025-02-01T07:07:11.096+0000] {processor.py:186} INFO - Started process (PID=444) to work on /opt/airflow/dags/idp.py
[2025-02-01T07:07:11.101+0000] {processor.py:914} INFO - Processing file /opt/airflow/dags/idp.py for tasks to queue
[2025-02-01T07:07:11.107+0000] {logging_mixin.py:190} INFO - [2025-02-01T07:07:11.106+0000] {dagbag.py:588} INFO - Filling up the DagBag from /opt/airflow/dags/idp.py
[2025-02-01T07:07:11.263+0000] {processor.py:925} INFO - DAG(s) 'idp' retrieved from /opt/airflow/dags/idp.py
[2025-02-01T07:07:11.297+0000] {logging_mixin.py:190} INFO - [2025-02-01T07:07:11.297+0000] {dag.py:3239} INFO - Sync 1 DAGs
[2025-02-01T07:07:11.319+0000] {logging_mixin.py:190} INFO - [2025-02-01T07:07:11.319+0000] {dag.py:4180} INFO - Setting next_dagrun for idp to 2025-02-01 00:00:00+00:00, run_after=2025-02-02 00:00:00+00:00
[2025-02-01T07:07:11.337+0000] {processor.py:208} INFO - Processing /opt/airflow/dags/idp.py took 0.252 seconds
[2025-02-01T07:08:12.283+0000] {processor.py:186} INFO - Started process (PID=42) to work on /opt/airflow/dags/idp.py
[2025-02-01T07:08:12.285+0000] {processor.py:914} INFO - Processing file /opt/airflow/dags/idp.py for tasks to queue
[2025-02-01T07:08:12.291+0000] {logging_mixin.py:190} INFO - [2025-02-01T07:08:12.291+0000] {dagbag.py:588} INFO - Filling up the DagBag from /opt/airflow/dags/idp.py
[2025-02-01T07:08:12.399+0000] {processor.py:925} INFO - DAG(s) 'idp' retrieved from /opt/airflow/dags/idp.py
[2025-02-01T07:08:12.445+0000] {logging_mixin.py:190} INFO - [2025-02-01T07:08:12.445+0000] {dag.py:3239} INFO - Sync 1 DAGs
[2025-02-01T07:08:12.483+0000] {logging_mixin.py:190} INFO - [2025-02-01T07:08:12.483+0000] {dag.py:4180} INFO - Setting next_dagrun for idp to 2025-02-01 00:00:00+00:00, run_after=2025-02-02 00:00:00+00:00
[2025-02-01T07:08:12.507+0000] {processor.py:208} INFO - Processing /opt/airflow/dags/idp.py took 0.235 seconds
[2025-02-01T07:08:43.416+0000] {processor.py:186} INFO - Started process (PID=114) to work on /opt/airflow/dags/idp.py
[2025-02-01T07:08:43.420+0000] {processor.py:914} INFO - Processing file /opt/airflow/dags/idp.py for tasks to queue
[2025-02-01T07:08:43.423+0000] {logging_mixin.py:190} INFO - [2025-02-01T07:08:43.423+0000] {dagbag.py:588} INFO - Filling up the DagBag from /opt/airflow/dags/idp.py
[2025-02-01T07:08:43.521+0000] {processor.py:925} INFO - DAG(s) 'idp' retrieved from /opt/airflow/dags/idp.py
[2025-02-01T07:08:43.540+0000] {logging_mixin.py:190} INFO - [2025-02-01T07:08:43.540+0000] {dag.py:3239} INFO - Sync 1 DAGs
[2025-02-01T07:08:43.565+0000] {logging_mixin.py:190} INFO - [2025-02-01T07:08:43.565+0000] {dag.py:4180} INFO - Setting next_dagrun for idp to 2025-02-01 00:00:00+00:00, run_after=2025-02-02 00:00:00+00:00
[2025-02-01T07:08:43.578+0000] {processor.py:208} INFO - Processing /opt/airflow/dags/idp.py took 0.170 seconds
[2025-02-01T07:09:14.219+0000] {processor.py:186} INFO - Started process (PID=180) to work on /opt/airflow/dags/idp.py
[2025-02-01T07:09:14.222+0000] {processor.py:914} INFO - Processing file /opt/airflow/dags/idp.py for tasks to queue
[2025-02-01T07:09:14.227+0000] {logging_mixin.py:190} INFO - [2025-02-01T07:09:14.227+0000] {dagbag.py:588} INFO - Filling up the DagBag from /opt/airflow/dags/idp.py
[2025-02-01T07:09:14.321+0000] {processor.py:925} INFO - DAG(s) 'idp' retrieved from /opt/airflow/dags/idp.py
[2025-02-01T07:09:14.340+0000] {logging_mixin.py:190} INFO - [2025-02-01T07:09:14.339+0000] {dag.py:3239} INFO - Sync 1 DAGs
[2025-02-01T07:09:14.359+0000] {logging_mixin.py:190} INFO - [2025-02-01T07:09:14.359+0000] {dag.py:4180} INFO - Setting next_dagrun for idp to 2025-02-01 00:00:00+00:00, run_after=2025-02-02 00:00:00+00:00
[2025-02-01T07:09:14.373+0000] {processor.py:208} INFO - Processing /opt/airflow/dags/idp.py took 0.160 seconds
[2025-02-01T07:09:44.901+0000] {processor.py:186} INFO - Started process (PID=246) to work on /opt/airflow/dags/idp.py
[2025-02-01T07:09:44.908+0000] {processor.py:914} INFO - Processing file /opt/airflow/dags/idp.py for tasks to queue
[2025-02-01T07:09:44.917+0000] {logging_mixin.py:190} INFO - [2025-02-01T07:09:44.916+0000] {dagbag.py:588} INFO - Filling up the DagBag from /opt/airflow/dags/idp.py
[2025-02-01T07:10:21.609+0000] {processor.py:186} INFO - Started process (PID=48) to work on /opt/airflow/dags/idp.py
[2025-02-01T07:10:21.611+0000] {processor.py:914} INFO - Processing file /opt/airflow/dags/idp.py for tasks to queue
[2025-02-01T07:10:21.618+0000] {logging_mixin.py:190} INFO - [2025-02-01T07:10:21.617+0000] {dagbag.py:588} INFO - Filling up the DagBag from /opt/airflow/dags/idp.py
[2025-02-01T07:10:21.748+0000] {processor.py:925} INFO - DAG(s) 'idp' retrieved from /opt/airflow/dags/idp.py
[2025-02-01T07:10:21.777+0000] {logging_mixin.py:190} INFO - [2025-02-01T07:10:21.777+0000] {dag.py:3239} INFO - Sync 1 DAGs
[2025-02-01T07:10:21.802+0000] {logging_mixin.py:190} INFO - [2025-02-01T07:10:21.802+0000] {dag.py:4180} INFO - Setting next_dagrun for idp to 2025-02-01 00:00:00+00:00, run_after=2025-02-02 00:00:00+00:00
[2025-02-01T07:10:21.821+0000] {processor.py:208} INFO - Processing /opt/airflow/dags/idp.py took 0.223 seconds
[2025-02-01T07:10:52.137+0000] {processor.py:186} INFO - Started process (PID=114) to work on /opt/airflow/dags/idp.py
[2025-02-01T07:10:52.139+0000] {processor.py:914} INFO - Processing file /opt/airflow/dags/idp.py for tasks to queue
[2025-02-01T07:10:52.149+0000] {logging_mixin.py:190} INFO - [2025-02-01T07:10:52.149+0000] {dagbag.py:588} INFO - Filling up the DagBag from /opt/airflow/dags/idp.py
[2025-02-01T07:10:52.246+0000] {processor.py:925} INFO - DAG(s) 'idp' retrieved from /opt/airflow/dags/idp.py
[2025-02-01T07:10:52.270+0000] {logging_mixin.py:190} INFO - [2025-02-01T07:10:52.270+0000] {dag.py:3239} INFO - Sync 1 DAGs
[2025-02-01T07:10:52.294+0000] {logging_mixin.py:190} INFO - [2025-02-01T07:10:52.294+0000] {dag.py:4180} INFO - Setting next_dagrun for idp to 2025-02-01 00:00:00+00:00, run_after=2025-02-02 00:00:00+00:00
[2025-02-01T07:10:52.312+0000] {processor.py:208} INFO - Processing /opt/airflow/dags/idp.py took 0.188 seconds
[2025-02-01T07:11:22.603+0000] {processor.py:186} INFO - Started process (PID=180) to work on /opt/airflow/dags/idp.py
[2025-02-01T07:11:22.606+0000] {processor.py:914} INFO - Processing file /opt/airflow/dags/idp.py for tasks to queue
[2025-02-01T07:11:22.620+0000] {logging_mixin.py:190} INFO - [2025-02-01T07:11:22.619+0000] {dagbag.py:588} INFO - Filling up the DagBag from /opt/airflow/dags/idp.py
[2025-02-01T07:11:22.732+0000] {processor.py:925} INFO - DAG(s) 'idp' retrieved from /opt/airflow/dags/idp.py
[2025-02-01T07:11:22.755+0000] {logging_mixin.py:190} INFO - [2025-02-01T07:11:22.755+0000] {dag.py:3239} INFO - Sync 1 DAGs
[2025-02-01T07:11:22.791+0000] {logging_mixin.py:190} INFO - [2025-02-01T07:11:22.790+0000] {dag.py:4180} INFO - Setting next_dagrun for idp to 2025-02-01 00:00:00+00:00, run_after=2025-02-02 00:00:00+00:00
[2025-02-01T07:11:22.812+0000] {processor.py:208} INFO - Processing /opt/airflow/dags/idp.py took 0.220 seconds
[2025-02-01T07:11:53.222+0000] {processor.py:186} INFO - Started process (PID=246) to work on /opt/airflow/dags/idp.py
[2025-02-01T07:11:53.225+0000] {processor.py:914} INFO - Processing file /opt/airflow/dags/idp.py for tasks to queue
[2025-02-01T07:11:53.230+0000] {logging_mixin.py:190} INFO - [2025-02-01T07:11:53.230+0000] {dagbag.py:588} INFO - Filling up the DagBag from /opt/airflow/dags/idp.py
[2025-02-01T07:11:53.350+0000] {processor.py:925} INFO - DAG(s) 'idp' retrieved from /opt/airflow/dags/idp.py
[2025-02-01T07:11:53.382+0000] {logging_mixin.py:190} INFO - [2025-02-01T07:11:53.382+0000] {dag.py:3239} INFO - Sync 1 DAGs
[2025-02-01T07:11:53.454+0000] {logging_mixin.py:190} INFO - [2025-02-01T07:11:53.454+0000] {dag.py:4180} INFO - Setting next_dagrun for idp to 2025-02-01 00:00:00+00:00, run_after=2025-02-02 00:00:00+00:00
[2025-02-01T07:11:53.470+0000] {processor.py:208} INFO - Processing /opt/airflow/dags/idp.py took 0.261 seconds
[2025-02-01T07:12:24.139+0000] {processor.py:186} INFO - Started process (PID=312) to work on /opt/airflow/dags/idp.py
[2025-02-01T07:12:24.143+0000] {processor.py:914} INFO - Processing file /opt/airflow/dags/idp.py for tasks to queue
[2025-02-01T07:12:24.155+0000] {logging_mixin.py:190} INFO - [2025-02-01T07:12:24.154+0000] {dagbag.py:588} INFO - Filling up the DagBag from /opt/airflow/dags/idp.py
[2025-02-01T07:12:24.259+0000] {processor.py:925} INFO - DAG(s) 'idp' retrieved from /opt/airflow/dags/idp.py
[2025-02-01T07:12:24.293+0000] {logging_mixin.py:190} INFO - [2025-02-01T07:12:24.293+0000] {dag.py:3239} INFO - Sync 1 DAGs
[2025-02-01T07:12:24.317+0000] {logging_mixin.py:190} INFO - [2025-02-01T07:12:24.317+0000] {dag.py:4180} INFO - Setting next_dagrun for idp to 2025-02-01 00:00:00+00:00, run_after=2025-02-02 00:00:00+00:00
[2025-02-01T07:12:24.333+0000] {processor.py:208} INFO - Processing /opt/airflow/dags/idp.py took 0.210 seconds
[2025-02-01T07:12:54.657+0000] {processor.py:186} INFO - Started process (PID=378) to work on /opt/airflow/dags/idp.py
[2025-02-01T07:12:54.658+0000] {processor.py:914} INFO - Processing file /opt/airflow/dags/idp.py for tasks to queue
[2025-02-01T07:12:54.661+0000] {logging_mixin.py:190} INFO - [2025-02-01T07:12:54.661+0000] {dagbag.py:588} INFO - Filling up the DagBag from /opt/airflow/dags/idp.py
[2025-02-01T07:12:54.742+0000] {processor.py:925} INFO - DAG(s) 'idp' retrieved from /opt/airflow/dags/idp.py
[2025-02-01T07:12:54.760+0000] {logging_mixin.py:190} INFO - [2025-02-01T07:12:54.760+0000] {dag.py:3239} INFO - Sync 1 DAGs
[2025-02-01T07:12:54.780+0000] {logging_mixin.py:190} INFO - [2025-02-01T07:12:54.780+0000] {dag.py:4180} INFO - Setting next_dagrun for idp to 2025-02-01 00:00:00+00:00, run_after=2025-02-02 00:00:00+00:00
[2025-02-01T07:12:54.794+0000] {processor.py:208} INFO - Processing /opt/airflow/dags/idp.py took 0.145 seconds
[2025-02-01T07:13:25.030+0000] {processor.py:186} INFO - Started process (PID=444) to work on /opt/airflow/dags/idp.py
[2025-02-01T07:13:25.033+0000] {processor.py:914} INFO - Processing file /opt/airflow/dags/idp.py for tasks to queue
[2025-02-01T07:13:25.039+0000] {logging_mixin.py:190} INFO - [2025-02-01T07:13:25.039+0000] {dagbag.py:588} INFO - Filling up the DagBag from /opt/airflow/dags/idp.py
[2025-02-01T07:13:25.119+0000] {processor.py:925} INFO - DAG(s) 'idp' retrieved from /opt/airflow/dags/idp.py
[2025-02-01T07:13:25.138+0000] {logging_mixin.py:190} INFO - [2025-02-01T07:13:25.137+0000] {dag.py:3239} INFO - Sync 1 DAGs
[2025-02-01T07:13:25.160+0000] {logging_mixin.py:190} INFO - [2025-02-01T07:13:25.160+0000] {dag.py:4180} INFO - Setting next_dagrun for idp to 2025-02-01 00:00:00+00:00, run_after=2025-02-02 00:00:00+00:00
[2025-02-01T07:13:25.175+0000] {processor.py:208} INFO - Processing /opt/airflow/dags/idp.py took 0.157 seconds
[2025-02-01T07:14:39.075+0000] {processor.py:186} INFO - Started process (PID=42) to work on /opt/airflow/dags/idp.py
[2025-02-01T07:14:39.079+0000] {processor.py:914} INFO - Processing file /opt/airflow/dags/idp.py for tasks to queue
[2025-02-01T07:14:39.085+0000] {logging_mixin.py:190} INFO - [2025-02-01T07:14:39.084+0000] {dagbag.py:588} INFO - Filling up the DagBag from /opt/airflow/dags/idp.py
[2025-02-01T07:14:39.208+0000] {processor.py:925} INFO - DAG(s) 'idp' retrieved from /opt/airflow/dags/idp.py
[2025-02-01T07:14:39.253+0000] {logging_mixin.py:190} INFO - [2025-02-01T07:14:39.253+0000] {dag.py:3239} INFO - Sync 1 DAGs
[2025-02-01T07:14:39.293+0000] {logging_mixin.py:190} INFO - [2025-02-01T07:14:39.293+0000] {dag.py:4180} INFO - Setting next_dagrun for idp to 2025-02-01 00:00:00+00:00, run_after=2025-02-02 00:00:00+00:00
[2025-02-01T07:14:39.317+0000] {processor.py:208} INFO - Processing /opt/airflow/dags/idp.py took 0.255 seconds
[2025-02-01T07:15:09.830+0000] {processor.py:186} INFO - Started process (PID=114) to work on /opt/airflow/dags/idp.py
[2025-02-01T07:15:09.834+0000] {processor.py:914} INFO - Processing file /opt/airflow/dags/idp.py for tasks to queue
[2025-02-01T07:15:09.843+0000] {logging_mixin.py:190} INFO - [2025-02-01T07:15:09.842+0000] {dagbag.py:588} INFO - Filling up the DagBag from /opt/airflow/dags/idp.py
[2025-02-01T07:15:09.935+0000] {processor.py:925} INFO - DAG(s) 'idp' retrieved from /opt/airflow/dags/idp.py
[2025-02-01T07:15:09.966+0000] {logging_mixin.py:190} INFO - [2025-02-01T07:15:09.966+0000] {dag.py:3239} INFO - Sync 1 DAGs
[2025-02-01T07:15:09.983+0000] {logging_mixin.py:190} INFO - [2025-02-01T07:15:09.983+0000] {dag.py:4180} INFO - Setting next_dagrun for idp to 2025-02-01 00:00:00+00:00, run_after=2025-02-02 00:00:00+00:00
[2025-02-01T07:15:09.999+0000] {processor.py:208} INFO - Processing /opt/airflow/dags/idp.py took 0.178 seconds
[2025-02-01T07:15:40.421+0000] {processor.py:186} INFO - Started process (PID=180) to work on /opt/airflow/dags/idp.py
[2025-02-01T07:15:40.423+0000] {processor.py:914} INFO - Processing file /opt/airflow/dags/idp.py for tasks to queue
[2025-02-01T07:15:40.428+0000] {logging_mixin.py:190} INFO - [2025-02-01T07:15:40.427+0000] {dagbag.py:588} INFO - Filling up the DagBag from /opt/airflow/dags/idp.py
[2025-02-01T07:15:40.526+0000] {processor.py:925} INFO - DAG(s) 'idp' retrieved from /opt/airflow/dags/idp.py
[2025-02-01T07:15:40.545+0000] {logging_mixin.py:190} INFO - [2025-02-01T07:15:40.545+0000] {dag.py:3239} INFO - Sync 1 DAGs
[2025-02-01T07:15:40.560+0000] {logging_mixin.py:190} INFO - [2025-02-01T07:15:40.560+0000] {dag.py:4180} INFO - Setting next_dagrun for idp to 2025-02-01 00:00:00+00:00, run_after=2025-02-02 00:00:00+00:00
[2025-02-01T07:15:40.574+0000] {processor.py:208} INFO - Processing /opt/airflow/dags/idp.py took 0.160 seconds
[2025-02-01T07:16:11.223+0000] {processor.py:186} INFO - Started process (PID=246) to work on /opt/airflow/dags/idp.py
[2025-02-01T07:16:11.225+0000] {processor.py:914} INFO - Processing file /opt/airflow/dags/idp.py for tasks to queue
[2025-02-01T07:16:11.229+0000] {logging_mixin.py:190} INFO - [2025-02-01T07:16:11.228+0000] {dagbag.py:588} INFO - Filling up the DagBag from /opt/airflow/dags/idp.py
[2025-02-01T07:16:11.314+0000] {processor.py:925} INFO - DAG(s) 'idp' retrieved from /opt/airflow/dags/idp.py
[2025-02-01T07:16:11.335+0000] {logging_mixin.py:190} INFO - [2025-02-01T07:16:11.335+0000] {dag.py:3239} INFO - Sync 1 DAGs
[2025-02-01T07:16:11.356+0000] {logging_mixin.py:190} INFO - [2025-02-01T07:16:11.356+0000] {dag.py:4180} INFO - Setting next_dagrun for idp to 2025-02-01 00:00:00+00:00, run_after=2025-02-02 00:00:00+00:00
[2025-02-01T07:16:11.372+0000] {processor.py:208} INFO - Processing /opt/airflow/dags/idp.py took 0.167 seconds
[2025-02-01T07:16:41.590+0000] {processor.py:186} INFO - Started process (PID=312) to work on /opt/airflow/dags/idp.py
[2025-02-01T07:16:41.593+0000] {processor.py:914} INFO - Processing file /opt/airflow/dags/idp.py for tasks to queue
[2025-02-01T07:16:41.597+0000] {logging_mixin.py:190} INFO - [2025-02-01T07:16:41.596+0000] {dagbag.py:588} INFO - Filling up the DagBag from /opt/airflow/dags/idp.py
[2025-02-01T07:16:41.682+0000] {processor.py:925} INFO - DAG(s) 'idp' retrieved from /opt/airflow/dags/idp.py
[2025-02-01T07:16:41.703+0000] {logging_mixin.py:190} INFO - [2025-02-01T07:16:41.702+0000] {dag.py:3239} INFO - Sync 1 DAGs
[2025-02-01T07:16:41.724+0000] {logging_mixin.py:190} INFO - [2025-02-01T07:16:41.723+0000] {dag.py:4180} INFO - Setting next_dagrun for idp to 2025-02-01 00:00:00+00:00, run_after=2025-02-02 00:00:00+00:00
[2025-02-01T07:16:41.737+0000] {processor.py:208} INFO - Processing /opt/airflow/dags/idp.py took 0.157 seconds
[2025-02-01T07:17:12.273+0000] {processor.py:186} INFO - Started process (PID=378) to work on /opt/airflow/dags/idp.py
[2025-02-01T07:17:12.274+0000] {processor.py:914} INFO - Processing file /opt/airflow/dags/idp.py for tasks to queue
[2025-02-01T07:17:12.286+0000] {logging_mixin.py:190} INFO - [2025-02-01T07:17:12.284+0000] {dagbag.py:588} INFO - Filling up the DagBag from /opt/airflow/dags/idp.py
[2025-02-01T07:17:12.378+0000] {processor.py:925} INFO - DAG(s) 'idp' retrieved from /opt/airflow/dags/idp.py
[2025-02-01T07:17:12.402+0000] {logging_mixin.py:190} INFO - [2025-02-01T07:17:12.402+0000] {dag.py:3239} INFO - Sync 1 DAGs
[2025-02-01T07:17:12.428+0000] {logging_mixin.py:190} INFO - [2025-02-01T07:17:12.428+0000] {dag.py:4180} INFO - Setting next_dagrun for idp to 2025-02-01 00:00:00+00:00, run_after=2025-02-02 00:00:00+00:00
[2025-02-01T07:17:12.448+0000] {processor.py:208} INFO - Processing /opt/airflow/dags/idp.py took 0.183 seconds
[2025-02-01T07:17:43.042+0000] {processor.py:186} INFO - Started process (PID=444) to work on /opt/airflow/dags/idp.py
[2025-02-01T07:17:43.043+0000] {processor.py:914} INFO - Processing file /opt/airflow/dags/idp.py for tasks to queue
[2025-02-01T07:17:43.046+0000] {logging_mixin.py:190} INFO - [2025-02-01T07:17:43.046+0000] {dagbag.py:588} INFO - Filling up the DagBag from /opt/airflow/dags/idp.py
[2025-02-01T07:17:43.116+0000] {processor.py:925} INFO - DAG(s) 'idp' retrieved from /opt/airflow/dags/idp.py
[2025-02-01T07:17:43.131+0000] {logging_mixin.py:190} INFO - [2025-02-01T07:17:43.131+0000] {dag.py:3239} INFO - Sync 1 DAGs
[2025-02-01T07:17:43.147+0000] {logging_mixin.py:190} INFO - [2025-02-01T07:17:43.147+0000] {dag.py:4180} INFO - Setting next_dagrun for idp to 2025-02-01 00:00:00+00:00, run_after=2025-02-02 00:00:00+00:00
[2025-02-01T07:17:43.161+0000] {processor.py:208} INFO - Processing /opt/airflow/dags/idp.py took 0.127 seconds
[2025-02-01T07:18:13.706+0000] {processor.py:186} INFO - Started process (PID=510) to work on /opt/airflow/dags/idp.py
[2025-02-01T07:18:13.708+0000] {processor.py:914} INFO - Processing file /opt/airflow/dags/idp.py for tasks to queue
[2025-02-01T07:18:13.712+0000] {logging_mixin.py:190} INFO - [2025-02-01T07:18:13.712+0000] {dagbag.py:588} INFO - Filling up the DagBag from /opt/airflow/dags/idp.py
[2025-02-01T07:18:13.782+0000] {processor.py:925} INFO - DAG(s) 'idp' retrieved from /opt/airflow/dags/idp.py
[2025-02-01T07:18:13.804+0000] {logging_mixin.py:190} INFO - [2025-02-01T07:18:13.804+0000] {dag.py:3239} INFO - Sync 1 DAGs
[2025-02-01T07:18:13.821+0000] {logging_mixin.py:190} INFO - [2025-02-01T07:18:13.821+0000] {dag.py:4180} INFO - Setting next_dagrun for idp to 2025-02-01 00:00:00+00:00, run_after=2025-02-02 00:00:00+00:00
[2025-02-01T07:18:13.837+0000] {processor.py:208} INFO - Processing /opt/airflow/dags/idp.py took 0.140 seconds
[2025-02-01T07:18:44.178+0000] {processor.py:186} INFO - Started process (PID=576) to work on /opt/airflow/dags/idp.py
[2025-02-01T07:18:44.179+0000] {processor.py:914} INFO - Processing file /opt/airflow/dags/idp.py for tasks to queue
[2025-02-01T07:18:44.183+0000] {logging_mixin.py:190} INFO - [2025-02-01T07:18:44.182+0000] {dagbag.py:588} INFO - Filling up the DagBag from /opt/airflow/dags/idp.py
[2025-02-01T07:18:44.264+0000] {processor.py:925} INFO - DAG(s) 'idp' retrieved from /opt/airflow/dags/idp.py
[2025-02-01T07:18:44.286+0000] {logging_mixin.py:190} INFO - [2025-02-01T07:18:44.286+0000] {dag.py:3239} INFO - Sync 1 DAGs
[2025-02-01T07:18:44.306+0000] {logging_mixin.py:190} INFO - [2025-02-01T07:18:44.306+0000] {dag.py:4180} INFO - Setting next_dagrun for idp to 2025-02-01 00:00:00+00:00, run_after=2025-02-02 00:00:00+00:00
[2025-02-01T07:18:44.320+0000] {processor.py:208} INFO - Processing /opt/airflow/dags/idp.py took 0.152 seconds
[2025-02-01T07:19:15.084+0000] {processor.py:186} INFO - Started process (PID=642) to work on /opt/airflow/dags/idp.py
[2025-02-01T07:19:15.087+0000] {processor.py:914} INFO - Processing file /opt/airflow/dags/idp.py for tasks to queue
[2025-02-01T07:19:15.091+0000] {logging_mixin.py:190} INFO - [2025-02-01T07:19:15.091+0000] {dagbag.py:588} INFO - Filling up the DagBag from /opt/airflow/dags/idp.py
[2025-02-01T07:19:15.200+0000] {processor.py:925} INFO - DAG(s) 'idp' retrieved from /opt/airflow/dags/idp.py
[2025-02-01T07:19:15.228+0000] {logging_mixin.py:190} INFO - [2025-02-01T07:19:15.228+0000] {dag.py:3239} INFO - Sync 1 DAGs
[2025-02-01T07:19:15.255+0000] {logging_mixin.py:190} INFO - [2025-02-01T07:19:15.254+0000] {dag.py:4180} INFO - Setting next_dagrun for idp to 2025-02-01 00:00:00+00:00, run_after=2025-02-02 00:00:00+00:00
[2025-02-01T07:19:15.271+0000] {processor.py:208} INFO - Processing /opt/airflow/dags/idp.py took 0.200 seconds
[2025-02-01T07:19:45.601+0000] {processor.py:186} INFO - Started process (PID=709) to work on /opt/airflow/dags/idp.py
[2025-02-01T07:19:45.602+0000] {processor.py:914} INFO - Processing file /opt/airflow/dags/idp.py for tasks to queue
[2025-02-01T07:19:45.610+0000] {logging_mixin.py:190} INFO - [2025-02-01T07:19:45.609+0000] {dagbag.py:588} INFO - Filling up the DagBag from /opt/airflow/dags/idp.py
[2025-02-01T07:19:45.706+0000] {processor.py:925} INFO - DAG(s) 'idp' retrieved from /opt/airflow/dags/idp.py
[2025-02-01T07:19:45.727+0000] {logging_mixin.py:190} INFO - [2025-02-01T07:19:45.727+0000] {dag.py:3239} INFO - Sync 1 DAGs
[2025-02-01T07:19:45.753+0000] {logging_mixin.py:190} INFO - [2025-02-01T07:19:45.753+0000] {dag.py:4180} INFO - Setting next_dagrun for idp to 2025-02-01 00:00:00+00:00, run_after=2025-02-02 00:00:00+00:00
[2025-02-01T07:19:45.774+0000] {processor.py:208} INFO - Processing /opt/airflow/dags/idp.py took 0.186 seconds
[2025-02-01T07:22:57.731+0000] {processor.py:186} INFO - Started process (PID=47) to work on /opt/airflow/dags/idp.py
[2025-02-01T07:22:57.734+0000] {processor.py:914} INFO - Processing file /opt/airflow/dags/idp.py for tasks to queue
[2025-02-01T07:22:57.736+0000] {logging_mixin.py:190} INFO - [2025-02-01T07:22:57.736+0000] {dagbag.py:588} INFO - Filling up the DagBag from /opt/airflow/dags/idp.py
[2025-02-01T07:22:57.854+0000] {processor.py:925} INFO - DAG(s) 'idp' retrieved from /opt/airflow/dags/idp.py
[2025-02-01T07:22:57.884+0000] {logging_mixin.py:190} INFO - [2025-02-01T07:22:57.884+0000] {dag.py:3239} INFO - Sync 1 DAGs
[2025-02-01T07:22:57.907+0000] {logging_mixin.py:190} INFO - [2025-02-01T07:22:57.907+0000] {dag.py:4180} INFO - Setting next_dagrun for idp to 2025-02-01 00:00:00+00:00, run_after=2025-02-02 00:00:00+00:00
[2025-02-01T07:22:57.940+0000] {processor.py:208} INFO - Processing /opt/airflow/dags/idp.py took 0.221 seconds
[2025-02-01T07:23:28.667+0000] {processor.py:186} INFO - Started process (PID=113) to work on /opt/airflow/dags/idp.py
[2025-02-01T07:23:28.677+0000] {processor.py:914} INFO - Processing file /opt/airflow/dags/idp.py for tasks to queue
[2025-02-01T07:23:28.695+0000] {logging_mixin.py:190} INFO - [2025-02-01T07:23:28.694+0000] {dagbag.py:588} INFO - Filling up the DagBag from /opt/airflow/dags/idp.py
[2025-02-01T07:23:28.805+0000] {processor.py:925} INFO - DAG(s) 'idp' retrieved from /opt/airflow/dags/idp.py
[2025-02-01T07:23:28.826+0000] {logging_mixin.py:190} INFO - [2025-02-01T07:23:28.826+0000] {dag.py:3239} INFO - Sync 1 DAGs
[2025-02-01T07:23:28.845+0000] {logging_mixin.py:190} INFO - [2025-02-01T07:23:28.845+0000] {dag.py:4180} INFO - Setting next_dagrun for idp to 2025-02-01 00:00:00+00:00, run_after=2025-02-02 00:00:00+00:00
[2025-02-01T07:23:28.860+0000] {processor.py:208} INFO - Processing /opt/airflow/dags/idp.py took 0.212 seconds
[2025-02-01T07:23:59.103+0000] {processor.py:186} INFO - Started process (PID=179) to work on /opt/airflow/dags/idp.py
[2025-02-01T07:23:59.105+0000] {processor.py:914} INFO - Processing file /opt/airflow/dags/idp.py for tasks to queue
[2025-02-01T07:23:59.109+0000] {logging_mixin.py:190} INFO - [2025-02-01T07:23:59.109+0000] {dagbag.py:588} INFO - Filling up the DagBag from /opt/airflow/dags/idp.py
[2025-02-01T07:23:59.198+0000] {processor.py:925} INFO - DAG(s) 'idp' retrieved from /opt/airflow/dags/idp.py
[2025-02-01T07:23:59.223+0000] {logging_mixin.py:190} INFO - [2025-02-01T07:23:59.223+0000] {dag.py:3239} INFO - Sync 1 DAGs
[2025-02-01T07:23:59.245+0000] {logging_mixin.py:190} INFO - [2025-02-01T07:23:59.245+0000] {dag.py:4180} INFO - Setting next_dagrun for idp to 2025-02-01 00:00:00+00:00, run_after=2025-02-02 00:00:00+00:00
[2025-02-01T07:23:59.258+0000] {processor.py:208} INFO - Processing /opt/airflow/dags/idp.py took 0.164 seconds
[2025-02-01T07:24:29.392+0000] {processor.py:186} INFO - Started process (PID=245) to work on /opt/airflow/dags/idp.py
[2025-02-01T07:24:29.394+0000] {processor.py:914} INFO - Processing file /opt/airflow/dags/idp.py for tasks to queue
[2025-02-01T07:24:29.400+0000] {logging_mixin.py:190} INFO - [2025-02-01T07:24:29.399+0000] {dagbag.py:588} INFO - Filling up the DagBag from /opt/airflow/dags/idp.py
[2025-02-01T07:24:29.487+0000] {processor.py:925} INFO - DAG(s) 'idp' retrieved from /opt/airflow/dags/idp.py
[2025-02-01T07:24:29.506+0000] {logging_mixin.py:190} INFO - [2025-02-01T07:24:29.506+0000] {dag.py:3239} INFO - Sync 1 DAGs
[2025-02-01T07:24:29.531+0000] {logging_mixin.py:190} INFO - [2025-02-01T07:24:29.530+0000] {dag.py:4180} INFO - Setting next_dagrun for idp to 2025-02-01 00:00:00+00:00, run_after=2025-02-02 00:00:00+00:00
[2025-02-01T07:24:29.546+0000] {processor.py:208} INFO - Processing /opt/airflow/dags/idp.py took 0.170 seconds
[2025-02-01T07:32:44.673+0000] {processor.py:186} INFO - Started process (PID=46) to work on /opt/airflow/dags/idp.py
[2025-02-01T07:32:44.675+0000] {processor.py:914} INFO - Processing file /opt/airflow/dags/idp.py for tasks to queue
[2025-02-01T07:32:44.682+0000] {logging_mixin.py:190} INFO - [2025-02-01T07:32:44.680+0000] {dagbag.py:588} INFO - Filling up the DagBag from /opt/airflow/dags/idp.py
[2025-02-01T07:32:44.841+0000] {processor.py:925} INFO - DAG(s) 'idp' retrieved from /opt/airflow/dags/idp.py
[2025-02-01T07:32:44.892+0000] {logging_mixin.py:190} INFO - [2025-02-01T07:32:44.892+0000] {dag.py:3239} INFO - Sync 1 DAGs
[2025-02-01T07:32:44.916+0000] {logging_mixin.py:190} INFO - [2025-02-01T07:32:44.916+0000] {dag.py:4180} INFO - Setting next_dagrun for idp to 2025-02-01 00:00:00+00:00, run_after=2025-02-02 00:00:00+00:00
[2025-02-01T07:32:44.942+0000] {processor.py:208} INFO - Processing /opt/airflow/dags/idp.py took 0.276 seconds
[2025-02-01T07:33:15.685+0000] {processor.py:186} INFO - Started process (PID=111) to work on /opt/airflow/dags/idp.py
[2025-02-01T07:33:15.690+0000] {processor.py:914} INFO - Processing file /opt/airflow/dags/idp.py for tasks to queue
[2025-02-01T07:33:15.698+0000] {logging_mixin.py:190} INFO - [2025-02-01T07:33:15.698+0000] {dagbag.py:588} INFO - Filling up the DagBag from /opt/airflow/dags/idp.py
[2025-02-01T07:33:15.880+0000] {processor.py:925} INFO - DAG(s) 'idp' retrieved from /opt/airflow/dags/idp.py
[2025-02-01T07:33:15.926+0000] {logging_mixin.py:190} INFO - [2025-02-01T07:33:15.925+0000] {dag.py:3239} INFO - Sync 1 DAGs
[2025-02-01T07:33:15.968+0000] {logging_mixin.py:190} INFO - [2025-02-01T07:33:15.968+0000] {dag.py:4180} INFO - Setting next_dagrun for idp to 2025-02-01 00:00:00+00:00, run_after=2025-02-02 00:00:00+00:00
[2025-02-01T07:33:15.998+0000] {processor.py:208} INFO - Processing /opt/airflow/dags/idp.py took 0.339 seconds
[2025-02-01T07:33:46.369+0000] {processor.py:186} INFO - Started process (PID=183) to work on /opt/airflow/dags/idp.py
[2025-02-01T07:33:46.372+0000] {processor.py:914} INFO - Processing file /opt/airflow/dags/idp.py for tasks to queue
[2025-02-01T07:33:46.378+0000] {logging_mixin.py:190} INFO - [2025-02-01T07:33:46.378+0000] {dagbag.py:588} INFO - Filling up the DagBag from /opt/airflow/dags/idp.py
[2025-02-01T07:33:46.506+0000] {processor.py:925} INFO - DAG(s) 'idp' retrieved from /opt/airflow/dags/idp.py
[2025-02-01T07:33:46.539+0000] {logging_mixin.py:190} INFO - [2025-02-01T07:33:46.539+0000] {dag.py:3239} INFO - Sync 1 DAGs
[2025-02-01T07:33:46.559+0000] {logging_mixin.py:190} INFO - [2025-02-01T07:33:46.559+0000] {dag.py:4180} INFO - Setting next_dagrun for idp to 2025-02-01 00:00:00+00:00, run_after=2025-02-02 00:00:00+00:00
[2025-02-01T07:33:46.579+0000] {processor.py:208} INFO - Processing /opt/airflow/dags/idp.py took 0.232 seconds
[2025-02-01T07:34:17.356+0000] {processor.py:186} INFO - Started process (PID=249) to work on /opt/airflow/dags/idp.py
[2025-02-01T07:34:17.360+0000] {processor.py:914} INFO - Processing file /opt/airflow/dags/idp.py for tasks to queue
[2025-02-01T07:34:17.366+0000] {logging_mixin.py:190} INFO - [2025-02-01T07:34:17.365+0000] {dagbag.py:588} INFO - Filling up the DagBag from /opt/airflow/dags/idp.py
[2025-02-01T07:34:17.480+0000] {processor.py:925} INFO - DAG(s) 'idp' retrieved from /opt/airflow/dags/idp.py
[2025-02-01T07:34:17.523+0000] {logging_mixin.py:190} INFO - [2025-02-01T07:34:17.522+0000] {dag.py:3239} INFO - Sync 1 DAGs
[2025-02-01T07:34:17.557+0000] {logging_mixin.py:190} INFO - [2025-02-01T07:34:17.557+0000] {dag.py:4180} INFO - Setting next_dagrun for idp to 2025-02-01 00:00:00+00:00, run_after=2025-02-02 00:00:00+00:00
[2025-02-01T07:34:17.573+0000] {processor.py:208} INFO - Processing /opt/airflow/dags/idp.py took 0.244 seconds
[2025-02-01T07:34:48.639+0000] {processor.py:186} INFO - Started process (PID=315) to work on /opt/airflow/dags/idp.py
[2025-02-01T07:34:48.644+0000] {processor.py:914} INFO - Processing file /opt/airflow/dags/idp.py for tasks to queue
[2025-02-01T07:34:48.656+0000] {logging_mixin.py:190} INFO - [2025-02-01T07:34:48.655+0000] {dagbag.py:588} INFO - Filling up the DagBag from /opt/airflow/dags/idp.py
[2025-02-01T07:34:48.792+0000] {processor.py:925} INFO - DAG(s) 'idp' retrieved from /opt/airflow/dags/idp.py
[2025-02-01T07:34:48.839+0000] {logging_mixin.py:190} INFO - [2025-02-01T07:34:48.837+0000] {dag.py:3239} INFO - Sync 1 DAGs
[2025-02-01T07:34:48.875+0000] {logging_mixin.py:190} INFO - [2025-02-01T07:34:48.874+0000] {dag.py:4180} INFO - Setting next_dagrun for idp to 2025-02-01 00:00:00+00:00, run_after=2025-02-02 00:00:00+00:00
[2025-02-01T07:34:48.892+0000] {processor.py:208} INFO - Processing /opt/airflow/dags/idp.py took 0.272 seconds
[2025-02-01T07:35:19.397+0000] {processor.py:186} INFO - Started process (PID=381) to work on /opt/airflow/dags/idp.py
[2025-02-01T07:35:19.399+0000] {processor.py:914} INFO - Processing file /opt/airflow/dags/idp.py for tasks to queue
[2025-02-01T07:35:19.408+0000] {logging_mixin.py:190} INFO - [2025-02-01T07:35:19.408+0000] {dagbag.py:588} INFO - Filling up the DagBag from /opt/airflow/dags/idp.py
[2025-02-01T07:35:19.541+0000] {processor.py:925} INFO - DAG(s) 'idp' retrieved from /opt/airflow/dags/idp.py
[2025-02-01T07:35:19.574+0000] {logging_mixin.py:190} INFO - [2025-02-01T07:35:19.573+0000] {dag.py:3239} INFO - Sync 1 DAGs
[2025-02-01T07:35:19.608+0000] {logging_mixin.py:190} INFO - [2025-02-01T07:35:19.607+0000] {dag.py:4180} INFO - Setting next_dagrun for idp to 2025-02-01 00:00:00+00:00, run_after=2025-02-02 00:00:00+00:00
[2025-02-01T07:35:19.631+0000] {processor.py:208} INFO - Processing /opt/airflow/dags/idp.py took 0.252 seconds
[2025-02-01T07:35:49.733+0000] {processor.py:186} INFO - Started process (PID=447) to work on /opt/airflow/dags/idp.py
[2025-02-01T07:35:49.734+0000] {processor.py:914} INFO - Processing file /opt/airflow/dags/idp.py for tasks to queue
[2025-02-01T07:35:49.741+0000] {logging_mixin.py:190} INFO - [2025-02-01T07:35:49.740+0000] {dagbag.py:588} INFO - Filling up the DagBag from /opt/airflow/dags/idp.py
[2025-02-01T07:35:49.866+0000] {processor.py:925} INFO - DAG(s) 'idp' retrieved from /opt/airflow/dags/idp.py
[2025-02-01T07:35:49.907+0000] {logging_mixin.py:190} INFO - [2025-02-01T07:35:49.907+0000] {dag.py:3239} INFO - Sync 1 DAGs
[2025-02-01T07:35:49.942+0000] {logging_mixin.py:190} INFO - [2025-02-01T07:35:49.941+0000] {dag.py:4180} INFO - Setting next_dagrun for idp to 2025-02-01 00:00:00+00:00, run_after=2025-02-02 00:00:00+00:00
[2025-02-01T07:35:49.962+0000] {processor.py:208} INFO - Processing /opt/airflow/dags/idp.py took 0.245 seconds
[2025-02-01T07:36:20.394+0000] {processor.py:186} INFO - Started process (PID=513) to work on /opt/airflow/dags/idp.py
[2025-02-01T07:36:20.397+0000] {processor.py:914} INFO - Processing file /opt/airflow/dags/idp.py for tasks to queue
[2025-02-01T07:36:20.404+0000] {logging_mixin.py:190} INFO - [2025-02-01T07:36:20.404+0000] {dagbag.py:588} INFO - Filling up the DagBag from /opt/airflow/dags/idp.py
[2025-02-01T07:36:20.530+0000] {processor.py:925} INFO - DAG(s) 'idp' retrieved from /opt/airflow/dags/idp.py
[2025-02-01T07:36:20.558+0000] {logging_mixin.py:190} INFO - [2025-02-01T07:36:20.558+0000] {dag.py:3239} INFO - Sync 1 DAGs
[2025-02-01T07:36:20.577+0000] {logging_mixin.py:190} INFO - [2025-02-01T07:36:20.577+0000] {dag.py:4180} INFO - Setting next_dagrun for idp to 2025-02-01 00:00:00+00:00, run_after=2025-02-02 00:00:00+00:00
[2025-02-01T07:36:20.599+0000] {processor.py:208} INFO - Processing /opt/airflow/dags/idp.py took 0.221 seconds
[2025-02-01T07:36:50.870+0000] {processor.py:186} INFO - Started process (PID=579) to work on /opt/airflow/dags/idp.py
[2025-02-01T07:36:50.876+0000] {processor.py:914} INFO - Processing file /opt/airflow/dags/idp.py for tasks to queue
[2025-02-01T07:36:50.882+0000] {logging_mixin.py:190} INFO - [2025-02-01T07:36:50.881+0000] {dagbag.py:588} INFO - Filling up the DagBag from /opt/airflow/dags/idp.py
[2025-02-01T07:36:51.034+0000] {processor.py:925} INFO - DAG(s) 'idp' retrieved from /opt/airflow/dags/idp.py
[2025-02-01T07:36:51.075+0000] {logging_mixin.py:190} INFO - [2025-02-01T07:36:51.075+0000] {dag.py:3239} INFO - Sync 1 DAGs
[2025-02-01T07:36:51.097+0000] {logging_mixin.py:190} INFO - [2025-02-01T07:36:51.097+0000] {dag.py:4180} INFO - Setting next_dagrun for idp to 2025-02-01 00:00:00+00:00, run_after=2025-02-02 00:00:00+00:00
[2025-02-01T07:36:51.137+0000] {processor.py:208} INFO - Processing /opt/airflow/dags/idp.py took 0.289 seconds
[2025-02-01T07:37:21.795+0000] {processor.py:186} INFO - Started process (PID=645) to work on /opt/airflow/dags/idp.py
[2025-02-01T07:37:21.803+0000] {processor.py:914} INFO - Processing file /opt/airflow/dags/idp.py for tasks to queue
[2025-02-01T07:37:21.811+0000] {logging_mixin.py:190} INFO - [2025-02-01T07:37:21.810+0000] {dagbag.py:588} INFO - Filling up the DagBag from /opt/airflow/dags/idp.py
[2025-02-01T07:37:21.920+0000] {processor.py:925} INFO - DAG(s) 'idp' retrieved from /opt/airflow/dags/idp.py
[2025-02-01T07:37:21.945+0000] {logging_mixin.py:190} INFO - [2025-02-01T07:37:21.945+0000] {dag.py:3239} INFO - Sync 1 DAGs
[2025-02-01T07:37:21.977+0000] {logging_mixin.py:190} INFO - [2025-02-01T07:37:21.977+0000] {dag.py:4180} INFO - Setting next_dagrun for idp to 2025-02-01 00:00:00+00:00, run_after=2025-02-02 00:00:00+00:00
[2025-02-01T07:37:21.995+0000] {processor.py:208} INFO - Processing /opt/airflow/dags/idp.py took 0.223 seconds
[2025-02-01T07:37:52.351+0000] {processor.py:186} INFO - Started process (PID=711) to work on /opt/airflow/dags/idp.py
[2025-02-01T07:37:52.353+0000] {processor.py:914} INFO - Processing file /opt/airflow/dags/idp.py for tasks to queue
[2025-02-01T07:37:52.364+0000] {logging_mixin.py:190} INFO - [2025-02-01T07:37:52.364+0000] {dagbag.py:588} INFO - Filling up the DagBag from /opt/airflow/dags/idp.py
[2025-02-01T07:37:52.478+0000] {processor.py:925} INFO - DAG(s) 'idp' retrieved from /opt/airflow/dags/idp.py
[2025-02-01T07:37:52.515+0000] {logging_mixin.py:190} INFO - [2025-02-01T07:37:52.515+0000] {dag.py:3239} INFO - Sync 1 DAGs
[2025-02-01T07:37:52.536+0000] {logging_mixin.py:190} INFO - [2025-02-01T07:37:52.536+0000] {dag.py:4180} INFO - Setting next_dagrun for idp to 2025-02-01 00:00:00+00:00, run_after=2025-02-02 00:00:00+00:00
[2025-02-01T07:37:52.550+0000] {processor.py:208} INFO - Processing /opt/airflow/dags/idp.py took 0.212 seconds
[2025-02-01T07:38:22.950+0000] {processor.py:186} INFO - Started process (PID=777) to work on /opt/airflow/dags/idp.py
[2025-02-01T07:38:22.953+0000] {processor.py:914} INFO - Processing file /opt/airflow/dags/idp.py for tasks to queue
[2025-02-01T07:38:22.960+0000] {logging_mixin.py:190} INFO - [2025-02-01T07:38:22.960+0000] {dagbag.py:588} INFO - Filling up the DagBag from /opt/airflow/dags/idp.py
[2025-02-01T07:38:23.079+0000] {processor.py:925} INFO - DAG(s) 'idp' retrieved from /opt/airflow/dags/idp.py
[2025-02-01T07:38:23.119+0000] {logging_mixin.py:190} INFO - [2025-02-01T07:38:23.119+0000] {dag.py:3239} INFO - Sync 1 DAGs
[2025-02-01T07:38:23.146+0000] {logging_mixin.py:190} INFO - [2025-02-01T07:38:23.146+0000] {dag.py:4180} INFO - Setting next_dagrun for idp to 2025-02-01 00:00:00+00:00, run_after=2025-02-02 00:00:00+00:00
[2025-02-01T07:38:23.169+0000] {processor.py:208} INFO - Processing /opt/airflow/dags/idp.py took 0.241 seconds
[2025-02-01T07:38:53.818+0000] {processor.py:186} INFO - Started process (PID=843) to work on /opt/airflow/dags/idp.py
[2025-02-01T07:38:53.820+0000] {processor.py:914} INFO - Processing file /opt/airflow/dags/idp.py for tasks to queue
[2025-02-01T07:38:53.829+0000] {logging_mixin.py:190} INFO - [2025-02-01T07:38:53.829+0000] {dagbag.py:588} INFO - Filling up the DagBag from /opt/airflow/dags/idp.py
[2025-02-01T07:38:53.952+0000] {processor.py:925} INFO - DAG(s) 'idp' retrieved from /opt/airflow/dags/idp.py
[2025-02-01T07:38:53.998+0000] {logging_mixin.py:190} INFO - [2025-02-01T07:38:53.998+0000] {dag.py:3239} INFO - Sync 1 DAGs
[2025-02-01T07:38:54.021+0000] {logging_mixin.py:190} INFO - [2025-02-01T07:38:54.020+0000] {dag.py:4180} INFO - Setting next_dagrun for idp to 2025-02-01 00:00:00+00:00, run_after=2025-02-02 00:00:00+00:00
[2025-02-01T07:38:54.038+0000] {processor.py:208} INFO - Processing /opt/airflow/dags/idp.py took 0.233 seconds
[2025-02-01T07:39:24.949+0000] {processor.py:186} INFO - Started process (PID=909) to work on /opt/airflow/dags/idp.py
[2025-02-01T07:39:24.950+0000] {processor.py:914} INFO - Processing file /opt/airflow/dags/idp.py for tasks to queue
[2025-02-01T07:39:24.962+0000] {logging_mixin.py:190} INFO - [2025-02-01T07:39:24.962+0000] {dagbag.py:588} INFO - Filling up the DagBag from /opt/airflow/dags/idp.py
[2025-02-01T07:39:25.106+0000] {processor.py:925} INFO - DAG(s) 'idp' retrieved from /opt/airflow/dags/idp.py
[2025-02-01T07:39:25.138+0000] {logging_mixin.py:190} INFO - [2025-02-01T07:39:25.138+0000] {dag.py:3239} INFO - Sync 1 DAGs
[2025-02-01T07:39:25.160+0000] {logging_mixin.py:190} INFO - [2025-02-01T07:39:25.159+0000] {dag.py:4180} INFO - Setting next_dagrun for idp to 2025-02-01 00:00:00+00:00, run_after=2025-02-02 00:00:00+00:00
[2025-02-01T07:39:25.176+0000] {processor.py:208} INFO - Processing /opt/airflow/dags/idp.py took 0.247 seconds
[2025-02-01T07:39:56.127+0000] {processor.py:186} INFO - Started process (PID=975) to work on /opt/airflow/dags/idp.py
[2025-02-01T07:39:56.129+0000] {processor.py:914} INFO - Processing file /opt/airflow/dags/idp.py for tasks to queue
[2025-02-01T07:39:56.136+0000] {logging_mixin.py:190} INFO - [2025-02-01T07:39:56.135+0000] {dagbag.py:588} INFO - Filling up the DagBag from /opt/airflow/dags/idp.py
[2025-02-01T07:39:56.273+0000] {processor.py:925} INFO - DAG(s) 'idp' retrieved from /opt/airflow/dags/idp.py
[2025-02-01T07:39:56.301+0000] {logging_mixin.py:190} INFO - [2025-02-01T07:39:56.300+0000] {dag.py:3239} INFO - Sync 1 DAGs
[2025-02-01T07:39:56.325+0000] {logging_mixin.py:190} INFO - [2025-02-01T07:39:56.325+0000] {dag.py:4180} INFO - Setting next_dagrun for idp to 2025-02-01 00:00:00+00:00, run_after=2025-02-02 00:00:00+00:00
[2025-02-01T07:39:56.345+0000] {processor.py:208} INFO - Processing /opt/airflow/dags/idp.py took 0.246 seconds
[2025-02-01T07:40:26.973+0000] {processor.py:186} INFO - Started process (PID=1041) to work on /opt/airflow/dags/idp.py
[2025-02-01T07:40:26.974+0000] {processor.py:914} INFO - Processing file /opt/airflow/dags/idp.py for tasks to queue
[2025-02-01T07:40:26.979+0000] {logging_mixin.py:190} INFO - [2025-02-01T07:40:26.979+0000] {dagbag.py:588} INFO - Filling up the DagBag from /opt/airflow/dags/idp.py
[2025-02-01T07:40:27.064+0000] {processor.py:925} INFO - DAG(s) 'idp' retrieved from /opt/airflow/dags/idp.py
[2025-02-01T07:40:27.085+0000] {logging_mixin.py:190} INFO - [2025-02-01T07:40:27.084+0000] {dag.py:3239} INFO - Sync 1 DAGs
[2025-02-01T07:40:27.108+0000] {logging_mixin.py:190} INFO - [2025-02-01T07:40:27.108+0000] {dag.py:4180} INFO - Setting next_dagrun for idp to 2025-02-01 00:00:00+00:00, run_after=2025-02-02 00:00:00+00:00
[2025-02-01T07:40:27.124+0000] {processor.py:208} INFO - Processing /opt/airflow/dags/idp.py took 0.170 seconds
[2025-02-01T07:40:57.699+0000] {processor.py:186} INFO - Started process (PID=1107) to work on /opt/airflow/dags/idp.py
[2025-02-01T07:40:57.702+0000] {processor.py:914} INFO - Processing file /opt/airflow/dags/idp.py for tasks to queue
[2025-02-01T07:40:57.711+0000] {logging_mixin.py:190} INFO - [2025-02-01T07:40:57.710+0000] {dagbag.py:588} INFO - Filling up the DagBag from /opt/airflow/dags/idp.py
[2025-02-01T07:40:57.839+0000] {processor.py:925} INFO - DAG(s) 'idp' retrieved from /opt/airflow/dags/idp.py
[2025-02-01T07:40:57.874+0000] {logging_mixin.py:190} INFO - [2025-02-01T07:40:57.874+0000] {dag.py:3239} INFO - Sync 1 DAGs
[2025-02-01T07:40:57.903+0000] {logging_mixin.py:190} INFO - [2025-02-01T07:40:57.903+0000] {dag.py:4180} INFO - Setting next_dagrun for idp to 2025-02-01 00:00:00+00:00, run_after=2025-02-02 00:00:00+00:00
[2025-02-01T07:40:57.921+0000] {processor.py:208} INFO - Processing /opt/airflow/dags/idp.py took 0.245 seconds
