[2025-02-01T06:39:26.240+0000] {processor.py:186} INFO - Started process (PID=49) to work on /opt/airflow/dags/orchestronic_pipeline.py
[2025-02-01T06:39:26.241+0000] {processor.py:914} INFO - Processing file /opt/airflow/dags/orchestronic_pipeline.py for tasks to queue
[2025-02-01T06:39:26.244+0000] {logging_mixin.py:190} INFO - [2025-02-01T06:39:26.244+0000] {dagbag.py:588} INFO - Filling up the DagBag from /opt/airflow/dags/orchestronic_pipeline.py
[2025-02-01T06:39:26.390+0000] {processor.py:925} INFO - DAG(s) 'idp_resource_provisioning' retrieved from /opt/airflow/dags/orchestronic_pipeline.py
[2025-02-01T06:39:26.415+0000] {logging_mixin.py:190} INFO - [2025-02-01T06:39:26.414+0000] {dag.py:3239} INFO - Sync 1 DAGs
[2025-02-01T06:39:26.426+0000] {logging_mixin.py:190} INFO - [2025-02-01T06:39:26.426+0000] {dag.py:4180} INFO - Setting next_dagrun for idp_resource_provisioning to None, run_after=None
[2025-02-01T06:39:26.447+0000] {processor.py:208} INFO - Processing /opt/airflow/dags/orchestronic_pipeline.py took 0.216 seconds
[2025-02-01T06:39:56.916+0000] {processor.py:186} INFO - Started process (PID=115) to work on /opt/airflow/dags/orchestronic_pipeline.py
[2025-02-01T06:39:56.917+0000] {processor.py:914} INFO - Processing file /opt/airflow/dags/orchestronic_pipeline.py for tasks to queue
[2025-02-01T06:39:56.923+0000] {logging_mixin.py:190} INFO - [2025-02-01T06:39:56.921+0000] {dagbag.py:588} INFO - Filling up the DagBag from /opt/airflow/dags/orchestronic_pipeline.py
[2025-02-01T06:39:57.018+0000] {processor.py:925} INFO - DAG(s) 'idp_resource_provisioning' retrieved from /opt/airflow/dags/orchestronic_pipeline.py
[2025-02-01T06:39:57.056+0000] {logging_mixin.py:190} INFO - [2025-02-01T06:39:57.055+0000] {dag.py:3239} INFO - Sync 1 DAGs
[2025-02-01T06:39:57.071+0000] {logging_mixin.py:190} INFO - [2025-02-01T06:39:57.071+0000] {dag.py:4180} INFO - Setting next_dagrun for idp_resource_provisioning to None, run_after=None
[2025-02-01T06:39:57.085+0000] {processor.py:208} INFO - Processing /opt/airflow/dags/orchestronic_pipeline.py took 0.173 seconds
[2025-02-01T06:40:27.966+0000] {processor.py:186} INFO - Started process (PID=187) to work on /opt/airflow/dags/orchestronic_pipeline.py
[2025-02-01T06:40:27.968+0000] {processor.py:914} INFO - Processing file /opt/airflow/dags/orchestronic_pipeline.py for tasks to queue
[2025-02-01T06:40:27.969+0000] {logging_mixin.py:190} INFO - [2025-02-01T06:40:27.969+0000] {dagbag.py:588} INFO - Filling up the DagBag from /opt/airflow/dags/orchestronic_pipeline.py
[2025-02-01T06:40:28.008+0000] {processor.py:925} INFO - DAG(s) 'idp_resource_provisioning' retrieved from /opt/airflow/dags/orchestronic_pipeline.py
[2025-02-01T06:40:28.024+0000] {logging_mixin.py:190} INFO - [2025-02-01T06:40:28.024+0000] {dag.py:3239} INFO - Sync 1 DAGs
[2025-02-01T06:40:28.033+0000] {logging_mixin.py:190} INFO - [2025-02-01T06:40:28.032+0000] {dag.py:4180} INFO - Setting next_dagrun for idp_resource_provisioning to None, run_after=None
[2025-02-01T06:40:28.041+0000] {processor.py:208} INFO - Processing /opt/airflow/dags/orchestronic_pipeline.py took 0.080 seconds
[2025-02-01T06:40:58.585+0000] {processor.py:186} INFO - Started process (PID=253) to work on /opt/airflow/dags/orchestronic_pipeline.py
[2025-02-01T06:40:58.586+0000] {processor.py:914} INFO - Processing file /opt/airflow/dags/orchestronic_pipeline.py for tasks to queue
[2025-02-01T06:40:58.587+0000] {logging_mixin.py:190} INFO - [2025-02-01T06:40:58.587+0000] {dagbag.py:588} INFO - Filling up the DagBag from /opt/airflow/dags/orchestronic_pipeline.py
[2025-02-01T06:40:58.632+0000] {processor.py:925} INFO - DAG(s) 'idp_resource_provisioning' retrieved from /opt/airflow/dags/orchestronic_pipeline.py
[2025-02-01T06:40:58.649+0000] {logging_mixin.py:190} INFO - [2025-02-01T06:40:58.649+0000] {dag.py:3239} INFO - Sync 1 DAGs
[2025-02-01T06:40:58.658+0000] {logging_mixin.py:190} INFO - [2025-02-01T06:40:58.658+0000] {dag.py:4180} INFO - Setting next_dagrun for idp_resource_provisioning to None, run_after=None
[2025-02-01T06:40:58.667+0000] {processor.py:208} INFO - Processing /opt/airflow/dags/orchestronic_pipeline.py took 0.086 seconds
[2025-02-01T06:41:28.856+0000] {processor.py:186} INFO - Started process (PID=319) to work on /opt/airflow/dags/orchestronic_pipeline.py
[2025-02-01T06:41:28.856+0000] {processor.py:914} INFO - Processing file /opt/airflow/dags/orchestronic_pipeline.py for tasks to queue
[2025-02-01T06:41:28.857+0000] {logging_mixin.py:190} INFO - [2025-02-01T06:41:28.857+0000] {dagbag.py:588} INFO - Filling up the DagBag from /opt/airflow/dags/orchestronic_pipeline.py
[2025-02-01T06:41:28.896+0000] {processor.py:925} INFO - DAG(s) 'idp_resource_provisioning' retrieved from /opt/airflow/dags/orchestronic_pipeline.py
[2025-02-01T06:41:28.909+0000] {logging_mixin.py:190} INFO - [2025-02-01T06:41:28.909+0000] {dag.py:3239} INFO - Sync 1 DAGs
[2025-02-01T06:41:28.922+0000] {logging_mixin.py:190} INFO - [2025-02-01T06:41:28.922+0000] {dag.py:4180} INFO - Setting next_dagrun for idp_resource_provisioning to None, run_after=None
[2025-02-01T06:41:28.945+0000] {processor.py:208} INFO - Processing /opt/airflow/dags/orchestronic_pipeline.py took 0.093 seconds
[2025-02-01T06:41:59.193+0000] {processor.py:186} INFO - Started process (PID=385) to work on /opt/airflow/dags/orchestronic_pipeline.py
[2025-02-01T06:41:59.193+0000] {processor.py:914} INFO - Processing file /opt/airflow/dags/orchestronic_pipeline.py for tasks to queue
[2025-02-01T06:41:59.195+0000] {logging_mixin.py:190} INFO - [2025-02-01T06:41:59.195+0000] {dagbag.py:588} INFO - Filling up the DagBag from /opt/airflow/dags/orchestronic_pipeline.py
[2025-02-01T06:41:59.230+0000] {processor.py:925} INFO - DAG(s) 'idp_resource_provisioning' retrieved from /opt/airflow/dags/orchestronic_pipeline.py
[2025-02-01T06:41:59.242+0000] {logging_mixin.py:190} INFO - [2025-02-01T06:41:59.242+0000] {dag.py:3239} INFO - Sync 1 DAGs
[2025-02-01T06:41:59.250+0000] {logging_mixin.py:190} INFO - [2025-02-01T06:41:59.250+0000] {dag.py:4180} INFO - Setting next_dagrun for idp_resource_provisioning to None, run_after=None
[2025-02-01T06:41:59.258+0000] {processor.py:208} INFO - Processing /opt/airflow/dags/orchestronic_pipeline.py took 0.068 seconds
[2025-02-01T06:42:29.812+0000] {processor.py:186} INFO - Started process (PID=451) to work on /opt/airflow/dags/orchestronic_pipeline.py
[2025-02-01T06:42:29.813+0000] {processor.py:914} INFO - Processing file /opt/airflow/dags/orchestronic_pipeline.py for tasks to queue
[2025-02-01T06:42:29.814+0000] {logging_mixin.py:190} INFO - [2025-02-01T06:42:29.814+0000] {dagbag.py:588} INFO - Filling up the DagBag from /opt/airflow/dags/orchestronic_pipeline.py
[2025-02-01T06:42:29.851+0000] {processor.py:925} INFO - DAG(s) 'idp_resource_provisioning' retrieved from /opt/airflow/dags/orchestronic_pipeline.py
[2025-02-01T06:42:29.862+0000] {logging_mixin.py:190} INFO - [2025-02-01T06:42:29.862+0000] {dag.py:3239} INFO - Sync 1 DAGs
[2025-02-01T06:42:29.869+0000] {logging_mixin.py:190} INFO - [2025-02-01T06:42:29.869+0000] {dag.py:4180} INFO - Setting next_dagrun for idp_resource_provisioning to None, run_after=None
[2025-02-01T06:42:29.878+0000] {processor.py:208} INFO - Processing /opt/airflow/dags/orchestronic_pipeline.py took 0.069 seconds
[2025-02-01T06:43:00.382+0000] {processor.py:186} INFO - Started process (PID=517) to work on /opt/airflow/dags/orchestronic_pipeline.py
[2025-02-01T06:43:00.383+0000] {processor.py:914} INFO - Processing file /opt/airflow/dags/orchestronic_pipeline.py for tasks to queue
[2025-02-01T06:43:00.384+0000] {logging_mixin.py:190} INFO - [2025-02-01T06:43:00.384+0000] {dagbag.py:588} INFO - Filling up the DagBag from /opt/airflow/dags/orchestronic_pipeline.py
[2025-02-01T06:43:00.424+0000] {processor.py:925} INFO - DAG(s) 'idp_resource_provisioning' retrieved from /opt/airflow/dags/orchestronic_pipeline.py
[2025-02-01T06:43:00.436+0000] {logging_mixin.py:190} INFO - [2025-02-01T06:43:00.436+0000] {dag.py:3239} INFO - Sync 1 DAGs
[2025-02-01T06:43:00.444+0000] {logging_mixin.py:190} INFO - [2025-02-01T06:43:00.444+0000] {dag.py:4180} INFO - Setting next_dagrun for idp_resource_provisioning to None, run_after=None
[2025-02-01T06:43:00.453+0000] {processor.py:208} INFO - Processing /opt/airflow/dags/orchestronic_pipeline.py took 0.074 seconds
[2025-02-01T06:43:30.812+0000] {processor.py:186} INFO - Started process (PID=583) to work on /opt/airflow/dags/orchestronic_pipeline.py
[2025-02-01T06:43:30.813+0000] {processor.py:914} INFO - Processing file /opt/airflow/dags/orchestronic_pipeline.py for tasks to queue
[2025-02-01T06:43:30.815+0000] {logging_mixin.py:190} INFO - [2025-02-01T06:43:30.814+0000] {dagbag.py:588} INFO - Filling up the DagBag from /opt/airflow/dags/orchestronic_pipeline.py
[2025-02-01T06:43:30.851+0000] {processor.py:925} INFO - DAG(s) 'idp_resource_provisioning' retrieved from /opt/airflow/dags/orchestronic_pipeline.py
[2025-02-01T06:43:30.862+0000] {logging_mixin.py:190} INFO - [2025-02-01T06:43:30.862+0000] {dag.py:3239} INFO - Sync 1 DAGs
[2025-02-01T06:43:30.871+0000] {logging_mixin.py:190} INFO - [2025-02-01T06:43:30.871+0000] {dag.py:4180} INFO - Setting next_dagrun for idp_resource_provisioning to None, run_after=None
[2025-02-01T06:43:30.879+0000] {processor.py:208} INFO - Processing /opt/airflow/dags/orchestronic_pipeline.py took 0.071 seconds
[2025-02-01T06:44:01.387+0000] {processor.py:186} INFO - Started process (PID=649) to work on /opt/airflow/dags/orchestronic_pipeline.py
[2025-02-01T06:44:01.387+0000] {processor.py:914} INFO - Processing file /opt/airflow/dags/orchestronic_pipeline.py for tasks to queue
[2025-02-01T06:44:01.388+0000] {logging_mixin.py:190} INFO - [2025-02-01T06:44:01.388+0000] {dagbag.py:588} INFO - Filling up the DagBag from /opt/airflow/dags/orchestronic_pipeline.py
[2025-02-01T06:44:01.425+0000] {processor.py:925} INFO - DAG(s) 'idp_resource_provisioning' retrieved from /opt/airflow/dags/orchestronic_pipeline.py
[2025-02-01T06:44:01.436+0000] {logging_mixin.py:190} INFO - [2025-02-01T06:44:01.436+0000] {dag.py:3239} INFO - Sync 1 DAGs
[2025-02-01T06:44:01.443+0000] {logging_mixin.py:190} INFO - [2025-02-01T06:44:01.443+0000] {dag.py:4180} INFO - Setting next_dagrun for idp_resource_provisioning to None, run_after=None
[2025-02-01T06:44:01.451+0000] {processor.py:208} INFO - Processing /opt/airflow/dags/orchestronic_pipeline.py took 0.070 seconds
[2025-02-01T06:44:31.951+0000] {processor.py:186} INFO - Started process (PID=714) to work on /opt/airflow/dags/orchestronic_pipeline.py
[2025-02-01T06:44:31.952+0000] {processor.py:914} INFO - Processing file /opt/airflow/dags/orchestronic_pipeline.py for tasks to queue
[2025-02-01T06:44:31.953+0000] {logging_mixin.py:190} INFO - [2025-02-01T06:44:31.953+0000] {dagbag.py:588} INFO - Filling up the DagBag from /opt/airflow/dags/orchestronic_pipeline.py
[2025-02-01T06:44:31.995+0000] {processor.py:925} INFO - DAG(s) 'idp_resource_provisioning' retrieved from /opt/airflow/dags/orchestronic_pipeline.py
[2025-02-01T06:44:32.008+0000] {logging_mixin.py:190} INFO - [2025-02-01T06:44:32.008+0000] {dag.py:3239} INFO - Sync 1 DAGs
[2025-02-01T06:44:32.015+0000] {logging_mixin.py:190} INFO - [2025-02-01T06:44:32.015+0000] {dag.py:4180} INFO - Setting next_dagrun for idp_resource_provisioning to None, run_after=None
[2025-02-01T06:44:32.024+0000] {processor.py:208} INFO - Processing /opt/airflow/dags/orchestronic_pipeline.py took 0.077 seconds
[2025-02-01T06:45:02.343+0000] {processor.py:186} INFO - Started process (PID=780) to work on /opt/airflow/dags/orchestronic_pipeline.py
[2025-02-01T06:45:02.343+0000] {processor.py:914} INFO - Processing file /opt/airflow/dags/orchestronic_pipeline.py for tasks to queue
[2025-02-01T06:45:02.345+0000] {logging_mixin.py:190} INFO - [2025-02-01T06:45:02.345+0000] {dagbag.py:588} INFO - Filling up the DagBag from /opt/airflow/dags/orchestronic_pipeline.py
[2025-02-01T06:45:02.389+0000] {processor.py:925} INFO - DAG(s) 'idp_resource_provisioning' retrieved from /opt/airflow/dags/orchestronic_pipeline.py
[2025-02-01T06:45:02.410+0000] {logging_mixin.py:190} INFO - [2025-02-01T06:45:02.409+0000] {dag.py:3239} INFO - Sync 1 DAGs
[2025-02-01T06:45:02.418+0000] {logging_mixin.py:190} INFO - [2025-02-01T06:45:02.418+0000] {dag.py:4180} INFO - Setting next_dagrun for idp_resource_provisioning to None, run_after=None
[2025-02-01T06:45:02.428+0000] {processor.py:208} INFO - Processing /opt/airflow/dags/orchestronic_pipeline.py took 0.088 seconds
[2025-02-01T06:46:15.316+0000] {processor.py:186} INFO - Started process (PID=44) to work on /opt/airflow/dags/orchestronic_pipeline.py
[2025-02-01T06:46:15.318+0000] {processor.py:914} INFO - Processing file /opt/airflow/dags/orchestronic_pipeline.py for tasks to queue
[2025-02-01T06:46:15.320+0000] {logging_mixin.py:190} INFO - [2025-02-01T06:46:15.319+0000] {dagbag.py:588} INFO - Filling up the DagBag from /opt/airflow/dags/orchestronic_pipeline.py
[2025-02-01T06:46:15.371+0000] {processor.py:925} INFO - DAG(s) 'idp_resource_provisioning' retrieved from /opt/airflow/dags/orchestronic_pipeline.py
[2025-02-01T06:46:15.391+0000] {logging_mixin.py:190} INFO - [2025-02-01T06:46:15.391+0000] {dag.py:3239} INFO - Sync 1 DAGs
[2025-02-01T06:46:15.400+0000] {logging_mixin.py:190} INFO - [2025-02-01T06:46:15.400+0000] {dag.py:4180} INFO - Setting next_dagrun for idp_resource_provisioning to None, run_after=None
[2025-02-01T06:46:15.414+0000] {processor.py:208} INFO - Processing /opt/airflow/dags/orchestronic_pipeline.py took 0.108 seconds
[2025-02-01T06:46:45.841+0000] {processor.py:186} INFO - Started process (PID=110) to work on /opt/airflow/dags/orchestronic_pipeline.py
[2025-02-01T06:46:45.842+0000] {processor.py:914} INFO - Processing file /opt/airflow/dags/orchestronic_pipeline.py for tasks to queue
[2025-02-01T06:46:45.843+0000] {logging_mixin.py:190} INFO - [2025-02-01T06:46:45.843+0000] {dagbag.py:588} INFO - Filling up the DagBag from /opt/airflow/dags/orchestronic_pipeline.py
[2025-02-01T06:46:45.879+0000] {processor.py:925} INFO - DAG(s) 'idp_resource_provisioning' retrieved from /opt/airflow/dags/orchestronic_pipeline.py
[2025-02-01T06:46:45.889+0000] {logging_mixin.py:190} INFO - [2025-02-01T06:46:45.889+0000] {dag.py:3239} INFO - Sync 1 DAGs
[2025-02-01T06:46:45.897+0000] {logging_mixin.py:190} INFO - [2025-02-01T06:46:45.896+0000] {dag.py:4180} INFO - Setting next_dagrun for idp_resource_provisioning to None, run_after=None
[2025-02-01T06:46:45.910+0000] {processor.py:208} INFO - Processing /opt/airflow/dags/orchestronic_pipeline.py took 0.073 seconds
[2025-02-01T06:47:16.357+0000] {processor.py:186} INFO - Started process (PID=180) to work on /opt/airflow/dags/orchestronic_pipeline.py
[2025-02-01T06:47:16.358+0000] {processor.py:914} INFO - Processing file /opt/airflow/dags/orchestronic_pipeline.py for tasks to queue
[2025-02-01T06:47:16.359+0000] {logging_mixin.py:190} INFO - [2025-02-01T06:47:16.359+0000] {dagbag.py:588} INFO - Filling up the DagBag from /opt/airflow/dags/orchestronic_pipeline.py
[2025-02-01T06:47:16.404+0000] {processor.py:925} INFO - DAG(s) 'idp_resource_provisioning' retrieved from /opt/airflow/dags/orchestronic_pipeline.py
[2025-02-01T06:47:16.419+0000] {logging_mixin.py:190} INFO - [2025-02-01T06:47:16.418+0000] {dag.py:3239} INFO - Sync 1 DAGs
[2025-02-01T06:47:16.430+0000] {logging_mixin.py:190} INFO - [2025-02-01T06:47:16.429+0000] {dag.py:4180} INFO - Setting next_dagrun for idp_resource_provisioning to None, run_after=None
[2025-02-01T06:47:16.440+0000] {processor.py:208} INFO - Processing /opt/airflow/dags/orchestronic_pipeline.py took 0.087 seconds
[2025-02-01T06:47:46.732+0000] {processor.py:186} INFO - Started process (PID=246) to work on /opt/airflow/dags/orchestronic_pipeline.py
[2025-02-01T06:47:46.734+0000] {processor.py:914} INFO - Processing file /opt/airflow/dags/orchestronic_pipeline.py for tasks to queue
[2025-02-01T06:47:46.736+0000] {logging_mixin.py:190} INFO - [2025-02-01T06:47:46.736+0000] {dagbag.py:588} INFO - Filling up the DagBag from /opt/airflow/dags/orchestronic_pipeline.py
[2025-02-01T06:47:46.779+0000] {processor.py:925} INFO - DAG(s) 'idp_resource_provisioning' retrieved from /opt/airflow/dags/orchestronic_pipeline.py
[2025-02-01T06:47:46.793+0000] {logging_mixin.py:190} INFO - [2025-02-01T06:47:46.792+0000] {dag.py:3239} INFO - Sync 1 DAGs
[2025-02-01T06:47:46.801+0000] {logging_mixin.py:190} INFO - [2025-02-01T06:47:46.801+0000] {dag.py:4180} INFO - Setting next_dagrun for idp_resource_provisioning to None, run_after=None
[2025-02-01T06:47:46.811+0000] {processor.py:208} INFO - Processing /opt/airflow/dags/orchestronic_pipeline.py took 0.083 seconds
[2025-02-01T06:48:17.105+0000] {processor.py:186} INFO - Started process (PID=311) to work on /opt/airflow/dags/orchestronic_pipeline.py
[2025-02-01T06:48:17.105+0000] {processor.py:914} INFO - Processing file /opt/airflow/dags/orchestronic_pipeline.py for tasks to queue
[2025-02-01T06:48:17.106+0000] {logging_mixin.py:190} INFO - [2025-02-01T06:48:17.106+0000] {dagbag.py:588} INFO - Filling up the DagBag from /opt/airflow/dags/orchestronic_pipeline.py
[2025-02-01T06:48:17.143+0000] {processor.py:925} INFO - DAG(s) 'idp_resource_provisioning' retrieved from /opt/airflow/dags/orchestronic_pipeline.py
[2025-02-01T06:48:17.154+0000] {logging_mixin.py:190} INFO - [2025-02-01T06:48:17.154+0000] {dag.py:3239} INFO - Sync 1 DAGs
[2025-02-01T06:48:17.162+0000] {logging_mixin.py:190} INFO - [2025-02-01T06:48:17.162+0000] {dag.py:4180} INFO - Setting next_dagrun for idp_resource_provisioning to None, run_after=None
[2025-02-01T06:48:17.171+0000] {processor.py:208} INFO - Processing /opt/airflow/dags/orchestronic_pipeline.py took 0.071 seconds
[2025-02-01T06:48:47.654+0000] {processor.py:186} INFO - Started process (PID=377) to work on /opt/airflow/dags/orchestronic_pipeline.py
[2025-02-01T06:48:47.654+0000] {processor.py:914} INFO - Processing file /opt/airflow/dags/orchestronic_pipeline.py for tasks to queue
[2025-02-01T06:48:47.655+0000] {logging_mixin.py:190} INFO - [2025-02-01T06:48:47.655+0000] {dagbag.py:588} INFO - Filling up the DagBag from /opt/airflow/dags/orchestronic_pipeline.py
[2025-02-01T06:48:47.690+0000] {processor.py:925} INFO - DAG(s) 'idp_resource_provisioning' retrieved from /opt/airflow/dags/orchestronic_pipeline.py
[2025-02-01T06:48:47.701+0000] {logging_mixin.py:190} INFO - [2025-02-01T06:48:47.701+0000] {dag.py:3239} INFO - Sync 1 DAGs
[2025-02-01T06:48:47.709+0000] {logging_mixin.py:190} INFO - [2025-02-01T06:48:47.709+0000] {dag.py:4180} INFO - Setting next_dagrun for idp_resource_provisioning to None, run_after=None
[2025-02-01T06:48:47.719+0000] {processor.py:208} INFO - Processing /opt/airflow/dags/orchestronic_pipeline.py took 0.069 seconds
[2025-02-01T06:49:18.014+0000] {processor.py:186} INFO - Started process (PID=443) to work on /opt/airflow/dags/orchestronic_pipeline.py
[2025-02-01T06:49:18.014+0000] {processor.py:914} INFO - Processing file /opt/airflow/dags/orchestronic_pipeline.py for tasks to queue
[2025-02-01T06:49:18.015+0000] {logging_mixin.py:190} INFO - [2025-02-01T06:49:18.015+0000] {dagbag.py:588} INFO - Filling up the DagBag from /opt/airflow/dags/orchestronic_pipeline.py
[2025-02-01T06:49:18.050+0000] {processor.py:925} INFO - DAG(s) 'idp_resource_provisioning' retrieved from /opt/airflow/dags/orchestronic_pipeline.py
[2025-02-01T06:49:18.061+0000] {logging_mixin.py:190} INFO - [2025-02-01T06:49:18.061+0000] {dag.py:3239} INFO - Sync 1 DAGs
[2025-02-01T06:49:18.068+0000] {logging_mixin.py:190} INFO - [2025-02-01T06:49:18.067+0000] {dag.py:4180} INFO - Setting next_dagrun for idp_resource_provisioning to None, run_after=None
[2025-02-01T06:49:18.076+0000] {processor.py:208} INFO - Processing /opt/airflow/dags/orchestronic_pipeline.py took 0.066 seconds
[2025-02-01T06:49:48.700+0000] {processor.py:186} INFO - Started process (PID=509) to work on /opt/airflow/dags/orchestronic_pipeline.py
[2025-02-01T06:49:48.700+0000] {processor.py:914} INFO - Processing file /opt/airflow/dags/orchestronic_pipeline.py for tasks to queue
[2025-02-01T06:49:48.702+0000] {logging_mixin.py:190} INFO - [2025-02-01T06:49:48.702+0000] {dagbag.py:588} INFO - Filling up the DagBag from /opt/airflow/dags/orchestronic_pipeline.py
[2025-02-01T06:49:48.741+0000] {processor.py:925} INFO - DAG(s) 'idp_resource_provisioning' retrieved from /opt/airflow/dags/orchestronic_pipeline.py
[2025-02-01T06:49:48.753+0000] {logging_mixin.py:190} INFO - [2025-02-01T06:49:48.753+0000] {dag.py:3239} INFO - Sync 1 DAGs
[2025-02-01T06:49:48.760+0000] {logging_mixin.py:190} INFO - [2025-02-01T06:49:48.760+0000] {dag.py:4180} INFO - Setting next_dagrun for idp_resource_provisioning to None, run_after=None
[2025-02-01T06:49:48.769+0000] {processor.py:208} INFO - Processing /opt/airflow/dags/orchestronic_pipeline.py took 0.074 seconds
[2025-02-01T06:50:19.588+0000] {processor.py:186} INFO - Started process (PID=575) to work on /opt/airflow/dags/orchestronic_pipeline.py
[2025-02-01T06:50:19.589+0000] {processor.py:914} INFO - Processing file /opt/airflow/dags/orchestronic_pipeline.py for tasks to queue
[2025-02-01T06:50:19.590+0000] {logging_mixin.py:190} INFO - [2025-02-01T06:50:19.590+0000] {dagbag.py:588} INFO - Filling up the DagBag from /opt/airflow/dags/orchestronic_pipeline.py
[2025-02-01T06:50:19.625+0000] {processor.py:925} INFO - DAG(s) 'idp_resource_provisioning' retrieved from /opt/airflow/dags/orchestronic_pipeline.py
[2025-02-01T06:50:19.638+0000] {logging_mixin.py:190} INFO - [2025-02-01T06:50:19.638+0000] {dag.py:3239} INFO - Sync 1 DAGs
[2025-02-01T06:50:19.646+0000] {logging_mixin.py:190} INFO - [2025-02-01T06:50:19.646+0000] {dag.py:4180} INFO - Setting next_dagrun for idp_resource_provisioning to None, run_after=None
[2025-02-01T06:50:19.655+0000] {processor.py:208} INFO - Processing /opt/airflow/dags/orchestronic_pipeline.py took 0.073 seconds
[2025-02-01T06:50:50.173+0000] {processor.py:186} INFO - Started process (PID=641) to work on /opt/airflow/dags/orchestronic_pipeline.py
[2025-02-01T06:50:50.174+0000] {processor.py:914} INFO - Processing file /opt/airflow/dags/orchestronic_pipeline.py for tasks to queue
[2025-02-01T06:50:50.176+0000] {logging_mixin.py:190} INFO - [2025-02-01T06:50:50.176+0000] {dagbag.py:588} INFO - Filling up the DagBag from /opt/airflow/dags/orchestronic_pipeline.py
[2025-02-01T06:50:50.220+0000] {processor.py:925} INFO - DAG(s) 'idp_resource_provisioning' retrieved from /opt/airflow/dags/orchestronic_pipeline.py
[2025-02-01T06:50:50.233+0000] {logging_mixin.py:190} INFO - [2025-02-01T06:50:50.232+0000] {dag.py:3239} INFO - Sync 1 DAGs
[2025-02-01T06:50:50.240+0000] {logging_mixin.py:190} INFO - [2025-02-01T06:50:50.240+0000] {dag.py:4180} INFO - Setting next_dagrun for idp_resource_provisioning to None, run_after=None
[2025-02-01T06:50:50.248+0000] {processor.py:208} INFO - Processing /opt/airflow/dags/orchestronic_pipeline.py took 0.078 seconds
[2025-02-01T06:51:20.874+0000] {processor.py:186} INFO - Started process (PID=707) to work on /opt/airflow/dags/orchestronic_pipeline.py
[2025-02-01T06:51:20.874+0000] {processor.py:914} INFO - Processing file /opt/airflow/dags/orchestronic_pipeline.py for tasks to queue
[2025-02-01T06:51:20.876+0000] {logging_mixin.py:190} INFO - [2025-02-01T06:51:20.876+0000] {dagbag.py:588} INFO - Filling up the DagBag from /opt/airflow/dags/orchestronic_pipeline.py
[2025-02-01T06:51:20.914+0000] {processor.py:925} INFO - DAG(s) 'idp_resource_provisioning' retrieved from /opt/airflow/dags/orchestronic_pipeline.py
[2025-02-01T06:51:20.927+0000] {logging_mixin.py:190} INFO - [2025-02-01T06:51:20.927+0000] {dag.py:3239} INFO - Sync 1 DAGs
[2025-02-01T06:51:20.934+0000] {logging_mixin.py:190} INFO - [2025-02-01T06:51:20.934+0000] {dag.py:4180} INFO - Setting next_dagrun for idp_resource_provisioning to None, run_after=None
[2025-02-01T06:51:20.946+0000] {processor.py:208} INFO - Processing /opt/airflow/dags/orchestronic_pipeline.py took 0.077 seconds
[2025-02-01T06:51:51.428+0000] {processor.py:186} INFO - Started process (PID=773) to work on /opt/airflow/dags/orchestronic_pipeline.py
[2025-02-01T06:51:51.428+0000] {processor.py:914} INFO - Processing file /opt/airflow/dags/orchestronic_pipeline.py for tasks to queue
[2025-02-01T06:51:51.430+0000] {logging_mixin.py:190} INFO - [2025-02-01T06:51:51.430+0000] {dagbag.py:588} INFO - Filling up the DagBag from /opt/airflow/dags/orchestronic_pipeline.py
[2025-02-01T06:51:51.470+0000] {processor.py:925} INFO - DAG(s) 'idp_resource_provisioning' retrieved from /opt/airflow/dags/orchestronic_pipeline.py
[2025-02-01T06:51:51.484+0000] {logging_mixin.py:190} INFO - [2025-02-01T06:51:51.484+0000] {dag.py:3239} INFO - Sync 1 DAGs
[2025-02-01T06:51:51.492+0000] {logging_mixin.py:190} INFO - [2025-02-01T06:51:51.492+0000] {dag.py:4180} INFO - Setting next_dagrun for idp_resource_provisioning to None, run_after=None
[2025-02-01T06:51:51.502+0000] {processor.py:208} INFO - Processing /opt/airflow/dags/orchestronic_pipeline.py took 0.078 seconds
[2025-02-01T06:52:22.280+0000] {processor.py:186} INFO - Started process (PID=839) to work on /opt/airflow/dags/orchestronic_pipeline.py
[2025-02-01T06:52:22.281+0000] {processor.py:914} INFO - Processing file /opt/airflow/dags/orchestronic_pipeline.py for tasks to queue
[2025-02-01T06:52:22.282+0000] {logging_mixin.py:190} INFO - [2025-02-01T06:52:22.282+0000] {dagbag.py:588} INFO - Filling up the DagBag from /opt/airflow/dags/orchestronic_pipeline.py
[2025-02-01T06:52:22.316+0000] {processor.py:925} INFO - DAG(s) 'idp_resource_provisioning' retrieved from /opt/airflow/dags/orchestronic_pipeline.py
[2025-02-01T06:52:22.327+0000] {logging_mixin.py:190} INFO - [2025-02-01T06:52:22.327+0000] {dag.py:3239} INFO - Sync 1 DAGs
[2025-02-01T06:52:22.333+0000] {logging_mixin.py:190} INFO - [2025-02-01T06:52:22.333+0000] {dag.py:4180} INFO - Setting next_dagrun for idp_resource_provisioning to None, run_after=None
[2025-02-01T06:52:22.342+0000] {processor.py:208} INFO - Processing /opt/airflow/dags/orchestronic_pipeline.py took 0.065 seconds
[2025-02-01T06:52:52.712+0000] {processor.py:186} INFO - Started process (PID=904) to work on /opt/airflow/dags/orchestronic_pipeline.py
[2025-02-01T06:52:52.713+0000] {processor.py:914} INFO - Processing file /opt/airflow/dags/orchestronic_pipeline.py for tasks to queue
[2025-02-01T06:52:52.714+0000] {logging_mixin.py:190} INFO - [2025-02-01T06:52:52.714+0000] {dagbag.py:588} INFO - Filling up the DagBag from /opt/airflow/dags/orchestronic_pipeline.py
[2025-02-01T06:52:52.751+0000] {processor.py:925} INFO - DAG(s) 'idp_resource_provisioning' retrieved from /opt/airflow/dags/orchestronic_pipeline.py
[2025-02-01T06:52:52.762+0000] {logging_mixin.py:190} INFO - [2025-02-01T06:52:52.762+0000] {dag.py:3239} INFO - Sync 1 DAGs
[2025-02-01T06:52:52.768+0000] {logging_mixin.py:190} INFO - [2025-02-01T06:52:52.768+0000] {dag.py:4180} INFO - Setting next_dagrun for idp_resource_provisioning to None, run_after=None
[2025-02-01T06:52:52.776+0000] {processor.py:208} INFO - Processing /opt/airflow/dags/orchestronic_pipeline.py took 0.067 seconds
[2025-02-01T06:53:23.908+0000] {processor.py:186} INFO - Started process (PID=970) to work on /opt/airflow/dags/orchestronic_pipeline.py
[2025-02-01T06:53:23.908+0000] {processor.py:914} INFO - Processing file /opt/airflow/dags/orchestronic_pipeline.py for tasks to queue
[2025-02-01T06:53:23.910+0000] {logging_mixin.py:190} INFO - [2025-02-01T06:53:23.910+0000] {dagbag.py:588} INFO - Filling up the DagBag from /opt/airflow/dags/orchestronic_pipeline.py
[2025-02-01T06:53:23.953+0000] {processor.py:925} INFO - DAG(s) 'idp_resource_provisioning' retrieved from /opt/airflow/dags/orchestronic_pipeline.py
[2025-02-01T06:53:23.965+0000] {logging_mixin.py:190} INFO - [2025-02-01T06:53:23.965+0000] {dag.py:3239} INFO - Sync 1 DAGs
[2025-02-01T06:53:23.972+0000] {logging_mixin.py:190} INFO - [2025-02-01T06:53:23.971+0000] {dag.py:4180} INFO - Setting next_dagrun for idp_resource_provisioning to None, run_after=None
[2025-02-01T06:53:23.979+0000] {processor.py:208} INFO - Processing /opt/airflow/dags/orchestronic_pipeline.py took 0.075 seconds
[2025-02-01T06:53:54.520+0000] {processor.py:186} INFO - Started process (PID=1036) to work on /opt/airflow/dags/orchestronic_pipeline.py
[2025-02-01T06:53:54.521+0000] {processor.py:914} INFO - Processing file /opt/airflow/dags/orchestronic_pipeline.py for tasks to queue
[2025-02-01T06:53:54.522+0000] {logging_mixin.py:190} INFO - [2025-02-01T06:53:54.522+0000] {dagbag.py:588} INFO - Filling up the DagBag from /opt/airflow/dags/orchestronic_pipeline.py
[2025-02-01T06:53:54.557+0000] {processor.py:925} INFO - DAG(s) 'idp_resource_provisioning' retrieved from /opt/airflow/dags/orchestronic_pipeline.py
[2025-02-01T06:53:54.570+0000] {logging_mixin.py:190} INFO - [2025-02-01T06:53:54.570+0000] {dag.py:3239} INFO - Sync 1 DAGs
[2025-02-01T06:53:54.578+0000] {logging_mixin.py:190} INFO - [2025-02-01T06:53:54.577+0000] {dag.py:4180} INFO - Setting next_dagrun for idp_resource_provisioning to None, run_after=None
[2025-02-01T06:53:54.586+0000] {processor.py:208} INFO - Processing /opt/airflow/dags/orchestronic_pipeline.py took 0.072 seconds
[2025-02-01T06:54:25.305+0000] {processor.py:186} INFO - Started process (PID=1102) to work on /opt/airflow/dags/orchestronic_pipeline.py
[2025-02-01T06:54:25.305+0000] {processor.py:914} INFO - Processing file /opt/airflow/dags/orchestronic_pipeline.py for tasks to queue
[2025-02-01T06:54:25.307+0000] {logging_mixin.py:190} INFO - [2025-02-01T06:54:25.306+0000] {dagbag.py:588} INFO - Filling up the DagBag from /opt/airflow/dags/orchestronic_pipeline.py
[2025-02-01T06:54:25.347+0000] {processor.py:925} INFO - DAG(s) 'idp_resource_provisioning' retrieved from /opt/airflow/dags/orchestronic_pipeline.py
[2025-02-01T06:54:25.365+0000] {logging_mixin.py:190} INFO - [2025-02-01T06:54:25.365+0000] {dag.py:3239} INFO - Sync 1 DAGs
[2025-02-01T06:54:25.378+0000] {logging_mixin.py:190} INFO - [2025-02-01T06:54:25.378+0000] {dag.py:4180} INFO - Setting next_dagrun for idp_resource_provisioning to None, run_after=None
[2025-02-01T06:54:25.389+0000] {processor.py:208} INFO - Processing /opt/airflow/dags/orchestronic_pipeline.py took 0.087 seconds
[2025-02-01T06:54:55.884+0000] {processor.py:186} INFO - Started process (PID=1168) to work on /opt/airflow/dags/orchestronic_pipeline.py
[2025-02-01T06:54:55.884+0000] {processor.py:914} INFO - Processing file /opt/airflow/dags/orchestronic_pipeline.py for tasks to queue
[2025-02-01T06:54:55.886+0000] {logging_mixin.py:190} INFO - [2025-02-01T06:54:55.886+0000] {dagbag.py:588} INFO - Filling up the DagBag from /opt/airflow/dags/orchestronic_pipeline.py
[2025-02-01T06:54:55.927+0000] {processor.py:925} INFO - DAG(s) 'idp_resource_provisioning' retrieved from /opt/airflow/dags/orchestronic_pipeline.py
[2025-02-01T06:54:55.940+0000] {logging_mixin.py:190} INFO - [2025-02-01T06:54:55.940+0000] {dag.py:3239} INFO - Sync 1 DAGs
[2025-02-01T06:54:55.947+0000] {logging_mixin.py:190} INFO - [2025-02-01T06:54:55.947+0000] {dag.py:4180} INFO - Setting next_dagrun for idp_resource_provisioning to None, run_after=None
[2025-02-01T06:54:55.954+0000] {processor.py:208} INFO - Processing /opt/airflow/dags/orchestronic_pipeline.py took 0.074 seconds
[2025-02-01T06:55:26.489+0000] {processor.py:186} INFO - Started process (PID=1234) to work on /opt/airflow/dags/orchestronic_pipeline.py
[2025-02-01T06:55:26.489+0000] {processor.py:914} INFO - Processing file /opt/airflow/dags/orchestronic_pipeline.py for tasks to queue
[2025-02-01T06:55:26.491+0000] {logging_mixin.py:190} INFO - [2025-02-01T06:55:26.491+0000] {dagbag.py:588} INFO - Filling up the DagBag from /opt/airflow/dags/orchestronic_pipeline.py
[2025-02-01T06:55:26.529+0000] {processor.py:925} INFO - DAG(s) 'idp_resource_provisioning' retrieved from /opt/airflow/dags/orchestronic_pipeline.py
[2025-02-01T06:55:26.543+0000] {logging_mixin.py:190} INFO - [2025-02-01T06:55:26.542+0000] {dag.py:3239} INFO - Sync 1 DAGs
[2025-02-01T06:55:26.551+0000] {logging_mixin.py:190} INFO - [2025-02-01T06:55:26.551+0000] {dag.py:4180} INFO - Setting next_dagrun for idp_resource_provisioning to None, run_after=None
[2025-02-01T06:55:26.562+0000] {processor.py:208} INFO - Processing /opt/airflow/dags/orchestronic_pipeline.py took 0.077 seconds
[2025-02-01T06:55:57.279+0000] {processor.py:186} INFO - Started process (PID=1300) to work on /opt/airflow/dags/orchestronic_pipeline.py
[2025-02-01T06:55:57.280+0000] {processor.py:914} INFO - Processing file /opt/airflow/dags/orchestronic_pipeline.py for tasks to queue
[2025-02-01T06:55:57.282+0000] {logging_mixin.py:190} INFO - [2025-02-01T06:55:57.281+0000] {dagbag.py:588} INFO - Filling up the DagBag from /opt/airflow/dags/orchestronic_pipeline.py
[2025-02-01T06:55:57.320+0000] {processor.py:925} INFO - DAG(s) 'idp_resource_provisioning' retrieved from /opt/airflow/dags/orchestronic_pipeline.py
[2025-02-01T06:55:57.333+0000] {logging_mixin.py:190} INFO - [2025-02-01T06:55:57.333+0000] {dag.py:3239} INFO - Sync 1 DAGs
[2025-02-01T06:55:57.340+0000] {logging_mixin.py:190} INFO - [2025-02-01T06:55:57.340+0000] {dag.py:4180} INFO - Setting next_dagrun for idp_resource_provisioning to None, run_after=None
[2025-02-01T06:55:57.348+0000] {processor.py:208} INFO - Processing /opt/airflow/dags/orchestronic_pipeline.py took 0.075 seconds
[2025-02-01T06:56:27.907+0000] {processor.py:186} INFO - Started process (PID=1366) to work on /opt/airflow/dags/orchestronic_pipeline.py
[2025-02-01T06:56:27.907+0000] {processor.py:914} INFO - Processing file /opt/airflow/dags/orchestronic_pipeline.py for tasks to queue
[2025-02-01T06:56:27.908+0000] {logging_mixin.py:190} INFO - [2025-02-01T06:56:27.908+0000] {dagbag.py:588} INFO - Filling up the DagBag from /opt/airflow/dags/orchestronic_pipeline.py
[2025-02-01T06:56:27.947+0000] {processor.py:925} INFO - DAG(s) 'idp_resource_provisioning' retrieved from /opt/airflow/dags/orchestronic_pipeline.py
[2025-02-01T06:56:27.960+0000] {logging_mixin.py:190} INFO - [2025-02-01T06:56:27.960+0000] {dag.py:3239} INFO - Sync 1 DAGs
[2025-02-01T06:56:27.968+0000] {logging_mixin.py:190} INFO - [2025-02-01T06:56:27.968+0000] {dag.py:4180} INFO - Setting next_dagrun for idp_resource_provisioning to None, run_after=None
[2025-02-01T06:56:27.979+0000] {processor.py:208} INFO - Processing /opt/airflow/dags/orchestronic_pipeline.py took 0.076 seconds
[2025-02-01T06:56:58.982+0000] {processor.py:186} INFO - Started process (PID=1432) to work on /opt/airflow/dags/orchestronic_pipeline.py
[2025-02-01T06:56:58.983+0000] {processor.py:914} INFO - Processing file /opt/airflow/dags/orchestronic_pipeline.py for tasks to queue
[2025-02-01T06:56:58.984+0000] {logging_mixin.py:190} INFO - [2025-02-01T06:56:58.984+0000] {dagbag.py:588} INFO - Filling up the DagBag from /opt/airflow/dags/orchestronic_pipeline.py
[2025-02-01T06:56:59.020+0000] {processor.py:925} INFO - DAG(s) 'idp_resource_provisioning' retrieved from /opt/airflow/dags/orchestronic_pipeline.py
[2025-02-01T06:56:59.039+0000] {logging_mixin.py:190} INFO - [2025-02-01T06:56:59.039+0000] {dag.py:3239} INFO - Sync 1 DAGs
[2025-02-01T06:56:59.047+0000] {logging_mixin.py:190} INFO - [2025-02-01T06:56:59.047+0000] {dag.py:4180} INFO - Setting next_dagrun for idp_resource_provisioning to None, run_after=None
[2025-02-01T06:56:59.057+0000] {processor.py:208} INFO - Processing /opt/airflow/dags/orchestronic_pipeline.py took 0.078 seconds
[2025-02-01T06:57:29.941+0000] {processor.py:186} INFO - Started process (PID=1498) to work on /opt/airflow/dags/orchestronic_pipeline.py
[2025-02-01T06:57:29.942+0000] {processor.py:914} INFO - Processing file /opt/airflow/dags/orchestronic_pipeline.py for tasks to queue
[2025-02-01T06:57:29.944+0000] {logging_mixin.py:190} INFO - [2025-02-01T06:57:29.943+0000] {dagbag.py:588} INFO - Filling up the DagBag from /opt/airflow/dags/orchestronic_pipeline.py
[2025-02-01T06:57:29.985+0000] {processor.py:925} INFO - DAG(s) 'idp_resource_provisioning' retrieved from /opt/airflow/dags/orchestronic_pipeline.py
[2025-02-01T06:57:29.997+0000] {logging_mixin.py:190} INFO - [2025-02-01T06:57:29.997+0000] {dag.py:3239} INFO - Sync 1 DAGs
[2025-02-01T06:57:30.005+0000] {logging_mixin.py:190} INFO - [2025-02-01T06:57:30.005+0000] {dag.py:4180} INFO - Setting next_dagrun for idp_resource_provisioning to None, run_after=None
[2025-02-01T06:57:30.015+0000] {processor.py:208} INFO - Processing /opt/airflow/dags/orchestronic_pipeline.py took 0.076 seconds
[2025-02-01T06:58:00.612+0000] {processor.py:186} INFO - Started process (PID=1564) to work on /opt/airflow/dags/orchestronic_pipeline.py
[2025-02-01T06:58:00.613+0000] {processor.py:914} INFO - Processing file /opt/airflow/dags/orchestronic_pipeline.py for tasks to queue
[2025-02-01T06:58:00.614+0000] {logging_mixin.py:190} INFO - [2025-02-01T06:58:00.614+0000] {dagbag.py:588} INFO - Filling up the DagBag from /opt/airflow/dags/orchestronic_pipeline.py
[2025-02-01T06:58:00.653+0000] {processor.py:925} INFO - DAG(s) 'idp_resource_provisioning' retrieved from /opt/airflow/dags/orchestronic_pipeline.py
[2025-02-01T06:58:00.666+0000] {logging_mixin.py:190} INFO - [2025-02-01T06:58:00.666+0000] {dag.py:3239} INFO - Sync 1 DAGs
[2025-02-01T06:58:00.674+0000] {logging_mixin.py:190} INFO - [2025-02-01T06:58:00.674+0000] {dag.py:4180} INFO - Setting next_dagrun for idp_resource_provisioning to None, run_after=None
[2025-02-01T06:58:00.684+0000] {processor.py:208} INFO - Processing /opt/airflow/dags/orchestronic_pipeline.py took 0.075 seconds
[2025-02-01T06:58:31.047+0000] {processor.py:186} INFO - Started process (PID=1630) to work on /opt/airflow/dags/orchestronic_pipeline.py
[2025-02-01T06:58:31.048+0000] {processor.py:914} INFO - Processing file /opt/airflow/dags/orchestronic_pipeline.py for tasks to queue
[2025-02-01T06:58:31.049+0000] {logging_mixin.py:190} INFO - [2025-02-01T06:58:31.049+0000] {dagbag.py:588} INFO - Filling up the DagBag from /opt/airflow/dags/orchestronic_pipeline.py
[2025-02-01T06:58:31.084+0000] {processor.py:925} INFO - DAG(s) 'idp_resource_provisioning' retrieved from /opt/airflow/dags/orchestronic_pipeline.py
[2025-02-01T06:58:31.098+0000] {logging_mixin.py:190} INFO - [2025-02-01T06:58:31.098+0000] {dag.py:3239} INFO - Sync 1 DAGs
[2025-02-01T06:58:31.109+0000] {logging_mixin.py:190} INFO - [2025-02-01T06:58:31.109+0000] {dag.py:4180} INFO - Setting next_dagrun for idp_resource_provisioning to None, run_after=None
[2025-02-01T06:58:31.119+0000] {processor.py:208} INFO - Processing /opt/airflow/dags/orchestronic_pipeline.py took 0.075 seconds
[2025-02-01T06:59:02.222+0000] {processor.py:186} INFO - Started process (PID=1696) to work on /opt/airflow/dags/orchestronic_pipeline.py
[2025-02-01T06:59:02.223+0000] {processor.py:914} INFO - Processing file /opt/airflow/dags/orchestronic_pipeline.py for tasks to queue
[2025-02-01T06:59:02.225+0000] {logging_mixin.py:190} INFO - [2025-02-01T06:59:02.225+0000] {dagbag.py:588} INFO - Filling up the DagBag from /opt/airflow/dags/orchestronic_pipeline.py
[2025-02-01T06:59:02.270+0000] {processor.py:925} INFO - DAG(s) 'idp_resource_provisioning' retrieved from /opt/airflow/dags/orchestronic_pipeline.py
[2025-02-01T06:59:02.286+0000] {logging_mixin.py:190} INFO - [2025-02-01T06:59:02.286+0000] {dag.py:3239} INFO - Sync 1 DAGs
[2025-02-01T06:59:02.295+0000] {logging_mixin.py:190} INFO - [2025-02-01T06:59:02.295+0000] {dag.py:4180} INFO - Setting next_dagrun for idp_resource_provisioning to None, run_after=None
[2025-02-01T06:59:02.308+0000] {processor.py:208} INFO - Processing /opt/airflow/dags/orchestronic_pipeline.py took 0.089 seconds
[2025-02-01T06:59:33.220+0000] {processor.py:186} INFO - Started process (PID=1762) to work on /opt/airflow/dags/orchestronic_pipeline.py
[2025-02-01T06:59:33.221+0000] {processor.py:914} INFO - Processing file /opt/airflow/dags/orchestronic_pipeline.py for tasks to queue
[2025-02-01T06:59:33.222+0000] {logging_mixin.py:190} INFO - [2025-02-01T06:59:33.222+0000] {dagbag.py:588} INFO - Filling up the DagBag from /opt/airflow/dags/orchestronic_pipeline.py
[2025-02-01T06:59:33.261+0000] {processor.py:925} INFO - DAG(s) 'idp_resource_provisioning' retrieved from /opt/airflow/dags/orchestronic_pipeline.py
[2025-02-01T06:59:33.274+0000] {logging_mixin.py:190} INFO - [2025-02-01T06:59:33.274+0000] {dag.py:3239} INFO - Sync 1 DAGs
[2025-02-01T06:59:33.281+0000] {logging_mixin.py:190} INFO - [2025-02-01T06:59:33.281+0000] {dag.py:4180} INFO - Setting next_dagrun for idp_resource_provisioning to None, run_after=None
[2025-02-01T06:59:33.291+0000] {processor.py:208} INFO - Processing /opt/airflow/dags/orchestronic_pipeline.py took 0.074 seconds
[2025-02-01T07:00:04.297+0000] {processor.py:186} INFO - Started process (PID=1828) to work on /opt/airflow/dags/orchestronic_pipeline.py
[2025-02-01T07:00:04.298+0000] {processor.py:914} INFO - Processing file /opt/airflow/dags/orchestronic_pipeline.py for tasks to queue
[2025-02-01T07:00:04.299+0000] {logging_mixin.py:190} INFO - [2025-02-01T07:00:04.299+0000] {dagbag.py:588} INFO - Filling up the DagBag from /opt/airflow/dags/orchestronic_pipeline.py
[2025-02-01T07:00:04.342+0000] {processor.py:925} INFO - DAG(s) 'idp_resource_provisioning' retrieved from /opt/airflow/dags/orchestronic_pipeline.py
[2025-02-01T07:00:04.354+0000] {logging_mixin.py:190} INFO - [2025-02-01T07:00:04.354+0000] {dag.py:3239} INFO - Sync 1 DAGs
[2025-02-01T07:00:04.363+0000] {logging_mixin.py:190} INFO - [2025-02-01T07:00:04.362+0000] {dag.py:4180} INFO - Setting next_dagrun for idp_resource_provisioning to None, run_after=None
[2025-02-01T07:00:04.372+0000] {processor.py:208} INFO - Processing /opt/airflow/dags/orchestronic_pipeline.py took 0.079 seconds
[2025-02-01T07:00:35.298+0000] {processor.py:186} INFO - Started process (PID=1894) to work on /opt/airflow/dags/orchestronic_pipeline.py
[2025-02-01T07:00:35.299+0000] {processor.py:914} INFO - Processing file /opt/airflow/dags/orchestronic_pipeline.py for tasks to queue
[2025-02-01T07:00:35.300+0000] {logging_mixin.py:190} INFO - [2025-02-01T07:00:35.300+0000] {dagbag.py:588} INFO - Filling up the DagBag from /opt/airflow/dags/orchestronic_pipeline.py
[2025-02-01T07:00:35.349+0000] {processor.py:925} INFO - DAG(s) 'idp_resource_provisioning' retrieved from /opt/airflow/dags/orchestronic_pipeline.py
[2025-02-01T07:00:35.360+0000] {logging_mixin.py:190} INFO - [2025-02-01T07:00:35.360+0000] {dag.py:3239} INFO - Sync 1 DAGs
[2025-02-01T07:00:35.367+0000] {logging_mixin.py:190} INFO - [2025-02-01T07:00:35.367+0000] {dag.py:4180} INFO - Setting next_dagrun for idp_resource_provisioning to None, run_after=None
[2025-02-01T07:00:35.376+0000] {processor.py:208} INFO - Processing /opt/airflow/dags/orchestronic_pipeline.py took 0.082 seconds
[2025-02-01T07:01:06.059+0000] {processor.py:186} INFO - Started process (PID=1960) to work on /opt/airflow/dags/orchestronic_pipeline.py
[2025-02-01T07:01:06.060+0000] {processor.py:914} INFO - Processing file /opt/airflow/dags/orchestronic_pipeline.py for tasks to queue
[2025-02-01T07:01:06.062+0000] {logging_mixin.py:190} INFO - [2025-02-01T07:01:06.061+0000] {dagbag.py:588} INFO - Filling up the DagBag from /opt/airflow/dags/orchestronic_pipeline.py
[2025-02-01T07:01:06.099+0000] {processor.py:925} INFO - DAG(s) 'idp_resource_provisioning' retrieved from /opt/airflow/dags/orchestronic_pipeline.py
[2025-02-01T07:01:06.111+0000] {logging_mixin.py:190} INFO - [2025-02-01T07:01:06.111+0000] {dag.py:3239} INFO - Sync 1 DAGs
[2025-02-01T07:01:06.118+0000] {logging_mixin.py:190} INFO - [2025-02-01T07:01:06.118+0000] {dag.py:4180} INFO - Setting next_dagrun for idp_resource_provisioning to None, run_after=None
[2025-02-01T07:01:06.126+0000] {processor.py:208} INFO - Processing /opt/airflow/dags/orchestronic_pipeline.py took 0.071 seconds
[2025-02-01T07:01:36.791+0000] {processor.py:186} INFO - Started process (PID=2026) to work on /opt/airflow/dags/orchestronic_pipeline.py
[2025-02-01T07:01:36.792+0000] {processor.py:914} INFO - Processing file /opt/airflow/dags/orchestronic_pipeline.py for tasks to queue
[2025-02-01T07:01:36.794+0000] {logging_mixin.py:190} INFO - [2025-02-01T07:01:36.794+0000] {dagbag.py:588} INFO - Filling up the DagBag from /opt/airflow/dags/orchestronic_pipeline.py
[2025-02-01T07:01:36.836+0000] {processor.py:925} INFO - DAG(s) 'idp_resource_provisioning' retrieved from /opt/airflow/dags/orchestronic_pipeline.py
[2025-02-01T07:01:36.850+0000] {logging_mixin.py:190} INFO - [2025-02-01T07:01:36.850+0000] {dag.py:3239} INFO - Sync 1 DAGs
[2025-02-01T07:01:36.857+0000] {logging_mixin.py:190} INFO - [2025-02-01T07:01:36.857+0000] {dag.py:4180} INFO - Setting next_dagrun for idp_resource_provisioning to None, run_after=None
[2025-02-01T07:01:36.868+0000] {processor.py:208} INFO - Processing /opt/airflow/dags/orchestronic_pipeline.py took 0.080 seconds
[2025-02-01T07:02:07.671+0000] {processor.py:186} INFO - Started process (PID=2092) to work on /opt/airflow/dags/orchestronic_pipeline.py
[2025-02-01T07:02:07.672+0000] {processor.py:914} INFO - Processing file /opt/airflow/dags/orchestronic_pipeline.py for tasks to queue
[2025-02-01T07:02:07.673+0000] {logging_mixin.py:190} INFO - [2025-02-01T07:02:07.673+0000] {dagbag.py:588} INFO - Filling up the DagBag from /opt/airflow/dags/orchestronic_pipeline.py
[2025-02-01T07:02:07.712+0000] {processor.py:925} INFO - DAG(s) 'idp_resource_provisioning' retrieved from /opt/airflow/dags/orchestronic_pipeline.py
[2025-02-01T07:02:07.725+0000] {logging_mixin.py:190} INFO - [2025-02-01T07:02:07.725+0000] {dag.py:3239} INFO - Sync 1 DAGs
[2025-02-01T07:02:07.733+0000] {logging_mixin.py:190} INFO - [2025-02-01T07:02:07.732+0000] {dag.py:4180} INFO - Setting next_dagrun for idp_resource_provisioning to None, run_after=None
[2025-02-01T07:02:07.741+0000] {processor.py:208} INFO - Processing /opt/airflow/dags/orchestronic_pipeline.py took 0.074 seconds
[2025-02-01T07:04:06.909+0000] {processor.py:186} INFO - Started process (PID=50) to work on /opt/airflow/dags/orchestronic_pipeline.py
[2025-02-01T07:04:06.909+0000] {processor.py:914} INFO - Processing file /opt/airflow/dags/orchestronic_pipeline.py for tasks to queue
[2025-02-01T07:04:06.911+0000] {logging_mixin.py:190} INFO - [2025-02-01T07:04:06.911+0000] {dagbag.py:588} INFO - Filling up the DagBag from /opt/airflow/dags/orchestronic_pipeline.py
[2025-02-01T07:04:06.965+0000] {processor.py:925} INFO - DAG(s) 'idp_resource_provisioning' retrieved from /opt/airflow/dags/orchestronic_pipeline.py
[2025-02-01T07:04:06.985+0000] {logging_mixin.py:190} INFO - [2025-02-01T07:04:06.984+0000] {dag.py:3239} INFO - Sync 1 DAGs
[2025-02-01T07:04:06.993+0000] {logging_mixin.py:190} INFO - [2025-02-01T07:04:06.993+0000] {dag.py:4180} INFO - Setting next_dagrun for idp_resource_provisioning to None, run_after=None
[2025-02-01T07:04:07.005+0000] {processor.py:208} INFO - Processing /opt/airflow/dags/orchestronic_pipeline.py took 0.101 seconds
[2025-02-01T07:04:37.370+0000] {processor.py:186} INFO - Started process (PID=116) to work on /opt/airflow/dags/orchestronic_pipeline.py
[2025-02-01T07:04:37.371+0000] {processor.py:914} INFO - Processing file /opt/airflow/dags/orchestronic_pipeline.py for tasks to queue
[2025-02-01T07:04:37.372+0000] {logging_mixin.py:190} INFO - [2025-02-01T07:04:37.372+0000] {dagbag.py:588} INFO - Filling up the DagBag from /opt/airflow/dags/orchestronic_pipeline.py
[2025-02-01T07:04:37.412+0000] {processor.py:925} INFO - DAG(s) 'idp_resource_provisioning' retrieved from /opt/airflow/dags/orchestronic_pipeline.py
[2025-02-01T07:04:37.426+0000] {logging_mixin.py:190} INFO - [2025-02-01T07:04:37.426+0000] {dag.py:3239} INFO - Sync 1 DAGs
[2025-02-01T07:04:37.434+0000] {logging_mixin.py:190} INFO - [2025-02-01T07:04:37.434+0000] {dag.py:4180} INFO - Setting next_dagrun for idp_resource_provisioning to None, run_after=None
[2025-02-01T07:04:37.445+0000] {processor.py:208} INFO - Processing /opt/airflow/dags/orchestronic_pipeline.py took 0.079 seconds
[2025-02-01T07:05:08.119+0000] {processor.py:186} INFO - Started process (PID=182) to work on /opt/airflow/dags/orchestronic_pipeline.py
[2025-02-01T07:05:08.120+0000] {processor.py:914} INFO - Processing file /opt/airflow/dags/orchestronic_pipeline.py for tasks to queue
[2025-02-01T07:05:08.122+0000] {logging_mixin.py:190} INFO - [2025-02-01T07:05:08.121+0000] {dagbag.py:588} INFO - Filling up the DagBag from /opt/airflow/dags/orchestronic_pipeline.py
[2025-02-01T07:05:08.170+0000] {processor.py:925} INFO - DAG(s) 'idp_resource_provisioning' retrieved from /opt/airflow/dags/orchestronic_pipeline.py
[2025-02-01T07:05:08.182+0000] {logging_mixin.py:190} INFO - [2025-02-01T07:05:08.182+0000] {dag.py:3239} INFO - Sync 1 DAGs
[2025-02-01T07:05:08.189+0000] {logging_mixin.py:190} INFO - [2025-02-01T07:05:08.189+0000] {dag.py:4180} INFO - Setting next_dagrun for idp_resource_provisioning to None, run_after=None
[2025-02-01T07:05:08.198+0000] {processor.py:208} INFO - Processing /opt/airflow/dags/orchestronic_pipeline.py took 0.085 seconds
[2025-02-01T07:05:38.623+0000] {processor.py:186} INFO - Started process (PID=248) to work on /opt/airflow/dags/orchestronic_pipeline.py
[2025-02-01T07:05:38.624+0000] {processor.py:914} INFO - Processing file /opt/airflow/dags/orchestronic_pipeline.py for tasks to queue
[2025-02-01T07:05:38.625+0000] {logging_mixin.py:190} INFO - [2025-02-01T07:05:38.625+0000] {dagbag.py:588} INFO - Filling up the DagBag from /opt/airflow/dags/orchestronic_pipeline.py
[2025-02-01T07:05:38.666+0000] {processor.py:925} INFO - DAG(s) 'idp_resource_provisioning' retrieved from /opt/airflow/dags/orchestronic_pipeline.py
[2025-02-01T07:05:38.681+0000] {logging_mixin.py:190} INFO - [2025-02-01T07:05:38.680+0000] {dag.py:3239} INFO - Sync 1 DAGs
[2025-02-01T07:05:38.689+0000] {logging_mixin.py:190} INFO - [2025-02-01T07:05:38.689+0000] {dag.py:4180} INFO - Setting next_dagrun for idp_resource_provisioning to None, run_after=None
[2025-02-01T07:05:38.700+0000] {processor.py:208} INFO - Processing /opt/airflow/dags/orchestronic_pipeline.py took 0.080 seconds
[2025-02-01T07:06:09.382+0000] {processor.py:186} INFO - Started process (PID=314) to work on /opt/airflow/dags/orchestronic_pipeline.py
[2025-02-01T07:06:09.382+0000] {processor.py:914} INFO - Processing file /opt/airflow/dags/orchestronic_pipeline.py for tasks to queue
[2025-02-01T07:06:09.384+0000] {logging_mixin.py:190} INFO - [2025-02-01T07:06:09.383+0000] {dagbag.py:588} INFO - Filling up the DagBag from /opt/airflow/dags/orchestronic_pipeline.py
[2025-02-01T07:06:09.424+0000] {processor.py:925} INFO - DAG(s) 'idp_resource_provisioning' retrieved from /opt/airflow/dags/orchestronic_pipeline.py
[2025-02-01T07:06:09.436+0000] {logging_mixin.py:190} INFO - [2025-02-01T07:06:09.436+0000] {dag.py:3239} INFO - Sync 1 DAGs
[2025-02-01T07:06:09.444+0000] {logging_mixin.py:190} INFO - [2025-02-01T07:06:09.444+0000] {dag.py:4180} INFO - Setting next_dagrun for idp_resource_provisioning to None, run_after=None
[2025-02-01T07:06:09.454+0000] {processor.py:208} INFO - Processing /opt/airflow/dags/orchestronic_pipeline.py took 0.075 seconds
[2025-02-01T07:06:40.494+0000] {processor.py:186} INFO - Started process (PID=380) to work on /opt/airflow/dags/orchestronic_pipeline.py
[2025-02-01T07:06:40.495+0000] {processor.py:914} INFO - Processing file /opt/airflow/dags/orchestronic_pipeline.py for tasks to queue
[2025-02-01T07:06:40.496+0000] {logging_mixin.py:190} INFO - [2025-02-01T07:06:40.496+0000] {dagbag.py:588} INFO - Filling up the DagBag from /opt/airflow/dags/orchestronic_pipeline.py
[2025-02-01T07:06:40.539+0000] {processor.py:925} INFO - DAG(s) 'idp_resource_provisioning' retrieved from /opt/airflow/dags/orchestronic_pipeline.py
[2025-02-01T07:06:40.551+0000] {logging_mixin.py:190} INFO - [2025-02-01T07:06:40.550+0000] {dag.py:3239} INFO - Sync 1 DAGs
[2025-02-01T07:06:40.559+0000] {logging_mixin.py:190} INFO - [2025-02-01T07:06:40.559+0000] {dag.py:4180} INFO - Setting next_dagrun for idp_resource_provisioning to None, run_after=None
[2025-02-01T07:06:40.568+0000] {processor.py:208} INFO - Processing /opt/airflow/dags/orchestronic_pipeline.py took 0.078 seconds
[2025-02-01T07:07:11.363+0000] {processor.py:186} INFO - Started process (PID=446) to work on /opt/airflow/dags/orchestronic_pipeline.py
[2025-02-01T07:07:11.364+0000] {processor.py:914} INFO - Processing file /opt/airflow/dags/orchestronic_pipeline.py for tasks to queue
[2025-02-01T07:07:11.365+0000] {logging_mixin.py:190} INFO - [2025-02-01T07:07:11.365+0000] {dagbag.py:588} INFO - Filling up the DagBag from /opt/airflow/dags/orchestronic_pipeline.py
[2025-02-01T07:07:11.405+0000] {processor.py:925} INFO - DAG(s) 'idp_resource_provisioning' retrieved from /opt/airflow/dags/orchestronic_pipeline.py
[2025-02-01T07:07:11.420+0000] {logging_mixin.py:190} INFO - [2025-02-01T07:07:11.419+0000] {dag.py:3239} INFO - Sync 1 DAGs
[2025-02-01T07:07:11.429+0000] {logging_mixin.py:190} INFO - [2025-02-01T07:07:11.429+0000] {dag.py:4180} INFO - Setting next_dagrun for idp_resource_provisioning to None, run_after=None
[2025-02-01T07:07:11.441+0000] {processor.py:208} INFO - Processing /opt/airflow/dags/orchestronic_pipeline.py took 0.086 seconds
[2025-02-01T07:08:12.545+0000] {processor.py:186} INFO - Started process (PID=44) to work on /opt/airflow/dags/orchestronic_pipeline.py
[2025-02-01T07:08:12.546+0000] {processor.py:914} INFO - Processing file /opt/airflow/dags/orchestronic_pipeline.py for tasks to queue
[2025-02-01T07:08:12.548+0000] {logging_mixin.py:190} INFO - [2025-02-01T07:08:12.548+0000] {dagbag.py:588} INFO - Filling up the DagBag from /opt/airflow/dags/orchestronic_pipeline.py
[2025-02-01T07:08:12.619+0000] {processor.py:925} INFO - DAG(s) 'idp_resource_provisioning' retrieved from /opt/airflow/dags/orchestronic_pipeline.py
[2025-02-01T07:08:12.660+0000] {logging_mixin.py:190} INFO - [2025-02-01T07:08:12.660+0000] {dag.py:3239} INFO - Sync 1 DAGs
[2025-02-01T07:08:12.671+0000] {logging_mixin.py:190} INFO - [2025-02-01T07:08:12.671+0000] {dag.py:4180} INFO - Setting next_dagrun for idp_resource_provisioning to None, run_after=None
[2025-02-01T07:08:12.687+0000] {processor.py:208} INFO - Processing /opt/airflow/dags/orchestronic_pipeline.py took 0.149 seconds
[2025-02-01T07:08:43.601+0000] {processor.py:186} INFO - Started process (PID=116) to work on /opt/airflow/dags/orchestronic_pipeline.py
[2025-02-01T07:08:43.602+0000] {processor.py:914} INFO - Processing file /opt/airflow/dags/orchestronic_pipeline.py for tasks to queue
[2025-02-01T07:08:43.603+0000] {logging_mixin.py:190} INFO - [2025-02-01T07:08:43.603+0000] {dagbag.py:588} INFO - Filling up the DagBag from /opt/airflow/dags/orchestronic_pipeline.py
[2025-02-01T07:08:43.641+0000] {processor.py:925} INFO - DAG(s) 'idp_resource_provisioning' retrieved from /opt/airflow/dags/orchestronic_pipeline.py
[2025-02-01T07:08:43.654+0000] {logging_mixin.py:190} INFO - [2025-02-01T07:08:43.654+0000] {dag.py:3239} INFO - Sync 1 DAGs
[2025-02-01T07:08:43.661+0000] {logging_mixin.py:190} INFO - [2025-02-01T07:08:43.661+0000] {dag.py:4180} INFO - Setting next_dagrun for idp_resource_provisioning to None, run_after=None
[2025-02-01T07:08:43.671+0000] {processor.py:208} INFO - Processing /opt/airflow/dags/orchestronic_pipeline.py took 0.077 seconds
[2025-02-01T07:09:14.391+0000] {processor.py:186} INFO - Started process (PID=182) to work on /opt/airflow/dags/orchestronic_pipeline.py
[2025-02-01T07:09:14.392+0000] {processor.py:914} INFO - Processing file /opt/airflow/dags/orchestronic_pipeline.py for tasks to queue
[2025-02-01T07:09:14.394+0000] {logging_mixin.py:190} INFO - [2025-02-01T07:09:14.394+0000] {dagbag.py:588} INFO - Filling up the DagBag from /opt/airflow/dags/orchestronic_pipeline.py
[2025-02-01T07:09:14.434+0000] {processor.py:925} INFO - DAG(s) 'idp_resource_provisioning' retrieved from /opt/airflow/dags/orchestronic_pipeline.py
[2025-02-01T07:09:14.447+0000] {logging_mixin.py:190} INFO - [2025-02-01T07:09:14.447+0000] {dag.py:3239} INFO - Sync 1 DAGs
[2025-02-01T07:09:14.454+0000] {logging_mixin.py:190} INFO - [2025-02-01T07:09:14.454+0000] {dag.py:4180} INFO - Setting next_dagrun for idp_resource_provisioning to None, run_after=None
[2025-02-01T07:09:14.465+0000] {processor.py:208} INFO - Processing /opt/airflow/dags/orchestronic_pipeline.py took 0.079 seconds
[2025-02-01T07:10:21.849+0000] {processor.py:186} INFO - Started process (PID=50) to work on /opt/airflow/dags/orchestronic_pipeline.py
[2025-02-01T07:10:21.851+0000] {processor.py:914} INFO - Processing file /opt/airflow/dags/orchestronic_pipeline.py for tasks to queue
[2025-02-01T07:10:21.856+0000] {logging_mixin.py:190} INFO - [2025-02-01T07:10:21.855+0000] {dagbag.py:588} INFO - Filling up the DagBag from /opt/airflow/dags/orchestronic_pipeline.py
[2025-02-01T07:10:21.937+0000] {processor.py:925} INFO - DAG(s) 'idp_resource_provisioning' retrieved from /opt/airflow/dags/orchestronic_pipeline.py
[2025-02-01T07:10:21.971+0000] {logging_mixin.py:190} INFO - [2025-02-01T07:10:21.971+0000] {dag.py:3239} INFO - Sync 1 DAGs
[2025-02-01T07:10:21.985+0000] {logging_mixin.py:190} INFO - [2025-02-01T07:10:21.984+0000] {dag.py:4180} INFO - Setting next_dagrun for idp_resource_provisioning to None, run_after=None
[2025-02-01T07:10:22.004+0000] {processor.py:208} INFO - Processing /opt/airflow/dags/orchestronic_pipeline.py took 0.160 seconds
[2025-02-01T07:10:52.329+0000] {processor.py:186} INFO - Started process (PID=116) to work on /opt/airflow/dags/orchestronic_pipeline.py
[2025-02-01T07:10:52.330+0000] {processor.py:914} INFO - Processing file /opt/airflow/dags/orchestronic_pipeline.py for tasks to queue
[2025-02-01T07:10:52.331+0000] {logging_mixin.py:190} INFO - [2025-02-01T07:10:52.331+0000] {dagbag.py:588} INFO - Filling up the DagBag from /opt/airflow/dags/orchestronic_pipeline.py
[2025-02-01T07:10:52.383+0000] {processor.py:925} INFO - DAG(s) 'idp_resource_provisioning' retrieved from /opt/airflow/dags/orchestronic_pipeline.py
[2025-02-01T07:10:52.397+0000] {logging_mixin.py:190} INFO - [2025-02-01T07:10:52.397+0000] {dag.py:3239} INFO - Sync 1 DAGs
[2025-02-01T07:10:52.405+0000] {logging_mixin.py:190} INFO - [2025-02-01T07:10:52.405+0000] {dag.py:4180} INFO - Setting next_dagrun for idp_resource_provisioning to None, run_after=None
[2025-02-01T07:10:52.418+0000] {processor.py:208} INFO - Processing /opt/airflow/dags/orchestronic_pipeline.py took 0.092 seconds
[2025-02-01T07:11:22.840+0000] {processor.py:186} INFO - Started process (PID=182) to work on /opt/airflow/dags/orchestronic_pipeline.py
[2025-02-01T07:11:22.841+0000] {processor.py:914} INFO - Processing file /opt/airflow/dags/orchestronic_pipeline.py for tasks to queue
[2025-02-01T07:11:22.844+0000] {logging_mixin.py:190} INFO - [2025-02-01T07:11:22.844+0000] {dagbag.py:588} INFO - Filling up the DagBag from /opt/airflow/dags/orchestronic_pipeline.py
[2025-02-01T07:11:22.886+0000] {processor.py:925} INFO - DAG(s) 'idp_resource_provisioning' retrieved from /opt/airflow/dags/orchestronic_pipeline.py
[2025-02-01T07:11:22.905+0000] {logging_mixin.py:190} INFO - [2025-02-01T07:11:22.905+0000] {dag.py:3239} INFO - Sync 1 DAGs
[2025-02-01T07:11:22.914+0000] {logging_mixin.py:190} INFO - [2025-02-01T07:11:22.914+0000] {dag.py:4180} INFO - Setting next_dagrun for idp_resource_provisioning to None, run_after=None
[2025-02-01T07:11:22.926+0000] {processor.py:208} INFO - Processing /opt/airflow/dags/orchestronic_pipeline.py took 0.092 seconds
[2025-02-01T07:11:53.497+0000] {processor.py:186} INFO - Started process (PID=248) to work on /opt/airflow/dags/orchestronic_pipeline.py
[2025-02-01T07:11:53.497+0000] {processor.py:914} INFO - Processing file /opt/airflow/dags/orchestronic_pipeline.py for tasks to queue
[2025-02-01T07:11:53.499+0000] {logging_mixin.py:190} INFO - [2025-02-01T07:11:53.499+0000] {dagbag.py:588} INFO - Filling up the DagBag from /opt/airflow/dags/orchestronic_pipeline.py
[2025-02-01T07:11:53.537+0000] {processor.py:925} INFO - DAG(s) 'idp_resource_provisioning' retrieved from /opt/airflow/dags/orchestronic_pipeline.py
[2025-02-01T07:11:53.551+0000] {logging_mixin.py:190} INFO - [2025-02-01T07:11:53.551+0000] {dag.py:3239} INFO - Sync 1 DAGs
[2025-02-01T07:11:53.560+0000] {logging_mixin.py:190} INFO - [2025-02-01T07:11:53.560+0000] {dag.py:4180} INFO - Setting next_dagrun for idp_resource_provisioning to None, run_after=None
[2025-02-01T07:11:53.570+0000] {processor.py:208} INFO - Processing /opt/airflow/dags/orchestronic_pipeline.py took 0.079 seconds
[2025-02-01T07:12:24.351+0000] {processor.py:186} INFO - Started process (PID=314) to work on /opt/airflow/dags/orchestronic_pipeline.py
[2025-02-01T07:12:24.352+0000] {processor.py:914} INFO - Processing file /opt/airflow/dags/orchestronic_pipeline.py for tasks to queue
[2025-02-01T07:12:24.353+0000] {logging_mixin.py:190} INFO - [2025-02-01T07:12:24.353+0000] {dagbag.py:588} INFO - Filling up the DagBag from /opt/airflow/dags/orchestronic_pipeline.py
[2025-02-01T07:12:24.392+0000] {processor.py:925} INFO - DAG(s) 'idp_resource_provisioning' retrieved from /opt/airflow/dags/orchestronic_pipeline.py
[2025-02-01T07:12:24.404+0000] {logging_mixin.py:190} INFO - [2025-02-01T07:12:24.404+0000] {dag.py:3239} INFO - Sync 1 DAGs
[2025-02-01T07:12:24.411+0000] {logging_mixin.py:190} INFO - [2025-02-01T07:12:24.411+0000] {dag.py:4180} INFO - Setting next_dagrun for idp_resource_provisioning to None, run_after=None
[2025-02-01T07:12:24.421+0000] {processor.py:208} INFO - Processing /opt/airflow/dags/orchestronic_pipeline.py took 0.073 seconds
[2025-02-01T07:12:54.812+0000] {processor.py:186} INFO - Started process (PID=380) to work on /opt/airflow/dags/orchestronic_pipeline.py
[2025-02-01T07:12:54.813+0000] {processor.py:914} INFO - Processing file /opt/airflow/dags/orchestronic_pipeline.py for tasks to queue
[2025-02-01T07:12:54.814+0000] {logging_mixin.py:190} INFO - [2025-02-01T07:12:54.814+0000] {dagbag.py:588} INFO - Filling up the DagBag from /opt/airflow/dags/orchestronic_pipeline.py
[2025-02-01T07:12:54.851+0000] {processor.py:925} INFO - DAG(s) 'idp_resource_provisioning' retrieved from /opt/airflow/dags/orchestronic_pipeline.py
[2025-02-01T07:12:54.864+0000] {logging_mixin.py:190} INFO - [2025-02-01T07:12:54.864+0000] {dag.py:3239} INFO - Sync 1 DAGs
[2025-02-01T07:12:54.871+0000] {logging_mixin.py:190} INFO - [2025-02-01T07:12:54.871+0000] {dag.py:4180} INFO - Setting next_dagrun for idp_resource_provisioning to None, run_after=None
[2025-02-01T07:12:54.879+0000] {processor.py:208} INFO - Processing /opt/airflow/dags/orchestronic_pipeline.py took 0.071 seconds
[2025-02-01T07:13:25.196+0000] {processor.py:186} INFO - Started process (PID=446) to work on /opt/airflow/dags/orchestronic_pipeline.py
[2025-02-01T07:13:25.196+0000] {processor.py:914} INFO - Processing file /opt/airflow/dags/orchestronic_pipeline.py for tasks to queue
[2025-02-01T07:13:25.198+0000] {logging_mixin.py:190} INFO - [2025-02-01T07:13:25.198+0000] {dagbag.py:588} INFO - Filling up the DagBag from /opt/airflow/dags/orchestronic_pipeline.py
[2025-02-01T07:13:25.239+0000] {processor.py:925} INFO - DAG(s) 'idp_resource_provisioning' retrieved from /opt/airflow/dags/orchestronic_pipeline.py
[2025-02-01T07:13:25.252+0000] {logging_mixin.py:190} INFO - [2025-02-01T07:13:25.252+0000] {dag.py:3239} INFO - Sync 1 DAGs
[2025-02-01T07:13:25.259+0000] {logging_mixin.py:190} INFO - [2025-02-01T07:13:25.259+0000] {dag.py:4180} INFO - Setting next_dagrun for idp_resource_provisioning to None, run_after=None
[2025-02-01T07:13:25.268+0000] {processor.py:208} INFO - Processing /opt/airflow/dags/orchestronic_pipeline.py took 0.076 seconds
[2025-02-01T07:14:39.344+0000] {processor.py:186} INFO - Started process (PID=50) to work on /opt/airflow/dags/orchestronic_pipeline.py
[2025-02-01T07:14:39.345+0000] {processor.py:914} INFO - Processing file /opt/airflow/dags/orchestronic_pipeline.py for tasks to queue
[2025-02-01T07:14:39.348+0000] {logging_mixin.py:190} INFO - [2025-02-01T07:14:39.347+0000] {dagbag.py:588} INFO - Filling up the DagBag from /opt/airflow/dags/orchestronic_pipeline.py
[2025-02-01T07:14:39.464+0000] {processor.py:925} INFO - DAG(s) 'idp_resource_provisioning' retrieved from /opt/airflow/dags/orchestronic_pipeline.py
[2025-02-01T07:14:39.487+0000] {logging_mixin.py:190} INFO - [2025-02-01T07:14:39.487+0000] {dag.py:3239} INFO - Sync 1 DAGs
[2025-02-01T07:14:39.501+0000] {logging_mixin.py:190} INFO - [2025-02-01T07:14:39.500+0000] {dag.py:4180} INFO - Setting next_dagrun for idp_resource_provisioning to None, run_after=None
[2025-02-01T07:14:39.514+0000] {processor.py:208} INFO - Processing /opt/airflow/dags/orchestronic_pipeline.py took 0.175 seconds
[2025-02-01T07:15:10.020+0000] {processor.py:186} INFO - Started process (PID=116) to work on /opt/airflow/dags/orchestronic_pipeline.py
[2025-02-01T07:15:10.021+0000] {processor.py:914} INFO - Processing file /opt/airflow/dags/orchestronic_pipeline.py for tasks to queue
[2025-02-01T07:15:10.023+0000] {logging_mixin.py:190} INFO - [2025-02-01T07:15:10.023+0000] {dagbag.py:588} INFO - Filling up the DagBag from /opt/airflow/dags/orchestronic_pipeline.py
[2025-02-01T07:15:10.067+0000] {processor.py:925} INFO - DAG(s) 'idp_resource_provisioning' retrieved from /opt/airflow/dags/orchestronic_pipeline.py
[2025-02-01T07:15:10.079+0000] {logging_mixin.py:190} INFO - [2025-02-01T07:15:10.078+0000] {dag.py:3239} INFO - Sync 1 DAGs
[2025-02-01T07:15:10.085+0000] {logging_mixin.py:190} INFO - [2025-02-01T07:15:10.085+0000] {dag.py:4180} INFO - Setting next_dagrun for idp_resource_provisioning to None, run_after=None
[2025-02-01T07:15:10.093+0000] {processor.py:208} INFO - Processing /opt/airflow/dags/orchestronic_pipeline.py took 0.077 seconds
[2025-02-01T07:15:40.588+0000] {processor.py:186} INFO - Started process (PID=182) to work on /opt/airflow/dags/orchestronic_pipeline.py
[2025-02-01T07:15:40.589+0000] {processor.py:914} INFO - Processing file /opt/airflow/dags/orchestronic_pipeline.py for tasks to queue
[2025-02-01T07:15:40.590+0000] {logging_mixin.py:190} INFO - [2025-02-01T07:15:40.590+0000] {dagbag.py:588} INFO - Filling up the DagBag from /opt/airflow/dags/orchestronic_pipeline.py
[2025-02-01T07:15:40.626+0000] {processor.py:925} INFO - DAG(s) 'idp_resource_provisioning' retrieved from /opt/airflow/dags/orchestronic_pipeline.py
[2025-02-01T07:15:40.637+0000] {logging_mixin.py:190} INFO - [2025-02-01T07:15:40.637+0000] {dag.py:3239} INFO - Sync 1 DAGs
[2025-02-01T07:15:40.645+0000] {logging_mixin.py:190} INFO - [2025-02-01T07:15:40.644+0000] {dag.py:4180} INFO - Setting next_dagrun for idp_resource_provisioning to None, run_after=None
[2025-02-01T07:15:40.654+0000] {processor.py:208} INFO - Processing /opt/airflow/dags/orchestronic_pipeline.py took 0.069 seconds
[2025-02-01T07:16:11.392+0000] {processor.py:186} INFO - Started process (PID=248) to work on /opt/airflow/dags/orchestronic_pipeline.py
[2025-02-01T07:16:11.392+0000] {processor.py:914} INFO - Processing file /opt/airflow/dags/orchestronic_pipeline.py for tasks to queue
[2025-02-01T07:16:11.393+0000] {logging_mixin.py:190} INFO - [2025-02-01T07:16:11.393+0000] {dagbag.py:588} INFO - Filling up the DagBag from /opt/airflow/dags/orchestronic_pipeline.py
[2025-02-01T07:16:11.433+0000] {processor.py:925} INFO - DAG(s) 'idp_resource_provisioning' retrieved from /opt/airflow/dags/orchestronic_pipeline.py
[2025-02-01T07:16:11.445+0000] {logging_mixin.py:190} INFO - [2025-02-01T07:16:11.445+0000] {dag.py:3239} INFO - Sync 1 DAGs
[2025-02-01T07:16:11.453+0000] {logging_mixin.py:190} INFO - [2025-02-01T07:16:11.453+0000] {dag.py:4180} INFO - Setting next_dagrun for idp_resource_provisioning to None, run_after=None
[2025-02-01T07:16:11.462+0000] {processor.py:208} INFO - Processing /opt/airflow/dags/orchestronic_pipeline.py took 0.074 seconds
[2025-02-01T07:16:41.754+0000] {processor.py:186} INFO - Started process (PID=314) to work on /opt/airflow/dags/orchestronic_pipeline.py
[2025-02-01T07:16:41.755+0000] {processor.py:914} INFO - Processing file /opt/airflow/dags/orchestronic_pipeline.py for tasks to queue
[2025-02-01T07:16:41.758+0000] {logging_mixin.py:190} INFO - [2025-02-01T07:16:41.757+0000] {dagbag.py:588} INFO - Filling up the DagBag from /opt/airflow/dags/orchestronic_pipeline.py
[2025-02-01T07:16:41.801+0000] {processor.py:925} INFO - DAG(s) 'idp_resource_provisioning' retrieved from /opt/airflow/dags/orchestronic_pipeline.py
[2025-02-01T07:16:41.815+0000] {logging_mixin.py:190} INFO - [2025-02-01T07:16:41.815+0000] {dag.py:3239} INFO - Sync 1 DAGs
[2025-02-01T07:16:41.823+0000] {logging_mixin.py:190} INFO - [2025-02-01T07:16:41.823+0000] {dag.py:4180} INFO - Setting next_dagrun for idp_resource_provisioning to None, run_after=None
[2025-02-01T07:16:41.834+0000] {processor.py:208} INFO - Processing /opt/airflow/dags/orchestronic_pipeline.py took 0.083 seconds
[2025-02-01T07:17:12.479+0000] {processor.py:186} INFO - Started process (PID=380) to work on /opt/airflow/dags/orchestronic_pipeline.py
[2025-02-01T07:17:12.480+0000] {processor.py:914} INFO - Processing file /opt/airflow/dags/orchestronic_pipeline.py for tasks to queue
[2025-02-01T07:17:12.481+0000] {logging_mixin.py:190} INFO - [2025-02-01T07:17:12.481+0000] {dagbag.py:588} INFO - Filling up the DagBag from /opt/airflow/dags/orchestronic_pipeline.py
[2025-02-01T07:17:12.524+0000] {processor.py:925} INFO - DAG(s) 'idp_resource_provisioning' retrieved from /opt/airflow/dags/orchestronic_pipeline.py
[2025-02-01T07:17:12.538+0000] {logging_mixin.py:190} INFO - [2025-02-01T07:17:12.538+0000] {dag.py:3239} INFO - Sync 1 DAGs
[2025-02-01T07:17:12.549+0000] {logging_mixin.py:190} INFO - [2025-02-01T07:17:12.549+0000] {dag.py:4180} INFO - Setting next_dagrun for idp_resource_provisioning to None, run_after=None
[2025-02-01T07:17:12.564+0000] {processor.py:208} INFO - Processing /opt/airflow/dags/orchestronic_pipeline.py took 0.090 seconds
[2025-02-01T07:17:43.177+0000] {processor.py:186} INFO - Started process (PID=446) to work on /opt/airflow/dags/orchestronic_pipeline.py
[2025-02-01T07:17:43.178+0000] {processor.py:914} INFO - Processing file /opt/airflow/dags/orchestronic_pipeline.py for tasks to queue
[2025-02-01T07:17:43.179+0000] {logging_mixin.py:190} INFO - [2025-02-01T07:17:43.179+0000] {dagbag.py:588} INFO - Filling up the DagBag from /opt/airflow/dags/orchestronic_pipeline.py
[2025-02-01T07:17:43.214+0000] {processor.py:925} INFO - DAG(s) 'idp_resource_provisioning' retrieved from /opt/airflow/dags/orchestronic_pipeline.py
[2025-02-01T07:17:43.225+0000] {logging_mixin.py:190} INFO - [2025-02-01T07:17:43.225+0000] {dag.py:3239} INFO - Sync 1 DAGs
[2025-02-01T07:17:43.232+0000] {logging_mixin.py:190} INFO - [2025-02-01T07:17:43.231+0000] {dag.py:4180} INFO - Setting next_dagrun for idp_resource_provisioning to None, run_after=None
[2025-02-01T07:17:43.241+0000] {processor.py:208} INFO - Processing /opt/airflow/dags/orchestronic_pipeline.py took 0.067 seconds
[2025-02-01T07:18:13.855+0000] {processor.py:186} INFO - Started process (PID=512) to work on /opt/airflow/dags/orchestronic_pipeline.py
[2025-02-01T07:18:13.856+0000] {processor.py:914} INFO - Processing file /opt/airflow/dags/orchestronic_pipeline.py for tasks to queue
[2025-02-01T07:18:13.858+0000] {logging_mixin.py:190} INFO - [2025-02-01T07:18:13.858+0000] {dagbag.py:588} INFO - Filling up the DagBag from /opt/airflow/dags/orchestronic_pipeline.py
[2025-02-01T07:18:13.900+0000] {processor.py:925} INFO - DAG(s) 'idp_resource_provisioning' retrieved from /opt/airflow/dags/orchestronic_pipeline.py
[2025-02-01T07:18:13.914+0000] {logging_mixin.py:190} INFO - [2025-02-01T07:18:13.914+0000] {dag.py:3239} INFO - Sync 1 DAGs
[2025-02-01T07:18:13.923+0000] {logging_mixin.py:190} INFO - [2025-02-01T07:18:13.922+0000] {dag.py:4180} INFO - Setting next_dagrun for idp_resource_provisioning to None, run_after=None
[2025-02-01T07:18:13.933+0000] {processor.py:208} INFO - Processing /opt/airflow/dags/orchestronic_pipeline.py took 0.081 seconds
[2025-02-01T07:18:44.351+0000] {processor.py:186} INFO - Started process (PID=578) to work on /opt/airflow/dags/orchestronic_pipeline.py
[2025-02-01T07:18:44.351+0000] {processor.py:914} INFO - Processing file /opt/airflow/dags/orchestronic_pipeline.py for tasks to queue
[2025-02-01T07:18:44.353+0000] {logging_mixin.py:190} INFO - [2025-02-01T07:18:44.353+0000] {dagbag.py:588} INFO - Filling up the DagBag from /opt/airflow/dags/orchestronic_pipeline.py
[2025-02-01T07:18:44.397+0000] {processor.py:925} INFO - DAG(s) 'idp_resource_provisioning' retrieved from /opt/airflow/dags/orchestronic_pipeline.py
[2025-02-01T07:18:44.409+0000] {logging_mixin.py:190} INFO - [2025-02-01T07:18:44.409+0000] {dag.py:3239} INFO - Sync 1 DAGs
[2025-02-01T07:18:44.417+0000] {logging_mixin.py:190} INFO - [2025-02-01T07:18:44.417+0000] {dag.py:4180} INFO - Setting next_dagrun for idp_resource_provisioning to None, run_after=None
[2025-02-01T07:18:44.436+0000] {processor.py:208} INFO - Processing /opt/airflow/dags/orchestronic_pipeline.py took 0.094 seconds
[2025-02-01T07:19:15.291+0000] {processor.py:186} INFO - Started process (PID=644) to work on /opt/airflow/dags/orchestronic_pipeline.py
[2025-02-01T07:19:15.292+0000] {processor.py:914} INFO - Processing file /opt/airflow/dags/orchestronic_pipeline.py for tasks to queue
[2025-02-01T07:19:15.293+0000] {logging_mixin.py:190} INFO - [2025-02-01T07:19:15.293+0000] {dagbag.py:588} INFO - Filling up the DagBag from /opt/airflow/dags/orchestronic_pipeline.py
[2025-02-01T07:19:15.334+0000] {processor.py:925} INFO - DAG(s) 'idp_resource_provisioning' retrieved from /opt/airflow/dags/orchestronic_pipeline.py
[2025-02-01T07:19:15.347+0000] {logging_mixin.py:190} INFO - [2025-02-01T07:19:15.347+0000] {dag.py:3239} INFO - Sync 1 DAGs
[2025-02-01T07:19:15.355+0000] {logging_mixin.py:190} INFO - [2025-02-01T07:19:15.355+0000] {dag.py:4180} INFO - Setting next_dagrun for idp_resource_provisioning to None, run_after=None
[2025-02-01T07:19:15.365+0000] {processor.py:208} INFO - Processing /opt/airflow/dags/orchestronic_pipeline.py took 0.077 seconds
[2025-02-01T07:19:45.792+0000] {processor.py:186} INFO - Started process (PID=711) to work on /opt/airflow/dags/orchestronic_pipeline.py
[2025-02-01T07:19:45.793+0000] {processor.py:914} INFO - Processing file /opt/airflow/dags/orchestronic_pipeline.py for tasks to queue
[2025-02-01T07:19:45.795+0000] {logging_mixin.py:190} INFO - [2025-02-01T07:19:45.794+0000] {dagbag.py:588} INFO - Filling up the DagBag from /opt/airflow/dags/orchestronic_pipeline.py
[2025-02-01T07:19:45.835+0000] {processor.py:925} INFO - DAG(s) 'idp_resource_provisioning' retrieved from /opt/airflow/dags/orchestronic_pipeline.py
[2025-02-01T07:19:45.850+0000] {logging_mixin.py:190} INFO - [2025-02-01T07:19:45.849+0000] {dag.py:3239} INFO - Sync 1 DAGs
[2025-02-01T07:19:45.859+0000] {logging_mixin.py:190} INFO - [2025-02-01T07:19:45.859+0000] {dag.py:4180} INFO - Setting next_dagrun for idp_resource_provisioning to None, run_after=None
[2025-02-01T07:19:45.869+0000] {processor.py:208} INFO - Processing /opt/airflow/dags/orchestronic_pipeline.py took 0.080 seconds
[2025-02-01T07:22:57.963+0000] {processor.py:186} INFO - Started process (PID=49) to work on /opt/airflow/dags/orchestronic_pipeline.py
[2025-02-01T07:22:57.964+0000] {processor.py:914} INFO - Processing file /opt/airflow/dags/orchestronic_pipeline.py for tasks to queue
[2025-02-01T07:22:57.966+0000] {logging_mixin.py:190} INFO - [2025-02-01T07:22:57.966+0000] {dagbag.py:588} INFO - Filling up the DagBag from /opt/airflow/dags/orchestronic_pipeline.py
[2025-02-01T07:22:58.072+0000] {processor.py:925} INFO - DAG(s) 'idp_resource_provisioning' retrieved from /opt/airflow/dags/orchestronic_pipeline.py
[2025-02-01T07:22:58.102+0000] {logging_mixin.py:190} INFO - [2025-02-01T07:22:58.102+0000] {dag.py:3239} INFO - Sync 1 DAGs
[2025-02-01T07:22:58.118+0000] {logging_mixin.py:190} INFO - [2025-02-01T07:22:58.118+0000] {dag.py:4180} INFO - Setting next_dagrun for idp_resource_provisioning to None, run_after=None
[2025-02-01T07:22:58.132+0000] {processor.py:208} INFO - Processing /opt/airflow/dags/orchestronic_pipeline.py took 0.173 seconds
[2025-02-01T07:23:28.885+0000] {processor.py:186} INFO - Started process (PID=115) to work on /opt/airflow/dags/orchestronic_pipeline.py
[2025-02-01T07:23:28.886+0000] {processor.py:914} INFO - Processing file /opt/airflow/dags/orchestronic_pipeline.py for tasks to queue
[2025-02-01T07:23:28.888+0000] {logging_mixin.py:190} INFO - [2025-02-01T07:23:28.887+0000] {dagbag.py:588} INFO - Filling up the DagBag from /opt/airflow/dags/orchestronic_pipeline.py
[2025-02-01T07:23:28.936+0000] {processor.py:925} INFO - DAG(s) 'idp_resource_provisioning' retrieved from /opt/airflow/dags/orchestronic_pipeline.py
[2025-02-01T07:23:28.950+0000] {logging_mixin.py:190} INFO - [2025-02-01T07:23:28.950+0000] {dag.py:3239} INFO - Sync 1 DAGs
[2025-02-01T07:23:28.959+0000] {logging_mixin.py:190} INFO - [2025-02-01T07:23:28.958+0000] {dag.py:4180} INFO - Setting next_dagrun for idp_resource_provisioning to None, run_after=None
[2025-02-01T07:23:28.970+0000] {processor.py:208} INFO - Processing /opt/airflow/dags/orchestronic_pipeline.py took 0.091 seconds
[2025-02-01T07:23:59.276+0000] {processor.py:186} INFO - Started process (PID=181) to work on /opt/airflow/dags/orchestronic_pipeline.py
[2025-02-01T07:23:59.277+0000] {processor.py:914} INFO - Processing file /opt/airflow/dags/orchestronic_pipeline.py for tasks to queue
[2025-02-01T07:23:59.279+0000] {logging_mixin.py:190} INFO - [2025-02-01T07:23:59.279+0000] {dagbag.py:588} INFO - Filling up the DagBag from /opt/airflow/dags/orchestronic_pipeline.py
[2025-02-01T07:23:59.318+0000] {processor.py:925} INFO - DAG(s) 'idp_resource_provisioning' retrieved from /opt/airflow/dags/orchestronic_pipeline.py
[2025-02-01T07:23:59.330+0000] {logging_mixin.py:190} INFO - [2025-02-01T07:23:59.330+0000] {dag.py:3239} INFO - Sync 1 DAGs
[2025-02-01T07:23:59.336+0000] {logging_mixin.py:190} INFO - [2025-02-01T07:23:59.336+0000] {dag.py:4180} INFO - Setting next_dagrun for idp_resource_provisioning to None, run_after=None
[2025-02-01T07:23:59.344+0000] {processor.py:208} INFO - Processing /opt/airflow/dags/orchestronic_pipeline.py took 0.071 seconds
[2025-02-01T07:24:29.564+0000] {processor.py:186} INFO - Started process (PID=247) to work on /opt/airflow/dags/orchestronic_pipeline.py
[2025-02-01T07:24:29.564+0000] {processor.py:914} INFO - Processing file /opt/airflow/dags/orchestronic_pipeline.py for tasks to queue
[2025-02-01T07:24:29.566+0000] {logging_mixin.py:190} INFO - [2025-02-01T07:24:29.566+0000] {dagbag.py:588} INFO - Filling up the DagBag from /opt/airflow/dags/orchestronic_pipeline.py
[2025-02-01T07:24:29.630+0000] {processor.py:925} INFO - DAG(s) 'idp_resource_provisioning' retrieved from /opt/airflow/dags/orchestronic_pipeline.py
[2025-02-01T07:24:29.643+0000] {logging_mixin.py:190} INFO - [2025-02-01T07:24:29.642+0000] {dag.py:3239} INFO - Sync 1 DAGs
[2025-02-01T07:24:29.650+0000] {logging_mixin.py:190} INFO - [2025-02-01T07:24:29.650+0000] {dag.py:4180} INFO - Setting next_dagrun for idp_resource_provisioning to None, run_after=None
[2025-02-01T07:24:29.662+0000] {processor.py:208} INFO - Processing /opt/airflow/dags/orchestronic_pipeline.py took 0.102 seconds
[2025-02-01T07:32:44.962+0000] {processor.py:186} INFO - Started process (PID=48) to work on /opt/airflow/dags/orchestronic_pipeline.py
[2025-02-01T07:32:44.963+0000] {processor.py:914} INFO - Processing file /opt/airflow/dags/orchestronic_pipeline.py for tasks to queue
[2025-02-01T07:32:44.965+0000] {logging_mixin.py:190} INFO - [2025-02-01T07:32:44.965+0000] {dagbag.py:588} INFO - Filling up the DagBag from /opt/airflow/dags/orchestronic_pipeline.py
[2025-02-01T07:32:45.033+0000] {processor.py:925} INFO - DAG(s) 'idp_resource_provisioning' retrieved from /opt/airflow/dags/orchestronic_pipeline.py
[2025-02-01T07:32:45.072+0000] {logging_mixin.py:190} INFO - [2025-02-01T07:32:45.072+0000] {dag.py:3239} INFO - Sync 1 DAGs
[2025-02-01T07:32:45.091+0000] {logging_mixin.py:190} INFO - [2025-02-01T07:32:45.091+0000] {dag.py:4180} INFO - Setting next_dagrun for idp_resource_provisioning to None, run_after=None
[2025-02-01T07:32:45.109+0000] {processor.py:208} INFO - Processing /opt/airflow/dags/orchestronic_pipeline.py took 0.151 seconds
[2025-02-01T07:33:16.022+0000] {processor.py:186} INFO - Started process (PID=119) to work on /opt/airflow/dags/orchestronic_pipeline.py
[2025-02-01T07:33:16.023+0000] {processor.py:914} INFO - Processing file /opt/airflow/dags/orchestronic_pipeline.py for tasks to queue
[2025-02-01T07:33:16.035+0000] {logging_mixin.py:190} INFO - [2025-02-01T07:33:16.035+0000] {dagbag.py:588} INFO - Filling up the DagBag from /opt/airflow/dags/orchestronic_pipeline.py
[2025-02-01T07:33:16.109+0000] {processor.py:925} INFO - DAG(s) 'idp_resource_provisioning' retrieved from /opt/airflow/dags/orchestronic_pipeline.py
[2025-02-01T07:33:16.130+0000] {logging_mixin.py:190} INFO - [2025-02-01T07:33:16.130+0000] {dag.py:3239} INFO - Sync 1 DAGs
[2025-02-01T07:33:16.139+0000] {logging_mixin.py:190} INFO - [2025-02-01T07:33:16.139+0000] {dag.py:4180} INFO - Setting next_dagrun for idp_resource_provisioning to None, run_after=None
[2025-02-01T07:33:16.150+0000] {processor.py:208} INFO - Processing /opt/airflow/dags/orchestronic_pipeline.py took 0.132 seconds
[2025-02-01T07:33:46.600+0000] {processor.py:186} INFO - Started process (PID=185) to work on /opt/airflow/dags/orchestronic_pipeline.py
[2025-02-01T07:33:46.601+0000] {processor.py:914} INFO - Processing file /opt/airflow/dags/orchestronic_pipeline.py for tasks to queue
[2025-02-01T07:33:46.602+0000] {logging_mixin.py:190} INFO - [2025-02-01T07:33:46.602+0000] {dagbag.py:588} INFO - Filling up the DagBag from /opt/airflow/dags/orchestronic_pipeline.py
[2025-02-01T07:33:46.642+0000] {processor.py:925} INFO - DAG(s) 'idp_resource_provisioning' retrieved from /opt/airflow/dags/orchestronic_pipeline.py
[2025-02-01T07:33:46.655+0000] {logging_mixin.py:190} INFO - [2025-02-01T07:33:46.655+0000] {dag.py:3239} INFO - Sync 1 DAGs
[2025-02-01T07:33:46.662+0000] {logging_mixin.py:190} INFO - [2025-02-01T07:33:46.662+0000] {dag.py:4180} INFO - Setting next_dagrun for idp_resource_provisioning to None, run_after=None
[2025-02-01T07:33:46.674+0000] {processor.py:208} INFO - Processing /opt/airflow/dags/orchestronic_pipeline.py took 0.078 seconds
[2025-02-01T07:34:17.592+0000] {processor.py:186} INFO - Started process (PID=251) to work on /opt/airflow/dags/orchestronic_pipeline.py
[2025-02-01T07:34:17.593+0000] {processor.py:914} INFO - Processing file /opt/airflow/dags/orchestronic_pipeline.py for tasks to queue
[2025-02-01T07:34:17.594+0000] {logging_mixin.py:190} INFO - [2025-02-01T07:34:17.594+0000] {dagbag.py:588} INFO - Filling up the DagBag from /opt/airflow/dags/orchestronic_pipeline.py
[2025-02-01T07:34:17.632+0000] {processor.py:925} INFO - DAG(s) 'idp_resource_provisioning' retrieved from /opt/airflow/dags/orchestronic_pipeline.py
[2025-02-01T07:34:17.647+0000] {logging_mixin.py:190} INFO - [2025-02-01T07:34:17.647+0000] {dag.py:3239} INFO - Sync 1 DAGs
[2025-02-01T07:34:17.654+0000] {logging_mixin.py:190} INFO - [2025-02-01T07:34:17.654+0000] {dag.py:4180} INFO - Setting next_dagrun for idp_resource_provisioning to None, run_after=None
[2025-02-01T07:34:17.663+0000] {processor.py:208} INFO - Processing /opt/airflow/dags/orchestronic_pipeline.py took 0.074 seconds
[2025-02-01T07:34:48.917+0000] {processor.py:186} INFO - Started process (PID=317) to work on /opt/airflow/dags/orchestronic_pipeline.py
[2025-02-01T07:34:48.918+0000] {processor.py:914} INFO - Processing file /opt/airflow/dags/orchestronic_pipeline.py for tasks to queue
[2025-02-01T07:34:48.919+0000] {logging_mixin.py:190} INFO - [2025-02-01T07:34:48.919+0000] {dagbag.py:588} INFO - Filling up the DagBag from /opt/airflow/dags/orchestronic_pipeline.py
[2025-02-01T07:34:48.965+0000] {processor.py:925} INFO - DAG(s) 'idp_resource_provisioning' retrieved from /opt/airflow/dags/orchestronic_pipeline.py
[2025-02-01T07:34:48.978+0000] {logging_mixin.py:190} INFO - [2025-02-01T07:34:48.978+0000] {dag.py:3239} INFO - Sync 1 DAGs
[2025-02-01T07:34:48.989+0000] {logging_mixin.py:190} INFO - [2025-02-01T07:34:48.989+0000] {dag.py:4180} INFO - Setting next_dagrun for idp_resource_provisioning to None, run_after=None
[2025-02-01T07:34:49.001+0000] {processor.py:208} INFO - Processing /opt/airflow/dags/orchestronic_pipeline.py took 0.087 seconds
[2025-02-01T07:35:19.664+0000] {processor.py:186} INFO - Started process (PID=383) to work on /opt/airflow/dags/orchestronic_pipeline.py
[2025-02-01T07:35:19.665+0000] {processor.py:914} INFO - Processing file /opt/airflow/dags/orchestronic_pipeline.py for tasks to queue
[2025-02-01T07:35:19.667+0000] {logging_mixin.py:190} INFO - [2025-02-01T07:35:19.667+0000] {dagbag.py:588} INFO - Filling up the DagBag from /opt/airflow/dags/orchestronic_pipeline.py
[2025-02-01T07:35:19.712+0000] {processor.py:925} INFO - DAG(s) 'idp_resource_provisioning' retrieved from /opt/airflow/dags/orchestronic_pipeline.py
[2025-02-01T07:35:19.726+0000] {logging_mixin.py:190} INFO - [2025-02-01T07:35:19.725+0000] {dag.py:3239} INFO - Sync 1 DAGs
[2025-02-01T07:35:19.734+0000] {logging_mixin.py:190} INFO - [2025-02-01T07:35:19.734+0000] {dag.py:4180} INFO - Setting next_dagrun for idp_resource_provisioning to None, run_after=None
[2025-02-01T07:35:19.743+0000] {processor.py:208} INFO - Processing /opt/airflow/dags/orchestronic_pipeline.py took 0.088 seconds
[2025-02-01T07:35:49.982+0000] {processor.py:186} INFO - Started process (PID=449) to work on /opt/airflow/dags/orchestronic_pipeline.py
[2025-02-01T07:35:49.983+0000] {processor.py:914} INFO - Processing file /opt/airflow/dags/orchestronic_pipeline.py for tasks to queue
[2025-02-01T07:35:49.985+0000] {logging_mixin.py:190} INFO - [2025-02-01T07:35:49.985+0000] {dagbag.py:588} INFO - Filling up the DagBag from /opt/airflow/dags/orchestronic_pipeline.py
[2025-02-01T07:35:50.033+0000] {processor.py:925} INFO - DAG(s) 'idp_resource_provisioning' retrieved from /opt/airflow/dags/orchestronic_pipeline.py
[2025-02-01T07:35:50.046+0000] {logging_mixin.py:190} INFO - [2025-02-01T07:35:50.046+0000] {dag.py:3239} INFO - Sync 1 DAGs
[2025-02-01T07:35:50.054+0000] {logging_mixin.py:190} INFO - [2025-02-01T07:35:50.054+0000] {dag.py:4180} INFO - Setting next_dagrun for idp_resource_provisioning to None, run_after=None
[2025-02-01T07:35:50.064+0000] {processor.py:208} INFO - Processing /opt/airflow/dags/orchestronic_pipeline.py took 0.085 seconds
[2025-02-01T07:36:20.623+0000] {processor.py:186} INFO - Started process (PID=515) to work on /opt/airflow/dags/orchestronic_pipeline.py
[2025-02-01T07:36:20.624+0000] {processor.py:914} INFO - Processing file /opt/airflow/dags/orchestronic_pipeline.py for tasks to queue
[2025-02-01T07:36:20.625+0000] {logging_mixin.py:190} INFO - [2025-02-01T07:36:20.625+0000] {dagbag.py:588} INFO - Filling up the DagBag from /opt/airflow/dags/orchestronic_pipeline.py
[2025-02-01T07:36:20.666+0000] {processor.py:925} INFO - DAG(s) 'idp_resource_provisioning' retrieved from /opt/airflow/dags/orchestronic_pipeline.py
[2025-02-01T07:36:20.682+0000] {logging_mixin.py:190} INFO - [2025-02-01T07:36:20.682+0000] {dag.py:3239} INFO - Sync 1 DAGs
[2025-02-01T07:36:20.691+0000] {logging_mixin.py:190} INFO - [2025-02-01T07:36:20.691+0000] {dag.py:4180} INFO - Setting next_dagrun for idp_resource_provisioning to None, run_after=None
[2025-02-01T07:36:20.702+0000] {processor.py:208} INFO - Processing /opt/airflow/dags/orchestronic_pipeline.py took 0.086 seconds
[2025-02-01T07:36:51.154+0000] {processor.py:186} INFO - Started process (PID=581) to work on /opt/airflow/dags/orchestronic_pipeline.py
[2025-02-01T07:36:51.154+0000] {processor.py:914} INFO - Processing file /opt/airflow/dags/orchestronic_pipeline.py for tasks to queue
[2025-02-01T07:36:51.156+0000] {logging_mixin.py:190} INFO - [2025-02-01T07:36:51.156+0000] {dagbag.py:588} INFO - Filling up the DagBag from /opt/airflow/dags/orchestronic_pipeline.py
[2025-02-01T07:36:51.194+0000] {processor.py:925} INFO - DAG(s) 'idp_resource_provisioning' retrieved from /opt/airflow/dags/orchestronic_pipeline.py
[2025-02-01T07:36:51.210+0000] {logging_mixin.py:190} INFO - [2025-02-01T07:36:51.210+0000] {dag.py:3239} INFO - Sync 1 DAGs
[2025-02-01T07:36:51.218+0000] {logging_mixin.py:190} INFO - [2025-02-01T07:36:51.217+0000] {dag.py:4180} INFO - Setting next_dagrun for idp_resource_provisioning to None, run_after=None
[2025-02-01T07:36:51.228+0000] {processor.py:208} INFO - Processing /opt/airflow/dags/orchestronic_pipeline.py took 0.079 seconds
[2025-02-01T07:37:22.017+0000] {processor.py:186} INFO - Started process (PID=647) to work on /opt/airflow/dags/orchestronic_pipeline.py
[2025-02-01T07:37:22.018+0000] {processor.py:914} INFO - Processing file /opt/airflow/dags/orchestronic_pipeline.py for tasks to queue
[2025-02-01T07:37:22.019+0000] {logging_mixin.py:190} INFO - [2025-02-01T07:37:22.019+0000] {dagbag.py:588} INFO - Filling up the DagBag from /opt/airflow/dags/orchestronic_pipeline.py
[2025-02-01T07:37:22.082+0000] {processor.py:925} INFO - DAG(s) 'idp_resource_provisioning' retrieved from /opt/airflow/dags/orchestronic_pipeline.py
[2025-02-01T07:37:22.096+0000] {logging_mixin.py:190} INFO - [2025-02-01T07:37:22.095+0000] {dag.py:3239} INFO - Sync 1 DAGs
[2025-02-01T07:37:22.103+0000] {logging_mixin.py:190} INFO - [2025-02-01T07:37:22.103+0000] {dag.py:4180} INFO - Setting next_dagrun for idp_resource_provisioning to None, run_after=None
[2025-02-01T07:37:22.113+0000] {processor.py:208} INFO - Processing /opt/airflow/dags/orchestronic_pipeline.py took 0.101 seconds
[2025-02-01T07:37:52.572+0000] {processor.py:186} INFO - Started process (PID=713) to work on /opt/airflow/dags/orchestronic_pipeline.py
[2025-02-01T07:37:52.573+0000] {processor.py:914} INFO - Processing file /opt/airflow/dags/orchestronic_pipeline.py for tasks to queue
[2025-02-01T07:37:52.574+0000] {logging_mixin.py:190} INFO - [2025-02-01T07:37:52.574+0000] {dagbag.py:588} INFO - Filling up the DagBag from /opt/airflow/dags/orchestronic_pipeline.py
[2025-02-01T07:37:52.616+0000] {processor.py:925} INFO - DAG(s) 'idp_resource_provisioning' retrieved from /opt/airflow/dags/orchestronic_pipeline.py
[2025-02-01T07:37:52.633+0000] {logging_mixin.py:190} INFO - [2025-02-01T07:37:52.633+0000] {dag.py:3239} INFO - Sync 1 DAGs
[2025-02-01T07:37:52.649+0000] {logging_mixin.py:190} INFO - [2025-02-01T07:37:52.649+0000] {dag.py:4180} INFO - Setting next_dagrun for idp_resource_provisioning to None, run_after=None
[2025-02-01T07:37:52.660+0000] {processor.py:208} INFO - Processing /opt/airflow/dags/orchestronic_pipeline.py took 0.092 seconds
[2025-02-01T07:38:23.188+0000] {processor.py:186} INFO - Started process (PID=779) to work on /opt/airflow/dags/orchestronic_pipeline.py
[2025-02-01T07:38:23.188+0000] {processor.py:914} INFO - Processing file /opt/airflow/dags/orchestronic_pipeline.py for tasks to queue
[2025-02-01T07:38:23.190+0000] {logging_mixin.py:190} INFO - [2025-02-01T07:38:23.190+0000] {dagbag.py:588} INFO - Filling up the DagBag from /opt/airflow/dags/orchestronic_pipeline.py
[2025-02-01T07:38:23.232+0000] {processor.py:925} INFO - DAG(s) 'idp_resource_provisioning' retrieved from /opt/airflow/dags/orchestronic_pipeline.py
[2025-02-01T07:38:23.247+0000] {logging_mixin.py:190} INFO - [2025-02-01T07:38:23.247+0000] {dag.py:3239} INFO - Sync 1 DAGs
[2025-02-01T07:38:23.256+0000] {logging_mixin.py:190} INFO - [2025-02-01T07:38:23.255+0000] {dag.py:4180} INFO - Setting next_dagrun for idp_resource_provisioning to None, run_after=None
[2025-02-01T07:38:23.265+0000] {processor.py:208} INFO - Processing /opt/airflow/dags/orchestronic_pipeline.py took 0.082 seconds
[2025-02-01T07:38:54.061+0000] {processor.py:186} INFO - Started process (PID=845) to work on /opt/airflow/dags/orchestronic_pipeline.py
[2025-02-01T07:38:54.063+0000] {processor.py:914} INFO - Processing file /opt/airflow/dags/orchestronic_pipeline.py for tasks to queue
[2025-02-01T07:38:54.064+0000] {logging_mixin.py:190} INFO - [2025-02-01T07:38:54.064+0000] {dagbag.py:588} INFO - Filling up the DagBag from /opt/airflow/dags/orchestronic_pipeline.py
[2025-02-01T07:38:54.109+0000] {processor.py:925} INFO - DAG(s) 'idp_resource_provisioning' retrieved from /opt/airflow/dags/orchestronic_pipeline.py
[2025-02-01T07:38:54.122+0000] {logging_mixin.py:190} INFO - [2025-02-01T07:38:54.122+0000] {dag.py:3239} INFO - Sync 1 DAGs
[2025-02-01T07:38:54.129+0000] {logging_mixin.py:190} INFO - [2025-02-01T07:38:54.129+0000] {dag.py:4180} INFO - Setting next_dagrun for idp_resource_provisioning to None, run_after=None
[2025-02-01T07:38:54.138+0000] {processor.py:208} INFO - Processing /opt/airflow/dags/orchestronic_pipeline.py took 0.081 seconds
[2025-02-01T07:39:25.192+0000] {processor.py:186} INFO - Started process (PID=911) to work on /opt/airflow/dags/orchestronic_pipeline.py
[2025-02-01T07:39:25.193+0000] {processor.py:914} INFO - Processing file /opt/airflow/dags/orchestronic_pipeline.py for tasks to queue
[2025-02-01T07:39:25.194+0000] {logging_mixin.py:190} INFO - [2025-02-01T07:39:25.194+0000] {dagbag.py:588} INFO - Filling up the DagBag from /opt/airflow/dags/orchestronic_pipeline.py
[2025-02-01T07:39:25.233+0000] {processor.py:925} INFO - DAG(s) 'idp_resource_provisioning' retrieved from /opt/airflow/dags/orchestronic_pipeline.py
[2025-02-01T07:39:25.246+0000] {logging_mixin.py:190} INFO - [2025-02-01T07:39:25.246+0000] {dag.py:3239} INFO - Sync 1 DAGs
[2025-02-01T07:39:25.255+0000] {logging_mixin.py:190} INFO - [2025-02-01T07:39:25.254+0000] {dag.py:4180} INFO - Setting next_dagrun for idp_resource_provisioning to None, run_after=None
[2025-02-01T07:39:25.266+0000] {processor.py:208} INFO - Processing /opt/airflow/dags/orchestronic_pipeline.py took 0.078 seconds
[2025-02-01T07:39:56.367+0000] {processor.py:186} INFO - Started process (PID=977) to work on /opt/airflow/dags/orchestronic_pipeline.py
[2025-02-01T07:39:56.368+0000] {processor.py:914} INFO - Processing file /opt/airflow/dags/orchestronic_pipeline.py for tasks to queue
[2025-02-01T07:39:56.369+0000] {logging_mixin.py:190} INFO - [2025-02-01T07:39:56.369+0000] {dagbag.py:588} INFO - Filling up the DagBag from /opt/airflow/dags/orchestronic_pipeline.py
[2025-02-01T07:39:56.410+0000] {processor.py:925} INFO - DAG(s) 'idp_resource_provisioning' retrieved from /opt/airflow/dags/orchestronic_pipeline.py
[2025-02-01T07:39:56.422+0000] {logging_mixin.py:190} INFO - [2025-02-01T07:39:56.422+0000] {dag.py:3239} INFO - Sync 1 DAGs
[2025-02-01T07:39:56.429+0000] {logging_mixin.py:190} INFO - [2025-02-01T07:39:56.429+0000] {dag.py:4180} INFO - Setting next_dagrun for idp_resource_provisioning to None, run_after=None
[2025-02-01T07:39:56.437+0000] {processor.py:208} INFO - Processing /opt/airflow/dags/orchestronic_pipeline.py took 0.076 seconds
[2025-02-01T07:40:27.142+0000] {processor.py:186} INFO - Started process (PID=1043) to work on /opt/airflow/dags/orchestronic_pipeline.py
[2025-02-01T07:40:27.143+0000] {processor.py:914} INFO - Processing file /opt/airflow/dags/orchestronic_pipeline.py for tasks to queue
[2025-02-01T07:40:27.144+0000] {logging_mixin.py:190} INFO - [2025-02-01T07:40:27.144+0000] {dagbag.py:588} INFO - Filling up the DagBag from /opt/airflow/dags/orchestronic_pipeline.py
[2025-02-01T07:40:27.187+0000] {processor.py:925} INFO - DAG(s) 'idp_resource_provisioning' retrieved from /opt/airflow/dags/orchestronic_pipeline.py
[2025-02-01T07:40:27.201+0000] {logging_mixin.py:190} INFO - [2025-02-01T07:40:27.201+0000] {dag.py:3239} INFO - Sync 1 DAGs
[2025-02-01T07:40:27.208+0000] {logging_mixin.py:190} INFO - [2025-02-01T07:40:27.208+0000] {dag.py:4180} INFO - Setting next_dagrun for idp_resource_provisioning to None, run_after=None
[2025-02-01T07:40:27.218+0000] {processor.py:208} INFO - Processing /opt/airflow/dags/orchestronic_pipeline.py took 0.080 seconds
[2025-02-01T07:40:57.954+0000] {processor.py:186} INFO - Started process (PID=1109) to work on /opt/airflow/dags/orchestronic_pipeline.py
[2025-02-01T07:40:57.955+0000] {processor.py:914} INFO - Processing file /opt/airflow/dags/orchestronic_pipeline.py for tasks to queue
[2025-02-01T07:40:57.959+0000] {logging_mixin.py:190} INFO - [2025-02-01T07:40:57.959+0000] {dagbag.py:588} INFO - Filling up the DagBag from /opt/airflow/dags/orchestronic_pipeline.py
[2025-02-01T07:40:58.027+0000] {processor.py:925} INFO - DAG(s) 'idp_resource_provisioning' retrieved from /opt/airflow/dags/orchestronic_pipeline.py
[2025-02-01T07:40:58.044+0000] {logging_mixin.py:190} INFO - [2025-02-01T07:40:58.044+0000] {dag.py:3239} INFO - Sync 1 DAGs
[2025-02-01T07:40:58.053+0000] {logging_mixin.py:190} INFO - [2025-02-01T07:40:58.053+0000] {dag.py:4180} INFO - Setting next_dagrun for idp_resource_provisioning to None, run_after=None
[2025-02-01T07:40:58.064+0000] {processor.py:208} INFO - Processing /opt/airflow/dags/orchestronic_pipeline.py took 0.121 seconds
