[2025-02-01T06:39:25.877+0000] {processor.py:186} INFO - Started process (PID=48) to work on /opt/airflow/dags/orchestronic.py
[2025-02-01T06:39:25.878+0000] {processor.py:914} INFO - Processing file /opt/airflow/dags/orchestronic.py for tasks to queue
[2025-02-01T06:39:25.886+0000] {logging_mixin.py:190} INFO - [2025-02-01T06:39:25.884+0000] {dagbag.py:588} INFO - Filling up the DagBag from /opt/airflow/dags/orchestronic.py
[2025-02-01T06:39:26.118+0000] {processor.py:925} INFO - DAG(s) 'mongo_to_rabbitmq' retrieved from /opt/airflow/dags/orchestronic.py
[2025-02-01T06:39:26.159+0000] {logging_mixin.py:190} INFO - [2025-02-01T06:39:26.159+0000] {dag.py:3239} INFO - Sync 1 DAGs
[2025-02-01T06:39:26.186+0000] {logging_mixin.py:190} INFO - [2025-02-01T06:39:26.186+0000] {dag.py:4180} INFO - Setting next_dagrun for mongo_to_rabbitmq to 2025-01-31 00:00:00+00:00, run_after=2025-02-01 00:00:00+00:00
[2025-02-01T06:39:26.199+0000] {processor.py:208} INFO - Processing /opt/airflow/dags/orchestronic.py took 0.332 seconds
[2025-02-01T06:39:56.648+0000] {processor.py:186} INFO - Started process (PID=114) to work on /opt/airflow/dags/orchestronic.py
[2025-02-01T06:39:56.650+0000] {processor.py:914} INFO - Processing file /opt/airflow/dags/orchestronic.py for tasks to queue
[2025-02-01T06:39:56.653+0000] {logging_mixin.py:190} INFO - [2025-02-01T06:39:56.652+0000] {dagbag.py:588} INFO - Filling up the DagBag from /opt/airflow/dags/orchestronic.py
[2025-02-01T06:39:56.802+0000] {processor.py:925} INFO - DAG(s) 'mongo_to_rabbitmq' retrieved from /opt/airflow/dags/orchestronic.py
[2025-02-01T06:39:56.827+0000] {logging_mixin.py:190} INFO - [2025-02-01T06:39:56.827+0000] {dag.py:3239} INFO - Sync 1 DAGs
[2025-02-01T06:39:56.853+0000] {logging_mixin.py:190} INFO - [2025-02-01T06:39:56.853+0000] {dag.py:4180} INFO - Setting next_dagrun for mongo_to_rabbitmq to 2025-01-31 00:00:00+00:00, run_after=2025-02-01 00:00:00+00:00
[2025-02-01T06:39:56.888+0000] {processor.py:208} INFO - Processing /opt/airflow/dags/orchestronic.py took 0.262 seconds
[2025-02-01T06:40:27.792+0000] {processor.py:186} INFO - Started process (PID=186) to work on /opt/airflow/dags/orchestronic.py
[2025-02-01T06:40:27.794+0000] {processor.py:914} INFO - Processing file /opt/airflow/dags/orchestronic.py for tasks to queue
[2025-02-01T06:40:27.798+0000] {logging_mixin.py:190} INFO - [2025-02-01T06:40:27.797+0000] {dagbag.py:588} INFO - Filling up the DagBag from /opt/airflow/dags/orchestronic.py
[2025-02-01T06:40:27.890+0000] {processor.py:925} INFO - DAG(s) 'mongo_to_rabbitmq' retrieved from /opt/airflow/dags/orchestronic.py
[2025-02-01T06:40:27.910+0000] {logging_mixin.py:190} INFO - [2025-02-01T06:40:27.910+0000] {dag.py:3239} INFO - Sync 1 DAGs
[2025-02-01T06:40:27.931+0000] {logging_mixin.py:190} INFO - [2025-02-01T06:40:27.930+0000] {dag.py:4180} INFO - Setting next_dagrun for mongo_to_rabbitmq to 2025-01-31 00:00:00+00:00, run_after=2025-02-01 00:00:00+00:00
[2025-02-01T06:40:27.945+0000] {processor.py:208} INFO - Processing /opt/airflow/dags/orchestronic.py took 0.162 seconds
[2025-02-01T06:40:58.368+0000] {processor.py:186} INFO - Started process (PID=252) to work on /opt/airflow/dags/orchestronic.py
[2025-02-01T06:40:58.370+0000] {processor.py:914} INFO - Processing file /opt/airflow/dags/orchestronic.py for tasks to queue
[2025-02-01T06:40:58.377+0000] {logging_mixin.py:190} INFO - [2025-02-01T06:40:58.376+0000] {dagbag.py:588} INFO - Filling up the DagBag from /opt/airflow/dags/orchestronic.py
[2025-02-01T06:40:58.495+0000] {processor.py:925} INFO - DAG(s) 'mongo_to_rabbitmq' retrieved from /opt/airflow/dags/orchestronic.py
[2025-02-01T06:40:58.520+0000] {logging_mixin.py:190} INFO - [2025-02-01T06:40:58.520+0000] {dag.py:3239} INFO - Sync 1 DAGs
[2025-02-01T06:40:58.551+0000] {logging_mixin.py:190} INFO - [2025-02-01T06:40:58.551+0000] {dag.py:4180} INFO - Setting next_dagrun for mongo_to_rabbitmq to 2025-01-31 00:00:00+00:00, run_after=2025-02-01 00:00:00+00:00
[2025-02-01T06:40:58.567+0000] {processor.py:208} INFO - Processing /opt/airflow/dags/orchestronic.py took 0.214 seconds
[2025-02-01T06:41:28.656+0000] {processor.py:186} INFO - Started process (PID=318) to work on /opt/airflow/dags/orchestronic.py
[2025-02-01T06:41:28.659+0000] {processor.py:914} INFO - Processing file /opt/airflow/dags/orchestronic.py for tasks to queue
[2025-02-01T06:41:28.663+0000] {logging_mixin.py:190} INFO - [2025-02-01T06:41:28.663+0000] {dagbag.py:588} INFO - Filling up the DagBag from /opt/airflow/dags/orchestronic.py
[2025-02-01T06:41:28.767+0000] {processor.py:925} INFO - DAG(s) 'mongo_to_rabbitmq' retrieved from /opt/airflow/dags/orchestronic.py
[2025-02-01T06:41:28.797+0000] {logging_mixin.py:190} INFO - [2025-02-01T06:41:28.797+0000] {dag.py:3239} INFO - Sync 1 DAGs
[2025-02-01T06:41:28.818+0000] {logging_mixin.py:190} INFO - [2025-02-01T06:41:28.818+0000] {dag.py:4180} INFO - Setting next_dagrun for mongo_to_rabbitmq to 2025-01-31 00:00:00+00:00, run_after=2025-02-01 00:00:00+00:00
[2025-02-01T06:41:28.835+0000] {processor.py:208} INFO - Processing /opt/airflow/dags/orchestronic.py took 0.194 seconds
[2025-02-01T06:41:58.995+0000] {processor.py:186} INFO - Started process (PID=384) to work on /opt/airflow/dags/orchestronic.py
[2025-02-01T06:41:58.999+0000] {processor.py:914} INFO - Processing file /opt/airflow/dags/orchestronic.py for tasks to queue
[2025-02-01T06:41:59.002+0000] {logging_mixin.py:190} INFO - [2025-02-01T06:41:59.002+0000] {dagbag.py:588} INFO - Filling up the DagBag from /opt/airflow/dags/orchestronic.py
[2025-02-01T06:41:59.111+0000] {processor.py:925} INFO - DAG(s) 'mongo_to_rabbitmq' retrieved from /opt/airflow/dags/orchestronic.py
[2025-02-01T06:41:59.143+0000] {logging_mixin.py:190} INFO - [2025-02-01T06:41:59.142+0000] {dag.py:3239} INFO - Sync 1 DAGs
[2025-02-01T06:41:59.163+0000] {logging_mixin.py:190} INFO - [2025-02-01T06:41:59.163+0000] {dag.py:4180} INFO - Setting next_dagrun for mongo_to_rabbitmq to 2025-01-31 00:00:00+00:00, run_after=2025-02-01 00:00:00+00:00
[2025-02-01T06:41:59.176+0000] {processor.py:208} INFO - Processing /opt/airflow/dags/orchestronic.py took 0.194 seconds
[2025-02-01T06:42:29.622+0000] {processor.py:186} INFO - Started process (PID=450) to work on /opt/airflow/dags/orchestronic.py
[2025-02-01T06:42:29.624+0000] {processor.py:914} INFO - Processing file /opt/airflow/dags/orchestronic.py for tasks to queue
[2025-02-01T06:42:29.635+0000] {logging_mixin.py:190} INFO - [2025-02-01T06:42:29.634+0000] {dagbag.py:588} INFO - Filling up the DagBag from /opt/airflow/dags/orchestronic.py
[2025-02-01T06:42:29.727+0000] {processor.py:925} INFO - DAG(s) 'mongo_to_rabbitmq' retrieved from /opt/airflow/dags/orchestronic.py
[2025-02-01T06:42:29.754+0000] {logging_mixin.py:190} INFO - [2025-02-01T06:42:29.753+0000] {dag.py:3239} INFO - Sync 1 DAGs
[2025-02-01T06:42:29.778+0000] {logging_mixin.py:190} INFO - [2025-02-01T06:42:29.777+0000] {dag.py:4180} INFO - Setting next_dagrun for mongo_to_rabbitmq to 2025-01-31 00:00:00+00:00, run_after=2025-02-01 00:00:00+00:00
[2025-02-01T06:42:29.795+0000] {processor.py:208} INFO - Processing /opt/airflow/dags/orchestronic.py took 0.184 seconds
[2025-02-01T06:43:00.177+0000] {processor.py:186} INFO - Started process (PID=516) to work on /opt/airflow/dags/orchestronic.py
[2025-02-01T06:43:00.179+0000] {processor.py:914} INFO - Processing file /opt/airflow/dags/orchestronic.py for tasks to queue
[2025-02-01T06:43:00.183+0000] {logging_mixin.py:190} INFO - [2025-02-01T06:43:00.183+0000] {dagbag.py:588} INFO - Filling up the DagBag from /opt/airflow/dags/orchestronic.py
[2025-02-01T06:43:00.290+0000] {processor.py:925} INFO - DAG(s) 'mongo_to_rabbitmq' retrieved from /opt/airflow/dags/orchestronic.py
[2025-02-01T06:43:00.323+0000] {logging_mixin.py:190} INFO - [2025-02-01T06:43:00.323+0000] {dag.py:3239} INFO - Sync 1 DAGs
[2025-02-01T06:43:00.347+0000] {logging_mixin.py:190} INFO - [2025-02-01T06:43:00.347+0000] {dag.py:4180} INFO - Setting next_dagrun for mongo_to_rabbitmq to 2025-01-31 00:00:00+00:00, run_after=2025-02-01 00:00:00+00:00
[2025-02-01T06:43:00.359+0000] {processor.py:208} INFO - Processing /opt/airflow/dags/orchestronic.py took 0.201 seconds
[2025-02-01T06:43:30.622+0000] {processor.py:186} INFO - Started process (PID=582) to work on /opt/airflow/dags/orchestronic.py
[2025-02-01T06:43:30.625+0000] {processor.py:914} INFO - Processing file /opt/airflow/dags/orchestronic.py for tasks to queue
[2025-02-01T06:43:30.632+0000] {logging_mixin.py:190} INFO - [2025-02-01T06:43:30.631+0000] {dagbag.py:588} INFO - Filling up the DagBag from /opt/airflow/dags/orchestronic.py
[2025-02-01T06:43:30.723+0000] {processor.py:925} INFO - DAG(s) 'mongo_to_rabbitmq' retrieved from /opt/airflow/dags/orchestronic.py
[2025-02-01T06:43:30.749+0000] {logging_mixin.py:190} INFO - [2025-02-01T06:43:30.749+0000] {dag.py:3239} INFO - Sync 1 DAGs
[2025-02-01T06:43:30.772+0000] {logging_mixin.py:190} INFO - [2025-02-01T06:43:30.772+0000] {dag.py:4180} INFO - Setting next_dagrun for mongo_to_rabbitmq to 2025-01-31 00:00:00+00:00, run_after=2025-02-01 00:00:00+00:00
[2025-02-01T06:43:30.789+0000] {processor.py:208} INFO - Processing /opt/airflow/dags/orchestronic.py took 0.173 seconds
[2025-02-01T06:44:01.209+0000] {processor.py:186} INFO - Started process (PID=648) to work on /opt/airflow/dags/orchestronic.py
[2025-02-01T06:44:01.211+0000] {processor.py:914} INFO - Processing file /opt/airflow/dags/orchestronic.py for tasks to queue
[2025-02-01T06:44:01.214+0000] {logging_mixin.py:190} INFO - [2025-02-01T06:44:01.214+0000] {dagbag.py:588} INFO - Filling up the DagBag from /opt/airflow/dags/orchestronic.py
[2025-02-01T06:44:01.306+0000] {processor.py:925} INFO - DAG(s) 'mongo_to_rabbitmq' retrieved from /opt/airflow/dags/orchestronic.py
[2025-02-01T06:44:01.332+0000] {logging_mixin.py:190} INFO - [2025-02-01T06:44:01.332+0000] {dag.py:3239} INFO - Sync 1 DAGs
[2025-02-01T06:44:01.351+0000] {logging_mixin.py:190} INFO - [2025-02-01T06:44:01.351+0000] {dag.py:4180} INFO - Setting next_dagrun for mongo_to_rabbitmq to 2025-01-31 00:00:00+00:00, run_after=2025-02-01 00:00:00+00:00
[2025-02-01T06:44:01.368+0000] {processor.py:208} INFO - Processing /opt/airflow/dags/orchestronic.py took 0.165 seconds
[2025-02-01T06:44:31.736+0000] {processor.py:186} INFO - Started process (PID=713) to work on /opt/airflow/dags/orchestronic.py
[2025-02-01T06:44:31.740+0000] {processor.py:914} INFO - Processing file /opt/airflow/dags/orchestronic.py for tasks to queue
[2025-02-01T06:44:31.745+0000] {logging_mixin.py:190} INFO - [2025-02-01T06:44:31.745+0000] {dagbag.py:588} INFO - Filling up the DagBag from /opt/airflow/dags/orchestronic.py
[2025-02-01T06:44:31.843+0000] {processor.py:925} INFO - DAG(s) 'mongo_to_rabbitmq' retrieved from /opt/airflow/dags/orchestronic.py
[2025-02-01T06:44:31.885+0000] {logging_mixin.py:190} INFO - [2025-02-01T06:44:31.885+0000] {dag.py:3239} INFO - Sync 1 DAGs
[2025-02-01T06:44:31.915+0000] {logging_mixin.py:190} INFO - [2025-02-01T06:44:31.915+0000] {dag.py:4180} INFO - Setting next_dagrun for mongo_to_rabbitmq to 2025-01-31 00:00:00+00:00, run_after=2025-02-01 00:00:00+00:00
[2025-02-01T06:44:31.932+0000] {processor.py:208} INFO - Processing /opt/airflow/dags/orchestronic.py took 0.211 seconds
[2025-02-01T06:45:02.104+0000] {processor.py:186} INFO - Started process (PID=779) to work on /opt/airflow/dags/orchestronic.py
[2025-02-01T06:45:02.106+0000] {processor.py:914} INFO - Processing file /opt/airflow/dags/orchestronic.py for tasks to queue
[2025-02-01T06:45:02.111+0000] {logging_mixin.py:190} INFO - [2025-02-01T06:45:02.110+0000] {dagbag.py:588} INFO - Filling up the DagBag from /opt/airflow/dags/orchestronic.py
[2025-02-01T06:45:02.245+0000] {processor.py:925} INFO - DAG(s) 'mongo_to_rabbitmq' retrieved from /opt/airflow/dags/orchestronic.py
[2025-02-01T06:45:02.280+0000] {logging_mixin.py:190} INFO - [2025-02-01T06:45:02.280+0000] {dag.py:3239} INFO - Sync 1 DAGs
[2025-02-01T06:45:02.305+0000] {logging_mixin.py:190} INFO - [2025-02-01T06:45:02.305+0000] {dag.py:4180} INFO - Setting next_dagrun for mongo_to_rabbitmq to 2025-01-31 00:00:00+00:00, run_after=2025-02-01 00:00:00+00:00
[2025-02-01T06:45:02.326+0000] {processor.py:208} INFO - Processing /opt/airflow/dags/orchestronic.py took 0.233 seconds
[2025-02-01T06:46:15.114+0000] {processor.py:186} INFO - Started process (PID=43) to work on /opt/airflow/dags/orchestronic.py
[2025-02-01T06:46:15.117+0000] {processor.py:914} INFO - Processing file /opt/airflow/dags/orchestronic.py for tasks to queue
[2025-02-01T06:46:15.121+0000] {logging_mixin.py:190} INFO - [2025-02-01T06:46:15.120+0000] {dagbag.py:588} INFO - Filling up the DagBag from /opt/airflow/dags/orchestronic.py
[2025-02-01T06:46:15.200+0000] {processor.py:925} INFO - DAG(s) 'mongo_to_rabbitmq' retrieved from /opt/airflow/dags/orchestronic.py
[2025-02-01T06:46:15.232+0000] {logging_mixin.py:190} INFO - [2025-02-01T06:46:15.232+0000] {dag.py:3239} INFO - Sync 1 DAGs
[2025-02-01T06:46:15.268+0000] {logging_mixin.py:190} INFO - [2025-02-01T06:46:15.268+0000] {dag.py:4180} INFO - Setting next_dagrun for mongo_to_rabbitmq to 2025-01-31 00:00:00+00:00, run_after=2025-02-01 00:00:00+00:00
[2025-02-01T06:46:15.288+0000] {processor.py:208} INFO - Processing /opt/airflow/dags/orchestronic.py took 0.183 seconds
[2025-02-01T06:46:45.655+0000] {processor.py:186} INFO - Started process (PID=109) to work on /opt/airflow/dags/orchestronic.py
[2025-02-01T06:46:45.658+0000] {processor.py:914} INFO - Processing file /opt/airflow/dags/orchestronic.py for tasks to queue
[2025-02-01T06:46:45.673+0000] {logging_mixin.py:190} INFO - [2025-02-01T06:46:45.672+0000] {dagbag.py:588} INFO - Filling up the DagBag from /opt/airflow/dags/orchestronic.py
[2025-02-01T06:46:45.760+0000] {processor.py:925} INFO - DAG(s) 'mongo_to_rabbitmq' retrieved from /opt/airflow/dags/orchestronic.py
[2025-02-01T06:46:45.788+0000] {logging_mixin.py:190} INFO - [2025-02-01T06:46:45.788+0000] {dag.py:3239} INFO - Sync 1 DAGs
[2025-02-01T06:46:45.811+0000] {logging_mixin.py:190} INFO - [2025-02-01T06:46:45.811+0000] {dag.py:4180} INFO - Setting next_dagrun for mongo_to_rabbitmq to 2025-01-31 00:00:00+00:00, run_after=2025-02-01 00:00:00+00:00
[2025-02-01T06:46:45.825+0000] {processor.py:208} INFO - Processing /opt/airflow/dags/orchestronic.py took 0.180 seconds
[2025-02-01T06:47:16.191+0000] {processor.py:186} INFO - Started process (PID=179) to work on /opt/airflow/dags/orchestronic.py
[2025-02-01T06:47:16.194+0000] {processor.py:914} INFO - Processing file /opt/airflow/dags/orchestronic.py for tasks to queue
[2025-02-01T06:47:16.199+0000] {logging_mixin.py:190} INFO - [2025-02-01T06:47:16.199+0000] {dagbag.py:588} INFO - Filling up the DagBag from /opt/airflow/dags/orchestronic.py
[2025-02-01T06:47:16.275+0000] {processor.py:925} INFO - DAG(s) 'mongo_to_rabbitmq' retrieved from /opt/airflow/dags/orchestronic.py
[2025-02-01T06:47:16.297+0000] {logging_mixin.py:190} INFO - [2025-02-01T06:47:16.297+0000] {dag.py:3239} INFO - Sync 1 DAGs
[2025-02-01T06:47:16.319+0000] {logging_mixin.py:190} INFO - [2025-02-01T06:47:16.318+0000] {dag.py:4180} INFO - Setting next_dagrun for mongo_to_rabbitmq to 2025-01-31 00:00:00+00:00, run_after=2025-02-01 00:00:00+00:00
[2025-02-01T06:47:16.336+0000] {processor.py:208} INFO - Processing /opt/airflow/dags/orchestronic.py took 0.151 seconds
[2025-02-01T06:47:46.551+0000] {processor.py:186} INFO - Started process (PID=245) to work on /opt/airflow/dags/orchestronic.py
[2025-02-01T06:47:46.552+0000] {processor.py:914} INFO - Processing file /opt/airflow/dags/orchestronic.py for tasks to queue
[2025-02-01T06:47:46.555+0000] {logging_mixin.py:190} INFO - [2025-02-01T06:47:46.555+0000] {dagbag.py:588} INFO - Filling up the DagBag from /opt/airflow/dags/orchestronic.py
[2025-02-01T06:47:46.661+0000] {processor.py:925} INFO - DAG(s) 'mongo_to_rabbitmq' retrieved from /opt/airflow/dags/orchestronic.py
[2025-02-01T06:47:46.680+0000] {logging_mixin.py:190} INFO - [2025-02-01T06:47:46.680+0000] {dag.py:3239} INFO - Sync 1 DAGs
[2025-02-01T06:47:46.699+0000] {logging_mixin.py:190} INFO - [2025-02-01T06:47:46.698+0000] {dag.py:4180} INFO - Setting next_dagrun for mongo_to_rabbitmq to 2025-01-31 00:00:00+00:00, run_after=2025-02-01 00:00:00+00:00
[2025-02-01T06:47:46.714+0000] {processor.py:208} INFO - Processing /opt/airflow/dags/orchestronic.py took 0.174 seconds
[2025-02-01T06:48:16.915+0000] {processor.py:186} INFO - Started process (PID=310) to work on /opt/airflow/dags/orchestronic.py
[2025-02-01T06:48:16.916+0000] {processor.py:914} INFO - Processing file /opt/airflow/dags/orchestronic.py for tasks to queue
[2025-02-01T06:48:16.920+0000] {logging_mixin.py:190} INFO - [2025-02-01T06:48:16.920+0000] {dagbag.py:588} INFO - Filling up the DagBag from /opt/airflow/dags/orchestronic.py
[2025-02-01T06:48:17.022+0000] {processor.py:925} INFO - DAG(s) 'mongo_to_rabbitmq' retrieved from /opt/airflow/dags/orchestronic.py
[2025-02-01T06:48:17.044+0000] {logging_mixin.py:190} INFO - [2025-02-01T06:48:17.044+0000] {dag.py:3239} INFO - Sync 1 DAGs
[2025-02-01T06:48:17.062+0000] {logging_mixin.py:190} INFO - [2025-02-01T06:48:17.062+0000] {dag.py:4180} INFO - Setting next_dagrun for mongo_to_rabbitmq to 2025-01-31 00:00:00+00:00, run_after=2025-02-01 00:00:00+00:00
[2025-02-01T06:48:17.088+0000] {processor.py:208} INFO - Processing /opt/airflow/dags/orchestronic.py took 0.181 seconds
[2025-02-01T06:48:47.492+0000] {processor.py:186} INFO - Started process (PID=376) to work on /opt/airflow/dags/orchestronic.py
[2025-02-01T06:48:47.493+0000] {processor.py:914} INFO - Processing file /opt/airflow/dags/orchestronic.py for tasks to queue
[2025-02-01T06:48:47.498+0000] {logging_mixin.py:190} INFO - [2025-02-01T06:48:47.498+0000] {dagbag.py:588} INFO - Filling up the DagBag from /opt/airflow/dags/orchestronic.py
[2025-02-01T06:48:47.578+0000] {processor.py:925} INFO - DAG(s) 'mongo_to_rabbitmq' retrieved from /opt/airflow/dags/orchestronic.py
[2025-02-01T06:48:47.605+0000] {logging_mixin.py:190} INFO - [2025-02-01T06:48:47.605+0000] {dag.py:3239} INFO - Sync 1 DAGs
[2025-02-01T06:48:47.626+0000] {logging_mixin.py:190} INFO - [2025-02-01T06:48:47.626+0000] {dag.py:4180} INFO - Setting next_dagrun for mongo_to_rabbitmq to 2025-01-31 00:00:00+00:00, run_after=2025-02-01 00:00:00+00:00
[2025-02-01T06:48:47.639+0000] {processor.py:208} INFO - Processing /opt/airflow/dags/orchestronic.py took 0.155 seconds
[2025-02-01T06:49:17.850+0000] {processor.py:186} INFO - Started process (PID=442) to work on /opt/airflow/dags/orchestronic.py
[2025-02-01T06:49:17.854+0000] {processor.py:914} INFO - Processing file /opt/airflow/dags/orchestronic.py for tasks to queue
[2025-02-01T06:49:17.861+0000] {logging_mixin.py:190} INFO - [2025-02-01T06:49:17.860+0000] {dagbag.py:588} INFO - Filling up the DagBag from /opt/airflow/dags/orchestronic.py
[2025-02-01T06:49:17.946+0000] {processor.py:925} INFO - DAG(s) 'mongo_to_rabbitmq' retrieved from /opt/airflow/dags/orchestronic.py
[2025-02-01T06:49:17.965+0000] {logging_mixin.py:190} INFO - [2025-02-01T06:49:17.965+0000] {dag.py:3239} INFO - Sync 1 DAGs
[2025-02-01T06:49:17.984+0000] {logging_mixin.py:190} INFO - [2025-02-01T06:49:17.984+0000] {dag.py:4180} INFO - Setting next_dagrun for mongo_to_rabbitmq to 2025-01-31 00:00:00+00:00, run_after=2025-02-01 00:00:00+00:00
[2025-02-01T06:49:17.998+0000] {processor.py:208} INFO - Processing /opt/airflow/dags/orchestronic.py took 0.155 seconds
[2025-02-01T06:49:48.489+0000] {processor.py:186} INFO - Started process (PID=508) to work on /opt/airflow/dags/orchestronic.py
[2025-02-01T06:49:48.491+0000] {processor.py:914} INFO - Processing file /opt/airflow/dags/orchestronic.py for tasks to queue
[2025-02-01T06:49:48.495+0000] {logging_mixin.py:190} INFO - [2025-02-01T06:49:48.495+0000] {dagbag.py:588} INFO - Filling up the DagBag from /opt/airflow/dags/orchestronic.py
[2025-02-01T06:49:48.606+0000] {processor.py:925} INFO - DAG(s) 'mongo_to_rabbitmq' retrieved from /opt/airflow/dags/orchestronic.py
[2025-02-01T06:49:48.639+0000] {logging_mixin.py:190} INFO - [2025-02-01T06:49:48.638+0000] {dag.py:3239} INFO - Sync 1 DAGs
[2025-02-01T06:49:48.666+0000] {logging_mixin.py:190} INFO - [2025-02-01T06:49:48.666+0000] {dag.py:4180} INFO - Setting next_dagrun for mongo_to_rabbitmq to 2025-01-31 00:00:00+00:00, run_after=2025-02-01 00:00:00+00:00
[2025-02-01T06:49:48.680+0000] {processor.py:208} INFO - Processing /opt/airflow/dags/orchestronic.py took 0.202 seconds
[2025-02-01T06:50:19.401+0000] {processor.py:186} INFO - Started process (PID=574) to work on /opt/airflow/dags/orchestronic.py
[2025-02-01T06:50:19.404+0000] {processor.py:914} INFO - Processing file /opt/airflow/dags/orchestronic.py for tasks to queue
[2025-02-01T06:50:19.408+0000] {logging_mixin.py:190} INFO - [2025-02-01T06:50:19.408+0000] {dagbag.py:588} INFO - Filling up the DagBag from /opt/airflow/dags/orchestronic.py
[2025-02-01T06:50:19.503+0000] {processor.py:925} INFO - DAG(s) 'mongo_to_rabbitmq' retrieved from /opt/airflow/dags/orchestronic.py
[2025-02-01T06:50:19.528+0000] {logging_mixin.py:190} INFO - [2025-02-01T06:50:19.528+0000] {dag.py:3239} INFO - Sync 1 DAGs
[2025-02-01T06:50:19.553+0000] {logging_mixin.py:190} INFO - [2025-02-01T06:50:19.553+0000] {dag.py:4180} INFO - Setting next_dagrun for mongo_to_rabbitmq to 2025-01-31 00:00:00+00:00, run_after=2025-02-01 00:00:00+00:00
[2025-02-01T06:50:19.567+0000] {processor.py:208} INFO - Processing /opt/airflow/dags/orchestronic.py took 0.178 seconds
[2025-02-01T06:50:49.979+0000] {processor.py:186} INFO - Started process (PID=640) to work on /opt/airflow/dags/orchestronic.py
[2025-02-01T06:50:49.980+0000] {processor.py:914} INFO - Processing file /opt/airflow/dags/orchestronic.py for tasks to queue
[2025-02-01T06:50:49.984+0000] {logging_mixin.py:190} INFO - [2025-02-01T06:50:49.983+0000] {dagbag.py:588} INFO - Filling up the DagBag from /opt/airflow/dags/orchestronic.py
[2025-02-01T06:50:50.085+0000] {processor.py:925} INFO - DAG(s) 'mongo_to_rabbitmq' retrieved from /opt/airflow/dags/orchestronic.py
[2025-02-01T06:50:50.117+0000] {logging_mixin.py:190} INFO - [2025-02-01T06:50:50.117+0000] {dag.py:3239} INFO - Sync 1 DAGs
[2025-02-01T06:50:50.139+0000] {logging_mixin.py:190} INFO - [2025-02-01T06:50:50.139+0000] {dag.py:4180} INFO - Setting next_dagrun for mongo_to_rabbitmq to 2025-01-31 00:00:00+00:00, run_after=2025-02-01 00:00:00+00:00
[2025-02-01T06:50:50.155+0000] {processor.py:208} INFO - Processing /opt/airflow/dags/orchestronic.py took 0.187 seconds
[2025-02-01T06:51:20.693+0000] {processor.py:186} INFO - Started process (PID=706) to work on /opt/airflow/dags/orchestronic.py
[2025-02-01T06:51:20.694+0000] {processor.py:914} INFO - Processing file /opt/airflow/dags/orchestronic.py for tasks to queue
[2025-02-01T06:51:20.699+0000] {logging_mixin.py:190} INFO - [2025-02-01T06:51:20.698+0000] {dagbag.py:588} INFO - Filling up the DagBag from /opt/airflow/dags/orchestronic.py
[2025-02-01T06:51:20.782+0000] {processor.py:925} INFO - DAG(s) 'mongo_to_rabbitmq' retrieved from /opt/airflow/dags/orchestronic.py
[2025-02-01T06:51:20.812+0000] {logging_mixin.py:190} INFO - [2025-02-01T06:51:20.812+0000] {dag.py:3239} INFO - Sync 1 DAGs
[2025-02-01T06:51:20.840+0000] {logging_mixin.py:190} INFO - [2025-02-01T06:51:20.840+0000] {dag.py:4180} INFO - Setting next_dagrun for mongo_to_rabbitmq to 2025-01-31 00:00:00+00:00, run_after=2025-02-01 00:00:00+00:00
[2025-02-01T06:51:20.856+0000] {processor.py:208} INFO - Processing /opt/airflow/dags/orchestronic.py took 0.171 seconds
[2025-02-01T06:51:51.221+0000] {processor.py:186} INFO - Started process (PID=772) to work on /opt/airflow/dags/orchestronic.py
[2025-02-01T06:51:51.222+0000] {processor.py:914} INFO - Processing file /opt/airflow/dags/orchestronic.py for tasks to queue
[2025-02-01T06:51:51.232+0000] {logging_mixin.py:190} INFO - [2025-02-01T06:51:51.231+0000] {dagbag.py:588} INFO - Filling up the DagBag from /opt/airflow/dags/orchestronic.py
[2025-02-01T06:51:51.340+0000] {processor.py:925} INFO - DAG(s) 'mongo_to_rabbitmq' retrieved from /opt/airflow/dags/orchestronic.py
[2025-02-01T06:51:51.374+0000] {logging_mixin.py:190} INFO - [2025-02-01T06:51:51.374+0000] {dag.py:3239} INFO - Sync 1 DAGs
[2025-02-01T06:51:51.394+0000] {logging_mixin.py:190} INFO - [2025-02-01T06:51:51.394+0000] {dag.py:4180} INFO - Setting next_dagrun for mongo_to_rabbitmq to 2025-01-31 00:00:00+00:00, run_after=2025-02-01 00:00:00+00:00
[2025-02-01T06:51:51.411+0000] {processor.py:208} INFO - Processing /opt/airflow/dags/orchestronic.py took 0.205 seconds
[2025-02-01T06:52:22.112+0000] {processor.py:186} INFO - Started process (PID=838) to work on /opt/airflow/dags/orchestronic.py
[2025-02-01T06:52:22.115+0000] {processor.py:914} INFO - Processing file /opt/airflow/dags/orchestronic.py for tasks to queue
[2025-02-01T06:52:22.120+0000] {logging_mixin.py:190} INFO - [2025-02-01T06:52:22.120+0000] {dagbag.py:588} INFO - Filling up the DagBag from /opt/airflow/dags/orchestronic.py
[2025-02-01T06:52:22.211+0000] {processor.py:925} INFO - DAG(s) 'mongo_to_rabbitmq' retrieved from /opt/airflow/dags/orchestronic.py
[2025-02-01T06:52:22.237+0000] {logging_mixin.py:190} INFO - [2025-02-01T06:52:22.237+0000] {dag.py:3239} INFO - Sync 1 DAGs
[2025-02-01T06:52:22.253+0000] {logging_mixin.py:190} INFO - [2025-02-01T06:52:22.253+0000] {dag.py:4180} INFO - Setting next_dagrun for mongo_to_rabbitmq to 2025-01-31 00:00:00+00:00, run_after=2025-02-01 00:00:00+00:00
[2025-02-01T06:52:22.267+0000] {processor.py:208} INFO - Processing /opt/airflow/dags/orchestronic.py took 0.164 seconds
[2025-02-01T06:52:52.556+0000] {processor.py:186} INFO - Started process (PID=903) to work on /opt/airflow/dags/orchestronic.py
[2025-02-01T06:52:52.557+0000] {processor.py:914} INFO - Processing file /opt/airflow/dags/orchestronic.py for tasks to queue
[2025-02-01T06:52:52.563+0000] {logging_mixin.py:190} INFO - [2025-02-01T06:52:52.562+0000] {dagbag.py:588} INFO - Filling up the DagBag from /opt/airflow/dags/orchestronic.py
[2025-02-01T06:52:52.635+0000] {processor.py:925} INFO - DAG(s) 'mongo_to_rabbitmq' retrieved from /opt/airflow/dags/orchestronic.py
[2025-02-01T06:52:52.662+0000] {logging_mixin.py:190} INFO - [2025-02-01T06:52:52.661+0000] {dag.py:3239} INFO - Sync 1 DAGs
[2025-02-01T06:52:52.681+0000] {logging_mixin.py:190} INFO - [2025-02-01T06:52:52.681+0000] {dag.py:4180} INFO - Setting next_dagrun for mongo_to_rabbitmq to 2025-01-31 00:00:00+00:00, run_after=2025-02-01 00:00:00+00:00
[2025-02-01T06:52:52.694+0000] {processor.py:208} INFO - Processing /opt/airflow/dags/orchestronic.py took 0.146 seconds
[2025-02-01T06:53:23.737+0000] {processor.py:186} INFO - Started process (PID=969) to work on /opt/airflow/dags/orchestronic.py
[2025-02-01T06:53:23.741+0000] {processor.py:914} INFO - Processing file /opt/airflow/dags/orchestronic.py for tasks to queue
[2025-02-01T06:53:23.743+0000] {logging_mixin.py:190} INFO - [2025-02-01T06:53:23.743+0000] {dagbag.py:588} INFO - Filling up the DagBag from /opt/airflow/dags/orchestronic.py
[2025-02-01T06:53:23.821+0000] {processor.py:925} INFO - DAG(s) 'mongo_to_rabbitmq' retrieved from /opt/airflow/dags/orchestronic.py
[2025-02-01T06:53:23.852+0000] {logging_mixin.py:190} INFO - [2025-02-01T06:53:23.851+0000] {dag.py:3239} INFO - Sync 1 DAGs
[2025-02-01T06:53:23.875+0000] {logging_mixin.py:190} INFO - [2025-02-01T06:53:23.875+0000] {dag.py:4180} INFO - Setting next_dagrun for mongo_to_rabbitmq to 2025-01-31 00:00:00+00:00, run_after=2025-02-01 00:00:00+00:00
[2025-02-01T06:53:23.889+0000] {processor.py:208} INFO - Processing /opt/airflow/dags/orchestronic.py took 0.161 seconds
[2025-02-01T06:53:54.324+0000] {processor.py:186} INFO - Started process (PID=1035) to work on /opt/airflow/dags/orchestronic.py
[2025-02-01T06:53:54.326+0000] {processor.py:914} INFO - Processing file /opt/airflow/dags/orchestronic.py for tasks to queue
[2025-02-01T06:53:54.332+0000] {logging_mixin.py:190} INFO - [2025-02-01T06:53:54.331+0000] {dagbag.py:588} INFO - Filling up the DagBag from /opt/airflow/dags/orchestronic.py
[2025-02-01T06:53:54.420+0000] {processor.py:925} INFO - DAG(s) 'mongo_to_rabbitmq' retrieved from /opt/airflow/dags/orchestronic.py
[2025-02-01T06:53:54.452+0000] {logging_mixin.py:190} INFO - [2025-02-01T06:53:54.452+0000] {dag.py:3239} INFO - Sync 1 DAGs
[2025-02-01T06:53:54.475+0000] {logging_mixin.py:190} INFO - [2025-02-01T06:53:54.475+0000] {dag.py:4180} INFO - Setting next_dagrun for mongo_to_rabbitmq to 2025-01-31 00:00:00+00:00, run_after=2025-02-01 00:00:00+00:00
[2025-02-01T06:53:54.501+0000] {processor.py:208} INFO - Processing /opt/airflow/dags/orchestronic.py took 0.187 seconds
[2025-02-01T06:54:25.150+0000] {processor.py:186} INFO - Started process (PID=1101) to work on /opt/airflow/dags/orchestronic.py
[2025-02-01T06:54:25.155+0000] {processor.py:914} INFO - Processing file /opt/airflow/dags/orchestronic.py for tasks to queue
[2025-02-01T06:54:25.158+0000] {logging_mixin.py:190} INFO - [2025-02-01T06:54:25.158+0000] {dagbag.py:588} INFO - Filling up the DagBag from /opt/airflow/dags/orchestronic.py
[2025-02-01T06:54:25.233+0000] {processor.py:925} INFO - DAG(s) 'mongo_to_rabbitmq' retrieved from /opt/airflow/dags/orchestronic.py
[2025-02-01T06:54:25.252+0000] {logging_mixin.py:190} INFO - [2025-02-01T06:54:25.252+0000] {dag.py:3239} INFO - Sync 1 DAGs
[2025-02-01T06:54:25.272+0000] {logging_mixin.py:190} INFO - [2025-02-01T06:54:25.272+0000] {dag.py:4180} INFO - Setting next_dagrun for mongo_to_rabbitmq to 2025-01-31 00:00:00+00:00, run_after=2025-02-01 00:00:00+00:00
[2025-02-01T06:54:25.289+0000] {processor.py:208} INFO - Processing /opt/airflow/dags/orchestronic.py took 0.145 seconds
[2025-02-01T06:54:55.704+0000] {processor.py:186} INFO - Started process (PID=1167) to work on /opt/airflow/dags/orchestronic.py
[2025-02-01T06:54:55.705+0000] {processor.py:914} INFO - Processing file /opt/airflow/dags/orchestronic.py for tasks to queue
[2025-02-01T06:54:55.715+0000] {logging_mixin.py:190} INFO - [2025-02-01T06:54:55.715+0000] {dagbag.py:588} INFO - Filling up the DagBag from /opt/airflow/dags/orchestronic.py
[2025-02-01T06:54:55.801+0000] {processor.py:925} INFO - DAG(s) 'mongo_to_rabbitmq' retrieved from /opt/airflow/dags/orchestronic.py
[2025-02-01T06:54:55.831+0000] {logging_mixin.py:190} INFO - [2025-02-01T06:54:55.831+0000] {dag.py:3239} INFO - Sync 1 DAGs
[2025-02-01T06:54:55.851+0000] {logging_mixin.py:190} INFO - [2025-02-01T06:54:55.851+0000] {dag.py:4180} INFO - Setting next_dagrun for mongo_to_rabbitmq to 2025-01-31 00:00:00+00:00, run_after=2025-02-01 00:00:00+00:00
[2025-02-01T06:54:55.866+0000] {processor.py:208} INFO - Processing /opt/airflow/dags/orchestronic.py took 0.174 seconds
[2025-02-01T06:55:26.336+0000] {processor.py:186} INFO - Started process (PID=1233) to work on /opt/airflow/dags/orchestronic.py
[2025-02-01T06:55:26.338+0000] {processor.py:914} INFO - Processing file /opt/airflow/dags/orchestronic.py for tasks to queue
[2025-02-01T06:55:26.343+0000] {logging_mixin.py:190} INFO - [2025-02-01T06:55:26.342+0000] {dagbag.py:588} INFO - Filling up the DagBag from /opt/airflow/dags/orchestronic.py
[2025-02-01T06:55:26.416+0000] {processor.py:925} INFO - DAG(s) 'mongo_to_rabbitmq' retrieved from /opt/airflow/dags/orchestronic.py
[2025-02-01T06:55:26.441+0000] {logging_mixin.py:190} INFO - [2025-02-01T06:55:26.441+0000] {dag.py:3239} INFO - Sync 1 DAGs
[2025-02-01T06:55:26.458+0000] {logging_mixin.py:190} INFO - [2025-02-01T06:55:26.458+0000] {dag.py:4180} INFO - Setting next_dagrun for mongo_to_rabbitmq to 2025-01-31 00:00:00+00:00, run_after=2025-02-01 00:00:00+00:00
[2025-02-01T06:55:26.471+0000] {processor.py:208} INFO - Processing /opt/airflow/dags/orchestronic.py took 0.144 seconds
[2025-02-01T06:55:57.122+0000] {processor.py:186} INFO - Started process (PID=1299) to work on /opt/airflow/dags/orchestronic.py
[2025-02-01T06:55:57.125+0000] {processor.py:914} INFO - Processing file /opt/airflow/dags/orchestronic.py for tasks to queue
[2025-02-01T06:55:57.128+0000] {logging_mixin.py:190} INFO - [2025-02-01T06:55:57.128+0000] {dagbag.py:588} INFO - Filling up the DagBag from /opt/airflow/dags/orchestronic.py
[2025-02-01T06:55:57.197+0000] {processor.py:925} INFO - DAG(s) 'mongo_to_rabbitmq' retrieved from /opt/airflow/dags/orchestronic.py
[2025-02-01T06:55:57.223+0000] {logging_mixin.py:190} INFO - [2025-02-01T06:55:57.222+0000] {dag.py:3239} INFO - Sync 1 DAGs
[2025-02-01T06:55:57.246+0000] {logging_mixin.py:190} INFO - [2025-02-01T06:55:57.246+0000] {dag.py:4180} INFO - Setting next_dagrun for mongo_to_rabbitmq to 2025-01-31 00:00:00+00:00, run_after=2025-02-01 00:00:00+00:00
[2025-02-01T06:55:57.260+0000] {processor.py:208} INFO - Processing /opt/airflow/dags/orchestronic.py took 0.142 seconds
[2025-02-01T06:56:27.776+0000] {processor.py:186} INFO - Started process (PID=1365) to work on /opt/airflow/dags/orchestronic.py
[2025-02-01T06:56:27.777+0000] {processor.py:914} INFO - Processing file /opt/airflow/dags/orchestronic.py for tasks to queue
[2025-02-01T06:56:27.781+0000] {logging_mixin.py:190} INFO - [2025-02-01T06:56:27.780+0000] {dagbag.py:588} INFO - Filling up the DagBag from /opt/airflow/dags/orchestronic.py
[2025-02-01T06:56:27.843+0000] {processor.py:925} INFO - DAG(s) 'mongo_to_rabbitmq' retrieved from /opt/airflow/dags/orchestronic.py
[2025-02-01T06:56:27.858+0000] {logging_mixin.py:190} INFO - [2025-02-01T06:56:27.858+0000] {dag.py:3239} INFO - Sync 1 DAGs
[2025-02-01T06:56:27.873+0000] {logging_mixin.py:190} INFO - [2025-02-01T06:56:27.872+0000] {dag.py:4180} INFO - Setting next_dagrun for mongo_to_rabbitmq to 2025-01-31 00:00:00+00:00, run_after=2025-02-01 00:00:00+00:00
[2025-02-01T06:56:27.888+0000] {processor.py:208} INFO - Processing /opt/airflow/dags/orchestronic.py took 0.117 seconds
[2025-02-01T06:56:58.815+0000] {processor.py:186} INFO - Started process (PID=1431) to work on /opt/airflow/dags/orchestronic.py
[2025-02-01T06:56:58.817+0000] {processor.py:914} INFO - Processing file /opt/airflow/dags/orchestronic.py for tasks to queue
[2025-02-01T06:56:58.823+0000] {logging_mixin.py:190} INFO - [2025-02-01T06:56:58.823+0000] {dagbag.py:588} INFO - Filling up the DagBag from /opt/airflow/dags/orchestronic.py
[2025-02-01T06:56:58.900+0000] {processor.py:925} INFO - DAG(s) 'mongo_to_rabbitmq' retrieved from /opt/airflow/dags/orchestronic.py
[2025-02-01T06:56:58.928+0000] {logging_mixin.py:190} INFO - [2025-02-01T06:56:58.928+0000] {dag.py:3239} INFO - Sync 1 DAGs
[2025-02-01T06:56:58.948+0000] {logging_mixin.py:190} INFO - [2025-02-01T06:56:58.948+0000] {dag.py:4180} INFO - Setting next_dagrun for mongo_to_rabbitmq to 2025-01-31 00:00:00+00:00, run_after=2025-02-01 00:00:00+00:00
[2025-02-01T06:56:58.962+0000] {processor.py:208} INFO - Processing /opt/airflow/dags/orchestronic.py took 0.153 seconds
[2025-02-01T06:57:29.787+0000] {processor.py:186} INFO - Started process (PID=1497) to work on /opt/airflow/dags/orchestronic.py
[2025-02-01T06:57:29.788+0000] {processor.py:914} INFO - Processing file /opt/airflow/dags/orchestronic.py for tasks to queue
[2025-02-01T06:57:29.792+0000] {logging_mixin.py:190} INFO - [2025-02-01T06:57:29.790+0000] {dagbag.py:588} INFO - Filling up the DagBag from /opt/airflow/dags/orchestronic.py
[2025-02-01T06:57:29.866+0000] {processor.py:925} INFO - DAG(s) 'mongo_to_rabbitmq' retrieved from /opt/airflow/dags/orchestronic.py
[2025-02-01T06:57:29.884+0000] {logging_mixin.py:190} INFO - [2025-02-01T06:57:29.884+0000] {dag.py:3239} INFO - Sync 1 DAGs
[2025-02-01T06:57:29.912+0000] {logging_mixin.py:190} INFO - [2025-02-01T06:57:29.912+0000] {dag.py:4180} INFO - Setting next_dagrun for mongo_to_rabbitmq to 2025-01-31 00:00:00+00:00, run_after=2025-02-01 00:00:00+00:00
[2025-02-01T06:57:29.925+0000] {processor.py:208} INFO - Processing /opt/airflow/dags/orchestronic.py took 0.144 seconds
[2025-02-01T06:58:00.430+0000] {processor.py:186} INFO - Started process (PID=1563) to work on /opt/airflow/dags/orchestronic.py
[2025-02-01T06:58:00.431+0000] {processor.py:914} INFO - Processing file /opt/airflow/dags/orchestronic.py for tasks to queue
[2025-02-01T06:58:00.437+0000] {logging_mixin.py:190} INFO - [2025-02-01T06:58:00.436+0000] {dagbag.py:588} INFO - Filling up the DagBag from /opt/airflow/dags/orchestronic.py
[2025-02-01T06:58:00.530+0000] {processor.py:925} INFO - DAG(s) 'mongo_to_rabbitmq' retrieved from /opt/airflow/dags/orchestronic.py
[2025-02-01T06:58:00.557+0000] {logging_mixin.py:190} INFO - [2025-02-01T06:58:00.557+0000] {dag.py:3239} INFO - Sync 1 DAGs
[2025-02-01T06:58:00.578+0000] {logging_mixin.py:190} INFO - [2025-02-01T06:58:00.577+0000] {dag.py:4180} INFO - Setting next_dagrun for mongo_to_rabbitmq to 2025-01-31 00:00:00+00:00, run_after=2025-02-01 00:00:00+00:00
[2025-02-01T06:58:00.598+0000] {processor.py:208} INFO - Processing /opt/airflow/dags/orchestronic.py took 0.174 seconds
[2025-02-01T06:58:30.860+0000] {processor.py:186} INFO - Started process (PID=1629) to work on /opt/airflow/dags/orchestronic.py
[2025-02-01T06:58:30.862+0000] {processor.py:914} INFO - Processing file /opt/airflow/dags/orchestronic.py for tasks to queue
[2025-02-01T06:58:30.869+0000] {logging_mixin.py:190} INFO - [2025-02-01T06:58:30.867+0000] {dagbag.py:588} INFO - Filling up the DagBag from /opt/airflow/dags/orchestronic.py
[2025-02-01T06:58:30.967+0000] {processor.py:925} INFO - DAG(s) 'mongo_to_rabbitmq' retrieved from /opt/airflow/dags/orchestronic.py
[2025-02-01T06:58:30.991+0000] {logging_mixin.py:190} INFO - [2025-02-01T06:58:30.991+0000] {dag.py:3239} INFO - Sync 1 DAGs
[2025-02-01T06:58:31.012+0000] {logging_mixin.py:190} INFO - [2025-02-01T06:58:31.012+0000] {dag.py:4180} INFO - Setting next_dagrun for mongo_to_rabbitmq to 2025-01-31 00:00:00+00:00, run_after=2025-02-01 00:00:00+00:00
[2025-02-01T06:58:31.031+0000] {processor.py:208} INFO - Processing /opt/airflow/dags/orchestronic.py took 0.183 seconds
[2025-02-01T06:59:01.999+0000] {processor.py:186} INFO - Started process (PID=1695) to work on /opt/airflow/dags/orchestronic.py
[2025-02-01T06:59:02.003+0000] {processor.py:914} INFO - Processing file /opt/airflow/dags/orchestronic.py for tasks to queue
[2025-02-01T06:59:02.014+0000] {logging_mixin.py:190} INFO - [2025-02-01T06:59:02.012+0000] {dagbag.py:588} INFO - Filling up the DagBag from /opt/airflow/dags/orchestronic.py
[2025-02-01T06:59:02.129+0000] {processor.py:925} INFO - DAG(s) 'mongo_to_rabbitmq' retrieved from /opt/airflow/dags/orchestronic.py
[2025-02-01T06:59:02.162+0000] {logging_mixin.py:190} INFO - [2025-02-01T06:59:02.162+0000] {dag.py:3239} INFO - Sync 1 DAGs
[2025-02-01T06:59:02.187+0000] {logging_mixin.py:190} INFO - [2025-02-01T06:59:02.187+0000] {dag.py:4180} INFO - Setting next_dagrun for mongo_to_rabbitmq to 2025-01-31 00:00:00+00:00, run_after=2025-02-01 00:00:00+00:00
[2025-02-01T06:59:02.203+0000] {processor.py:208} INFO - Processing /opt/airflow/dags/orchestronic.py took 0.216 seconds
[2025-02-01T06:59:33.051+0000] {processor.py:186} INFO - Started process (PID=1761) to work on /opt/airflow/dags/orchestronic.py
[2025-02-01T06:59:33.053+0000] {processor.py:914} INFO - Processing file /opt/airflow/dags/orchestronic.py for tasks to queue
[2025-02-01T06:59:33.058+0000] {logging_mixin.py:190} INFO - [2025-02-01T06:59:33.058+0000] {dagbag.py:588} INFO - Filling up the DagBag from /opt/airflow/dags/orchestronic.py
[2025-02-01T06:59:33.151+0000] {processor.py:925} INFO - DAG(s) 'mongo_to_rabbitmq' retrieved from /opt/airflow/dags/orchestronic.py
[2025-02-01T06:59:33.171+0000] {logging_mixin.py:190} INFO - [2025-02-01T06:59:33.171+0000] {dag.py:3239} INFO - Sync 1 DAGs
[2025-02-01T06:59:33.189+0000] {logging_mixin.py:190} INFO - [2025-02-01T06:59:33.189+0000] {dag.py:4180} INFO - Setting next_dagrun for mongo_to_rabbitmq to 2025-01-31 00:00:00+00:00, run_after=2025-02-01 00:00:00+00:00
[2025-02-01T06:59:33.203+0000] {processor.py:208} INFO - Processing /opt/airflow/dags/orchestronic.py took 0.156 seconds
[2025-02-01T07:00:04.145+0000] {processor.py:186} INFO - Started process (PID=1827) to work on /opt/airflow/dags/orchestronic.py
[2025-02-01T07:00:04.148+0000] {processor.py:914} INFO - Processing file /opt/airflow/dags/orchestronic.py for tasks to queue
[2025-02-01T07:00:04.154+0000] {logging_mixin.py:190} INFO - [2025-02-01T07:00:04.154+0000] {dagbag.py:588} INFO - Filling up the DagBag from /opt/airflow/dags/orchestronic.py
[2025-02-01T07:00:04.231+0000] {processor.py:925} INFO - DAG(s) 'mongo_to_rabbitmq' retrieved from /opt/airflow/dags/orchestronic.py
[2025-02-01T07:00:04.247+0000] {logging_mixin.py:190} INFO - [2025-02-01T07:00:04.246+0000] {dag.py:3239} INFO - Sync 1 DAGs
[2025-02-01T07:00:04.268+0000] {logging_mixin.py:190} INFO - [2025-02-01T07:00:04.268+0000] {dag.py:4180} INFO - Setting next_dagrun for mongo_to_rabbitmq to 2025-01-31 00:00:00+00:00, run_after=2025-02-01 00:00:00+00:00
[2025-02-01T07:00:04.281+0000] {processor.py:208} INFO - Processing /opt/airflow/dags/orchestronic.py took 0.148 seconds
[2025-02-01T07:00:35.143+0000] {processor.py:186} INFO - Started process (PID=1893) to work on /opt/airflow/dags/orchestronic.py
[2025-02-01T07:00:35.144+0000] {processor.py:914} INFO - Processing file /opt/airflow/dags/orchestronic.py for tasks to queue
[2025-02-01T07:00:35.149+0000] {logging_mixin.py:190} INFO - [2025-02-01T07:00:35.149+0000] {dagbag.py:588} INFO - Filling up the DagBag from /opt/airflow/dags/orchestronic.py
[2025-02-01T07:00:35.226+0000] {processor.py:925} INFO - DAG(s) 'mongo_to_rabbitmq' retrieved from /opt/airflow/dags/orchestronic.py
[2025-02-01T07:00:35.245+0000] {logging_mixin.py:190} INFO - [2025-02-01T07:00:35.245+0000] {dag.py:3239} INFO - Sync 1 DAGs
[2025-02-01T07:00:35.266+0000] {logging_mixin.py:190} INFO - [2025-02-01T07:00:35.266+0000] {dag.py:4180} INFO - Setting next_dagrun for mongo_to_rabbitmq to 2025-01-31 00:00:00+00:00, run_after=2025-02-01 00:00:00+00:00
[2025-02-01T07:00:35.281+0000] {processor.py:208} INFO - Processing /opt/airflow/dags/orchestronic.py took 0.144 seconds
[2025-02-01T07:01:05.866+0000] {processor.py:186} INFO - Started process (PID=1959) to work on /opt/airflow/dags/orchestronic.py
[2025-02-01T07:01:05.868+0000] {processor.py:914} INFO - Processing file /opt/airflow/dags/orchestronic.py for tasks to queue
[2025-02-01T07:01:05.877+0000] {logging_mixin.py:190} INFO - [2025-02-01T07:01:05.876+0000] {dagbag.py:588} INFO - Filling up the DagBag from /opt/airflow/dags/orchestronic.py
[2025-02-01T07:01:05.968+0000] {processor.py:925} INFO - DAG(s) 'mongo_to_rabbitmq' retrieved from /opt/airflow/dags/orchestronic.py
[2025-02-01T07:01:05.997+0000] {logging_mixin.py:190} INFO - [2025-02-01T07:01:05.996+0000] {dag.py:3239} INFO - Sync 1 DAGs
[2025-02-01T07:01:06.021+0000] {logging_mixin.py:190} INFO - [2025-02-01T07:01:06.020+0000] {dag.py:4180} INFO - Setting next_dagrun for mongo_to_rabbitmq to 2025-01-31 00:00:00+00:00, run_after=2025-02-01 00:00:00+00:00
[2025-02-01T07:01:06.039+0000] {processor.py:208} INFO - Processing /opt/airflow/dags/orchestronic.py took 0.183 seconds
[2025-02-01T07:01:36.574+0000] {processor.py:186} INFO - Started process (PID=2025) to work on /opt/airflow/dags/orchestronic.py
[2025-02-01T07:01:36.576+0000] {processor.py:914} INFO - Processing file /opt/airflow/dags/orchestronic.py for tasks to queue
[2025-02-01T07:01:36.583+0000] {logging_mixin.py:190} INFO - [2025-02-01T07:01:36.583+0000] {dagbag.py:588} INFO - Filling up the DagBag from /opt/airflow/dags/orchestronic.py
[2025-02-01T07:01:36.692+0000] {processor.py:925} INFO - DAG(s) 'mongo_to_rabbitmq' retrieved from /opt/airflow/dags/orchestronic.py
[2025-02-01T07:01:36.726+0000] {logging_mixin.py:190} INFO - [2025-02-01T07:01:36.726+0000] {dag.py:3239} INFO - Sync 1 DAGs
[2025-02-01T07:01:36.750+0000] {logging_mixin.py:190} INFO - [2025-02-01T07:01:36.750+0000] {dag.py:4180} INFO - Setting next_dagrun for mongo_to_rabbitmq to 2025-01-31 00:00:00+00:00, run_after=2025-02-01 00:00:00+00:00
[2025-02-01T07:01:36.772+0000] {processor.py:208} INFO - Processing /opt/airflow/dags/orchestronic.py took 0.214 seconds
[2025-02-01T07:02:07.467+0000] {processor.py:186} INFO - Started process (PID=2091) to work on /opt/airflow/dags/orchestronic.py
[2025-02-01T07:02:07.470+0000] {processor.py:914} INFO - Processing file /opt/airflow/dags/orchestronic.py for tasks to queue
[2025-02-01T07:02:07.474+0000] {logging_mixin.py:190} INFO - [2025-02-01T07:02:07.473+0000] {dagbag.py:588} INFO - Filling up the DagBag from /opt/airflow/dags/orchestronic.py
[2025-02-01T07:02:07.577+0000] {processor.py:925} INFO - DAG(s) 'mongo_to_rabbitmq' retrieved from /opt/airflow/dags/orchestronic.py
[2025-02-01T07:02:07.608+0000] {logging_mixin.py:190} INFO - [2025-02-01T07:02:07.608+0000] {dag.py:3239} INFO - Sync 1 DAGs
[2025-02-01T07:02:07.637+0000] {logging_mixin.py:190} INFO - [2025-02-01T07:02:07.637+0000] {dag.py:4180} INFO - Setting next_dagrun for mongo_to_rabbitmq to 2025-01-31 00:00:00+00:00, run_after=2025-02-01 00:00:00+00:00
[2025-02-01T07:02:07.655+0000] {processor.py:208} INFO - Processing /opt/airflow/dags/orchestronic.py took 0.204 seconds
[2025-02-01T07:04:06.619+0000] {processor.py:186} INFO - Started process (PID=43) to work on /opt/airflow/dags/orchestronic.py
[2025-02-01T07:04:06.622+0000] {processor.py:914} INFO - Processing file /opt/airflow/dags/orchestronic.py for tasks to queue
[2025-02-01T07:04:06.636+0000] {logging_mixin.py:190} INFO - [2025-02-01T07:04:06.634+0000] {dagbag.py:588} INFO - Filling up the DagBag from /opt/airflow/dags/orchestronic.py
[2025-02-01T07:04:06.753+0000] {processor.py:925} INFO - DAG(s) 'mongo_to_rabbitmq' retrieved from /opt/airflow/dags/orchestronic.py
[2025-02-01T07:04:06.801+0000] {logging_mixin.py:190} INFO - [2025-02-01T07:04:06.800+0000] {dag.py:3239} INFO - Sync 1 DAGs
[2025-02-01T07:04:06.863+0000] {logging_mixin.py:190} INFO - [2025-02-01T07:04:06.862+0000] {dag.py:4180} INFO - Setting next_dagrun for mongo_to_rabbitmq to 2025-01-31 00:00:00+00:00, run_after=2025-02-01 00:00:00+00:00
[2025-02-01T07:04:06.886+0000] {processor.py:208} INFO - Processing /opt/airflow/dags/orchestronic.py took 0.278 seconds
[2025-02-01T07:04:37.178+0000] {processor.py:186} INFO - Started process (PID=115) to work on /opt/airflow/dags/orchestronic.py
[2025-02-01T07:04:37.180+0000] {processor.py:914} INFO - Processing file /opt/airflow/dags/orchestronic.py for tasks to queue
[2025-02-01T07:04:37.187+0000] {logging_mixin.py:190} INFO - [2025-02-01T07:04:37.186+0000] {dagbag.py:588} INFO - Filling up the DagBag from /opt/airflow/dags/orchestronic.py
[2025-02-01T07:04:37.277+0000] {processor.py:925} INFO - DAG(s) 'mongo_to_rabbitmq' retrieved from /opt/airflow/dags/orchestronic.py
[2025-02-01T07:04:37.309+0000] {logging_mixin.py:190} INFO - [2025-02-01T07:04:37.308+0000] {dag.py:3239} INFO - Sync 1 DAGs
[2025-02-01T07:04:37.332+0000] {logging_mixin.py:190} INFO - [2025-02-01T07:04:37.332+0000] {dag.py:4180} INFO - Setting next_dagrun for mongo_to_rabbitmq to 2025-01-31 00:00:00+00:00, run_after=2025-02-01 00:00:00+00:00
[2025-02-01T07:04:37.348+0000] {processor.py:208} INFO - Processing /opt/airflow/dags/orchestronic.py took 0.177 seconds
[2025-02-01T07:05:07.920+0000] {processor.py:186} INFO - Started process (PID=181) to work on /opt/airflow/dags/orchestronic.py
[2025-02-01T07:05:07.925+0000] {processor.py:914} INFO - Processing file /opt/airflow/dags/orchestronic.py for tasks to queue
[2025-02-01T07:05:07.929+0000] {logging_mixin.py:190} INFO - [2025-02-01T07:05:07.928+0000] {dagbag.py:588} INFO - Filling up the DagBag from /opt/airflow/dags/orchestronic.py
[2025-02-01T07:05:08.031+0000] {processor.py:925} INFO - DAG(s) 'mongo_to_rabbitmq' retrieved from /opt/airflow/dags/orchestronic.py
[2025-02-01T07:05:08.061+0000] {logging_mixin.py:190} INFO - [2025-02-01T07:05:08.061+0000] {dag.py:3239} INFO - Sync 1 DAGs
[2025-02-01T07:05:08.083+0000] {logging_mixin.py:190} INFO - [2025-02-01T07:05:08.083+0000] {dag.py:4180} INFO - Setting next_dagrun for mongo_to_rabbitmq to 2025-01-31 00:00:00+00:00, run_after=2025-02-01 00:00:00+00:00
[2025-02-01T07:05:08.098+0000] {processor.py:208} INFO - Processing /opt/airflow/dags/orchestronic.py took 0.186 seconds
[2025-02-01T07:05:38.403+0000] {processor.py:186} INFO - Started process (PID=247) to work on /opt/airflow/dags/orchestronic.py
[2025-02-01T07:05:38.405+0000] {processor.py:914} INFO - Processing file /opt/airflow/dags/orchestronic.py for tasks to queue
[2025-02-01T07:05:38.412+0000] {logging_mixin.py:190} INFO - [2025-02-01T07:05:38.412+0000] {dagbag.py:588} INFO - Filling up the DagBag from /opt/airflow/dags/orchestronic.py
[2025-02-01T07:05:38.542+0000] {processor.py:925} INFO - DAG(s) 'mongo_to_rabbitmq' retrieved from /opt/airflow/dags/orchestronic.py
[2025-02-01T07:05:38.566+0000] {logging_mixin.py:190} INFO - [2025-02-01T07:05:38.566+0000] {dag.py:3239} INFO - Sync 1 DAGs
[2025-02-01T07:05:38.588+0000] {logging_mixin.py:190} INFO - [2025-02-01T07:05:38.588+0000] {dag.py:4180} INFO - Setting next_dagrun for mongo_to_rabbitmq to 2025-01-31 00:00:00+00:00, run_after=2025-02-01 00:00:00+00:00
[2025-02-01T07:05:38.607+0000] {processor.py:208} INFO - Processing /opt/airflow/dags/orchestronic.py took 0.212 seconds
[2025-02-01T07:06:09.204+0000] {processor.py:186} INFO - Started process (PID=313) to work on /opt/airflow/dags/orchestronic.py
[2025-02-01T07:06:09.205+0000] {processor.py:914} INFO - Processing file /opt/airflow/dags/orchestronic.py for tasks to queue
[2025-02-01T07:06:09.211+0000] {logging_mixin.py:190} INFO - [2025-02-01T07:06:09.210+0000] {dagbag.py:588} INFO - Filling up the DagBag from /opt/airflow/dags/orchestronic.py
[2025-02-01T07:06:09.295+0000] {processor.py:925} INFO - DAG(s) 'mongo_to_rabbitmq' retrieved from /opt/airflow/dags/orchestronic.py
[2025-02-01T07:06:09.323+0000] {logging_mixin.py:190} INFO - [2025-02-01T07:06:09.323+0000] {dag.py:3239} INFO - Sync 1 DAGs
[2025-02-01T07:06:09.345+0000] {logging_mixin.py:190} INFO - [2025-02-01T07:06:09.345+0000] {dag.py:4180} INFO - Setting next_dagrun for mongo_to_rabbitmq to 2025-01-31 00:00:00+00:00, run_after=2025-02-01 00:00:00+00:00
[2025-02-01T07:06:09.364+0000] {processor.py:208} INFO - Processing /opt/airflow/dags/orchestronic.py took 0.167 seconds
[2025-02-01T07:06:40.270+0000] {processor.py:186} INFO - Started process (PID=379) to work on /opt/airflow/dags/orchestronic.py
[2025-02-01T07:06:40.271+0000] {processor.py:914} INFO - Processing file /opt/airflow/dags/orchestronic.py for tasks to queue
[2025-02-01T07:06:40.276+0000] {logging_mixin.py:190} INFO - [2025-02-01T07:06:40.275+0000] {dagbag.py:588} INFO - Filling up the DagBag from /opt/airflow/dags/orchestronic.py
[2025-02-01T07:06:40.382+0000] {processor.py:925} INFO - DAG(s) 'mongo_to_rabbitmq' retrieved from /opt/airflow/dags/orchestronic.py
[2025-02-01T07:06:40.418+0000] {logging_mixin.py:190} INFO - [2025-02-01T07:06:40.418+0000] {dag.py:3239} INFO - Sync 1 DAGs
[2025-02-01T07:06:40.452+0000] {logging_mixin.py:190} INFO - [2025-02-01T07:06:40.452+0000] {dag.py:4180} INFO - Setting next_dagrun for mongo_to_rabbitmq to 2025-01-31 00:00:00+00:00, run_after=2025-02-01 00:00:00+00:00
[2025-02-01T07:06:40.474+0000] {processor.py:208} INFO - Processing /opt/airflow/dags/orchestronic.py took 0.224 seconds
[2025-02-01T07:07:11.104+0000] {processor.py:186} INFO - Started process (PID=445) to work on /opt/airflow/dags/orchestronic.py
[2025-02-01T07:07:11.105+0000] {processor.py:914} INFO - Processing file /opt/airflow/dags/orchestronic.py for tasks to queue
[2025-02-01T07:07:11.109+0000] {logging_mixin.py:190} INFO - [2025-02-01T07:07:11.109+0000] {dagbag.py:588} INFO - Filling up the DagBag from /opt/airflow/dags/orchestronic.py
[2025-02-01T07:07:11.262+0000] {processor.py:925} INFO - DAG(s) 'mongo_to_rabbitmq' retrieved from /opt/airflow/dags/orchestronic.py
[2025-02-01T07:07:11.298+0000] {logging_mixin.py:190} INFO - [2025-02-01T07:07:11.297+0000] {dag.py:3239} INFO - Sync 1 DAGs
[2025-02-01T07:07:11.318+0000] {logging_mixin.py:190} INFO - [2025-02-01T07:07:11.318+0000] {dag.py:4180} INFO - Setting next_dagrun for mongo_to_rabbitmq to 2025-01-31 00:00:00+00:00, run_after=2025-02-01 00:00:00+00:00
[2025-02-01T07:07:11.336+0000] {processor.py:208} INFO - Processing /opt/airflow/dags/orchestronic.py took 0.244 seconds
[2025-02-01T07:08:12.292+0000] {processor.py:186} INFO - Started process (PID=43) to work on /opt/airflow/dags/orchestronic.py
[2025-02-01T07:08:12.293+0000] {processor.py:914} INFO - Processing file /opt/airflow/dags/orchestronic.py for tasks to queue
[2025-02-01T07:08:12.297+0000] {logging_mixin.py:190} INFO - [2025-02-01T07:08:12.297+0000] {dagbag.py:588} INFO - Filling up the DagBag from /opt/airflow/dags/orchestronic.py
[2025-02-01T07:08:12.398+0000] {processor.py:925} INFO - DAG(s) 'mongo_to_rabbitmq' retrieved from /opt/airflow/dags/orchestronic.py
[2025-02-01T07:08:12.445+0000] {logging_mixin.py:190} INFO - [2025-02-01T07:08:12.445+0000] {dag.py:3239} INFO - Sync 1 DAGs
[2025-02-01T07:08:12.483+0000] {logging_mixin.py:190} INFO - [2025-02-01T07:08:12.483+0000] {dag.py:4180} INFO - Setting next_dagrun for mongo_to_rabbitmq to 2025-01-31 00:00:00+00:00, run_after=2025-02-01 00:00:00+00:00
[2025-02-01T07:08:12.507+0000] {processor.py:208} INFO - Processing /opt/airflow/dags/orchestronic.py took 0.226 seconds
[2025-02-01T07:08:43.416+0000] {processor.py:186} INFO - Started process (PID=115) to work on /opt/airflow/dags/orchestronic.py
[2025-02-01T07:08:43.417+0000] {processor.py:914} INFO - Processing file /opt/airflow/dags/orchestronic.py for tasks to queue
[2025-02-01T07:08:43.423+0000] {logging_mixin.py:190} INFO - [2025-02-01T07:08:43.422+0000] {dagbag.py:588} INFO - Filling up the DagBag from /opt/airflow/dags/orchestronic.py
[2025-02-01T07:08:43.522+0000] {processor.py:925} INFO - DAG(s) 'mongo_to_rabbitmq' retrieved from /opt/airflow/dags/orchestronic.py
[2025-02-01T07:08:43.540+0000] {logging_mixin.py:190} INFO - [2025-02-01T07:08:43.540+0000] {dag.py:3239} INFO - Sync 1 DAGs
[2025-02-01T07:08:43.563+0000] {logging_mixin.py:190} INFO - [2025-02-01T07:08:43.563+0000] {dag.py:4180} INFO - Setting next_dagrun for mongo_to_rabbitmq to 2025-01-31 00:00:00+00:00, run_after=2025-02-01 00:00:00+00:00
[2025-02-01T07:08:43.578+0000] {processor.py:208} INFO - Processing /opt/airflow/dags/orchestronic.py took 0.168 seconds
[2025-02-01T07:09:14.219+0000] {processor.py:186} INFO - Started process (PID=181) to work on /opt/airflow/dags/orchestronic.py
[2025-02-01T07:09:14.225+0000] {processor.py:914} INFO - Processing file /opt/airflow/dags/orchestronic.py for tasks to queue
[2025-02-01T07:09:14.228+0000] {logging_mixin.py:190} INFO - [2025-02-01T07:09:14.228+0000] {dagbag.py:588} INFO - Filling up the DagBag from /opt/airflow/dags/orchestronic.py
[2025-02-01T07:09:14.315+0000] {processor.py:925} INFO - DAG(s) 'mongo_to_rabbitmq' retrieved from /opt/airflow/dags/orchestronic.py
[2025-02-01T07:09:14.341+0000] {logging_mixin.py:190} INFO - [2025-02-01T07:09:14.341+0000] {dag.py:3239} INFO - Sync 1 DAGs
[2025-02-01T07:09:14.361+0000] {logging_mixin.py:190} INFO - [2025-02-01T07:09:14.361+0000] {dag.py:4180} INFO - Setting next_dagrun for mongo_to_rabbitmq to 2025-01-31 00:00:00+00:00, run_after=2025-02-01 00:00:00+00:00
[2025-02-01T07:09:14.373+0000] {processor.py:208} INFO - Processing /opt/airflow/dags/orchestronic.py took 0.159 seconds
[2025-02-01T07:09:44.907+0000] {processor.py:186} INFO - Started process (PID=247) to work on /opt/airflow/dags/orchestronic.py
[2025-02-01T07:09:44.909+0000] {processor.py:914} INFO - Processing file /opt/airflow/dags/orchestronic.py for tasks to queue
[2025-02-01T07:09:44.917+0000] {logging_mixin.py:190} INFO - [2025-02-01T07:09:44.916+0000] {dagbag.py:588} INFO - Filling up the DagBag from /opt/airflow/dags/orchestronic.py
[2025-02-01T07:09:46.402+0000] {logging_mixin.py:190} INFO - [2025-02-01T07:09:46.402+0000] {process_utils.py:266} INFO - Waiting up to 5 seconds for processes to exit...
[2025-02-01T07:10:21.615+0000] {processor.py:186} INFO - Started process (PID=49) to work on /opt/airflow/dags/orchestronic.py
[2025-02-01T07:10:21.619+0000] {processor.py:914} INFO - Processing file /opt/airflow/dags/orchestronic.py for tasks to queue
[2025-02-01T07:10:21.624+0000] {logging_mixin.py:190} INFO - [2025-02-01T07:10:21.623+0000] {dagbag.py:588} INFO - Filling up the DagBag from /opt/airflow/dags/orchestronic.py
[2025-02-01T07:10:21.744+0000] {processor.py:925} INFO - DAG(s) 'mongo_to_rabbitmq' retrieved from /opt/airflow/dags/orchestronic.py
[2025-02-01T07:10:21.777+0000] {logging_mixin.py:190} INFO - [2025-02-01T07:10:21.776+0000] {dag.py:3239} INFO - Sync 1 DAGs
[2025-02-01T07:10:21.802+0000] {logging_mixin.py:190} INFO - [2025-02-01T07:10:21.802+0000] {dag.py:4180} INFO - Setting next_dagrun for mongo_to_rabbitmq to 2025-01-31 00:00:00+00:00, run_after=2025-02-01 00:00:00+00:00
[2025-02-01T07:10:21.820+0000] {processor.py:208} INFO - Processing /opt/airflow/dags/orchestronic.py took 0.216 seconds
[2025-02-01T07:10:52.137+0000] {processor.py:186} INFO - Started process (PID=115) to work on /opt/airflow/dags/orchestronic.py
[2025-02-01T07:10:52.139+0000] {processor.py:914} INFO - Processing file /opt/airflow/dags/orchestronic.py for tasks to queue
[2025-02-01T07:10:52.147+0000] {logging_mixin.py:190} INFO - [2025-02-01T07:10:52.146+0000] {dagbag.py:588} INFO - Filling up the DagBag from /opt/airflow/dags/orchestronic.py
[2025-02-01T07:10:52.245+0000] {processor.py:925} INFO - DAG(s) 'mongo_to_rabbitmq' retrieved from /opt/airflow/dags/orchestronic.py
[2025-02-01T07:10:52.270+0000] {logging_mixin.py:190} INFO - [2025-02-01T07:10:52.270+0000] {dag.py:3239} INFO - Sync 1 DAGs
[2025-02-01T07:10:52.295+0000] {logging_mixin.py:190} INFO - [2025-02-01T07:10:52.295+0000] {dag.py:4180} INFO - Setting next_dagrun for mongo_to_rabbitmq to 2025-01-31 00:00:00+00:00, run_after=2025-02-01 00:00:00+00:00
[2025-02-01T07:10:52.312+0000] {processor.py:208} INFO - Processing /opt/airflow/dags/orchestronic.py took 0.184 seconds
[2025-02-01T07:11:22.602+0000] {processor.py:186} INFO - Started process (PID=181) to work on /opt/airflow/dags/orchestronic.py
[2025-02-01T07:11:22.605+0000] {processor.py:914} INFO - Processing file /opt/airflow/dags/orchestronic.py for tasks to queue
[2025-02-01T07:11:22.620+0000] {logging_mixin.py:190} INFO - [2025-02-01T07:11:22.619+0000] {dagbag.py:588} INFO - Filling up the DagBag from /opt/airflow/dags/orchestronic.py
[2025-02-01T07:11:22.730+0000] {processor.py:925} INFO - DAG(s) 'mongo_to_rabbitmq' retrieved from /opt/airflow/dags/orchestronic.py
[2025-02-01T07:11:22.755+0000] {logging_mixin.py:190} INFO - [2025-02-01T07:11:22.755+0000] {dag.py:3239} INFO - Sync 1 DAGs
[2025-02-01T07:11:22.787+0000] {logging_mixin.py:190} INFO - [2025-02-01T07:11:22.787+0000] {dag.py:4180} INFO - Setting next_dagrun for mongo_to_rabbitmq to 2025-01-31 00:00:00+00:00, run_after=2025-02-01 00:00:00+00:00
[2025-02-01T07:11:22.806+0000] {processor.py:208} INFO - Processing /opt/airflow/dags/orchestronic.py took 0.211 seconds
[2025-02-01T07:11:53.228+0000] {processor.py:186} INFO - Started process (PID=247) to work on /opt/airflow/dags/orchestronic.py
[2025-02-01T07:11:53.229+0000] {processor.py:914} INFO - Processing file /opt/airflow/dags/orchestronic.py for tasks to queue
[2025-02-01T07:11:53.231+0000] {logging_mixin.py:190} INFO - [2025-02-01T07:11:53.231+0000] {dagbag.py:588} INFO - Filling up the DagBag from /opt/airflow/dags/orchestronic.py
[2025-02-01T07:11:53.348+0000] {processor.py:925} INFO - DAG(s) 'mongo_to_rabbitmq' retrieved from /opt/airflow/dags/orchestronic.py
[2025-02-01T07:11:53.382+0000] {logging_mixin.py:190} INFO - [2025-02-01T07:11:53.382+0000] {dag.py:3239} INFO - Sync 1 DAGs
[2025-02-01T07:11:53.453+0000] {logging_mixin.py:190} INFO - [2025-02-01T07:11:53.453+0000] {dag.py:4180} INFO - Setting next_dagrun for mongo_to_rabbitmq to 2025-01-31 00:00:00+00:00, run_after=2025-02-01 00:00:00+00:00
[2025-02-01T07:11:53.470+0000] {processor.py:208} INFO - Processing /opt/airflow/dags/orchestronic.py took 0.252 seconds
[2025-02-01T07:12:24.139+0000] {processor.py:186} INFO - Started process (PID=313) to work on /opt/airflow/dags/orchestronic.py
[2025-02-01T07:12:24.143+0000] {processor.py:914} INFO - Processing file /opt/airflow/dags/orchestronic.py for tasks to queue
[2025-02-01T07:12:24.155+0000] {logging_mixin.py:190} INFO - [2025-02-01T07:12:24.154+0000] {dagbag.py:588} INFO - Filling up the DagBag from /opt/airflow/dags/orchestronic.py
[2025-02-01T07:12:24.258+0000] {processor.py:925} INFO - DAG(s) 'mongo_to_rabbitmq' retrieved from /opt/airflow/dags/orchestronic.py
[2025-02-01T07:12:24.293+0000] {logging_mixin.py:190} INFO - [2025-02-01T07:12:24.293+0000] {dag.py:3239} INFO - Sync 1 DAGs
[2025-02-01T07:12:24.317+0000] {logging_mixin.py:190} INFO - [2025-02-01T07:12:24.317+0000] {dag.py:4180} INFO - Setting next_dagrun for mongo_to_rabbitmq to 2025-01-31 00:00:00+00:00, run_after=2025-02-01 00:00:00+00:00
[2025-02-01T07:12:24.333+0000] {processor.py:208} INFO - Processing /opt/airflow/dags/orchestronic.py took 0.209 seconds
[2025-02-01T07:12:54.661+0000] {processor.py:186} INFO - Started process (PID=379) to work on /opt/airflow/dags/orchestronic.py
[2025-02-01T07:12:54.662+0000] {processor.py:914} INFO - Processing file /opt/airflow/dags/orchestronic.py for tasks to queue
[2025-02-01T07:12:54.665+0000] {logging_mixin.py:190} INFO - [2025-02-01T07:12:54.665+0000] {dagbag.py:588} INFO - Filling up the DagBag from /opt/airflow/dags/orchestronic.py
[2025-02-01T07:12:54.740+0000] {processor.py:925} INFO - DAG(s) 'mongo_to_rabbitmq' retrieved from /opt/airflow/dags/orchestronic.py
[2025-02-01T07:12:54.761+0000] {logging_mixin.py:190} INFO - [2025-02-01T07:12:54.761+0000] {dag.py:3239} INFO - Sync 1 DAGs
[2025-02-01T07:12:54.779+0000] {logging_mixin.py:190} INFO - [2025-02-01T07:12:54.779+0000] {dag.py:4180} INFO - Setting next_dagrun for mongo_to_rabbitmq to 2025-01-31 00:00:00+00:00, run_after=2025-02-01 00:00:00+00:00
[2025-02-01T07:12:54.794+0000] {processor.py:208} INFO - Processing /opt/airflow/dags/orchestronic.py took 0.140 seconds
[2025-02-01T07:13:25.033+0000] {processor.py:186} INFO - Started process (PID=445) to work on /opt/airflow/dags/orchestronic.py
[2025-02-01T07:13:25.034+0000] {processor.py:914} INFO - Processing file /opt/airflow/dags/orchestronic.py for tasks to queue
[2025-02-01T07:13:25.039+0000] {logging_mixin.py:190} INFO - [2025-02-01T07:13:25.039+0000] {dagbag.py:588} INFO - Filling up the DagBag from /opt/airflow/dags/orchestronic.py
[2025-02-01T07:13:25.117+0000] {processor.py:925} INFO - DAG(s) 'mongo_to_rabbitmq' retrieved from /opt/airflow/dags/orchestronic.py
[2025-02-01T07:13:25.137+0000] {logging_mixin.py:190} INFO - [2025-02-01T07:13:25.137+0000] {dag.py:3239} INFO - Sync 1 DAGs
[2025-02-01T07:13:25.161+0000] {logging_mixin.py:190} INFO - [2025-02-01T07:13:25.160+0000] {dag.py:4180} INFO - Setting next_dagrun for mongo_to_rabbitmq to 2025-01-31 00:00:00+00:00, run_after=2025-02-01 00:00:00+00:00
[2025-02-01T07:13:25.176+0000] {processor.py:208} INFO - Processing /opt/airflow/dags/orchestronic.py took 0.150 seconds
[2025-02-01T07:14:39.087+0000] {processor.py:186} INFO - Started process (PID=43) to work on /opt/airflow/dags/orchestronic.py
[2025-02-01T07:14:39.090+0000] {processor.py:914} INFO - Processing file /opt/airflow/dags/orchestronic.py for tasks to queue
[2025-02-01T07:14:39.096+0000] {logging_mixin.py:190} INFO - [2025-02-01T07:14:39.095+0000] {dagbag.py:588} INFO - Filling up the DagBag from /opt/airflow/dags/orchestronic.py
[2025-02-01T07:14:39.206+0000] {processor.py:925} INFO - DAG(s) 'mongo_to_rabbitmq' retrieved from /opt/airflow/dags/orchestronic.py
[2025-02-01T07:14:39.254+0000] {logging_mixin.py:190} INFO - [2025-02-01T07:14:39.253+0000] {dag.py:3239} INFO - Sync 1 DAGs
[2025-02-01T07:14:39.289+0000] {logging_mixin.py:190} INFO - [2025-02-01T07:14:39.289+0000] {dag.py:4180} INFO - Setting next_dagrun for mongo_to_rabbitmq to 2025-01-31 00:00:00+00:00, run_after=2025-02-01 00:00:00+00:00
[2025-02-01T07:14:39.315+0000] {processor.py:208} INFO - Processing /opt/airflow/dags/orchestronic.py took 0.240 seconds
[2025-02-01T07:15:09.833+0000] {processor.py:186} INFO - Started process (PID=115) to work on /opt/airflow/dags/orchestronic.py
[2025-02-01T07:15:09.837+0000] {processor.py:914} INFO - Processing file /opt/airflow/dags/orchestronic.py for tasks to queue
[2025-02-01T07:15:09.843+0000] {logging_mixin.py:190} INFO - [2025-02-01T07:15:09.842+0000] {dagbag.py:588} INFO - Filling up the DagBag from /opt/airflow/dags/orchestronic.py
[2025-02-01T07:15:09.935+0000] {processor.py:925} INFO - DAG(s) 'mongo_to_rabbitmq' retrieved from /opt/airflow/dags/orchestronic.py
[2025-02-01T07:15:09.967+0000] {logging_mixin.py:190} INFO - [2025-02-01T07:15:09.967+0000] {dag.py:3239} INFO - Sync 1 DAGs
[2025-02-01T07:15:09.983+0000] {logging_mixin.py:190} INFO - [2025-02-01T07:15:09.983+0000] {dag.py:4180} INFO - Setting next_dagrun for mongo_to_rabbitmq to 2025-01-31 00:00:00+00:00, run_after=2025-02-01 00:00:00+00:00
[2025-02-01T07:15:09.999+0000] {processor.py:208} INFO - Processing /opt/airflow/dags/orchestronic.py took 0.174 seconds
[2025-02-01T07:15:40.423+0000] {processor.py:186} INFO - Started process (PID=181) to work on /opt/airflow/dags/orchestronic.py
[2025-02-01T07:15:40.424+0000] {processor.py:914} INFO - Processing file /opt/airflow/dags/orchestronic.py for tasks to queue
[2025-02-01T07:15:40.428+0000] {logging_mixin.py:190} INFO - [2025-02-01T07:15:40.428+0000] {dagbag.py:588} INFO - Filling up the DagBag from /opt/airflow/dags/orchestronic.py
[2025-02-01T07:15:40.524+0000] {processor.py:925} INFO - DAG(s) 'mongo_to_rabbitmq' retrieved from /opt/airflow/dags/orchestronic.py
[2025-02-01T07:15:40.542+0000] {logging_mixin.py:190} INFO - [2025-02-01T07:15:40.542+0000] {dag.py:3239} INFO - Sync 1 DAGs
[2025-02-01T07:15:40.558+0000] {logging_mixin.py:190} INFO - [2025-02-01T07:15:40.557+0000] {dag.py:4180} INFO - Setting next_dagrun for mongo_to_rabbitmq to 2025-01-31 00:00:00+00:00, run_after=2025-02-01 00:00:00+00:00
[2025-02-01T07:15:40.572+0000] {processor.py:208} INFO - Processing /opt/airflow/dags/orchestronic.py took 0.155 seconds
[2025-02-01T07:16:11.223+0000] {processor.py:186} INFO - Started process (PID=247) to work on /opt/airflow/dags/orchestronic.py
[2025-02-01T07:16:11.225+0000] {processor.py:914} INFO - Processing file /opt/airflow/dags/orchestronic.py for tasks to queue
[2025-02-01T07:16:11.228+0000] {logging_mixin.py:190} INFO - [2025-02-01T07:16:11.228+0000] {dagbag.py:588} INFO - Filling up the DagBag from /opt/airflow/dags/orchestronic.py
[2025-02-01T07:16:11.308+0000] {processor.py:925} INFO - DAG(s) 'mongo_to_rabbitmq' retrieved from /opt/airflow/dags/orchestronic.py
[2025-02-01T07:16:11.335+0000] {logging_mixin.py:190} INFO - [2025-02-01T07:16:11.335+0000] {dag.py:3239} INFO - Sync 1 DAGs
[2025-02-01T07:16:11.357+0000] {logging_mixin.py:190} INFO - [2025-02-01T07:16:11.357+0000] {dag.py:4180} INFO - Setting next_dagrun for mongo_to_rabbitmq to 2025-01-31 00:00:00+00:00, run_after=2025-02-01 00:00:00+00:00
[2025-02-01T07:16:11.371+0000] {processor.py:208} INFO - Processing /opt/airflow/dags/orchestronic.py took 0.161 seconds
[2025-02-01T07:16:41.590+0000] {processor.py:186} INFO - Started process (PID=313) to work on /opt/airflow/dags/orchestronic.py
[2025-02-01T07:16:41.593+0000] {processor.py:914} INFO - Processing file /opt/airflow/dags/orchestronic.py for tasks to queue
[2025-02-01T07:16:41.598+0000] {logging_mixin.py:190} INFO - [2025-02-01T07:16:41.597+0000] {dagbag.py:588} INFO - Filling up the DagBag from /opt/airflow/dags/orchestronic.py
[2025-02-01T07:16:41.683+0000] {processor.py:925} INFO - DAG(s) 'mongo_to_rabbitmq' retrieved from /opt/airflow/dags/orchestronic.py
[2025-02-01T07:16:41.702+0000] {logging_mixin.py:190} INFO - [2025-02-01T07:16:41.702+0000] {dag.py:3239} INFO - Sync 1 DAGs
[2025-02-01T07:16:41.721+0000] {logging_mixin.py:190} INFO - [2025-02-01T07:16:41.720+0000] {dag.py:4180} INFO - Setting next_dagrun for mongo_to_rabbitmq to 2025-01-31 00:00:00+00:00, run_after=2025-02-01 00:00:00+00:00
[2025-02-01T07:16:41.737+0000] {processor.py:208} INFO - Processing /opt/airflow/dags/orchestronic.py took 0.152 seconds
[2025-02-01T07:17:12.273+0000] {processor.py:186} INFO - Started process (PID=379) to work on /opt/airflow/dags/orchestronic.py
[2025-02-01T07:17:12.274+0000] {processor.py:914} INFO - Processing file /opt/airflow/dags/orchestronic.py for tasks to queue
[2025-02-01T07:17:12.286+0000] {logging_mixin.py:190} INFO - [2025-02-01T07:17:12.286+0000] {dagbag.py:588} INFO - Filling up the DagBag from /opt/airflow/dags/orchestronic.py
[2025-02-01T07:17:12.378+0000] {processor.py:925} INFO - DAG(s) 'mongo_to_rabbitmq' retrieved from /opt/airflow/dags/orchestronic.py
[2025-02-01T07:17:12.403+0000] {logging_mixin.py:190} INFO - [2025-02-01T07:17:12.402+0000] {dag.py:3239} INFO - Sync 1 DAGs
[2025-02-01T07:17:12.429+0000] {logging_mixin.py:190} INFO - [2025-02-01T07:17:12.428+0000] {dag.py:4180} INFO - Setting next_dagrun for mongo_to_rabbitmq to 2025-01-31 00:00:00+00:00, run_after=2025-02-01 00:00:00+00:00
[2025-02-01T07:17:12.449+0000] {processor.py:208} INFO - Processing /opt/airflow/dags/orchestronic.py took 0.181 seconds
[2025-02-01T07:17:43.042+0000] {processor.py:186} INFO - Started process (PID=445) to work on /opt/airflow/dags/orchestronic.py
[2025-02-01T07:17:43.045+0000] {processor.py:914} INFO - Processing file /opt/airflow/dags/orchestronic.py for tasks to queue
[2025-02-01T07:17:43.047+0000] {logging_mixin.py:190} INFO - [2025-02-01T07:17:43.047+0000] {dagbag.py:588} INFO - Filling up the DagBag from /opt/airflow/dags/orchestronic.py
[2025-02-01T07:17:43.115+0000] {processor.py:925} INFO - DAG(s) 'mongo_to_rabbitmq' retrieved from /opt/airflow/dags/orchestronic.py
[2025-02-01T07:17:43.131+0000] {logging_mixin.py:190} INFO - [2025-02-01T07:17:43.131+0000] {dag.py:3239} INFO - Sync 1 DAGs
[2025-02-01T07:17:43.147+0000] {logging_mixin.py:190} INFO - [2025-02-01T07:17:43.147+0000] {dag.py:4180} INFO - Setting next_dagrun for mongo_to_rabbitmq to 2025-01-31 00:00:00+00:00, run_after=2025-02-01 00:00:00+00:00
[2025-02-01T07:17:43.161+0000] {processor.py:208} INFO - Processing /opt/airflow/dags/orchestronic.py took 0.122 seconds
[2025-02-01T07:18:13.706+0000] {processor.py:186} INFO - Started process (PID=511) to work on /opt/airflow/dags/orchestronic.py
[2025-02-01T07:18:13.707+0000] {processor.py:914} INFO - Processing file /opt/airflow/dags/orchestronic.py for tasks to queue
[2025-02-01T07:18:13.711+0000] {logging_mixin.py:190} INFO - [2025-02-01T07:18:13.711+0000] {dagbag.py:588} INFO - Filling up the DagBag from /opt/airflow/dags/orchestronic.py
[2025-02-01T07:18:13.782+0000] {processor.py:925} INFO - DAG(s) 'mongo_to_rabbitmq' retrieved from /opt/airflow/dags/orchestronic.py
[2025-02-01T07:18:13.803+0000] {logging_mixin.py:190} INFO - [2025-02-01T07:18:13.803+0000] {dag.py:3239} INFO - Sync 1 DAGs
[2025-02-01T07:18:13.820+0000] {logging_mixin.py:190} INFO - [2025-02-01T07:18:13.820+0000] {dag.py:4180} INFO - Setting next_dagrun for mongo_to_rabbitmq to 2025-01-31 00:00:00+00:00, run_after=2025-02-01 00:00:00+00:00
[2025-02-01T07:18:13.837+0000] {processor.py:208} INFO - Processing /opt/airflow/dags/orchestronic.py took 0.140 seconds
[2025-02-01T07:18:44.178+0000] {processor.py:186} INFO - Started process (PID=577) to work on /opt/airflow/dags/orchestronic.py
[2025-02-01T07:18:44.179+0000] {processor.py:914} INFO - Processing file /opt/airflow/dags/orchestronic.py for tasks to queue
[2025-02-01T07:18:44.183+0000] {logging_mixin.py:190} INFO - [2025-02-01T07:18:44.183+0000] {dagbag.py:588} INFO - Filling up the DagBag from /opt/airflow/dags/orchestronic.py
[2025-02-01T07:18:44.264+0000] {processor.py:925} INFO - DAG(s) 'mongo_to_rabbitmq' retrieved from /opt/airflow/dags/orchestronic.py
[2025-02-01T07:18:44.287+0000] {logging_mixin.py:190} INFO - [2025-02-01T07:18:44.287+0000] {dag.py:3239} INFO - Sync 1 DAGs
[2025-02-01T07:18:44.305+0000] {logging_mixin.py:190} INFO - [2025-02-01T07:18:44.305+0000] {dag.py:4180} INFO - Setting next_dagrun for mongo_to_rabbitmq to 2025-01-31 00:00:00+00:00, run_after=2025-02-01 00:00:00+00:00
[2025-02-01T07:18:44.320+0000] {processor.py:208} INFO - Processing /opt/airflow/dags/orchestronic.py took 0.152 seconds
[2025-02-01T07:19:15.084+0000] {processor.py:186} INFO - Started process (PID=643) to work on /opt/airflow/dags/orchestronic.py
[2025-02-01T07:19:15.085+0000] {processor.py:914} INFO - Processing file /opt/airflow/dags/orchestronic.py for tasks to queue
[2025-02-01T07:19:15.091+0000] {logging_mixin.py:190} INFO - [2025-02-01T07:19:15.090+0000] {dagbag.py:588} INFO - Filling up the DagBag from /opt/airflow/dags/orchestronic.py
[2025-02-01T07:19:15.200+0000] {processor.py:925} INFO - DAG(s) 'mongo_to_rabbitmq' retrieved from /opt/airflow/dags/orchestronic.py
[2025-02-01T07:19:15.227+0000] {logging_mixin.py:190} INFO - [2025-02-01T07:19:15.227+0000] {dag.py:3239} INFO - Sync 1 DAGs
[2025-02-01T07:19:15.257+0000] {logging_mixin.py:190} INFO - [2025-02-01T07:19:15.257+0000] {dag.py:4180} INFO - Setting next_dagrun for mongo_to_rabbitmq to 2025-01-31 00:00:00+00:00, run_after=2025-02-01 00:00:00+00:00
[2025-02-01T07:19:15.273+0000] {processor.py:208} INFO - Processing /opt/airflow/dags/orchestronic.py took 0.198 seconds
[2025-02-01T07:19:45.601+0000] {processor.py:186} INFO - Started process (PID=710) to work on /opt/airflow/dags/orchestronic.py
[2025-02-01T07:19:45.602+0000] {processor.py:914} INFO - Processing file /opt/airflow/dags/orchestronic.py for tasks to queue
[2025-02-01T07:19:45.610+0000] {logging_mixin.py:190} INFO - [2025-02-01T07:19:45.609+0000] {dagbag.py:588} INFO - Filling up the DagBag from /opt/airflow/dags/orchestronic.py
[2025-02-01T07:19:45.707+0000] {processor.py:925} INFO - DAG(s) 'mongo_to_rabbitmq' retrieved from /opt/airflow/dags/orchestronic.py
[2025-02-01T07:19:45.728+0000] {logging_mixin.py:190} INFO - [2025-02-01T07:19:45.728+0000] {dag.py:3239} INFO - Sync 1 DAGs
[2025-02-01T07:19:45.753+0000] {logging_mixin.py:190} INFO - [2025-02-01T07:19:45.753+0000] {dag.py:4180} INFO - Setting next_dagrun for mongo_to_rabbitmq to 2025-01-31 00:00:00+00:00, run_after=2025-02-01 00:00:00+00:00
[2025-02-01T07:19:45.775+0000] {processor.py:208} INFO - Processing /opt/airflow/dags/orchestronic.py took 0.186 seconds
[2025-02-01T07:22:57.737+0000] {processor.py:186} INFO - Started process (PID=48) to work on /opt/airflow/dags/orchestronic.py
[2025-02-01T07:22:57.739+0000] {processor.py:914} INFO - Processing file /opt/airflow/dags/orchestronic.py for tasks to queue
[2025-02-01T07:22:57.750+0000] {logging_mixin.py:190} INFO - [2025-02-01T07:22:57.748+0000] {dagbag.py:588} INFO - Filling up the DagBag from /opt/airflow/dags/orchestronic.py
[2025-02-01T07:22:57.856+0000] {processor.py:925} INFO - DAG(s) 'mongo_to_rabbitmq' retrieved from /opt/airflow/dags/orchestronic.py
[2025-02-01T07:22:57.884+0000] {logging_mixin.py:190} INFO - [2025-02-01T07:22:57.884+0000] {dag.py:3239} INFO - Sync 1 DAGs
[2025-02-01T07:22:57.907+0000] {logging_mixin.py:190} INFO - [2025-02-01T07:22:57.906+0000] {dag.py:4180} INFO - Setting next_dagrun for mongo_to_rabbitmq to 2025-01-31 00:00:00+00:00, run_after=2025-02-01 00:00:00+00:00
[2025-02-01T07:22:57.935+0000] {processor.py:208} INFO - Processing /opt/airflow/dags/orchestronic.py took 0.205 seconds
[2025-02-01T07:23:28.667+0000] {processor.py:186} INFO - Started process (PID=114) to work on /opt/airflow/dags/orchestronic.py
[2025-02-01T07:23:28.677+0000] {processor.py:914} INFO - Processing file /opt/airflow/dags/orchestronic.py for tasks to queue
[2025-02-01T07:23:28.695+0000] {logging_mixin.py:190} INFO - [2025-02-01T07:23:28.694+0000] {dagbag.py:588} INFO - Filling up the DagBag from /opt/airflow/dags/orchestronic.py
[2025-02-01T07:23:28.802+0000] {processor.py:925} INFO - DAG(s) 'mongo_to_rabbitmq' retrieved from /opt/airflow/dags/orchestronic.py
[2025-02-01T07:23:28.826+0000] {logging_mixin.py:190} INFO - [2025-02-01T07:23:28.826+0000] {dag.py:3239} INFO - Sync 1 DAGs
[2025-02-01T07:23:28.847+0000] {logging_mixin.py:190} INFO - [2025-02-01T07:23:28.847+0000] {dag.py:4180} INFO - Setting next_dagrun for mongo_to_rabbitmq to 2025-01-31 00:00:00+00:00, run_after=2025-02-01 00:00:00+00:00
[2025-02-01T07:23:28.861+0000] {processor.py:208} INFO - Processing /opt/airflow/dags/orchestronic.py took 0.211 seconds
[2025-02-01T07:23:59.103+0000] {processor.py:186} INFO - Started process (PID=180) to work on /opt/airflow/dags/orchestronic.py
[2025-02-01T07:23:59.105+0000] {processor.py:914} INFO - Processing file /opt/airflow/dags/orchestronic.py for tasks to queue
[2025-02-01T07:23:59.109+0000] {logging_mixin.py:190} INFO - [2025-02-01T07:23:59.109+0000] {dagbag.py:588} INFO - Filling up the DagBag from /opt/airflow/dags/orchestronic.py
[2025-02-01T07:23:59.198+0000] {processor.py:925} INFO - DAG(s) 'mongo_to_rabbitmq' retrieved from /opt/airflow/dags/orchestronic.py
[2025-02-01T07:23:59.223+0000] {logging_mixin.py:190} INFO - [2025-02-01T07:23:59.222+0000] {dag.py:3239} INFO - Sync 1 DAGs
[2025-02-01T07:23:59.244+0000] {logging_mixin.py:190} INFO - [2025-02-01T07:23:59.244+0000] {dag.py:4180} INFO - Setting next_dagrun for mongo_to_rabbitmq to 2025-01-31 00:00:00+00:00, run_after=2025-02-01 00:00:00+00:00
[2025-02-01T07:23:59.257+0000] {processor.py:208} INFO - Processing /opt/airflow/dags/orchestronic.py took 0.162 seconds
[2025-02-01T07:24:29.392+0000] {processor.py:186} INFO - Started process (PID=246) to work on /opt/airflow/dags/orchestronic.py
[2025-02-01T07:24:29.394+0000] {processor.py:914} INFO - Processing file /opt/airflow/dags/orchestronic.py for tasks to queue
[2025-02-01T07:24:29.401+0000] {logging_mixin.py:190} INFO - [2025-02-01T07:24:29.400+0000] {dagbag.py:588} INFO - Filling up the DagBag from /opt/airflow/dags/orchestronic.py
[2025-02-01T07:24:29.485+0000] {processor.py:925} INFO - DAG(s) 'mongo_to_rabbitmq' retrieved from /opt/airflow/dags/orchestronic.py
[2025-02-01T07:24:29.503+0000] {logging_mixin.py:190} INFO - [2025-02-01T07:24:29.503+0000] {dag.py:3239} INFO - Sync 1 DAGs
[2025-02-01T07:24:29.529+0000] {logging_mixin.py:190} INFO - [2025-02-01T07:24:29.529+0000] {dag.py:4180} INFO - Setting next_dagrun for mongo_to_rabbitmq to 2025-01-31 00:00:00+00:00, run_after=2025-02-01 00:00:00+00:00
[2025-02-01T07:24:29.544+0000] {processor.py:208} INFO - Processing /opt/airflow/dags/orchestronic.py took 0.160 seconds
[2025-02-01T07:32:44.680+0000] {processor.py:186} INFO - Started process (PID=47) to work on /opt/airflow/dags/orchestronic.py
[2025-02-01T07:32:44.682+0000] {processor.py:914} INFO - Processing file /opt/airflow/dags/orchestronic.py for tasks to queue
[2025-02-01T07:32:44.691+0000] {logging_mixin.py:190} INFO - [2025-02-01T07:32:44.690+0000] {dagbag.py:588} INFO - Filling up the DagBag from /opt/airflow/dags/orchestronic.py
[2025-02-01T07:32:44.839+0000] {processor.py:925} INFO - DAG(s) 'mongo_to_rabbitmq' retrieved from /opt/airflow/dags/orchestronic.py
[2025-02-01T07:32:44.892+0000] {logging_mixin.py:190} INFO - [2025-02-01T07:32:44.891+0000] {dag.py:3239} INFO - Sync 1 DAGs
[2025-02-01T07:32:44.915+0000] {logging_mixin.py:190} INFO - [2025-02-01T07:32:44.915+0000] {dag.py:4180} INFO - Setting next_dagrun for mongo_to_rabbitmq to 2025-01-31 00:00:00+00:00, run_after=2025-02-01 00:00:00+00:00
[2025-02-01T07:32:44.937+0000] {processor.py:208} INFO - Processing /opt/airflow/dags/orchestronic.py took 0.264 seconds
[2025-02-01T07:33:15.680+0000] {processor.py:186} INFO - Started process (PID=112) to work on /opt/airflow/dags/orchestronic.py
[2025-02-01T07:33:15.689+0000] {processor.py:914} INFO - Processing file /opt/airflow/dags/orchestronic.py for tasks to queue
[2025-02-01T07:33:15.697+0000] {logging_mixin.py:190} INFO - [2025-02-01T07:33:15.696+0000] {dagbag.py:588} INFO - Filling up the DagBag from /opt/airflow/dags/orchestronic.py
[2025-02-01T07:33:15.876+0000] {processor.py:925} INFO - DAG(s) 'mongo_to_rabbitmq' retrieved from /opt/airflow/dags/orchestronic.py
[2025-02-01T07:33:15.925+0000] {logging_mixin.py:190} INFO - [2025-02-01T07:33:15.925+0000] {dag.py:3239} INFO - Sync 1 DAGs
[2025-02-01T07:33:15.968+0000] {logging_mixin.py:190} INFO - [2025-02-01T07:33:15.968+0000] {dag.py:4180} INFO - Setting next_dagrun for mongo_to_rabbitmq to 2025-01-31 00:00:00+00:00, run_after=2025-02-01 00:00:00+00:00
[2025-02-01T07:33:15.998+0000] {processor.py:208} INFO - Processing /opt/airflow/dags/orchestronic.py took 0.330 seconds
[2025-02-01T07:33:46.370+0000] {processor.py:186} INFO - Started process (PID=184) to work on /opt/airflow/dags/orchestronic.py
[2025-02-01T07:33:46.372+0000] {processor.py:914} INFO - Processing file /opt/airflow/dags/orchestronic.py for tasks to queue
[2025-02-01T07:33:46.378+0000] {logging_mixin.py:190} INFO - [2025-02-01T07:33:46.378+0000] {dagbag.py:588} INFO - Filling up the DagBag from /opt/airflow/dags/orchestronic.py
[2025-02-01T07:33:46.505+0000] {processor.py:925} INFO - DAG(s) 'mongo_to_rabbitmq' retrieved from /opt/airflow/dags/orchestronic.py
[2025-02-01T07:33:46.539+0000] {logging_mixin.py:190} INFO - [2025-02-01T07:33:46.539+0000] {dag.py:3239} INFO - Sync 1 DAGs
[2025-02-01T07:33:46.559+0000] {logging_mixin.py:190} INFO - [2025-02-01T07:33:46.559+0000] {dag.py:4180} INFO - Setting next_dagrun for mongo_to_rabbitmq to 2025-01-31 00:00:00+00:00, run_after=2025-02-01 00:00:00+00:00
[2025-02-01T07:33:46.579+0000] {processor.py:208} INFO - Processing /opt/airflow/dags/orchestronic.py took 0.226 seconds
[2025-02-01T07:34:17.360+0000] {processor.py:186} INFO - Started process (PID=250) to work on /opt/airflow/dags/orchestronic.py
[2025-02-01T07:34:17.363+0000] {processor.py:914} INFO - Processing file /opt/airflow/dags/orchestronic.py for tasks to queue
[2025-02-01T07:34:17.367+0000] {logging_mixin.py:190} INFO - [2025-02-01T07:34:17.367+0000] {dagbag.py:588} INFO - Filling up the DagBag from /opt/airflow/dags/orchestronic.py
[2025-02-01T07:34:17.478+0000] {processor.py:925} INFO - DAG(s) 'mongo_to_rabbitmq' retrieved from /opt/airflow/dags/orchestronic.py
[2025-02-01T07:34:17.523+0000] {logging_mixin.py:190} INFO - [2025-02-01T07:34:17.523+0000] {dag.py:3239} INFO - Sync 1 DAGs
[2025-02-01T07:34:17.558+0000] {logging_mixin.py:190} INFO - [2025-02-01T07:34:17.558+0000] {dag.py:4180} INFO - Setting next_dagrun for mongo_to_rabbitmq to 2025-01-31 00:00:00+00:00, run_after=2025-02-01 00:00:00+00:00
[2025-02-01T07:34:17.573+0000] {processor.py:208} INFO - Processing /opt/airflow/dags/orchestronic.py took 0.233 seconds
[2025-02-01T07:34:48.648+0000] {processor.py:186} INFO - Started process (PID=316) to work on /opt/airflow/dags/orchestronic.py
[2025-02-01T07:34:48.650+0000] {processor.py:914} INFO - Processing file /opt/airflow/dags/orchestronic.py for tasks to queue
[2025-02-01T07:34:48.657+0000] {logging_mixin.py:190} INFO - [2025-02-01T07:34:48.657+0000] {dagbag.py:588} INFO - Filling up the DagBag from /opt/airflow/dags/orchestronic.py
[2025-02-01T07:34:48.792+0000] {processor.py:925} INFO - DAG(s) 'mongo_to_rabbitmq' retrieved from /opt/airflow/dags/orchestronic.py
[2025-02-01T07:34:48.838+0000] {logging_mixin.py:190} INFO - [2025-02-01T07:34:48.837+0000] {dag.py:3239} INFO - Sync 1 DAGs
[2025-02-01T07:34:48.868+0000] {logging_mixin.py:190} INFO - [2025-02-01T07:34:48.868+0000] {dag.py:4180} INFO - Setting next_dagrun for mongo_to_rabbitmq to 2025-01-31 00:00:00+00:00, run_after=2025-02-01 00:00:00+00:00
[2025-02-01T07:34:48.886+0000] {processor.py:208} INFO - Processing /opt/airflow/dags/orchestronic.py took 0.253 seconds
[2025-02-01T07:35:19.399+0000] {processor.py:186} INFO - Started process (PID=382) to work on /opt/airflow/dags/orchestronic.py
[2025-02-01T07:35:19.401+0000] {processor.py:914} INFO - Processing file /opt/airflow/dags/orchestronic.py for tasks to queue
[2025-02-01T07:35:19.407+0000] {logging_mixin.py:190} INFO - [2025-02-01T07:35:19.406+0000] {dagbag.py:588} INFO - Filling up the DagBag from /opt/airflow/dags/orchestronic.py
[2025-02-01T07:35:19.540+0000] {processor.py:925} INFO - DAG(s) 'mongo_to_rabbitmq' retrieved from /opt/airflow/dags/orchestronic.py
[2025-02-01T07:35:19.574+0000] {logging_mixin.py:190} INFO - [2025-02-01T07:35:19.574+0000] {dag.py:3239} INFO - Sync 1 DAGs
[2025-02-01T07:35:19.609+0000] {logging_mixin.py:190} INFO - [2025-02-01T07:35:19.609+0000] {dag.py:4180} INFO - Setting next_dagrun for mongo_to_rabbitmq to 2025-01-31 00:00:00+00:00, run_after=2025-02-01 00:00:00+00:00
[2025-02-01T07:35:19.634+0000] {processor.py:208} INFO - Processing /opt/airflow/dags/orchestronic.py took 0.248 seconds
[2025-02-01T07:35:49.734+0000] {processor.py:186} INFO - Started process (PID=448) to work on /opt/airflow/dags/orchestronic.py
[2025-02-01T07:35:49.737+0000] {processor.py:914} INFO - Processing file /opt/airflow/dags/orchestronic.py for tasks to queue
[2025-02-01T07:35:49.742+0000] {logging_mixin.py:190} INFO - [2025-02-01T07:35:49.742+0000] {dagbag.py:588} INFO - Filling up the DagBag from /opt/airflow/dags/orchestronic.py
[2025-02-01T07:35:49.866+0000] {processor.py:925} INFO - DAG(s) 'mongo_to_rabbitmq' retrieved from /opt/airflow/dags/orchestronic.py
[2025-02-01T07:35:49.908+0000] {logging_mixin.py:190} INFO - [2025-02-01T07:35:49.908+0000] {dag.py:3239} INFO - Sync 1 DAGs
[2025-02-01T07:35:49.940+0000] {logging_mixin.py:190} INFO - [2025-02-01T07:35:49.940+0000] {dag.py:4180} INFO - Setting next_dagrun for mongo_to_rabbitmq to 2025-01-31 00:00:00+00:00, run_after=2025-02-01 00:00:00+00:00
[2025-02-01T07:35:49.960+0000] {processor.py:208} INFO - Processing /opt/airflow/dags/orchestronic.py took 0.236 seconds
[2025-02-01T07:36:20.394+0000] {processor.py:186} INFO - Started process (PID=514) to work on /opt/airflow/dags/orchestronic.py
[2025-02-01T07:36:20.396+0000] {processor.py:914} INFO - Processing file /opt/airflow/dags/orchestronic.py for tasks to queue
[2025-02-01T07:36:20.405+0000] {logging_mixin.py:190} INFO - [2025-02-01T07:36:20.404+0000] {dagbag.py:588} INFO - Filling up the DagBag from /opt/airflow/dags/orchestronic.py
[2025-02-01T07:36:20.528+0000] {processor.py:925} INFO - DAG(s) 'mongo_to_rabbitmq' retrieved from /opt/airflow/dags/orchestronic.py
[2025-02-01T07:36:20.558+0000] {logging_mixin.py:190} INFO - [2025-02-01T07:36:20.558+0000] {dag.py:3239} INFO - Sync 1 DAGs
[2025-02-01T07:36:20.577+0000] {logging_mixin.py:190} INFO - [2025-02-01T07:36:20.577+0000] {dag.py:4180} INFO - Setting next_dagrun for mongo_to_rabbitmq to 2025-01-31 00:00:00+00:00, run_after=2025-02-01 00:00:00+00:00
[2025-02-01T07:36:20.599+0000] {processor.py:208} INFO - Processing /opt/airflow/dags/orchestronic.py took 0.215 seconds
[2025-02-01T07:36:50.880+0000] {processor.py:186} INFO - Started process (PID=580) to work on /opt/airflow/dags/orchestronic.py
[2025-02-01T07:36:50.882+0000] {processor.py:914} INFO - Processing file /opt/airflow/dags/orchestronic.py for tasks to queue
[2025-02-01T07:36:50.886+0000] {logging_mixin.py:190} INFO - [2025-02-01T07:36:50.886+0000] {dagbag.py:588} INFO - Filling up the DagBag from /opt/airflow/dags/orchestronic.py
[2025-02-01T07:36:51.033+0000] {processor.py:925} INFO - DAG(s) 'mongo_to_rabbitmq' retrieved from /opt/airflow/dags/orchestronic.py
[2025-02-01T07:36:51.075+0000] {logging_mixin.py:190} INFO - [2025-02-01T07:36:51.074+0000] {dag.py:3239} INFO - Sync 1 DAGs
[2025-02-01T07:36:51.097+0000] {logging_mixin.py:190} INFO - [2025-02-01T07:36:51.097+0000] {dag.py:4180} INFO - Setting next_dagrun for mongo_to_rabbitmq to 2025-01-31 00:00:00+00:00, run_after=2025-02-01 00:00:00+00:00
[2025-02-01T07:36:51.130+0000] {processor.py:208} INFO - Processing /opt/airflow/dags/orchestronic.py took 0.271 seconds
[2025-02-01T07:37:21.805+0000] {processor.py:186} INFO - Started process (PID=646) to work on /opt/airflow/dags/orchestronic.py
[2025-02-01T07:37:21.808+0000] {processor.py:914} INFO - Processing file /opt/airflow/dags/orchestronic.py for tasks to queue
[2025-02-01T07:37:21.814+0000] {logging_mixin.py:190} INFO - [2025-02-01T07:37:21.814+0000] {dagbag.py:588} INFO - Filling up the DagBag from /opt/airflow/dags/orchestronic.py
[2025-02-01T07:37:21.918+0000] {processor.py:925} INFO - DAG(s) 'mongo_to_rabbitmq' retrieved from /opt/airflow/dags/orchestronic.py
[2025-02-01T07:37:21.948+0000] {logging_mixin.py:190} INFO - [2025-02-01T07:37:21.948+0000] {dag.py:3239} INFO - Sync 1 DAGs
[2025-02-01T07:37:21.977+0000] {logging_mixin.py:190} INFO - [2025-02-01T07:37:21.976+0000] {dag.py:4180} INFO - Setting next_dagrun for mongo_to_rabbitmq to 2025-01-31 00:00:00+00:00, run_after=2025-02-01 00:00:00+00:00
[2025-02-01T07:37:21.995+0000] {processor.py:208} INFO - Processing /opt/airflow/dags/orchestronic.py took 0.208 seconds
[2025-02-01T07:37:52.357+0000] {processor.py:186} INFO - Started process (PID=712) to work on /opt/airflow/dags/orchestronic.py
[2025-02-01T07:37:52.362+0000] {processor.py:914} INFO - Processing file /opt/airflow/dags/orchestronic.py for tasks to queue
[2025-02-01T07:37:52.369+0000] {logging_mixin.py:190} INFO - [2025-02-01T07:37:52.368+0000] {dagbag.py:588} INFO - Filling up the DagBag from /opt/airflow/dags/orchestronic.py
[2025-02-01T07:37:52.475+0000] {processor.py:925} INFO - DAG(s) 'mongo_to_rabbitmq' retrieved from /opt/airflow/dags/orchestronic.py
[2025-02-01T07:37:52.508+0000] {logging_mixin.py:190} INFO - [2025-02-01T07:37:52.508+0000] {dag.py:3239} INFO - Sync 1 DAGs
[2025-02-01T07:37:52.531+0000] {logging_mixin.py:190} INFO - [2025-02-01T07:37:52.531+0000] {dag.py:4180} INFO - Setting next_dagrun for mongo_to_rabbitmq to 2025-01-31 00:00:00+00:00, run_after=2025-02-01 00:00:00+00:00
[2025-02-01T07:37:52.555+0000] {processor.py:208} INFO - Processing /opt/airflow/dags/orchestronic.py took 0.209 seconds
[2025-02-01T07:38:22.951+0000] {processor.py:186} INFO - Started process (PID=778) to work on /opt/airflow/dags/orchestronic.py
[2025-02-01T07:38:22.954+0000] {processor.py:914} INFO - Processing file /opt/airflow/dags/orchestronic.py for tasks to queue
[2025-02-01T07:38:22.960+0000] {logging_mixin.py:190} INFO - [2025-02-01T07:38:22.959+0000] {dagbag.py:588} INFO - Filling up the DagBag from /opt/airflow/dags/orchestronic.py
[2025-02-01T07:38:23.079+0000] {processor.py:925} INFO - DAG(s) 'mongo_to_rabbitmq' retrieved from /opt/airflow/dags/orchestronic.py
[2025-02-01T07:38:23.118+0000] {logging_mixin.py:190} INFO - [2025-02-01T07:38:23.118+0000] {dag.py:3239} INFO - Sync 1 DAGs
[2025-02-01T07:38:23.146+0000] {logging_mixin.py:190} INFO - [2025-02-01T07:38:23.146+0000] {dag.py:4180} INFO - Setting next_dagrun for mongo_to_rabbitmq to 2025-01-31 00:00:00+00:00, run_after=2025-02-01 00:00:00+00:00
[2025-02-01T07:38:23.168+0000] {processor.py:208} INFO - Processing /opt/airflow/dags/orchestronic.py took 0.235 seconds
[2025-02-01T07:38:53.818+0000] {processor.py:186} INFO - Started process (PID=844) to work on /opt/airflow/dags/orchestronic.py
[2025-02-01T07:38:53.820+0000] {processor.py:914} INFO - Processing file /opt/airflow/dags/orchestronic.py for tasks to queue
[2025-02-01T07:38:53.829+0000] {logging_mixin.py:190} INFO - [2025-02-01T07:38:53.829+0000] {dagbag.py:588} INFO - Filling up the DagBag from /opt/airflow/dags/orchestronic.py
[2025-02-01T07:38:53.954+0000] {processor.py:925} INFO - DAG(s) 'mongo_to_rabbitmq' retrieved from /opt/airflow/dags/orchestronic.py
[2025-02-01T07:38:53.999+0000] {logging_mixin.py:190} INFO - [2025-02-01T07:38:53.999+0000] {dag.py:3239} INFO - Sync 1 DAGs
[2025-02-01T07:38:54.020+0000] {logging_mixin.py:190} INFO - [2025-02-01T07:38:54.020+0000] {dag.py:4180} INFO - Setting next_dagrun for mongo_to_rabbitmq to 2025-01-31 00:00:00+00:00, run_after=2025-02-01 00:00:00+00:00
[2025-02-01T07:38:54.038+0000] {processor.py:208} INFO - Processing /opt/airflow/dags/orchestronic.py took 0.233 seconds
[2025-02-01T07:39:24.949+0000] {processor.py:186} INFO - Started process (PID=910) to work on /opt/airflow/dags/orchestronic.py
[2025-02-01T07:39:24.952+0000] {processor.py:914} INFO - Processing file /opt/airflow/dags/orchestronic.py for tasks to queue
[2025-02-01T07:39:24.961+0000] {logging_mixin.py:190} INFO - [2025-02-01T07:39:24.960+0000] {dagbag.py:588} INFO - Filling up the DagBag from /opt/airflow/dags/orchestronic.py
[2025-02-01T07:39:25.105+0000] {processor.py:925} INFO - DAG(s) 'mongo_to_rabbitmq' retrieved from /opt/airflow/dags/orchestronic.py
[2025-02-01T07:39:25.137+0000] {logging_mixin.py:190} INFO - [2025-02-01T07:39:25.137+0000] {dag.py:3239} INFO - Sync 1 DAGs
[2025-02-01T07:39:25.159+0000] {logging_mixin.py:190} INFO - [2025-02-01T07:39:25.159+0000] {dag.py:4180} INFO - Setting next_dagrun for mongo_to_rabbitmq to 2025-01-31 00:00:00+00:00, run_after=2025-02-01 00:00:00+00:00
[2025-02-01T07:39:25.174+0000] {processor.py:208} INFO - Processing /opt/airflow/dags/orchestronic.py took 0.242 seconds
[2025-02-01T07:39:56.130+0000] {processor.py:186} INFO - Started process (PID=976) to work on /opt/airflow/dags/orchestronic.py
[2025-02-01T07:39:56.134+0000] {processor.py:914} INFO - Processing file /opt/airflow/dags/orchestronic.py for tasks to queue
[2025-02-01T07:39:56.142+0000] {logging_mixin.py:190} INFO - [2025-02-01T07:39:56.142+0000] {dagbag.py:588} INFO - Filling up the DagBag from /opt/airflow/dags/orchestronic.py
[2025-02-01T07:39:56.258+0000] {processor.py:925} INFO - DAG(s) 'mongo_to_rabbitmq' retrieved from /opt/airflow/dags/orchestronic.py
[2025-02-01T07:39:56.301+0000] {logging_mixin.py:190} INFO - [2025-02-01T07:39:56.301+0000] {dag.py:3239} INFO - Sync 1 DAGs
[2025-02-01T07:39:56.325+0000] {logging_mixin.py:190} INFO - [2025-02-01T07:39:56.325+0000] {dag.py:4180} INFO - Setting next_dagrun for mongo_to_rabbitmq to 2025-01-31 00:00:00+00:00, run_after=2025-02-01 00:00:00+00:00
[2025-02-01T07:39:56.346+0000] {processor.py:208} INFO - Processing /opt/airflow/dags/orchestronic.py took 0.226 seconds
[2025-02-01T07:40:26.973+0000] {processor.py:186} INFO - Started process (PID=1042) to work on /opt/airflow/dags/orchestronic.py
[2025-02-01T07:40:26.974+0000] {processor.py:914} INFO - Processing file /opt/airflow/dags/orchestronic.py for tasks to queue
[2025-02-01T07:40:26.978+0000] {logging_mixin.py:190} INFO - [2025-02-01T07:40:26.977+0000] {dagbag.py:588} INFO - Filling up the DagBag from /opt/airflow/dags/orchestronic.py
[2025-02-01T07:40:27.064+0000] {processor.py:925} INFO - DAG(s) 'mongo_to_rabbitmq' retrieved from /opt/airflow/dags/orchestronic.py
[2025-02-01T07:40:27.085+0000] {logging_mixin.py:190} INFO - [2025-02-01T07:40:27.085+0000] {dag.py:3239} INFO - Sync 1 DAGs
[2025-02-01T07:40:27.108+0000] {logging_mixin.py:190} INFO - [2025-02-01T07:40:27.108+0000] {dag.py:4180} INFO - Setting next_dagrun for mongo_to_rabbitmq to 2025-01-31 00:00:00+00:00, run_after=2025-02-01 00:00:00+00:00
[2025-02-01T07:40:27.124+0000] {processor.py:208} INFO - Processing /opt/airflow/dags/orchestronic.py took 0.169 seconds
[2025-02-01T07:40:57.702+0000] {processor.py:186} INFO - Started process (PID=1108) to work on /opt/airflow/dags/orchestronic.py
[2025-02-01T07:40:57.704+0000] {processor.py:914} INFO - Processing file /opt/airflow/dags/orchestronic.py for tasks to queue
[2025-02-01T07:40:57.710+0000] {logging_mixin.py:190} INFO - [2025-02-01T07:40:57.710+0000] {dagbag.py:588} INFO - Filling up the DagBag from /opt/airflow/dags/orchestronic.py
[2025-02-01T07:40:57.838+0000] {processor.py:925} INFO - DAG(s) 'mongo_to_rabbitmq' retrieved from /opt/airflow/dags/orchestronic.py
[2025-02-01T07:40:57.875+0000] {logging_mixin.py:190} INFO - [2025-02-01T07:40:57.874+0000] {dag.py:3239} INFO - Sync 1 DAGs
[2025-02-01T07:40:57.903+0000] {logging_mixin.py:190} INFO - [2025-02-01T07:40:57.902+0000] {dag.py:4180} INFO - Setting next_dagrun for mongo_to_rabbitmq to 2025-01-31 00:00:00+00:00, run_after=2025-02-01 00:00:00+00:00
[2025-02-01T07:40:57.921+0000] {processor.py:208} INFO - Processing /opt/airflow/dags/orchestronic.py took 0.233 seconds
