[2025-01-31T07:54:51.909+0000] {local_task_job_runner.py:123} INFO - ::group::Pre task execution logs
[2025-01-31T07:54:51.918+0000] {taskinstance.py:2613} INFO - Dependencies all met for dep_context=non-requeueable deps ti=<TaskInstance: idp.load_requests manual__2025-01-31T07:54:50.588111+00:00 [queued]>
[2025-01-31T07:54:51.925+0000] {taskinstance.py:2613} INFO - Dependencies all met for dep_context=requeueable deps ti=<TaskInstance: idp.load_requests manual__2025-01-31T07:54:50.588111+00:00 [queued]>
[2025-01-31T07:54:51.925+0000] {taskinstance.py:2866} INFO - Starting attempt 1 of 2
[2025-01-31T07:54:52.034+0000] {taskinstance.py:2889} INFO - Executing <Task(PythonOperator): load_requests> on 2025-01-31 07:54:50.588111+00:00
[2025-01-31T07:54:52.041+0000] {warnings.py:112} WARNING - /home/***/.local/lib/python3.12/site-packages/***/task/task_runner/standard_task_runner.py:70: DeprecationWarning: This process (pid=243) is multi-threaded, use of fork() may lead to deadlocks in the child.
  pid = os.fork()

[2025-01-31T07:54:52.042+0000] {standard_task_runner.py:72} INFO - Started process 244 to run task
[2025-01-31T07:54:52.042+0000] {standard_task_runner.py:104} INFO - Running: ['***', 'tasks', 'run', 'idp', 'load_requests', 'manual__2025-01-31T07:54:50.588111+00:00', '--job-id', '54', '--raw', '--subdir', 'DAGS_FOLDER/idp.py', '--cfg-path', '/tmp/tmpei7y_a9e']
[2025-01-31T07:54:52.043+0000] {standard_task_runner.py:105} INFO - Job 54: Subtask load_requests
[2025-01-31T07:54:52.072+0000] {task_command.py:467} INFO - Running <TaskInstance: idp.load_requests manual__2025-01-31T07:54:50.588111+00:00 [running]> on host ad0831fca39a
[2025-01-31T07:54:52.117+0000] {taskinstance.py:3132} INFO - Exporting env vars: AIRFLOW_CTX_DAG_OWNER='***' AIRFLOW_CTX_DAG_ID='idp' AIRFLOW_CTX_TASK_ID='load_requests' AIRFLOW_CTX_EXECUTION_DATE='2025-01-31T07:54:50.588111+00:00' AIRFLOW_CTX_TRY_NUMBER='1' AIRFLOW_CTX_DAG_RUN_ID='manual__2025-01-31T07:54:50.588111+00:00'
[2025-01-31T07:54:52.118+0000] {logging_mixin.py:190} INFO - Task instance is in running state
[2025-01-31T07:54:52.118+0000] {logging_mixin.py:190} INFO -  Previous state of the Task instance: queued
[2025-01-31T07:54:52.118+0000] {logging_mixin.py:190} INFO - Current task name:load_requests state:running start_date:2025-01-31 07:54:51.918621+00:00
[2025-01-31T07:54:52.119+0000] {logging_mixin.py:190} INFO - Dag name:idp and current dag run status:running
[2025-01-31T07:54:52.119+0000] {taskinstance.py:731} INFO - ::endgroup::
[2025-01-31T07:54:52.119+0000] {logging_mixin.py:190} INFO - MongoDB connection failed: 'MONGODB_URI'
[2025-01-31T07:54:52.119+0000] {python.py:240} INFO - Done. Returned value was: []
[2025-01-31T07:54:52.129+0000] {taskinstance.py:340} INFO - ::group::Post task execution logs
[2025-01-31T07:54:52.130+0000] {taskinstance.py:352} INFO - Marking task as SUCCESS. dag_id=idp, task_id=load_requests, run_id=manual__2025-01-31T07:54:50.588111+00:00, execution_date=20250131T075450, start_date=20250131T075451, end_date=20250131T075452
[2025-01-31T07:54:52.133+0000] {logging_mixin.py:190} INFO - Task instance in success state
[2025-01-31T07:54:52.134+0000] {logging_mixin.py:190} INFO -  Previous state of the Task instance: running
[2025-01-31T07:54:52.134+0000] {logging_mixin.py:190} INFO - Dag name:idp queued_at:2025-01-31 07:54:50.600892+00:00
[2025-01-31T07:54:52.134+0000] {logging_mixin.py:190} INFO - Task hostname:ad0831fca39a operator:PythonOperator
[2025-01-31T07:54:52.143+0000] {local_task_job_runner.py:266} INFO - Task exited with return code 0
[2025-01-31T07:54:52.154+0000] {taskinstance.py:3895} INFO - 1 downstream tasks scheduled from follow-on schedule check
[2025-01-31T07:54:52.155+0000] {local_task_job_runner.py:245} INFO - ::endgroup::
