[2025-02-04T14:02:47.253+0000] {local_task_job_runner.py:123} INFO - ::group::Pre task execution logs
[2025-02-04T14:02:47.269+0000] {taskinstance.py:2613} INFO - Dependencies all met for dep_context=non-requeueable deps ti=<TaskInstance: idp_fetch_mongo.fetch_from_mongo manual__2025-02-04T14:02:45.179118+00:00 [queued]>
[2025-02-04T14:02:47.276+0000] {taskinstance.py:2613} INFO - Dependencies all met for dep_context=requeueable deps ti=<TaskInstance: idp_fetch_mongo.fetch_from_mongo manual__2025-02-04T14:02:45.179118+00:00 [queued]>
[2025-02-04T14:02:47.277+0000] {taskinstance.py:2866} INFO - Starting attempt 1 of 2
[2025-02-04T14:02:47.287+0000] {taskinstance.py:2889} INFO - Executing <Task(PythonOperator): fetch_from_mongo> on 2025-02-04 14:02:45.179118+00:00
[2025-02-04T14:02:47.294+0000] {warnings.py:112} WARNING - /home/***/.local/lib/python3.12/site-packages/***/task/task_runner/standard_task_runner.py:70: DeprecationWarning: This process (pid=146) is multi-threaded, use of fork() may lead to deadlocks in the child.
  pid = os.fork()

[2025-02-04T14:02:47.296+0000] {standard_task_runner.py:72} INFO - Started process 147 to run task
[2025-02-04T14:02:47.296+0000] {standard_task_runner.py:104} INFO - Running: ['***', 'tasks', 'run', 'idp_fetch_mongo', 'fetch_from_mongo', 'manual__2025-02-04T14:02:45.179118+00:00', '--job-id', '194', '--raw', '--subdir', 'DAGS_FOLDER/idp.py', '--cfg-path', '/tmp/tmpc9j51mek']
[2025-02-04T14:02:47.297+0000] {standard_task_runner.py:105} INFO - Job 194: Subtask fetch_from_mongo
[2025-02-04T14:02:47.342+0000] {task_command.py:467} INFO - Running <TaskInstance: idp_fetch_mongo.fetch_from_mongo manual__2025-02-04T14:02:45.179118+00:00 [running]> on host 3aa1f743f988
[2025-02-04T14:02:47.394+0000] {taskinstance.py:3132} INFO - Exporting env vars: AIRFLOW_CTX_DAG_OWNER='***' AIRFLOW_CTX_DAG_ID='idp_fetch_mongo' AIRFLOW_CTX_TASK_ID='fetch_from_mongo' AIRFLOW_CTX_EXECUTION_DATE='2025-02-04T14:02:45.179118+00:00' AIRFLOW_CTX_TRY_NUMBER='1' AIRFLOW_CTX_DAG_RUN_ID='manual__2025-02-04T14:02:45.179118+00:00'
[2025-02-04T14:02:47.395+0000] {logging_mixin.py:190} INFO - Task instance is in running state
[2025-02-04T14:02:47.396+0000] {logging_mixin.py:190} INFO -  Previous state of the Task instance: queued
[2025-02-04T14:02:47.396+0000] {logging_mixin.py:190} INFO - Current task name:fetch_from_mongo state:running start_date:2025-02-04 14:02:47.270053+00:00
[2025-02-04T14:02:47.396+0000] {logging_mixin.py:190} INFO - Dag name:idp_fetch_mongo and current dag run status:running
[2025-02-04T14:02:47.396+0000] {taskinstance.py:731} INFO - ::endgroup::
[2025-02-04T14:02:47.398+0000] {logging_mixin.py:190} INFO - MONGODB_URI: mongodb+srv://admin:admin1123@cluster0.ejwm7.mongodb.net/
[2025-02-04T14:02:47.398+0000] {logging_mixin.py:190} INFO - Connecting to MongoDB at: mongodb+srv://admin:admin1123@cluster0.ejwm7.mongodb.net/
[2025-02-04T14:02:47.627+0000] {logging_mixin.py:190} INFO - Fetched projectId: 675266f7b8c017a58d37feaf
[2025-02-04T14:02:47.627+0000] {logging_mixin.py:190} INFO - DAG Run conf: {'projectId': '675266f7b8c017a58d37feaf'}
[2025-02-04T14:02:48.170+0000] {python.py:240} INFO - Done. Returned value was: []
[2025-02-04T14:02:48.193+0000] {taskinstance.py:340} INFO - ::group::Post task execution logs
[2025-02-04T14:02:48.194+0000] {taskinstance.py:352} INFO - Marking task as SUCCESS. dag_id=idp_fetch_mongo, task_id=fetch_from_mongo, run_id=manual__2025-02-04T14:02:45.179118+00:00, execution_date=20250204T140245, start_date=20250204T140247, end_date=20250204T140248
[2025-02-04T14:02:48.203+0000] {logging_mixin.py:190} INFO - Task instance in success state
[2025-02-04T14:02:48.203+0000] {logging_mixin.py:190} INFO -  Previous state of the Task instance: running
[2025-02-04T14:02:48.203+0000] {logging_mixin.py:190} INFO - Dag name:idp_fetch_mongo queued_at:2025-02-04 14:02:45.190829+00:00
[2025-02-04T14:02:48.204+0000] {logging_mixin.py:190} INFO - Task hostname:3aa1f743f988 operator:PythonOperator
[2025-02-04T14:02:48.233+0000] {local_task_job_runner.py:266} INFO - Task exited with return code 0
[2025-02-04T14:02:48.242+0000] {local_task_job_runner.py:245} INFO - ::endgroup::
