[2025-02-23T07:28:01.484+0000] {local_task_job_runner.py:123} INFO - ::group::Pre task execution logs
[2025-02-23T07:28:01.494+0000] {taskinstance.py:2613} INFO - Dependencies all met for dep_context=non-requeueable deps ti=<TaskInstance: idp.fetch_from_mongo scheduled__2025-02-22T00:00:00+00:00 [queued]>
[2025-02-23T07:28:01.501+0000] {taskinstance.py:2613} INFO - Dependencies all met for dep_context=requeueable deps ti=<TaskInstance: idp.fetch_from_mongo scheduled__2025-02-22T00:00:00+00:00 [queued]>
[2025-02-23T07:28:01.502+0000] {taskinstance.py:2866} INFO - Starting attempt 1 of 2
[2025-02-23T07:28:01.514+0000] {taskinstance.py:2889} INFO - Executing <Task(PythonOperator): fetch_from_mongo> on 2025-02-22 00:00:00+00:00
[2025-02-23T07:28:01.523+0000] {warnings.py:112} WARNING - /home/***/.local/lib/python3.12/site-packages/***/task/task_runner/standard_task_runner.py:70: DeprecationWarning: This process (pid=74) is multi-threaded, use of fork() may lead to deadlocks in the child.
  pid = os.fork()

[2025-02-23T07:28:01.525+0000] {standard_task_runner.py:72} INFO - Started process 75 to run task
[2025-02-23T07:28:01.527+0000] {standard_task_runner.py:104} INFO - Running: ['***', 'tasks', 'run', 'idp', 'fetch_from_mongo', 'scheduled__2025-02-22T00:00:00+00:00', '--job-id', '368', '--raw', '--subdir', 'DAGS_FOLDER/idp.py', '--cfg-path', '/tmp/tmpg4rgkass']
[2025-02-23T07:28:01.528+0000] {standard_task_runner.py:105} INFO - Job 368: Subtask fetch_from_mongo
[2025-02-23T07:28:01.568+0000] {task_command.py:467} INFO - Running <TaskInstance: idp.fetch_from_mongo scheduled__2025-02-22T00:00:00+00:00 [running]> on host 9d363d0f65d2
[2025-02-23T07:28:01.630+0000] {taskinstance.py:3132} INFO - Exporting env vars: AIRFLOW_CTX_DAG_OWNER='***' AIRFLOW_CTX_DAG_ID='idp' AIRFLOW_CTX_TASK_ID='fetch_from_mongo' AIRFLOW_CTX_EXECUTION_DATE='2025-02-22T00:00:00+00:00' AIRFLOW_CTX_TRY_NUMBER='1' AIRFLOW_CTX_DAG_RUN_ID='scheduled__2025-02-22T00:00:00+00:00'
[2025-02-23T07:28:01.631+0000] {logging_mixin.py:190} INFO - Task instance is in running state
[2025-02-23T07:28:01.631+0000] {logging_mixin.py:190} INFO -  Previous state of the Task instance: queued
[2025-02-23T07:28:01.631+0000] {logging_mixin.py:190} INFO - Current task name:fetch_from_mongo state:running start_date:2025-02-23 07:28:01.495361+00:00
[2025-02-23T07:28:01.631+0000] {logging_mixin.py:190} INFO - Dag name:idp and current dag run status:running
[2025-02-23T07:28:01.632+0000] {taskinstance.py:731} INFO - ::endgroup::
[2025-02-23T07:28:01.632+0000] {logging_mixin.py:190} INFO - Received message from XCom: 
[2025-02-23T07:28:02.305+0000] {logging_mixin.py:190} INFO - Fetched data: []
[2025-02-23T07:28:02.340+0000] {python.py:240} INFO - Done. Returned value was: []
[2025-02-23T07:28:02.359+0000] {taskinstance.py:340} INFO - ::group::Post task execution logs
[2025-02-23T07:28:02.359+0000] {taskinstance.py:352} INFO - Marking task as SUCCESS. dag_id=idp, task_id=fetch_from_mongo, run_id=scheduled__2025-02-22T00:00:00+00:00, execution_date=20250222T000000, start_date=20250223T072801, end_date=20250223T072802
[2025-02-23T07:28:02.369+0000] {logging_mixin.py:190} INFO - Task instance in success state
[2025-02-23T07:28:02.369+0000] {logging_mixin.py:190} INFO -  Previous state of the Task instance: running
[2025-02-23T07:28:02.369+0000] {logging_mixin.py:190} INFO - Dag name:idp queued_at:2025-02-23 07:27:51.022463+00:00
[2025-02-23T07:28:02.369+0000] {logging_mixin.py:190} INFO - Task hostname:9d363d0f65d2 operator:PythonOperator
[2025-02-23T07:28:02.415+0000] {local_task_job_runner.py:266} INFO - Task exited with return code 0
[2025-02-23T07:28:02.427+0000] {taskinstance.py:3895} INFO - 0 downstream tasks scheduled from follow-on schedule check
[2025-02-23T07:28:02.428+0000] {local_task_job_runner.py:245} INFO - ::endgroup::
