[2025-02-23T11:02:11.239+0000] {local_task_job_runner.py:123} INFO - ::group::Pre task execution logs
[2025-02-23T11:02:11.487+0000] {taskinstance.py:2613} INFO - Dependencies all met for dep_context=non-requeueable deps ti=<TaskInstance: idp.rabbitmq_consumer manual__2025-02-23T10:58:33.806381+00:00 [queued]>
[2025-02-23T11:02:11.584+0000] {taskinstance.py:2613} INFO - Dependencies all met for dep_context=requeueable deps ti=<TaskInstance: idp.rabbitmq_consumer manual__2025-02-23T10:58:33.806381+00:00 [queued]>
[2025-02-23T11:02:11.588+0000] {taskinstance.py:2866} INFO - Starting attempt 1 of 2
[2025-02-23T11:02:11.690+0000] {taskinstance.py:2889} INFO - Executing <Task(PythonOperator): rabbitmq_consumer> on 2025-02-23 10:58:33.806381+00:00
[2025-02-23T11:02:11.748+0000] {warnings.py:112} WARNING - /home/***/.local/lib/python3.12/site-packages/***/task/task_runner/standard_task_runner.py:70: DeprecationWarning: This process (pid=2545) is multi-threaded, use of fork() may lead to deadlocks in the child.
  pid = os.fork()

[2025-02-23T11:02:11.759+0000] {standard_task_runner.py:72} INFO - Started process 2574 to run task
[2025-02-23T11:02:11.763+0000] {standard_task_runner.py:104} INFO - Running: ['***', 'tasks', 'run', 'idp', 'rabbitmq_consumer', 'manual__2025-02-23T10:58:33.806381+00:00', '--job-id', '395', '--raw', '--subdir', 'DAGS_FOLDER/idp.py', '--cfg-path', '/tmp/tmpem6hq6c8']
[2025-02-23T11:02:11.766+0000] {standard_task_runner.py:105} INFO - Job 395: Subtask rabbitmq_consumer
[2025-02-23T11:02:11.942+0000] {task_command.py:467} INFO - Running <TaskInstance: idp.rabbitmq_consumer manual__2025-02-23T10:58:33.806381+00:00 [running]> on host 9d363d0f65d2
[2025-02-23T11:02:12.187+0000] {taskinstance.py:3132} INFO - Exporting env vars: AIRFLOW_CTX_DAG_OWNER='***' AIRFLOW_CTX_DAG_ID='idp' AIRFLOW_CTX_TASK_ID='rabbitmq_consumer' AIRFLOW_CTX_EXECUTION_DATE='2025-02-23T10:58:33.806381+00:00' AIRFLOW_CTX_TRY_NUMBER='1' AIRFLOW_CTX_DAG_RUN_ID='manual__2025-02-23T10:58:33.806381+00:00'
[2025-02-23T11:02:12.199+0000] {logging_mixin.py:190} INFO - Task instance is in running state
[2025-02-23T11:02:12.222+0000] {logging_mixin.py:190} INFO -  Previous state of the Task instance: queued
[2025-02-23T11:02:12.222+0000] {logging_mixin.py:190} INFO - Current task name:rabbitmq_consumer state:running start_date:2025-02-23 11:02:11.491455+00:00
[2025-02-23T11:02:12.223+0000] {logging_mixin.py:190} INFO - Dag name:idp and current dag run status:running
[2025-02-23T11:02:12.225+0000] {taskinstance.py:731} INFO - ::endgroup::
[2025-02-23T11:02:12.273+0000] {connection_workflow.py:179} INFO - Pika version 1.3.2 connecting to ('172.19.0.9', 5672)
[2025-02-23T11:02:12.288+0000] {io_services_utils.py:345} INFO - Socket connected: <socket.socket fd=93, family=2, type=1, proto=6, laddr=('172.19.0.5', 51596), raddr=('172.19.0.9', 5672)>
[2025-02-23T11:02:12.334+0000] {connection_workflow.py:428} INFO - Streaming transport linked up: (<pika.adapters.utils.io_services_utils._AsyncPlaintextTransport object at 0xffff628cd730>, _StreamingProtocolShim: <SelectConnection PROTOCOL transport=<pika.adapters.utils.io_services_utils._AsyncPlaintextTransport object at 0xffff628cd730> params=<ConnectionParameters host=rabbitmq port=5672 virtual_host=/ ssl=False>>).
[2025-02-23T11:02:12.474+0000] {connection_workflow.py:293} INFO - AMQPConnector - reporting success: <SelectConnection OPEN transport=<pika.adapters.utils.io_services_utils._AsyncPlaintextTransport object at 0xffff628cd730> params=<ConnectionParameters host=rabbitmq port=5672 virtual_host=/ ssl=False>>
[2025-02-23T11:02:12.476+0000] {connection_workflow.py:725} INFO - AMQPConnectionWorkflow - reporting success: <SelectConnection OPEN transport=<pika.adapters.utils.io_services_utils._AsyncPlaintextTransport object at 0xffff628cd730> params=<ConnectionParameters host=rabbitmq port=5672 virtual_host=/ ssl=False>>
[2025-02-23T11:02:12.478+0000] {blocking_connection.py:453} INFO - Connection workflow succeeded: <SelectConnection OPEN transport=<pika.adapters.utils.io_services_utils._AsyncPlaintextTransport object at 0xffff628cd730> params=<ConnectionParameters host=rabbitmq port=5672 virtual_host=/ ssl=False>>
[2025-02-23T11:02:12.491+0000] {blocking_connection.py:1264} INFO - Created channel=1
[2025-02-23T11:02:12.607+0000] {logging_mixin.py:190} INFO - Queue create-vm has 0 messages
[2025-02-23T11:02:12.627+0000] {logging_mixin.py:190} INFO - Listening for messages in queue: create-vm
[2025-02-23T11:03:11.562+0000] {job.py:229} INFO - Heartbeat recovered after 39.14 seconds
[2025-02-23T11:05:01.268+0000] {job.py:229} INFO - Heartbeat recovered after 26.62 seconds
[2025-02-23T11:06:26.828+0000] {job.py:229} INFO - Heartbeat recovered after 30.87 seconds
[2025-02-23T11:23:00.605+0000] {job.py:229} INFO - Heartbeat recovered after 903.49 seconds
[2025-02-23T11:24:04.786+0000] {job.py:229} INFO - Heartbeat recovered after 11.35 seconds
[2025-02-23T11:24:45.832+0000] {local_task_job_runner.py:346} WARNING - State of this instance has been externally set to up_for_retry. Terminating instance.
[2025-02-23T11:24:45.840+0000] {local_task_job_runner.py:245} INFO - ::endgroup::
[2025-02-23T11:24:45.868+0000] {process_utils.py:132} INFO - Sending 15 to group 2574. PIDs of all processes in the group: [2574]
[2025-02-23T11:24:45.874+0000] {process_utils.py:87} INFO - Sending the signal 15 to group 2574
[2025-02-23T11:24:45.881+0000] {taskinstance.py:3093} ERROR - Received SIGTERM. Terminating subprocesses.
[2025-02-23T11:24:45.933+0000] {channel.py:536} INFO - Closing channel (0): 'Normal shutdown' on <Channel number=1 OPEN conn=<SelectConnection OPEN transport=<pika.adapters.utils.io_services_utils._AsyncPlaintextTransport object at 0xffff628cd730> params=<ConnectionParameters host=rabbitmq port=5672 virtual_host=/ ssl=False>>>
[2025-02-23T11:24:45.952+0000] {channel.py:1133} INFO - Received <Channel.CloseOk> on <Channel number=1 CLOSING conn=<SelectConnection OPEN transport=<pika.adapters.utils.io_services_utils._AsyncPlaintextTransport object at 0xffff628cd730> params=<ConnectionParameters host=rabbitmq port=5672 virtual_host=/ ssl=False>>>
[2025-02-23T11:24:45.962+0000] {blocking_connection.py:802} INFO - Closing connection (200): Normal shutdown
[2025-02-23T11:24:45.965+0000] {connection.py:1316} INFO - Closing connection (200): 'Normal shutdown'
[2025-02-23T11:24:45.978+0000] {io_services_utils.py:731} INFO - Aborting transport connection: state=1; <socket.socket fd=93, family=2, type=1, proto=6, laddr=('172.19.0.5', 51596), raddr=('172.19.0.9', 5672)>
[2025-02-23T11:24:45.990+0000] {io_services_utils.py:904} INFO - _AsyncTransportBase._initate_abort(): Initiating abrupt asynchronous transport shutdown: state=1; error=None; <socket.socket fd=93, family=2, type=1, proto=6, laddr=('172.19.0.5', 51596), raddr=('172.19.0.9', 5672)>
[2025-02-23T11:24:45.991+0000] {io_services_utils.py:869} INFO - Deactivating transport: state=1; <socket.socket fd=93, family=2, type=1, proto=6, laddr=('172.19.0.5', 51596), raddr=('172.19.0.9', 5672)>
[2025-02-23T11:24:45.999+0000] {connection.py:2017} INFO - AMQP stack terminated, failed to connect, or aborted: opened=True, error-arg=None; pending-error=ConnectionClosedByClient: (200) 'Normal shutdown'
[2025-02-23T11:24:46.005+0000] {connection.py:2086} INFO - Stack terminated due to ConnectionClosedByClient: (200) 'Normal shutdown'
[2025-02-23T11:24:46.056+0000] {io_services_utils.py:882} INFO - Closing transport socket and unlinking: state=3; <socket.socket fd=93, family=2, type=1, proto=6, laddr=('172.19.0.5', 51596), raddr=('172.19.0.9', 5672)>
[2025-02-23T11:24:46.090+0000] {blocking_connection.py:525} INFO - User-initiated close: result=(<SelectConnection CLOSED transport=None params=<ConnectionParameters host=rabbitmq port=5672 virtual_host=/ ssl=False>>, ConnectionClosedByClient: (200) 'Normal shutdown')
[2025-02-23T11:24:46.100+0000] {logging_mixin.py:190} INFO - Listener stopped.
[2025-02-23T11:24:46.120+0000] {python.py:240} INFO - Done. Returned value was: 
[2025-02-23T11:24:46.391+0000] {taskinstance.py:340} INFO - ::group::Post task execution logs
[2025-02-23T11:24:46.395+0000] {taskinstance.py:352} INFO - Marking task as SUCCESS. dag_id=idp, task_id=rabbitmq_consumer, run_id=manual__2025-02-23T10:58:33.806381+00:00, execution_date=20250223T105833, start_date=20250223T110211, end_date=20250223T112446
[2025-02-23T11:24:46.505+0000] {logging_mixin.py:190} INFO - Task instance in success state
[2025-02-23T11:24:46.508+0000] {logging_mixin.py:190} INFO -  Previous state of the Task instance: running
[2025-02-23T11:24:46.509+0000] {logging_mixin.py:190} INFO - Dag name:idp queued_at:2025-02-23 10:58:34.071506+00:00
[2025-02-23T11:24:46.512+0000] {logging_mixin.py:190} INFO - Task hostname:9d363d0f65d2 operator:PythonOperator
[2025-02-23T11:24:46.571+0000] {process_utils.py:80} INFO - Process psutil.Process(pid=2574, status='terminated', exitcode=0, started='11:02:11') (2574) terminated with exit code 0
