[2025-01-31T08:05:31.352+0000] {local_task_job_runner.py:123} INFO - ::group::Pre task execution logs
[2025-01-31T08:05:31.360+0000] {taskinstance.py:2613} INFO - Dependencies all met for dep_context=non-requeueable deps ti=<TaskInstance: idp.load_requests manual__2025-01-31T08:05:30.145950+00:00 [queued]>
[2025-01-31T08:05:31.364+0000] {taskinstance.py:2613} INFO - Dependencies all met for dep_context=requeueable deps ti=<TaskInstance: idp.load_requests manual__2025-01-31T08:05:30.145950+00:00 [queued]>
[2025-01-31T08:05:31.364+0000] {taskinstance.py:2866} INFO - Starting attempt 1 of 2
[2025-01-31T08:05:31.455+0000] {taskinstance.py:2889} INFO - Executing <Task(PythonOperator): load_requests> on 2025-01-31 08:05:30.145950+00:00
[2025-01-31T08:05:31.460+0000] {warnings.py:112} WARNING - /home/***/.local/lib/python3.12/site-packages/***/task/task_runner/standard_task_runner.py:70: DeprecationWarning: This process (pid=96) is multi-threaded, use of fork() may lead to deadlocks in the child.
  pid = os.fork()

[2025-01-31T08:05:31.461+0000] {standard_task_runner.py:72} INFO - Started process 97 to run task
[2025-01-31T08:05:31.462+0000] {standard_task_runner.py:104} INFO - Running: ['***', 'tasks', 'run', 'idp', 'load_requests', 'manual__2025-01-31T08:05:30.145950+00:00', '--job-id', '64', '--raw', '--subdir', 'DAGS_FOLDER/idp.py', '--cfg-path', '/tmp/tmpfjhj0j7i']
[2025-01-31T08:05:31.463+0000] {standard_task_runner.py:105} INFO - Job 64: Subtask load_requests
[2025-01-31T08:05:31.489+0000] {task_command.py:467} INFO - Running <TaskInstance: idp.load_requests manual__2025-01-31T08:05:30.145950+00:00 [running]> on host ad0831fca39a
[2025-01-31T08:05:31.525+0000] {taskinstance.py:3132} INFO - Exporting env vars: AIRFLOW_CTX_DAG_OWNER='***' AIRFLOW_CTX_DAG_ID='idp' AIRFLOW_CTX_TASK_ID='load_requests' AIRFLOW_CTX_EXECUTION_DATE='2025-01-31T08:05:30.145950+00:00' AIRFLOW_CTX_TRY_NUMBER='1' AIRFLOW_CTX_DAG_RUN_ID='manual__2025-01-31T08:05:30.145950+00:00'
[2025-01-31T08:05:31.526+0000] {logging_mixin.py:190} INFO - Task instance is in running state
[2025-01-31T08:05:31.526+0000] {logging_mixin.py:190} INFO -  Previous state of the Task instance: queued
[2025-01-31T08:05:31.526+0000] {logging_mixin.py:190} INFO - Current task name:load_requests state:running start_date:2025-01-31 08:05:31.360522+00:00
[2025-01-31T08:05:31.526+0000] {logging_mixin.py:190} INFO - Dag name:idp and current dag run status:running
[2025-01-31T08:05:31.526+0000] {taskinstance.py:731} INFO - ::endgroup::
[2025-01-31T08:05:31.527+0000] {logging_mixin.py:190} INFO - MongoDB connection failed: 'MONGODB_URI'
[2025-01-31T08:05:31.527+0000] {python.py:240} INFO - Done. Returned value was: []
[2025-01-31T08:05:31.538+0000] {taskinstance.py:340} INFO - ::group::Post task execution logs
[2025-01-31T08:05:31.539+0000] {taskinstance.py:352} INFO - Marking task as SUCCESS. dag_id=idp, task_id=load_requests, run_id=manual__2025-01-31T08:05:30.145950+00:00, execution_date=20250131T080530, start_date=20250131T080531, end_date=20250131T080531
[2025-01-31T08:05:31.543+0000] {logging_mixin.py:190} INFO - Task instance in success state
[2025-01-31T08:05:31.543+0000] {logging_mixin.py:190} INFO -  Previous state of the Task instance: running
[2025-01-31T08:05:31.543+0000] {logging_mixin.py:190} INFO - Dag name:idp queued_at:2025-01-31 08:05:30.169649+00:00
[2025-01-31T08:05:31.543+0000] {logging_mixin.py:190} INFO - Task hostname:ad0831fca39a operator:PythonOperator
[2025-01-31T08:05:31.566+0000] {local_task_job_runner.py:266} INFO - Task exited with return code 0
[2025-01-31T08:05:31.577+0000] {taskinstance.py:3895} INFO - 1 downstream tasks scheduled from follow-on schedule check
[2025-01-31T08:05:31.578+0000] {local_task_job_runner.py:245} INFO - ::endgroup::
