[2025-02-07T06:15:23.431+0000] {local_task_job_runner.py:123} INFO - ::group::Pre task execution logs
[2025-02-07T06:15:23.439+0000] {taskinstance.py:2613} INFO - Dependencies all met for dep_context=non-requeueable deps ti=<TaskInstance: idp.fetch_from_mongo scheduled__2025-02-06T00:00:00+00:00 [queued]>
[2025-02-07T06:15:23.443+0000] {taskinstance.py:2613} INFO - Dependencies all met for dep_context=requeueable deps ti=<TaskInstance: idp.fetch_from_mongo scheduled__2025-02-06T00:00:00+00:00 [queued]>
[2025-02-07T06:15:23.443+0000] {taskinstance.py:2866} INFO - Starting attempt 1 of 2
[2025-02-07T06:15:23.449+0000] {taskinstance.py:2889} INFO - Executing <Task(PythonOperator): fetch_from_mongo> on 2025-02-06 00:00:00+00:00
[2025-02-07T06:15:23.453+0000] {warnings.py:112} WARNING - /home/***/.local/lib/python3.12/site-packages/***/task/task_runner/standard_task_runner.py:70: DeprecationWarning: This process (pid=893) is multi-threaded, use of fork() may lead to deadlocks in the child.
  pid = os.fork()

[2025-02-07T06:15:23.454+0000] {standard_task_runner.py:72} INFO - Started process 894 to run task
[2025-02-07T06:15:23.455+0000] {standard_task_runner.py:104} INFO - Running: ['***', 'tasks', 'run', 'idp', 'fetch_from_mongo', 'scheduled__2025-02-06T00:00:00+00:00', '--job-id', '209', '--raw', '--subdir', 'DAGS_FOLDER/idp.py', '--cfg-path', '/tmp/tmp06_5v25c']
[2025-02-07T06:15:23.455+0000] {standard_task_runner.py:105} INFO - Job 209: Subtask fetch_from_mongo
[2025-02-07T06:15:23.482+0000] {task_command.py:467} INFO - Running <TaskInstance: idp.fetch_from_mongo scheduled__2025-02-06T00:00:00+00:00 [running]> on host 3aa1f743f988
[2025-02-07T06:15:23.518+0000] {taskinstance.py:3132} INFO - Exporting env vars: AIRFLOW_CTX_DAG_OWNER='***' AIRFLOW_CTX_DAG_ID='idp' AIRFLOW_CTX_TASK_ID='fetch_from_mongo' AIRFLOW_CTX_EXECUTION_DATE='2025-02-06T00:00:00+00:00' AIRFLOW_CTX_TRY_NUMBER='1' AIRFLOW_CTX_DAG_RUN_ID='scheduled__2025-02-06T00:00:00+00:00'
[2025-02-07T06:15:23.519+0000] {logging_mixin.py:190} INFO - Task instance is in running state
[2025-02-07T06:15:23.519+0000] {logging_mixin.py:190} INFO -  Previous state of the Task instance: queued
[2025-02-07T06:15:23.519+0000] {logging_mixin.py:190} INFO - Current task name:fetch_from_mongo state:running start_date:2025-02-07 06:15:23.439744+00:00
[2025-02-07T06:15:23.519+0000] {logging_mixin.py:190} INFO - Dag name:idp and current dag run status:running
[2025-02-07T06:15:23.519+0000] {taskinstance.py:731} INFO - ::endgroup::
[2025-02-07T06:15:23.576+0000] {logging_mixin.py:190} INFO - No projectId provided in DAG run config.
[2025-02-07T06:15:23.577+0000] {python.py:240} INFO - Done. Returned value was: []
[2025-02-07T06:15:23.590+0000] {taskinstance.py:340} INFO - ::group::Post task execution logs
[2025-02-07T06:15:23.590+0000] {taskinstance.py:352} INFO - Marking task as SUCCESS. dag_id=idp, task_id=fetch_from_mongo, run_id=scheduled__2025-02-06T00:00:00+00:00, execution_date=20250206T000000, start_date=20250207T061523, end_date=20250207T061523
[2025-02-07T06:15:23.594+0000] {logging_mixin.py:190} INFO - Task instance in success state
[2025-02-07T06:15:23.595+0000] {logging_mixin.py:190} INFO -  Previous state of the Task instance: running
[2025-02-07T06:15:23.595+0000] {logging_mixin.py:190} INFO - Dag name:idp queued_at:2025-02-07 06:15:20.129282+00:00
[2025-02-07T06:15:23.595+0000] {logging_mixin.py:190} INFO - Task hostname:3aa1f743f988 operator:PythonOperator
[2025-02-07T06:15:23.600+0000] {local_task_job_runner.py:266} INFO - Task exited with return code 0
[2025-02-07T06:15:23.608+0000] {taskinstance.py:3895} INFO - 0 downstream tasks scheduled from follow-on schedule check
[2025-02-07T06:15:23.609+0000] {local_task_job_runner.py:245} INFO - ::endgroup::
