[2025-02-01T07:36:37.710+0000] {local_task_job_runner.py:123} INFO - ::group::Pre task execution logs
[2025-02-01T07:36:37.721+0000] {taskinstance.py:2613} INFO - Dependencies all met for dep_context=non-requeueable deps ti=<TaskInstance: idp.load_requests manual__2025-02-01T07:36:32.903971+00:00 [queued]>
[2025-02-01T07:36:37.725+0000] {taskinstance.py:2613} INFO - Dependencies all met for dep_context=requeueable deps ti=<TaskInstance: idp.load_requests manual__2025-02-01T07:36:32.903971+00:00 [queued]>
[2025-02-01T07:36:37.726+0000] {taskinstance.py:2866} INFO - Starting attempt 1 of 2
[2025-02-01T07:36:37.736+0000] {taskinstance.py:2889} INFO - Executing <Task(PythonOperator): load_requests> on 2025-02-01 07:36:32.903971+00:00
[2025-02-01T07:36:37.759+0000] {warnings.py:112} WARNING - /home/***/.local/lib/python3.12/site-packages/***/task/task_runner/standard_task_runner.py:70: DeprecationWarning: This process (pid=118) is multi-threaded, use of fork() may lead to deadlocks in the child.
  pid = os.fork()

[2025-02-01T07:36:37.761+0000] {standard_task_runner.py:72} INFO - Started process 119 to run task
[2025-02-01T07:36:37.760+0000] {standard_task_runner.py:104} INFO - Running: ['***', 'tasks', 'run', 'idp', 'load_requests', 'manual__2025-02-01T07:36:32.903971+00:00', '--job-id', '105', '--raw', '--subdir', 'DAGS_FOLDER/idp.py', '--cfg-path', '/tmp/tmpdaij7vua']
[2025-02-01T07:36:37.762+0000] {standard_task_runner.py:105} INFO - Job 105: Subtask load_requests
[2025-02-01T07:36:37.805+0000] {task_command.py:467} INFO - Running <TaskInstance: idp.load_requests manual__2025-02-01T07:36:32.903971+00:00 [running]> on host 3aa1f743f988
[2025-02-01T07:36:37.863+0000] {taskinstance.py:3132} INFO - Exporting env vars: AIRFLOW_CTX_DAG_OWNER='***' AIRFLOW_CTX_DAG_ID='idp' AIRFLOW_CTX_TASK_ID='load_requests' AIRFLOW_CTX_EXECUTION_DATE='2025-02-01T07:36:32.903971+00:00' AIRFLOW_CTX_TRY_NUMBER='1' AIRFLOW_CTX_DAG_RUN_ID='manual__2025-02-01T07:36:32.903971+00:00'
[2025-02-01T07:36:37.864+0000] {logging_mixin.py:190} INFO - Task instance is in running state
[2025-02-01T07:36:37.864+0000] {logging_mixin.py:190} INFO -  Previous state of the Task instance: queued
[2025-02-01T07:36:37.865+0000] {logging_mixin.py:190} INFO - Current task name:load_requests state:running start_date:2025-02-01 07:36:37.721635+00:00
[2025-02-01T07:36:37.865+0000] {logging_mixin.py:190} INFO - Dag name:idp and current dag run status:running
[2025-02-01T07:36:37.865+0000] {taskinstance.py:731} INFO - ::endgroup::
[2025-02-01T07:36:37.865+0000] {logging_mixin.py:190} INFO - MongoDB connection failed: MONGODB_URI is not set!
[2025-02-01T07:36:37.865+0000] {python.py:240} INFO - Done. Returned value was: []
[2025-02-01T07:36:37.880+0000] {taskinstance.py:340} INFO - ::group::Post task execution logs
[2025-02-01T07:36:37.880+0000] {taskinstance.py:352} INFO - Marking task as SUCCESS. dag_id=idp, task_id=load_requests, run_id=manual__2025-02-01T07:36:32.903971+00:00, execution_date=20250201T073632, start_date=20250201T073637, end_date=20250201T073637
[2025-02-01T07:36:37.886+0000] {logging_mixin.py:190} INFO - Task instance in success state
[2025-02-01T07:36:37.886+0000] {logging_mixin.py:190} INFO -  Previous state of the Task instance: running
[2025-02-01T07:36:37.886+0000] {logging_mixin.py:190} INFO - Dag name:idp queued_at:2025-02-01 07:36:32.922372+00:00
[2025-02-01T07:36:37.886+0000] {logging_mixin.py:190} INFO - Task hostname:3aa1f743f988 operator:PythonOperator
[2025-02-01T07:36:37.905+0000] {local_task_job_runner.py:266} INFO - Task exited with return code 0
[2025-02-01T07:36:37.919+0000] {taskinstance.py:3895} INFO - 0 downstream tasks scheduled from follow-on schedule check
[2025-02-01T07:36:37.920+0000] {local_task_job_runner.py:245} INFO - ::endgroup::
