[2025-02-07T06:15:21.468+0000] {local_task_job_runner.py:123} INFO - ::group::Pre task execution logs
[2025-02-07T06:15:21.476+0000] {taskinstance.py:2613} INFO - Dependencies all met for dep_context=non-requeueable deps ti=<TaskInstance: idp.rabbitmq_consumer scheduled__2025-02-06T00:00:00+00:00 [queued]>
[2025-02-07T06:15:21.481+0000] {taskinstance.py:2613} INFO - Dependencies all met for dep_context=requeueable deps ti=<TaskInstance: idp.rabbitmq_consumer scheduled__2025-02-06T00:00:00+00:00 [queued]>
[2025-02-07T06:15:21.481+0000] {taskinstance.py:2866} INFO - Starting attempt 1 of 2
[2025-02-07T06:15:21.487+0000] {taskinstance.py:2889} INFO - Executing <Task(PythonOperator): rabbitmq_consumer> on 2025-02-06 00:00:00+00:00
[2025-02-07T06:15:21.493+0000] {warnings.py:112} WARNING - /home/***/.local/lib/python3.12/site-packages/***/task/task_runner/standard_task_runner.py:70: DeprecationWarning: This process (pid=890) is multi-threaded, use of fork() may lead to deadlocks in the child.
  pid = os.fork()

[2025-02-07T06:15:21.494+0000] {standard_task_runner.py:72} INFO - Started process 891 to run task
[2025-02-07T06:15:21.494+0000] {standard_task_runner.py:104} INFO - Running: ['***', 'tasks', 'run', 'idp', 'rabbitmq_consumer', 'scheduled__2025-02-06T00:00:00+00:00', '--job-id', '208', '--raw', '--subdir', 'DAGS_FOLDER/idp.py', '--cfg-path', '/tmp/tmpgfr0uyef']
[2025-02-07T06:15:21.495+0000] {standard_task_runner.py:105} INFO - Job 208: Subtask rabbitmq_consumer
[2025-02-07T06:15:21.531+0000] {task_command.py:467} INFO - Running <TaskInstance: idp.rabbitmq_consumer scheduled__2025-02-06T00:00:00+00:00 [running]> on host 3aa1f743f988
[2025-02-07T06:15:21.574+0000] {taskinstance.py:3132} INFO - Exporting env vars: AIRFLOW_CTX_DAG_OWNER='***' AIRFLOW_CTX_DAG_ID='idp' AIRFLOW_CTX_TASK_ID='rabbitmq_consumer' AIRFLOW_CTX_EXECUTION_DATE='2025-02-06T00:00:00+00:00' AIRFLOW_CTX_TRY_NUMBER='1' AIRFLOW_CTX_DAG_RUN_ID='scheduled__2025-02-06T00:00:00+00:00'
[2025-02-07T06:15:21.575+0000] {logging_mixin.py:190} INFO - Task instance is in running state
[2025-02-07T06:15:21.575+0000] {logging_mixin.py:190} INFO -  Previous state of the Task instance: queued
[2025-02-07T06:15:21.575+0000] {logging_mixin.py:190} INFO - Current task name:rabbitmq_consumer state:running start_date:2025-02-07 06:15:21.477272+00:00
[2025-02-07T06:15:21.575+0000] {logging_mixin.py:190} INFO - Dag name:idp and current dag run status:running
[2025-02-07T06:15:21.575+0000] {taskinstance.py:731} INFO - ::endgroup::
[2025-02-07T06:15:21.576+0000] {logging_mixin.py:190} INFO - Error in listener: 'NoneType' object is not subscriptable
[2025-02-07T06:15:21.576+0000] {python.py:240} INFO - Done. Returned value was: None
[2025-02-07T06:15:21.582+0000] {taskinstance.py:340} INFO - ::group::Post task execution logs
[2025-02-07T06:15:21.582+0000] {taskinstance.py:352} INFO - Marking task as SUCCESS. dag_id=idp, task_id=rabbitmq_consumer, run_id=scheduled__2025-02-06T00:00:00+00:00, execution_date=20250206T000000, start_date=20250207T061521, end_date=20250207T061521
[2025-02-07T06:15:21.587+0000] {logging_mixin.py:190} INFO - Task instance in success state
[2025-02-07T06:15:21.587+0000] {logging_mixin.py:190} INFO -  Previous state of the Task instance: running
[2025-02-07T06:15:21.588+0000] {logging_mixin.py:190} INFO - Dag name:idp queued_at:2025-02-07 06:15:20.129282+00:00
[2025-02-07T06:15:21.588+0000] {logging_mixin.py:190} INFO - Task hostname:3aa1f743f988 operator:PythonOperator
[2025-02-07T06:15:21.595+0000] {local_task_job_runner.py:266} INFO - Task exited with return code 0
[2025-02-07T06:15:21.606+0000] {taskinstance.py:3895} INFO - 1 downstream tasks scheduled from follow-on schedule check
[2025-02-07T06:15:21.607+0000] {local_task_job_runner.py:245} INFO - ::endgroup::
