[2025-02-09T13:56:09.035+0000] {processor.py:186} INFO - Started process (PID=53) to work on /opt/airflow/dags/idp.py
[2025-02-09T13:56:09.039+0000] {processor.py:914} INFO - Processing file /opt/airflow/dags/idp.py for tasks to queue
[2025-02-09T13:56:09.046+0000] {logging_mixin.py:190} INFO - [2025-02-09T13:56:09.045+0000] {dagbag.py:588} INFO - Filling up the DagBag from /opt/airflow/dags/idp.py
[2025-02-09T13:56:09.309+0000] {processor.py:925} INFO - DAG(s) 'idp' retrieved from /opt/airflow/dags/idp.py
[2025-02-09T13:56:09.362+0000] {logging_mixin.py:190} INFO - [2025-02-09T13:56:09.362+0000] {dag.py:3239} INFO - Sync 1 DAGs
[2025-02-09T13:56:09.435+0000] {logging_mixin.py:190} INFO - [2025-02-09T13:56:09.434+0000] {dag.py:4180} INFO - Setting next_dagrun for idp to 2025-02-09 00:00:00+00:00, run_after=2025-02-10 00:00:00+00:00
[2025-02-09T13:56:09.486+0000] {processor.py:208} INFO - Processing /opt/airflow/dags/idp.py took 0.459 seconds
[2025-02-09T13:56:40.046+0000] {processor.py:186} INFO - Started process (PID=123) to work on /opt/airflow/dags/idp.py
[2025-02-09T13:56:40.049+0000] {processor.py:914} INFO - Processing file /opt/airflow/dags/idp.py for tasks to queue
[2025-02-09T13:56:40.055+0000] {logging_mixin.py:190} INFO - [2025-02-09T13:56:40.054+0000] {dagbag.py:588} INFO - Filling up the DagBag from /opt/airflow/dags/idp.py
[2025-02-09T13:56:40.165+0000] {processor.py:925} INFO - DAG(s) 'idp' retrieved from /opt/airflow/dags/idp.py
[2025-02-09T13:56:40.202+0000] {logging_mixin.py:190} INFO - [2025-02-09T13:56:40.202+0000] {dag.py:3239} INFO - Sync 1 DAGs
[2025-02-09T13:56:40.229+0000] {logging_mixin.py:190} INFO - [2025-02-09T13:56:40.229+0000] {dag.py:4180} INFO - Setting next_dagrun for idp to 2025-02-09 00:00:00+00:00, run_after=2025-02-10 00:00:00+00:00
[2025-02-09T13:56:40.248+0000] {processor.py:208} INFO - Processing /opt/airflow/dags/idp.py took 0.210 seconds
[2025-02-09T13:57:10.391+0000] {processor.py:186} INFO - Started process (PID=189) to work on /opt/airflow/dags/idp.py
[2025-02-09T13:57:10.396+0000] {processor.py:914} INFO - Processing file /opt/airflow/dags/idp.py for tasks to queue
[2025-02-09T13:57:10.402+0000] {logging_mixin.py:190} INFO - [2025-02-09T13:57:10.401+0000] {dagbag.py:588} INFO - Filling up the DagBag from /opt/airflow/dags/idp.py
[2025-02-09T13:57:10.527+0000] {processor.py:925} INFO - DAG(s) 'idp' retrieved from /opt/airflow/dags/idp.py
[2025-02-09T13:57:10.564+0000] {logging_mixin.py:190} INFO - [2025-02-09T13:57:10.563+0000] {dag.py:3239} INFO - Sync 1 DAGs
[2025-02-09T13:57:10.624+0000] {logging_mixin.py:190} INFO - [2025-02-09T13:57:10.624+0000] {dag.py:4180} INFO - Setting next_dagrun for idp to 2025-02-09 00:00:00+00:00, run_after=2025-02-10 00:00:00+00:00
[2025-02-09T13:57:10.643+0000] {processor.py:208} INFO - Processing /opt/airflow/dags/idp.py took 0.284 seconds
[2025-02-09T13:57:40.996+0000] {processor.py:186} INFO - Started process (PID=255) to work on /opt/airflow/dags/idp.py
[2025-02-09T13:57:40.998+0000] {processor.py:914} INFO - Processing file /opt/airflow/dags/idp.py for tasks to queue
[2025-02-09T13:57:41.000+0000] {logging_mixin.py:190} INFO - [2025-02-09T13:57:41.000+0000] {dagbag.py:588} INFO - Filling up the DagBag from /opt/airflow/dags/idp.py
[2025-02-09T13:57:41.061+0000] {processor.py:925} INFO - DAG(s) 'idp' retrieved from /opt/airflow/dags/idp.py
[2025-02-09T13:57:41.084+0000] {logging_mixin.py:190} INFO - [2025-02-09T13:57:41.084+0000] {dag.py:3239} INFO - Sync 1 DAGs
[2025-02-09T13:57:41.104+0000] {logging_mixin.py:190} INFO - [2025-02-09T13:57:41.104+0000] {dag.py:4180} INFO - Setting next_dagrun for idp to 2025-02-09 00:00:00+00:00, run_after=2025-02-10 00:00:00+00:00
[2025-02-09T13:57:41.121+0000] {processor.py:208} INFO - Processing /opt/airflow/dags/idp.py took 0.132 seconds
[2025-02-09T13:58:11.527+0000] {processor.py:186} INFO - Started process (PID=321) to work on /opt/airflow/dags/idp.py
[2025-02-09T13:58:11.532+0000] {processor.py:914} INFO - Processing file /opt/airflow/dags/idp.py for tasks to queue
[2025-02-09T13:58:11.537+0000] {logging_mixin.py:190} INFO - [2025-02-09T13:58:11.537+0000] {dagbag.py:588} INFO - Filling up the DagBag from /opt/airflow/dags/idp.py
[2025-02-09T13:58:11.643+0000] {processor.py:925} INFO - DAG(s) 'idp' retrieved from /opt/airflow/dags/idp.py
[2025-02-09T13:58:11.681+0000] {logging_mixin.py:190} INFO - [2025-02-09T13:58:11.681+0000] {dag.py:3239} INFO - Sync 1 DAGs
[2025-02-09T13:58:11.712+0000] {logging_mixin.py:190} INFO - [2025-02-09T13:58:11.712+0000] {dag.py:4180} INFO - Setting next_dagrun for idp to 2025-02-09 00:00:00+00:00, run_after=2025-02-10 00:00:00+00:00
[2025-02-09T13:58:11.733+0000] {processor.py:208} INFO - Processing /opt/airflow/dags/idp.py took 0.221 seconds
[2025-02-09T13:58:42.128+0000] {processor.py:186} INFO - Started process (PID=386) to work on /opt/airflow/dags/idp.py
[2025-02-09T13:58:42.130+0000] {processor.py:914} INFO - Processing file /opt/airflow/dags/idp.py for tasks to queue
[2025-02-09T13:58:42.144+0000] {logging_mixin.py:190} INFO - [2025-02-09T13:58:42.140+0000] {dagbag.py:588} INFO - Filling up the DagBag from /opt/airflow/dags/idp.py
[2025-02-09T13:58:42.254+0000] {processor.py:925} INFO - DAG(s) 'idp' retrieved from /opt/airflow/dags/idp.py
[2025-02-09T13:58:42.295+0000] {logging_mixin.py:190} INFO - [2025-02-09T13:58:42.295+0000] {dag.py:3239} INFO - Sync 1 DAGs
[2025-02-09T13:58:42.318+0000] {logging_mixin.py:190} INFO - [2025-02-09T13:58:42.318+0000] {dag.py:4180} INFO - Setting next_dagrun for idp to 2025-02-09 00:00:00+00:00, run_after=2025-02-10 00:00:00+00:00
[2025-02-09T13:58:42.333+0000] {processor.py:208} INFO - Processing /opt/airflow/dags/idp.py took 0.221 seconds
