[2025-02-09T13:56:09.519+0000] {processor.py:186} INFO - Started process (PID=55) to work on /opt/airflow/dags/orchestronic_pipeline.py
[2025-02-09T13:56:09.525+0000] {processor.py:914} INFO - Processing file /opt/airflow/dags/orchestronic_pipeline.py for tasks to queue
[2025-02-09T13:56:09.531+0000] {logging_mixin.py:190} INFO - [2025-02-09T13:56:09.530+0000] {dagbag.py:588} INFO - Filling up the DagBag from /opt/airflow/dags/orchestronic_pipeline.py
[2025-02-09T13:56:09.624+0000] {processor.py:925} INFO - DAG(s) 'idp_resource_provisioning' retrieved from /opt/airflow/dags/orchestronic_pipeline.py
[2025-02-09T13:56:09.664+0000] {logging_mixin.py:190} INFO - [2025-02-09T13:56:09.664+0000] {dag.py:3239} INFO - Sync 1 DAGs
[2025-02-09T13:56:09.682+0000] {logging_mixin.py:190} INFO - [2025-02-09T13:56:09.681+0000] {dag.py:4180} INFO - Setting next_dagrun for idp_resource_provisioning to None, run_after=None
[2025-02-09T13:56:09.711+0000] {processor.py:208} INFO - Processing /opt/airflow/dags/orchestronic_pipeline.py took 0.198 seconds
[2025-02-09T13:56:40.273+0000] {processor.py:186} INFO - Started process (PID=125) to work on /opt/airflow/dags/orchestronic_pipeline.py
[2025-02-09T13:56:40.275+0000] {processor.py:914} INFO - Processing file /opt/airflow/dags/orchestronic_pipeline.py for tasks to queue
[2025-02-09T13:56:40.277+0000] {logging_mixin.py:190} INFO - [2025-02-09T13:56:40.277+0000] {dagbag.py:588} INFO - Filling up the DagBag from /opt/airflow/dags/orchestronic_pipeline.py
[2025-02-09T13:56:40.325+0000] {processor.py:925} INFO - DAG(s) 'idp_resource_provisioning' retrieved from /opt/airflow/dags/orchestronic_pipeline.py
[2025-02-09T13:56:40.338+0000] {logging_mixin.py:190} INFO - [2025-02-09T13:56:40.338+0000] {dag.py:3239} INFO - Sync 1 DAGs
[2025-02-09T13:56:40.347+0000] {logging_mixin.py:190} INFO - [2025-02-09T13:56:40.347+0000] {dag.py:4180} INFO - Setting next_dagrun for idp_resource_provisioning to None, run_after=None
[2025-02-09T13:56:40.357+0000] {processor.py:208} INFO - Processing /opt/airflow/dags/orchestronic_pipeline.py took 0.088 seconds
[2025-02-09T13:57:10.661+0000] {processor.py:186} INFO - Started process (PID=191) to work on /opt/airflow/dags/orchestronic_pipeline.py
[2025-02-09T13:57:10.662+0000] {processor.py:914} INFO - Processing file /opt/airflow/dags/orchestronic_pipeline.py for tasks to queue
[2025-02-09T13:57:10.663+0000] {logging_mixin.py:190} INFO - [2025-02-09T13:57:10.663+0000] {dagbag.py:588} INFO - Filling up the DagBag from /opt/airflow/dags/orchestronic_pipeline.py
[2025-02-09T13:57:10.712+0000] {processor.py:925} INFO - DAG(s) 'idp_resource_provisioning' retrieved from /opt/airflow/dags/orchestronic_pipeline.py
[2025-02-09T13:57:10.726+0000] {logging_mixin.py:190} INFO - [2025-02-09T13:57:10.725+0000] {dag.py:3239} INFO - Sync 1 DAGs
[2025-02-09T13:57:10.734+0000] {logging_mixin.py:190} INFO - [2025-02-09T13:57:10.734+0000] {dag.py:4180} INFO - Setting next_dagrun for idp_resource_provisioning to None, run_after=None
[2025-02-09T13:57:10.745+0000] {processor.py:208} INFO - Processing /opt/airflow/dags/orchestronic_pipeline.py took 0.087 seconds
[2025-02-09T13:57:41.131+0000] {processor.py:186} INFO - Started process (PID=257) to work on /opt/airflow/dags/orchestronic_pipeline.py
[2025-02-09T13:57:41.131+0000] {processor.py:914} INFO - Processing file /opt/airflow/dags/orchestronic_pipeline.py for tasks to queue
[2025-02-09T13:57:41.134+0000] {logging_mixin.py:190} INFO - [2025-02-09T13:57:41.133+0000] {dagbag.py:588} INFO - Filling up the DagBag from /opt/airflow/dags/orchestronic_pipeline.py
[2025-02-09T13:57:41.177+0000] {processor.py:925} INFO - DAG(s) 'idp_resource_provisioning' retrieved from /opt/airflow/dags/orchestronic_pipeline.py
[2025-02-09T13:57:41.191+0000] {logging_mixin.py:190} INFO - [2025-02-09T13:57:41.191+0000] {dag.py:3239} INFO - Sync 1 DAGs
[2025-02-09T13:57:41.198+0000] {logging_mixin.py:190} INFO - [2025-02-09T13:57:41.198+0000] {dag.py:4180} INFO - Setting next_dagrun for idp_resource_provisioning to None, run_after=None
[2025-02-09T13:57:41.209+0000] {processor.py:208} INFO - Processing /opt/airflow/dags/orchestronic_pipeline.py took 0.082 seconds
[2025-02-09T13:58:11.755+0000] {processor.py:186} INFO - Started process (PID=323) to work on /opt/airflow/dags/orchestronic_pipeline.py
[2025-02-09T13:58:11.756+0000] {processor.py:914} INFO - Processing file /opt/airflow/dags/orchestronic_pipeline.py for tasks to queue
[2025-02-09T13:58:11.757+0000] {logging_mixin.py:190} INFO - [2025-02-09T13:58:11.757+0000] {dagbag.py:588} INFO - Filling up the DagBag from /opt/airflow/dags/orchestronic_pipeline.py
[2025-02-09T13:58:11.797+0000] {processor.py:925} INFO - DAG(s) 'idp_resource_provisioning' retrieved from /opt/airflow/dags/orchestronic_pipeline.py
[2025-02-09T13:58:11.811+0000] {logging_mixin.py:190} INFO - [2025-02-09T13:58:11.811+0000] {dag.py:3239} INFO - Sync 1 DAGs
[2025-02-09T13:58:11.820+0000] {logging_mixin.py:190} INFO - [2025-02-09T13:58:11.820+0000] {dag.py:4180} INFO - Setting next_dagrun for idp_resource_provisioning to None, run_after=None
[2025-02-09T13:58:11.830+0000] {processor.py:208} INFO - Processing /opt/airflow/dags/orchestronic_pipeline.py took 0.079 seconds
[2025-02-09T13:58:42.356+0000] {processor.py:186} INFO - Started process (PID=388) to work on /opt/airflow/dags/orchestronic_pipeline.py
[2025-02-09T13:58:42.357+0000] {processor.py:914} INFO - Processing file /opt/airflow/dags/orchestronic_pipeline.py for tasks to queue
[2025-02-09T13:58:42.358+0000] {logging_mixin.py:190} INFO - [2025-02-09T13:58:42.358+0000] {dagbag.py:588} INFO - Filling up the DagBag from /opt/airflow/dags/orchestronic_pipeline.py
[2025-02-09T13:58:42.412+0000] {processor.py:925} INFO - DAG(s) 'idp_resource_provisioning' retrieved from /opt/airflow/dags/orchestronic_pipeline.py
[2025-02-09T13:58:42.428+0000] {logging_mixin.py:190} INFO - [2025-02-09T13:58:42.428+0000] {dag.py:3239} INFO - Sync 1 DAGs
[2025-02-09T13:58:42.435+0000] {logging_mixin.py:190} INFO - [2025-02-09T13:58:42.435+0000] {dag.py:4180} INFO - Setting next_dagrun for idp_resource_provisioning to None, run_after=None
[2025-02-09T13:58:42.445+0000] {processor.py:208} INFO - Processing /opt/airflow/dags/orchestronic_pipeline.py took 0.093 seconds
