[2025-01-31T09:51:51.743+0000] {local_task_job_runner.py:123} INFO - ::group::Pre task execution logs
[2025-01-31T09:51:51.752+0000] {taskinstance.py:2613} INFO - Dependencies all met for dep_context=non-requeueable deps ti=<TaskInstance: idp.load_requests manual__2025-01-31T09:51:49.244097+00:00 [queued]>
[2025-01-31T09:51:51.757+0000] {taskinstance.py:2613} INFO - Dependencies all met for dep_context=requeueable deps ti=<TaskInstance: idp.load_requests manual__2025-01-31T09:51:49.244097+00:00 [queued]>
[2025-01-31T09:51:51.757+0000] {taskinstance.py:2866} INFO - Starting attempt 1 of 2
[2025-01-31T09:51:51.765+0000] {taskinstance.py:2889} INFO - Executing <Task(PythonOperator): load_requests> on 2025-01-31 09:51:49.244097+00:00
[2025-01-31T09:51:51.769+0000] {warnings.py:112} WARNING - /home/***/.local/lib/python3.12/site-packages/***/task/task_runner/standard_task_runner.py:70: DeprecationWarning: This process (pid=99) is multi-threaded, use of fork() may lead to deadlocks in the child.
  pid = os.fork()

[2025-01-31T09:51:51.770+0000] {standard_task_runner.py:72} INFO - Started process 100 to run task
[2025-01-31T09:51:51.771+0000] {standard_task_runner.py:104} INFO - Running: ['***', 'tasks', 'run', 'idp', 'load_requests', 'manual__2025-01-31T09:51:49.244097+00:00', '--job-id', '80', '--raw', '--subdir', 'DAGS_FOLDER/idp.py', '--cfg-path', '/tmp/tmps9p1kma5']
[2025-01-31T09:51:51.772+0000] {standard_task_runner.py:105} INFO - Job 80: Subtask load_requests
[2025-01-31T09:51:51.795+0000] {task_command.py:467} INFO - Running <TaskInstance: idp.load_requests manual__2025-01-31T09:51:49.244097+00:00 [running]> on host e5b454575580
[2025-01-31T09:51:51.834+0000] {taskinstance.py:3132} INFO - Exporting env vars: AIRFLOW_CTX_DAG_OWNER='***' AIRFLOW_CTX_DAG_ID='idp' AIRFLOW_CTX_TASK_ID='load_requests' AIRFLOW_CTX_EXECUTION_DATE='2025-01-31T09:51:49.244097+00:00' AIRFLOW_CTX_TRY_NUMBER='1' AIRFLOW_CTX_DAG_RUN_ID='manual__2025-01-31T09:51:49.244097+00:00'
[2025-01-31T09:51:51.835+0000] {logging_mixin.py:190} INFO - Task instance is in running state
[2025-01-31T09:51:51.835+0000] {logging_mixin.py:190} INFO -  Previous state of the Task instance: queued
[2025-01-31T09:51:51.835+0000] {logging_mixin.py:190} INFO - Current task name:load_requests state:running start_date:2025-01-31 09:51:51.752625+00:00
[2025-01-31T09:51:51.835+0000] {logging_mixin.py:190} INFO - Dag name:idp and current dag run status:running
[2025-01-31T09:51:51.835+0000] {taskinstance.py:731} INFO - ::endgroup::
[2025-01-31T09:51:51.836+0000] {logging_mixin.py:190} INFO - MongoDB connection failed: MONGODB_URI is not set!
[2025-01-31T09:51:51.836+0000] {python.py:240} INFO - Done. Returned value was: []
[2025-01-31T09:51:51.846+0000] {taskinstance.py:340} INFO - ::group::Post task execution logs
[2025-01-31T09:51:51.847+0000] {taskinstance.py:352} INFO - Marking task as SUCCESS. dag_id=idp, task_id=load_requests, run_id=manual__2025-01-31T09:51:49.244097+00:00, execution_date=20250131T095149, start_date=20250131T095151, end_date=20250131T095151
[2025-01-31T09:51:51.851+0000] {logging_mixin.py:190} INFO - Task instance in success state
[2025-01-31T09:51:51.851+0000] {logging_mixin.py:190} INFO -  Previous state of the Task instance: running
[2025-01-31T09:51:51.851+0000] {logging_mixin.py:190} INFO - Dag name:idp queued_at:2025-01-31 09:51:49.270176+00:00
[2025-01-31T09:51:51.852+0000] {logging_mixin.py:190} INFO - Task hostname:e5b454575580 operator:PythonOperator
[2025-01-31T09:51:51.873+0000] {local_task_job_runner.py:266} INFO - Task exited with return code 0
[2025-01-31T09:51:51.882+0000] {taskinstance.py:3895} INFO - 0 downstream tasks scheduled from follow-on schedule check
[2025-01-31T09:51:51.883+0000] {local_task_job_runner.py:245} INFO - ::endgroup::
