[2025-02-09T13:56:19.475+0000] {local_task_job_runner.py:123} INFO - ::group::Pre task execution logs
[2025-02-09T13:56:19.491+0000] {taskinstance.py:2613} INFO - Dependencies all met for dep_context=non-requeueable deps ti=<TaskInstance: idp.fetch_from_mongo scheduled__2025-02-07T00:00:00+00:00 [queued]>
[2025-02-09T13:56:19.499+0000] {taskinstance.py:2613} INFO - Dependencies all met for dep_context=requeueable deps ti=<TaskInstance: idp.fetch_from_mongo scheduled__2025-02-07T00:00:00+00:00 [queued]>
[2025-02-09T13:56:19.499+0000] {taskinstance.py:2866} INFO - Starting attempt 1 of 2
[2025-02-09T13:56:19.510+0000] {taskinstance.py:2889} INFO - Executing <Task(PythonOperator): fetch_from_mongo> on 2025-02-07 00:00:00+00:00
[2025-02-09T13:56:19.532+0000] {warnings.py:112} WARNING - /home/***/.local/lib/python3.12/site-packages/***/task/task_runner/standard_task_runner.py:70: DeprecationWarning: This process (pid=76) is multi-threaded, use of fork() may lead to deadlocks in the child.
  pid = os.fork()

[2025-02-09T13:56:19.536+0000] {standard_task_runner.py:72} INFO - Started process 78 to run task
[2025-02-09T13:56:19.539+0000] {standard_task_runner.py:104} INFO - Running: ['***', 'tasks', 'run', 'idp', 'fetch_from_mongo', 'scheduled__2025-02-07T00:00:00+00:00', '--job-id', '306', '--raw', '--subdir', 'DAGS_FOLDER/idp.py', '--cfg-path', '/tmp/tmp1zx57fp_']
[2025-02-09T13:56:19.542+0000] {standard_task_runner.py:105} INFO - Job 306: Subtask fetch_from_mongo
[2025-02-09T13:56:19.600+0000] {task_command.py:467} INFO - Running <TaskInstance: idp.fetch_from_mongo scheduled__2025-02-07T00:00:00+00:00 [running]> on host 3aa1f743f988
[2025-02-09T13:56:19.679+0000] {taskinstance.py:3132} INFO - Exporting env vars: AIRFLOW_CTX_DAG_OWNER='***' AIRFLOW_CTX_DAG_ID='idp' AIRFLOW_CTX_TASK_ID='fetch_from_mongo' AIRFLOW_CTX_EXECUTION_DATE='2025-02-07T00:00:00+00:00' AIRFLOW_CTX_TRY_NUMBER='1' AIRFLOW_CTX_DAG_RUN_ID='scheduled__2025-02-07T00:00:00+00:00'
[2025-02-09T13:56:19.680+0000] {logging_mixin.py:190} INFO - Task instance is in running state
[2025-02-09T13:56:19.682+0000] {logging_mixin.py:190} INFO -  Previous state of the Task instance: queued
[2025-02-09T13:56:19.682+0000] {logging_mixin.py:190} INFO - Current task name:fetch_from_mongo state:running start_date:2025-02-09 13:56:19.492246+00:00
[2025-02-09T13:56:19.682+0000] {logging_mixin.py:190} INFO - Dag name:idp and current dag run status:running
[2025-02-09T13:56:19.683+0000] {taskinstance.py:731} INFO - ::endgroup::
[2025-02-09T13:56:19.683+0000] {logging_mixin.py:190} INFO - Received message from XCom: 
[2025-02-09T13:56:20.833+0000] {logging_mixin.py:190} INFO - Fetched data: []
[2025-02-09T13:56:20.897+0000] {python.py:240} INFO - Done. Returned value was: []
[2025-02-09T13:56:20.916+0000] {taskinstance.py:340} INFO - ::group::Post task execution logs
[2025-02-09T13:56:20.917+0000] {taskinstance.py:352} INFO - Marking task as SUCCESS. dag_id=idp, task_id=fetch_from_mongo, run_id=scheduled__2025-02-07T00:00:00+00:00, execution_date=20250207T000000, start_date=20250209T135619, end_date=20250209T135620
[2025-02-09T13:56:20.927+0000] {logging_mixin.py:190} INFO - Task instance in success state
[2025-02-09T13:56:20.927+0000] {logging_mixin.py:190} INFO -  Previous state of the Task instance: running
[2025-02-09T13:56:20.928+0000] {logging_mixin.py:190} INFO - Dag name:idp queued_at:2025-02-09 13:56:08.912511+00:00
[2025-02-09T13:56:20.928+0000] {logging_mixin.py:190} INFO - Task hostname:3aa1f743f988 operator:PythonOperator
[2025-02-09T13:56:20.976+0000] {local_task_job_runner.py:266} INFO - Task exited with return code 0
[2025-02-09T13:56:20.991+0000] {taskinstance.py:3895} INFO - 0 downstream tasks scheduled from follow-on schedule check
[2025-02-09T13:56:20.992+0000] {local_task_job_runner.py:245} INFO - ::endgroup::
