[2025-02-21T05:15:18.823+0000] {local_task_job_runner.py:123} INFO - ::group::Pre task execution logs
[2025-02-21T05:15:18.831+0000] {taskinstance.py:2613} INFO - Dependencies all met for dep_context=non-requeueable deps ti=<TaskInstance: idp.fetch_from_mongo scheduled__2025-02-20T00:00:00+00:00 [queued]>
[2025-02-21T05:15:18.836+0000] {taskinstance.py:2613} INFO - Dependencies all met for dep_context=requeueable deps ti=<TaskInstance: idp.fetch_from_mongo scheduled__2025-02-20T00:00:00+00:00 [queued]>
[2025-02-21T05:15:18.836+0000] {taskinstance.py:2866} INFO - Starting attempt 1 of 2
[2025-02-21T05:15:18.843+0000] {taskinstance.py:2889} INFO - Executing <Task(PythonOperator): fetch_from_mongo> on 2025-02-20 00:00:00+00:00
[2025-02-21T05:15:18.850+0000] {warnings.py:112} WARNING - /home/***/.local/lib/python3.12/site-packages/***/task/task_runner/standard_task_runner.py:70: DeprecationWarning: This process (pid=73) is multi-threaded, use of fork() may lead to deadlocks in the child.
  pid = os.fork()

[2025-02-21T05:15:18.851+0000] {standard_task_runner.py:104} INFO - Running: ['***', 'tasks', 'run', 'idp', 'fetch_from_mongo', 'scheduled__2025-02-20T00:00:00+00:00', '--job-id', '349', '--raw', '--subdir', 'DAGS_FOLDER/idp.py', '--cfg-path', '/tmp/tmp0852mq_q']
[2025-02-21T05:15:18.854+0000] {standard_task_runner.py:72} INFO - Started process 74 to run task
[2025-02-21T05:15:18.854+0000] {standard_task_runner.py:105} INFO - Job 349: Subtask fetch_from_mongo
[2025-02-21T05:15:18.882+0000] {task_command.py:467} INFO - Running <TaskInstance: idp.fetch_from_mongo scheduled__2025-02-20T00:00:00+00:00 [running]> on host 3aa1f743f988
[2025-02-21T05:15:18.931+0000] {taskinstance.py:3132} INFO - Exporting env vars: AIRFLOW_CTX_DAG_OWNER='***' AIRFLOW_CTX_DAG_ID='idp' AIRFLOW_CTX_TASK_ID='fetch_from_mongo' AIRFLOW_CTX_EXECUTION_DATE='2025-02-20T00:00:00+00:00' AIRFLOW_CTX_TRY_NUMBER='1' AIRFLOW_CTX_DAG_RUN_ID='scheduled__2025-02-20T00:00:00+00:00'
[2025-02-21T05:15:18.932+0000] {logging_mixin.py:190} INFO - Task instance is in running state
[2025-02-21T05:15:18.932+0000] {logging_mixin.py:190} INFO -  Previous state of the Task instance: queued
[2025-02-21T05:15:18.932+0000] {logging_mixin.py:190} INFO - Current task name:fetch_from_mongo state:running start_date:2025-02-21 05:15:18.831946+00:00
[2025-02-21T05:15:18.932+0000] {logging_mixin.py:190} INFO - Dag name:idp and current dag run status:running
[2025-02-21T05:15:18.932+0000] {taskinstance.py:731} INFO - ::endgroup::
[2025-02-21T05:15:18.933+0000] {logging_mixin.py:190} INFO - Received message from XCom: 
[2025-02-21T05:15:20.784+0000] {logging_mixin.py:190} INFO - Fetched data: []
[2025-02-21T05:15:20.847+0000] {python.py:240} INFO - Done. Returned value was: []
[2025-02-21T05:15:20.866+0000] {taskinstance.py:340} INFO - ::group::Post task execution logs
[2025-02-21T05:15:20.867+0000] {taskinstance.py:352} INFO - Marking task as SUCCESS. dag_id=idp, task_id=fetch_from_mongo, run_id=scheduled__2025-02-20T00:00:00+00:00, execution_date=20250220T000000, start_date=20250221T051518, end_date=20250221T051520
[2025-02-21T05:15:20.873+0000] {logging_mixin.py:190} INFO - Task instance in success state
[2025-02-21T05:15:20.873+0000] {logging_mixin.py:190} INFO -  Previous state of the Task instance: running
[2025-02-21T05:15:20.873+0000] {logging_mixin.py:190} INFO - Dag name:idp queued_at:2025-02-21 05:15:15.400761+00:00
[2025-02-21T05:15:20.874+0000] {logging_mixin.py:190} INFO - Task hostname:3aa1f743f988 operator:PythonOperator
[2025-02-21T05:15:20.899+0000] {local_task_job_runner.py:266} INFO - Task exited with return code 0
[2025-02-21T05:15:20.920+0000] {taskinstance.py:3895} INFO - 0 downstream tasks scheduled from follow-on schedule check
[2025-02-21T05:15:20.921+0000] {local_task_job_runner.py:245} INFO - ::endgroup::
