[2025-01-28T07:55:13.702+0000] {processor.py:186} INFO - Started process (PID=49) to work on /opt/airflow/dags/idp.py
[2025-01-28T07:55:13.703+0000] {processor.py:914} INFO - Processing file /opt/airflow/dags/idp.py for tasks to queue
[2025-01-28T07:55:13.705+0000] {logging_mixin.py:190} INFO - [2025-01-28T07:55:13.705+0000] {dagbag.py:588} INFO - Filling up the DagBag from /opt/airflow/dags/idp.py
[2025-01-28T07:55:13.770+0000] {processor.py:925} INFO - DAG(s) 'idp' retrieved from /opt/airflow/dags/idp.py
[2025-01-28T07:55:13.852+0000] {logging_mixin.py:190} INFO - [2025-01-28T07:55:13.852+0000] {dag.py:3239} INFO - Sync 1 DAGs
[2025-01-28T07:55:13.867+0000] {logging_mixin.py:190} INFO - [2025-01-28T07:55:13.866+0000] {dag.py:4180} INFO - Setting next_dagrun for idp to 2025-01-27 00:00:00+00:00, run_after=2025-01-28 00:00:00+00:00
[2025-01-28T07:55:13.881+0000] {processor.py:208} INFO - Processing /opt/airflow/dags/idp.py took 0.183 seconds
[2025-01-28T07:55:44.723+0000] {processor.py:186} INFO - Started process (PID=115) to work on /opt/airflow/dags/idp.py
[2025-01-28T07:55:44.724+0000] {processor.py:914} INFO - Processing file /opt/airflow/dags/idp.py for tasks to queue
[2025-01-28T07:55:44.729+0000] {logging_mixin.py:190} INFO - [2025-01-28T07:55:44.729+0000] {dagbag.py:588} INFO - Filling up the DagBag from /opt/airflow/dags/idp.py
[2025-01-28T07:55:44.780+0000] {processor.py:925} INFO - DAG(s) 'idp' retrieved from /opt/airflow/dags/idp.py
[2025-01-28T07:55:44.793+0000] {logging_mixin.py:190} INFO - [2025-01-28T07:55:44.793+0000] {dag.py:3239} INFO - Sync 1 DAGs
[2025-01-28T07:55:44.809+0000] {logging_mixin.py:190} INFO - [2025-01-28T07:55:44.809+0000] {dag.py:4180} INFO - Setting next_dagrun for idp to 2025-01-27 00:00:00+00:00, run_after=2025-01-28 00:00:00+00:00
[2025-01-28T07:55:44.835+0000] {processor.py:208} INFO - Processing /opt/airflow/dags/idp.py took 0.117 seconds
[2025-01-28T07:56:15.361+0000] {processor.py:186} INFO - Started process (PID=187) to work on /opt/airflow/dags/idp.py
[2025-01-28T07:56:15.361+0000] {processor.py:914} INFO - Processing file /opt/airflow/dags/idp.py for tasks to queue
[2025-01-28T07:56:15.363+0000] {logging_mixin.py:190} INFO - [2025-01-28T07:56:15.363+0000] {dagbag.py:588} INFO - Filling up the DagBag from /opt/airflow/dags/idp.py
[2025-01-28T07:56:15.400+0000] {processor.py:925} INFO - DAG(s) 'idp' retrieved from /opt/airflow/dags/idp.py
[2025-01-28T07:56:15.410+0000] {logging_mixin.py:190} INFO - [2025-01-28T07:56:15.410+0000] {dag.py:3239} INFO - Sync 1 DAGs
[2025-01-28T07:56:15.421+0000] {logging_mixin.py:190} INFO - [2025-01-28T07:56:15.421+0000] {dag.py:4180} INFO - Setting next_dagrun for idp to 2025-01-27 00:00:00+00:00, run_after=2025-01-28 00:00:00+00:00
[2025-01-28T07:56:15.428+0000] {processor.py:208} INFO - Processing /opt/airflow/dags/idp.py took 0.071 seconds
[2025-01-28T07:56:45.703+0000] {processor.py:186} INFO - Started process (PID=253) to work on /opt/airflow/dags/idp.py
[2025-01-28T07:56:45.703+0000] {processor.py:914} INFO - Processing file /opt/airflow/dags/idp.py for tasks to queue
[2025-01-28T07:56:45.704+0000] {logging_mixin.py:190} INFO - [2025-01-28T07:56:45.704+0000] {dagbag.py:588} INFO - Filling up the DagBag from /opt/airflow/dags/idp.py
[2025-01-28T07:56:45.741+0000] {processor.py:925} INFO - DAG(s) 'idp' retrieved from /opt/airflow/dags/idp.py
[2025-01-28T07:56:45.752+0000] {logging_mixin.py:190} INFO - [2025-01-28T07:56:45.752+0000] {dag.py:3239} INFO - Sync 1 DAGs
[2025-01-28T07:56:45.763+0000] {logging_mixin.py:190} INFO - [2025-01-28T07:56:45.763+0000] {dag.py:4180} INFO - Setting next_dagrun for idp to 2025-01-27 00:00:00+00:00, run_after=2025-01-28 00:00:00+00:00
[2025-01-28T07:56:45.770+0000] {processor.py:208} INFO - Processing /opt/airflow/dags/idp.py took 0.071 seconds
[2025-01-28T07:57:15.965+0000] {processor.py:186} INFO - Started process (PID=319) to work on /opt/airflow/dags/idp.py
[2025-01-28T07:57:15.965+0000] {processor.py:914} INFO - Processing file /opt/airflow/dags/idp.py for tasks to queue
[2025-01-28T07:57:15.967+0000] {logging_mixin.py:190} INFO - [2025-01-28T07:57:15.967+0000] {dagbag.py:588} INFO - Filling up the DagBag from /opt/airflow/dags/idp.py
[2025-01-28T07:57:16.003+0000] {processor.py:925} INFO - DAG(s) 'idp' retrieved from /opt/airflow/dags/idp.py
[2025-01-28T07:57:16.013+0000] {logging_mixin.py:190} INFO - [2025-01-28T07:57:16.013+0000] {dag.py:3239} INFO - Sync 1 DAGs
[2025-01-28T07:57:16.024+0000] {logging_mixin.py:190} INFO - [2025-01-28T07:57:16.024+0000] {dag.py:4180} INFO - Setting next_dagrun for idp to 2025-01-27 00:00:00+00:00, run_after=2025-01-28 00:00:00+00:00
[2025-01-28T07:57:16.032+0000] {processor.py:208} INFO - Processing /opt/airflow/dags/idp.py took 0.071 seconds
[2025-01-28T07:59:05.186+0000] {processor.py:186} INFO - Started process (PID=42) to work on /opt/airflow/dags/idp.py
[2025-01-28T07:59:05.187+0000] {processor.py:914} INFO - Processing file /opt/airflow/dags/idp.py for tasks to queue
[2025-01-28T07:59:05.188+0000] {logging_mixin.py:190} INFO - [2025-01-28T07:59:05.188+0000] {dagbag.py:588} INFO - Filling up the DagBag from /opt/airflow/dags/idp.py
[2025-01-28T07:59:05.238+0000] {processor.py:925} INFO - DAG(s) 'idp' retrieved from /opt/airflow/dags/idp.py
[2025-01-28T07:59:05.260+0000] {logging_mixin.py:190} INFO - [2025-01-28T07:59:05.259+0000] {dag.py:3239} INFO - Sync 1 DAGs
[2025-01-28T07:59:05.275+0000] {logging_mixin.py:190} INFO - [2025-01-28T07:59:05.274+0000] {dag.py:4180} INFO - Setting next_dagrun for idp to 2025-01-27 00:00:00+00:00, run_after=2025-01-28 00:00:00+00:00
[2025-01-28T07:59:05.286+0000] {processor.py:208} INFO - Processing /opt/airflow/dags/idp.py took 0.108 seconds
[2025-01-28T07:59:35.550+0000] {processor.py:186} INFO - Started process (PID=108) to work on /opt/airflow/dags/idp.py
[2025-01-28T07:59:35.550+0000] {processor.py:914} INFO - Processing file /opt/airflow/dags/idp.py for tasks to queue
[2025-01-28T07:59:35.552+0000] {logging_mixin.py:190} INFO - [2025-01-28T07:59:35.552+0000] {dagbag.py:588} INFO - Filling up the DagBag from /opt/airflow/dags/idp.py
[2025-01-28T07:59:35.587+0000] {processor.py:925} INFO - DAG(s) 'idp' retrieved from /opt/airflow/dags/idp.py
[2025-01-28T07:59:35.596+0000] {logging_mixin.py:190} INFO - [2025-01-28T07:59:35.596+0000] {dag.py:3239} INFO - Sync 1 DAGs
[2025-01-28T07:59:35.610+0000] {logging_mixin.py:190} INFO - [2025-01-28T07:59:35.610+0000] {dag.py:4180} INFO - Setting next_dagrun for idp to 2025-01-27 00:00:00+00:00, run_after=2025-01-28 00:00:00+00:00
[2025-01-28T07:59:35.619+0000] {processor.py:208} INFO - Processing /opt/airflow/dags/idp.py took 0.072 seconds
[2025-01-28T08:00:05.985+0000] {processor.py:186} INFO - Started process (PID=180) to work on /opt/airflow/dags/idp.py
[2025-01-28T08:00:05.985+0000] {processor.py:914} INFO - Processing file /opt/airflow/dags/idp.py for tasks to queue
[2025-01-28T08:00:05.986+0000] {logging_mixin.py:190} INFO - [2025-01-28T08:00:05.986+0000] {dagbag.py:588} INFO - Filling up the DagBag from /opt/airflow/dags/idp.py
[2025-01-28T08:00:06.025+0000] {processor.py:925} INFO - DAG(s) 'idp' retrieved from /opt/airflow/dags/idp.py
[2025-01-28T08:00:06.036+0000] {logging_mixin.py:190} INFO - [2025-01-28T08:00:06.036+0000] {dag.py:3239} INFO - Sync 1 DAGs
[2025-01-28T08:00:06.049+0000] {logging_mixin.py:190} INFO - [2025-01-28T08:00:06.049+0000] {dag.py:4180} INFO - Setting next_dagrun for idp to 2025-01-27 00:00:00+00:00, run_after=2025-01-28 00:00:00+00:00
[2025-01-28T08:00:06.059+0000] {processor.py:208} INFO - Processing /opt/airflow/dags/idp.py took 0.078 seconds
[2025-01-28T08:00:36.395+0000] {processor.py:186} INFO - Started process (PID=246) to work on /opt/airflow/dags/idp.py
[2025-01-28T08:00:36.396+0000] {processor.py:914} INFO - Processing file /opt/airflow/dags/idp.py for tasks to queue
[2025-01-28T08:00:36.397+0000] {logging_mixin.py:190} INFO - [2025-01-28T08:00:36.397+0000] {dagbag.py:588} INFO - Filling up the DagBag from /opt/airflow/dags/idp.py
[2025-01-28T08:00:36.436+0000] {processor.py:925} INFO - DAG(s) 'idp' retrieved from /opt/airflow/dags/idp.py
[2025-01-28T08:00:36.446+0000] {logging_mixin.py:190} INFO - [2025-01-28T08:00:36.446+0000] {dag.py:3239} INFO - Sync 1 DAGs
[2025-01-28T08:00:36.456+0000] {logging_mixin.py:190} INFO - [2025-01-28T08:00:36.456+0000] {dag.py:4180} INFO - Setting next_dagrun for idp to 2025-01-27 00:00:00+00:00, run_after=2025-01-28 00:00:00+00:00
[2025-01-28T08:00:36.464+0000] {processor.py:208} INFO - Processing /opt/airflow/dags/idp.py took 0.073 seconds
[2025-01-28T08:01:06.788+0000] {processor.py:186} INFO - Started process (PID=312) to work on /opt/airflow/dags/idp.py
[2025-01-28T08:01:06.788+0000] {processor.py:914} INFO - Processing file /opt/airflow/dags/idp.py for tasks to queue
[2025-01-28T08:01:06.789+0000] {logging_mixin.py:190} INFO - [2025-01-28T08:01:06.789+0000] {dagbag.py:588} INFO - Filling up the DagBag from /opt/airflow/dags/idp.py
[2025-01-28T08:01:06.825+0000] {processor.py:925} INFO - DAG(s) 'idp' retrieved from /opt/airflow/dags/idp.py
[2025-01-28T08:01:06.834+0000] {logging_mixin.py:190} INFO - [2025-01-28T08:01:06.834+0000] {dag.py:3239} INFO - Sync 1 DAGs
[2025-01-28T08:01:06.845+0000] {logging_mixin.py:190} INFO - [2025-01-28T08:01:06.845+0000] {dag.py:4180} INFO - Setting next_dagrun for idp to 2025-01-27 00:00:00+00:00, run_after=2025-01-28 00:00:00+00:00
[2025-01-28T08:01:06.853+0000] {processor.py:208} INFO - Processing /opt/airflow/dags/idp.py took 0.069 seconds
[2025-01-28T08:01:37.182+0000] {processor.py:186} INFO - Started process (PID=378) to work on /opt/airflow/dags/idp.py
[2025-01-28T08:01:37.182+0000] {processor.py:914} INFO - Processing file /opt/airflow/dags/idp.py for tasks to queue
[2025-01-28T08:01:37.184+0000] {logging_mixin.py:190} INFO - [2025-01-28T08:01:37.184+0000] {dagbag.py:588} INFO - Filling up the DagBag from /opt/airflow/dags/idp.py
[2025-01-28T08:01:37.216+0000] {processor.py:925} INFO - DAG(s) 'idp' retrieved from /opt/airflow/dags/idp.py
[2025-01-28T08:01:37.226+0000] {logging_mixin.py:190} INFO - [2025-01-28T08:01:37.226+0000] {dag.py:3239} INFO - Sync 1 DAGs
[2025-01-28T08:01:37.236+0000] {logging_mixin.py:190} INFO - [2025-01-28T08:01:37.236+0000] {dag.py:4180} INFO - Setting next_dagrun for idp to 2025-01-27 00:00:00+00:00, run_after=2025-01-28 00:00:00+00:00
[2025-01-28T08:01:37.244+0000] {processor.py:208} INFO - Processing /opt/airflow/dags/idp.py took 0.066 seconds
[2025-01-28T08:02:08.291+0000] {processor.py:186} INFO - Started process (PID=444) to work on /opt/airflow/dags/idp.py
[2025-01-28T08:02:08.292+0000] {processor.py:914} INFO - Processing file /opt/airflow/dags/idp.py for tasks to queue
[2025-01-28T08:02:08.293+0000] {logging_mixin.py:190} INFO - [2025-01-28T08:02:08.293+0000] {dagbag.py:588} INFO - Filling up the DagBag from /opt/airflow/dags/idp.py
[2025-01-28T08:02:08.328+0000] {processor.py:925} INFO - DAG(s) 'idp' retrieved from /opt/airflow/dags/idp.py
[2025-01-28T08:02:08.337+0000] {logging_mixin.py:190} INFO - [2025-01-28T08:02:08.336+0000] {dag.py:3239} INFO - Sync 1 DAGs
[2025-01-28T08:02:08.346+0000] {logging_mixin.py:190} INFO - [2025-01-28T08:02:08.346+0000] {dag.py:4180} INFO - Setting next_dagrun for idp to 2025-01-27 00:00:00+00:00, run_after=2025-01-28 00:00:00+00:00
[2025-01-28T08:02:08.353+0000] {processor.py:208} INFO - Processing /opt/airflow/dags/idp.py took 0.065 seconds
[2025-01-28T08:02:38.437+0000] {processor.py:186} INFO - Started process (PID=510) to work on /opt/airflow/dags/idp.py
[2025-01-28T08:02:38.438+0000] {processor.py:914} INFO - Processing file /opt/airflow/dags/idp.py for tasks to queue
[2025-01-28T08:02:38.440+0000] {logging_mixin.py:190} INFO - [2025-01-28T08:02:38.440+0000] {dagbag.py:588} INFO - Filling up the DagBag from /opt/airflow/dags/idp.py
[2025-01-28T08:02:38.481+0000] {processor.py:925} INFO - DAG(s) 'idp' retrieved from /opt/airflow/dags/idp.py
[2025-01-28T08:02:38.491+0000] {logging_mixin.py:190} INFO - [2025-01-28T08:02:38.491+0000] {dag.py:3239} INFO - Sync 1 DAGs
[2025-01-28T08:02:38.502+0000] {logging_mixin.py:190} INFO - [2025-01-28T08:02:38.502+0000] {dag.py:4180} INFO - Setting next_dagrun for idp to 2025-01-27 00:00:00+00:00, run_after=2025-01-28 00:00:00+00:00
[2025-01-28T08:02:38.510+0000] {processor.py:208} INFO - Processing /opt/airflow/dags/idp.py took 0.076 seconds
[2025-01-28T08:03:08.739+0000] {processor.py:186} INFO - Started process (PID=576) to work on /opt/airflow/dags/idp.py
[2025-01-28T08:03:08.739+0000] {processor.py:914} INFO - Processing file /opt/airflow/dags/idp.py for tasks to queue
[2025-01-28T08:03:08.741+0000] {logging_mixin.py:190} INFO - [2025-01-28T08:03:08.740+0000] {dagbag.py:588} INFO - Filling up the DagBag from /opt/airflow/dags/idp.py
[2025-01-28T08:03:08.782+0000] {processor.py:925} INFO - DAG(s) 'idp' retrieved from /opt/airflow/dags/idp.py
[2025-01-28T08:03:08.793+0000] {logging_mixin.py:190} INFO - [2025-01-28T08:03:08.793+0000] {dag.py:3239} INFO - Sync 1 DAGs
[2025-01-28T08:03:08.804+0000] {logging_mixin.py:190} INFO - [2025-01-28T08:03:08.804+0000] {dag.py:4180} INFO - Setting next_dagrun for idp to 2025-01-27 00:00:00+00:00, run_after=2025-01-28 00:00:00+00:00
[2025-01-28T08:03:08.811+0000] {processor.py:208} INFO - Processing /opt/airflow/dags/idp.py took 0.075 seconds
[2025-01-28T08:03:39.205+0000] {processor.py:186} INFO - Started process (PID=642) to work on /opt/airflow/dags/idp.py
[2025-01-28T08:03:39.205+0000] {processor.py:914} INFO - Processing file /opt/airflow/dags/idp.py for tasks to queue
[2025-01-28T08:03:39.206+0000] {logging_mixin.py:190} INFO - [2025-01-28T08:03:39.206+0000] {dagbag.py:588} INFO - Filling up the DagBag from /opt/airflow/dags/idp.py
[2025-01-28T08:03:39.239+0000] {processor.py:925} INFO - DAG(s) 'idp' retrieved from /opt/airflow/dags/idp.py
[2025-01-28T08:03:39.248+0000] {logging_mixin.py:190} INFO - [2025-01-28T08:03:39.248+0000] {dag.py:3239} INFO - Sync 1 DAGs
[2025-01-28T08:03:39.259+0000] {logging_mixin.py:190} INFO - [2025-01-28T08:03:39.258+0000] {dag.py:4180} INFO - Setting next_dagrun for idp to 2025-01-27 00:00:00+00:00, run_after=2025-01-28 00:00:00+00:00
[2025-01-28T08:03:39.266+0000] {processor.py:208} INFO - Processing /opt/airflow/dags/idp.py took 0.064 seconds
[2025-01-28T08:04:10.263+0000] {processor.py:186} INFO - Started process (PID=708) to work on /opt/airflow/dags/idp.py
[2025-01-28T08:04:10.263+0000] {processor.py:914} INFO - Processing file /opt/airflow/dags/idp.py for tasks to queue
[2025-01-28T08:04:10.264+0000] {logging_mixin.py:190} INFO - [2025-01-28T08:04:10.264+0000] {dagbag.py:588} INFO - Filling up the DagBag from /opt/airflow/dags/idp.py
[2025-01-28T08:04:10.299+0000] {processor.py:925} INFO - DAG(s) 'idp' retrieved from /opt/airflow/dags/idp.py
[2025-01-28T08:04:10.309+0000] {logging_mixin.py:190} INFO - [2025-01-28T08:04:10.308+0000] {dag.py:3239} INFO - Sync 1 DAGs
[2025-01-28T08:04:10.319+0000] {logging_mixin.py:190} INFO - [2025-01-28T08:04:10.319+0000] {dag.py:4180} INFO - Setting next_dagrun for idp to 2025-01-27 00:00:00+00:00, run_after=2025-01-28 00:00:00+00:00
[2025-01-28T08:04:10.326+0000] {processor.py:208} INFO - Processing /opt/airflow/dags/idp.py took 0.068 seconds
[2025-01-28T08:04:40.614+0000] {processor.py:186} INFO - Started process (PID=773) to work on /opt/airflow/dags/idp.py
[2025-01-28T08:04:40.615+0000] {processor.py:914} INFO - Processing file /opt/airflow/dags/idp.py for tasks to queue
[2025-01-28T08:04:40.618+0000] {logging_mixin.py:190} INFO - [2025-01-28T08:04:40.617+0000] {dagbag.py:588} INFO - Filling up the DagBag from /opt/airflow/dags/idp.py
[2025-01-28T08:04:40.658+0000] {processor.py:925} INFO - DAG(s) 'idp' retrieved from /opt/airflow/dags/idp.py
[2025-01-28T08:04:40.671+0000] {logging_mixin.py:190} INFO - [2025-01-28T08:04:40.670+0000] {dag.py:3239} INFO - Sync 1 DAGs
[2025-01-28T08:04:40.683+0000] {logging_mixin.py:190} INFO - [2025-01-28T08:04:40.683+0000] {dag.py:4180} INFO - Setting next_dagrun for idp to 2025-01-27 00:00:00+00:00, run_after=2025-01-28 00:00:00+00:00
[2025-01-28T08:04:40.692+0000] {processor.py:208} INFO - Processing /opt/airflow/dags/idp.py took 0.081 seconds
[2025-01-28T08:05:11.747+0000] {processor.py:186} INFO - Started process (PID=839) to work on /opt/airflow/dags/idp.py
[2025-01-28T08:05:11.748+0000] {processor.py:914} INFO - Processing file /opt/airflow/dags/idp.py for tasks to queue
[2025-01-28T08:05:11.749+0000] {logging_mixin.py:190} INFO - [2025-01-28T08:05:11.749+0000] {dagbag.py:588} INFO - Filling up the DagBag from /opt/airflow/dags/idp.py
[2025-01-28T08:05:11.783+0000] {processor.py:925} INFO - DAG(s) 'idp' retrieved from /opt/airflow/dags/idp.py
[2025-01-28T08:05:11.793+0000] {logging_mixin.py:190} INFO - [2025-01-28T08:05:11.793+0000] {dag.py:3239} INFO - Sync 1 DAGs
[2025-01-28T08:05:11.803+0000] {logging_mixin.py:190} INFO - [2025-01-28T08:05:11.803+0000] {dag.py:4180} INFO - Setting next_dagrun for idp to 2025-01-27 00:00:00+00:00, run_after=2025-01-28 00:00:00+00:00
[2025-01-28T08:05:11.811+0000] {processor.py:208} INFO - Processing /opt/airflow/dags/idp.py took 0.067 seconds
[2025-01-28T08:05:41.949+0000] {processor.py:186} INFO - Started process (PID=905) to work on /opt/airflow/dags/idp.py
[2025-01-28T08:05:41.950+0000] {processor.py:914} INFO - Processing file /opt/airflow/dags/idp.py for tasks to queue
[2025-01-28T08:05:41.951+0000] {logging_mixin.py:190} INFO - [2025-01-28T08:05:41.951+0000] {dagbag.py:588} INFO - Filling up the DagBag from /opt/airflow/dags/idp.py
[2025-01-28T08:05:41.984+0000] {processor.py:925} INFO - DAG(s) 'idp' retrieved from /opt/airflow/dags/idp.py
[2025-01-28T08:05:41.994+0000] {logging_mixin.py:190} INFO - [2025-01-28T08:05:41.993+0000] {dag.py:3239} INFO - Sync 1 DAGs
[2025-01-28T08:05:42.003+0000] {logging_mixin.py:190} INFO - [2025-01-28T08:05:42.003+0000] {dag.py:4180} INFO - Setting next_dagrun for idp to 2025-01-27 00:00:00+00:00, run_after=2025-01-28 00:00:00+00:00
[2025-01-28T08:05:42.011+0000] {processor.py:208} INFO - Processing /opt/airflow/dags/idp.py took 0.064 seconds
[2025-01-28T08:06:12.240+0000] {processor.py:186} INFO - Started process (PID=971) to work on /opt/airflow/dags/idp.py
[2025-01-28T08:06:12.240+0000] {processor.py:914} INFO - Processing file /opt/airflow/dags/idp.py for tasks to queue
[2025-01-28T08:06:12.242+0000] {logging_mixin.py:190} INFO - [2025-01-28T08:06:12.242+0000] {dagbag.py:588} INFO - Filling up the DagBag from /opt/airflow/dags/idp.py
[2025-01-28T08:06:12.276+0000] {processor.py:925} INFO - DAG(s) 'idp' retrieved from /opt/airflow/dags/idp.py
[2025-01-28T08:06:12.286+0000] {logging_mixin.py:190} INFO - [2025-01-28T08:06:12.286+0000] {dag.py:3239} INFO - Sync 1 DAGs
[2025-01-28T08:06:12.296+0000] {logging_mixin.py:190} INFO - [2025-01-28T08:06:12.296+0000] {dag.py:4180} INFO - Setting next_dagrun for idp to 2025-01-27 00:00:00+00:00, run_after=2025-01-28 00:00:00+00:00
[2025-01-28T08:06:12.303+0000] {processor.py:208} INFO - Processing /opt/airflow/dags/idp.py took 0.066 seconds
[2025-01-28T08:06:42.480+0000] {processor.py:186} INFO - Started process (PID=1037) to work on /opt/airflow/dags/idp.py
[2025-01-28T08:06:42.480+0000] {processor.py:914} INFO - Processing file /opt/airflow/dags/idp.py for tasks to queue
[2025-01-28T08:06:42.482+0000] {logging_mixin.py:190} INFO - [2025-01-28T08:06:42.482+0000] {dagbag.py:588} INFO - Filling up the DagBag from /opt/airflow/dags/idp.py
[2025-01-28T08:06:42.529+0000] {processor.py:925} INFO - DAG(s) 'idp' retrieved from /opt/airflow/dags/idp.py
[2025-01-28T08:06:42.542+0000] {logging_mixin.py:190} INFO - [2025-01-28T08:06:42.542+0000] {dag.py:3239} INFO - Sync 1 DAGs
[2025-01-28T08:06:42.555+0000] {logging_mixin.py:190} INFO - [2025-01-28T08:06:42.555+0000] {dag.py:4180} INFO - Setting next_dagrun for idp to 2025-01-27 00:00:00+00:00, run_after=2025-01-28 00:00:00+00:00
[2025-01-28T08:06:42.563+0000] {processor.py:208} INFO - Processing /opt/airflow/dags/idp.py took 0.087 seconds
[2025-01-28T08:07:12.819+0000] {processor.py:186} INFO - Started process (PID=1103) to work on /opt/airflow/dags/idp.py
[2025-01-28T08:07:12.819+0000] {processor.py:914} INFO - Processing file /opt/airflow/dags/idp.py for tasks to queue
[2025-01-28T08:07:12.821+0000] {logging_mixin.py:190} INFO - [2025-01-28T08:07:12.821+0000] {dagbag.py:588} INFO - Filling up the DagBag from /opt/airflow/dags/idp.py
[2025-01-28T08:07:12.863+0000] {processor.py:925} INFO - DAG(s) 'idp' retrieved from /opt/airflow/dags/idp.py
[2025-01-28T08:07:12.875+0000] {logging_mixin.py:190} INFO - [2025-01-28T08:07:12.875+0000] {dag.py:3239} INFO - Sync 1 DAGs
[2025-01-28T08:07:12.887+0000] {logging_mixin.py:190} INFO - [2025-01-28T08:07:12.886+0000] {dag.py:4180} INFO - Setting next_dagrun for idp to 2025-01-27 00:00:00+00:00, run_after=2025-01-28 00:00:00+00:00
[2025-01-28T08:07:12.895+0000] {processor.py:208} INFO - Processing /opt/airflow/dags/idp.py took 0.080 seconds
[2025-01-28T08:07:43.380+0000] {processor.py:186} INFO - Started process (PID=1169) to work on /opt/airflow/dags/idp.py
[2025-01-28T08:07:43.382+0000] {processor.py:914} INFO - Processing file /opt/airflow/dags/idp.py for tasks to queue
[2025-01-28T08:07:43.383+0000] {logging_mixin.py:190} INFO - [2025-01-28T08:07:43.383+0000] {dagbag.py:588} INFO - Filling up the DagBag from /opt/airflow/dags/idp.py
[2025-01-28T08:07:43.422+0000] {processor.py:925} INFO - DAG(s) 'idp' retrieved from /opt/airflow/dags/idp.py
[2025-01-28T08:07:43.433+0000] {logging_mixin.py:190} INFO - [2025-01-28T08:07:43.433+0000] {dag.py:3239} INFO - Sync 1 DAGs
[2025-01-28T08:07:43.444+0000] {logging_mixin.py:190} INFO - [2025-01-28T08:07:43.444+0000] {dag.py:4180} INFO - Setting next_dagrun for idp to 2025-01-27 00:00:00+00:00, run_after=2025-01-28 00:00:00+00:00
[2025-01-28T08:07:43.455+0000] {processor.py:208} INFO - Processing /opt/airflow/dags/idp.py took 0.078 seconds
[2025-01-28T08:08:14.400+0000] {processor.py:186} INFO - Started process (PID=1235) to work on /opt/airflow/dags/idp.py
[2025-01-28T08:08:14.401+0000] {processor.py:914} INFO - Processing file /opt/airflow/dags/idp.py for tasks to queue
[2025-01-28T08:08:14.402+0000] {logging_mixin.py:190} INFO - [2025-01-28T08:08:14.402+0000] {dagbag.py:588} INFO - Filling up the DagBag from /opt/airflow/dags/idp.py
[2025-01-28T08:08:14.435+0000] {processor.py:925} INFO - DAG(s) 'idp' retrieved from /opt/airflow/dags/idp.py
[2025-01-28T08:08:14.444+0000] {logging_mixin.py:190} INFO - [2025-01-28T08:08:14.444+0000] {dag.py:3239} INFO - Sync 1 DAGs
[2025-01-28T08:08:14.454+0000] {logging_mixin.py:190} INFO - [2025-01-28T08:08:14.454+0000] {dag.py:4180} INFO - Setting next_dagrun for idp to 2025-01-27 00:00:00+00:00, run_after=2025-01-28 00:00:00+00:00
[2025-01-28T08:08:14.462+0000] {processor.py:208} INFO - Processing /opt/airflow/dags/idp.py took 0.065 seconds
[2025-01-28T08:08:44.601+0000] {processor.py:186} INFO - Started process (PID=1301) to work on /opt/airflow/dags/idp.py
[2025-01-28T08:08:44.601+0000] {processor.py:914} INFO - Processing file /opt/airflow/dags/idp.py for tasks to queue
[2025-01-28T08:08:44.602+0000] {logging_mixin.py:190} INFO - [2025-01-28T08:08:44.602+0000] {dagbag.py:588} INFO - Filling up the DagBag from /opt/airflow/dags/idp.py
[2025-01-28T08:08:44.635+0000] {processor.py:925} INFO - DAG(s) 'idp' retrieved from /opt/airflow/dags/idp.py
[2025-01-28T08:08:44.644+0000] {logging_mixin.py:190} INFO - [2025-01-28T08:08:44.644+0000] {dag.py:3239} INFO - Sync 1 DAGs
[2025-01-28T08:08:44.654+0000] {logging_mixin.py:190} INFO - [2025-01-28T08:08:44.654+0000] {dag.py:4180} INFO - Setting next_dagrun for idp to 2025-01-27 00:00:00+00:00, run_after=2025-01-28 00:00:00+00:00
[2025-01-28T08:08:44.661+0000] {processor.py:208} INFO - Processing /opt/airflow/dags/idp.py took 0.063 seconds
[2025-01-28T08:09:14.806+0000] {processor.py:186} INFO - Started process (PID=1367) to work on /opt/airflow/dags/idp.py
[2025-01-28T08:09:14.806+0000] {processor.py:914} INFO - Processing file /opt/airflow/dags/idp.py for tasks to queue
[2025-01-28T08:09:14.807+0000] {logging_mixin.py:190} INFO - [2025-01-28T08:09:14.807+0000] {dagbag.py:588} INFO - Filling up the DagBag from /opt/airflow/dags/idp.py
[2025-01-28T08:09:14.839+0000] {processor.py:925} INFO - DAG(s) 'idp' retrieved from /opt/airflow/dags/idp.py
[2025-01-28T08:09:14.848+0000] {logging_mixin.py:190} INFO - [2025-01-28T08:09:14.848+0000] {dag.py:3239} INFO - Sync 1 DAGs
[2025-01-28T08:09:14.858+0000] {logging_mixin.py:190} INFO - [2025-01-28T08:09:14.858+0000] {dag.py:4180} INFO - Setting next_dagrun for idp to 2025-01-27 00:00:00+00:00, run_after=2025-01-28 00:00:00+00:00
[2025-01-28T08:09:14.865+0000] {processor.py:208} INFO - Processing /opt/airflow/dags/idp.py took 0.062 seconds
[2025-01-28T08:09:45.919+0000] {processor.py:186} INFO - Started process (PID=1433) to work on /opt/airflow/dags/idp.py
[2025-01-28T08:09:45.920+0000] {processor.py:914} INFO - Processing file /opt/airflow/dags/idp.py for tasks to queue
[2025-01-28T08:09:45.921+0000] {logging_mixin.py:190} INFO - [2025-01-28T08:09:45.921+0000] {dagbag.py:588} INFO - Filling up the DagBag from /opt/airflow/dags/idp.py
[2025-01-28T08:09:45.953+0000] {processor.py:925} INFO - DAG(s) 'idp' retrieved from /opt/airflow/dags/idp.py
[2025-01-28T08:09:45.963+0000] {logging_mixin.py:190} INFO - [2025-01-28T08:09:45.963+0000] {dag.py:3239} INFO - Sync 1 DAGs
[2025-01-28T08:09:45.973+0000] {logging_mixin.py:190} INFO - [2025-01-28T08:09:45.973+0000] {dag.py:4180} INFO - Setting next_dagrun for idp to 2025-01-27 00:00:00+00:00, run_after=2025-01-28 00:00:00+00:00
[2025-01-28T08:09:45.980+0000] {processor.py:208} INFO - Processing /opt/airflow/dags/idp.py took 0.064 seconds
[2025-01-28T08:10:16.388+0000] {processor.py:186} INFO - Started process (PID=1499) to work on /opt/airflow/dags/idp.py
[2025-01-28T08:10:16.388+0000] {processor.py:914} INFO - Processing file /opt/airflow/dags/idp.py for tasks to queue
[2025-01-28T08:10:16.389+0000] {logging_mixin.py:190} INFO - [2025-01-28T08:10:16.389+0000] {dagbag.py:588} INFO - Filling up the DagBag from /opt/airflow/dags/idp.py
[2025-01-28T08:10:16.422+0000] {processor.py:925} INFO - DAG(s) 'idp' retrieved from /opt/airflow/dags/idp.py
[2025-01-28T08:10:16.431+0000] {logging_mixin.py:190} INFO - [2025-01-28T08:10:16.431+0000] {dag.py:3239} INFO - Sync 1 DAGs
[2025-01-28T08:10:16.441+0000] {logging_mixin.py:190} INFO - [2025-01-28T08:10:16.441+0000] {dag.py:4180} INFO - Setting next_dagrun for idp to 2025-01-27 00:00:00+00:00, run_after=2025-01-28 00:00:00+00:00
[2025-01-28T08:10:16.449+0000] {processor.py:208} INFO - Processing /opt/airflow/dags/idp.py took 0.064 seconds
[2025-01-28T08:10:46.760+0000] {processor.py:186} INFO - Started process (PID=1565) to work on /opt/airflow/dags/idp.py
[2025-01-28T08:10:46.761+0000] {processor.py:914} INFO - Processing file /opt/airflow/dags/idp.py for tasks to queue
[2025-01-28T08:10:46.762+0000] {logging_mixin.py:190} INFO - [2025-01-28T08:10:46.762+0000] {dagbag.py:588} INFO - Filling up the DagBag from /opt/airflow/dags/idp.py
[2025-01-28T08:10:46.796+0000] {processor.py:925} INFO - DAG(s) 'idp' retrieved from /opt/airflow/dags/idp.py
[2025-01-28T08:10:46.805+0000] {logging_mixin.py:190} INFO - [2025-01-28T08:10:46.805+0000] {dag.py:3239} INFO - Sync 1 DAGs
[2025-01-28T08:10:46.816+0000] {logging_mixin.py:190} INFO - [2025-01-28T08:10:46.816+0000] {dag.py:4180} INFO - Setting next_dagrun for idp to 2025-01-27 00:00:00+00:00, run_after=2025-01-28 00:00:00+00:00
[2025-01-28T08:10:46.823+0000] {processor.py:208} INFO - Processing /opt/airflow/dags/idp.py took 0.066 seconds
[2025-01-28T08:14:15.177+0000] {processor.py:186} INFO - Started process (PID=1631) to work on /opt/airflow/dags/idp.py
[2025-01-28T08:14:15.178+0000] {processor.py:914} INFO - Processing file /opt/airflow/dags/idp.py for tasks to queue
[2025-01-28T08:14:15.183+0000] {logging_mixin.py:190} INFO - [2025-01-28T08:14:15.183+0000] {dagbag.py:588} INFO - Filling up the DagBag from /opt/airflow/dags/idp.py
[2025-01-28T08:14:15.227+0000] {processor.py:925} INFO - DAG(s) 'idp' retrieved from /opt/airflow/dags/idp.py
[2025-01-28T08:14:15.239+0000] {logging_mixin.py:190} INFO - [2025-01-28T08:14:15.239+0000] {dag.py:3239} INFO - Sync 1 DAGs
[2025-01-28T08:14:15.252+0000] {logging_mixin.py:190} INFO - [2025-01-28T08:14:15.252+0000] {dag.py:4180} INFO - Setting next_dagrun for idp to 2025-01-27 00:00:00+00:00, run_after=2025-01-28 00:00:00+00:00
[2025-01-28T08:14:15.263+0000] {processor.py:208} INFO - Processing /opt/airflow/dags/idp.py took 0.092 seconds
[2025-01-28T08:14:45.622+0000] {processor.py:186} INFO - Started process (PID=1697) to work on /opt/airflow/dags/idp.py
[2025-01-28T08:14:45.622+0000] {processor.py:914} INFO - Processing file /opt/airflow/dags/idp.py for tasks to queue
[2025-01-28T08:14:45.624+0000] {logging_mixin.py:190} INFO - [2025-01-28T08:14:45.623+0000] {dagbag.py:588} INFO - Filling up the DagBag from /opt/airflow/dags/idp.py
[2025-01-28T08:14:45.657+0000] {processor.py:925} INFO - DAG(s) 'idp' retrieved from /opt/airflow/dags/idp.py
[2025-01-28T08:14:45.667+0000] {logging_mixin.py:190} INFO - [2025-01-28T08:14:45.667+0000] {dag.py:3239} INFO - Sync 1 DAGs
[2025-01-28T08:14:45.678+0000] {logging_mixin.py:190} INFO - [2025-01-28T08:14:45.678+0000] {dag.py:4180} INFO - Setting next_dagrun for idp to 2025-01-27 00:00:00+00:00, run_after=2025-01-28 00:00:00+00:00
[2025-01-28T08:14:45.686+0000] {processor.py:208} INFO - Processing /opt/airflow/dags/idp.py took 0.068 seconds
[2025-01-28T12:44:02.128+0000] {processor.py:186} INFO - Started process (PID=50) to work on /opt/airflow/dags/idp.py
[2025-01-28T12:44:02.129+0000] {processor.py:914} INFO - Processing file /opt/airflow/dags/idp.py for tasks to queue
[2025-01-28T12:44:02.132+0000] {logging_mixin.py:190} INFO - [2025-01-28T12:44:02.131+0000] {dagbag.py:588} INFO - Filling up the DagBag from /opt/airflow/dags/idp.py
[2025-01-28T12:44:02.195+0000] {processor.py:925} INFO - DAG(s) 'idp' retrieved from /opt/airflow/dags/idp.py
[2025-01-28T12:44:02.219+0000] {logging_mixin.py:190} INFO - [2025-01-28T12:44:02.219+0000] {dag.py:3239} INFO - Sync 1 DAGs
[2025-01-28T12:44:02.242+0000] {logging_mixin.py:190} INFO - [2025-01-28T12:44:02.242+0000] {dag.py:4180} INFO - Setting next_dagrun for idp to 2025-01-27 00:00:00+00:00, run_after=2025-01-28 00:00:00+00:00
[2025-01-28T12:44:02.257+0000] {processor.py:208} INFO - Processing /opt/airflow/dags/idp.py took 0.134 seconds
[2025-01-28T12:44:18.722+0000] {processor.py:186} INFO - Started process (PID=43) to work on /opt/airflow/dags/idp.py
[2025-01-28T12:44:18.723+0000] {processor.py:914} INFO - Processing file /opt/airflow/dags/idp.py for tasks to queue
[2025-01-28T12:44:18.732+0000] {logging_mixin.py:190} INFO - [2025-01-28T12:44:18.730+0000] {dagbag.py:588} INFO - Filling up the DagBag from /opt/airflow/dags/idp.py
[2025-01-28T12:44:18.805+0000] {processor.py:925} INFO - DAG(s) 'idp' retrieved from /opt/airflow/dags/idp.py
[2025-01-28T12:44:18.829+0000] {logging_mixin.py:190} INFO - [2025-01-28T12:44:18.828+0000] {dag.py:3239} INFO - Sync 1 DAGs
[2025-01-28T12:44:18.847+0000] {logging_mixin.py:190} INFO - [2025-01-28T12:44:18.846+0000] {dag.py:4180} INFO - Setting next_dagrun for idp to 2025-01-27 00:00:00+00:00, run_after=2025-01-28 00:00:00+00:00
[2025-01-28T12:44:18.862+0000] {processor.py:208} INFO - Processing /opt/airflow/dags/idp.py took 0.146 seconds
[2025-01-28T12:44:49.562+0000] {processor.py:186} INFO - Started process (PID=114) to work on /opt/airflow/dags/idp.py
[2025-01-28T12:44:49.563+0000] {processor.py:914} INFO - Processing file /opt/airflow/dags/idp.py for tasks to queue
[2025-01-28T12:44:49.564+0000] {logging_mixin.py:190} INFO - [2025-01-28T12:44:49.564+0000] {dagbag.py:588} INFO - Filling up the DagBag from /opt/airflow/dags/idp.py
[2025-01-28T12:44:49.616+0000] {processor.py:925} INFO - DAG(s) 'idp' retrieved from /opt/airflow/dags/idp.py
[2025-01-28T12:44:49.629+0000] {logging_mixin.py:190} INFO - [2025-01-28T12:44:49.628+0000] {dag.py:3239} INFO - Sync 1 DAGs
[2025-01-28T12:44:49.647+0000] {logging_mixin.py:190} INFO - [2025-01-28T12:44:49.647+0000] {dag.py:4180} INFO - Setting next_dagrun for idp to 2025-01-27 00:00:00+00:00, run_after=2025-01-28 00:00:00+00:00
[2025-01-28T12:44:49.661+0000] {processor.py:208} INFO - Processing /opt/airflow/dags/idp.py took 0.103 seconds
[2025-01-28T12:45:20.366+0000] {processor.py:186} INFO - Started process (PID=180) to work on /opt/airflow/dags/idp.py
[2025-01-28T12:45:20.367+0000] {processor.py:914} INFO - Processing file /opt/airflow/dags/idp.py for tasks to queue
[2025-01-28T12:45:20.369+0000] {logging_mixin.py:190} INFO - [2025-01-28T12:45:20.369+0000] {dagbag.py:588} INFO - Filling up the DagBag from /opt/airflow/dags/idp.py
[2025-01-28T12:45:20.419+0000] {processor.py:925} INFO - DAG(s) 'idp' retrieved from /opt/airflow/dags/idp.py
[2025-01-28T12:45:20.431+0000] {logging_mixin.py:190} INFO - [2025-01-28T12:45:20.431+0000] {dag.py:3239} INFO - Sync 1 DAGs
[2025-01-28T12:45:20.443+0000] {logging_mixin.py:190} INFO - [2025-01-28T12:45:20.443+0000] {dag.py:4180} INFO - Setting next_dagrun for idp to 2025-01-27 00:00:00+00:00, run_after=2025-01-28 00:00:00+00:00
[2025-01-28T12:45:20.454+0000] {processor.py:208} INFO - Processing /opt/airflow/dags/idp.py took 0.098 seconds
[2025-01-28T12:45:50.727+0000] {processor.py:186} INFO - Started process (PID=246) to work on /opt/airflow/dags/idp.py
[2025-01-28T12:45:50.727+0000] {processor.py:914} INFO - Processing file /opt/airflow/dags/idp.py for tasks to queue
[2025-01-28T12:45:50.729+0000] {logging_mixin.py:190} INFO - [2025-01-28T12:45:50.728+0000] {dagbag.py:588} INFO - Filling up the DagBag from /opt/airflow/dags/idp.py
[2025-01-28T12:45:50.766+0000] {processor.py:925} INFO - DAG(s) 'idp' retrieved from /opt/airflow/dags/idp.py
[2025-01-28T12:45:50.778+0000] {logging_mixin.py:190} INFO - [2025-01-28T12:45:50.777+0000] {dag.py:3239} INFO - Sync 1 DAGs
[2025-01-28T12:45:50.791+0000] {logging_mixin.py:190} INFO - [2025-01-28T12:45:50.791+0000] {dag.py:4180} INFO - Setting next_dagrun for idp to 2025-01-27 00:00:00+00:00, run_after=2025-01-28 00:00:00+00:00
[2025-01-28T12:45:50.800+0000] {processor.py:208} INFO - Processing /opt/airflow/dags/idp.py took 0.078 seconds
[2025-01-28T12:46:21.551+0000] {processor.py:186} INFO - Started process (PID=312) to work on /opt/airflow/dags/idp.py
[2025-01-28T12:46:21.552+0000] {processor.py:914} INFO - Processing file /opt/airflow/dags/idp.py for tasks to queue
[2025-01-28T12:46:21.553+0000] {logging_mixin.py:190} INFO - [2025-01-28T12:46:21.553+0000] {dagbag.py:588} INFO - Filling up the DagBag from /opt/airflow/dags/idp.py
[2025-01-28T12:46:21.591+0000] {processor.py:925} INFO - DAG(s) 'idp' retrieved from /opt/airflow/dags/idp.py
[2025-01-28T12:46:21.602+0000] {logging_mixin.py:190} INFO - [2025-01-28T12:46:21.602+0000] {dag.py:3239} INFO - Sync 1 DAGs
[2025-01-28T12:46:21.616+0000] {logging_mixin.py:190} INFO - [2025-01-28T12:46:21.615+0000] {dag.py:4180} INFO - Setting next_dagrun for idp to 2025-01-27 00:00:00+00:00, run_after=2025-01-28 00:00:00+00:00
[2025-01-28T12:46:21.624+0000] {processor.py:208} INFO - Processing /opt/airflow/dags/idp.py took 0.079 seconds
[2025-01-28T12:46:52.105+0000] {processor.py:186} INFO - Started process (PID=378) to work on /opt/airflow/dags/idp.py
[2025-01-28T12:46:52.106+0000] {processor.py:914} INFO - Processing file /opt/airflow/dags/idp.py for tasks to queue
[2025-01-28T12:46:52.107+0000] {logging_mixin.py:190} INFO - [2025-01-28T12:46:52.107+0000] {dagbag.py:588} INFO - Filling up the DagBag from /opt/airflow/dags/idp.py
[2025-01-28T12:46:52.144+0000] {processor.py:925} INFO - DAG(s) 'idp' retrieved from /opt/airflow/dags/idp.py
[2025-01-28T12:46:52.156+0000] {logging_mixin.py:190} INFO - [2025-01-28T12:46:52.155+0000] {dag.py:3239} INFO - Sync 1 DAGs
[2025-01-28T12:46:52.167+0000] {logging_mixin.py:190} INFO - [2025-01-28T12:46:52.166+0000] {dag.py:4180} INFO - Setting next_dagrun for idp to 2025-01-27 00:00:00+00:00, run_after=2025-01-28 00:00:00+00:00
[2025-01-28T12:46:52.176+0000] {processor.py:208} INFO - Processing /opt/airflow/dags/idp.py took 0.076 seconds
[2025-01-28T12:47:22.846+0000] {processor.py:186} INFO - Started process (PID=444) to work on /opt/airflow/dags/idp.py
[2025-01-28T12:47:22.847+0000] {processor.py:914} INFO - Processing file /opt/airflow/dags/idp.py for tasks to queue
[2025-01-28T12:47:22.851+0000] {logging_mixin.py:190} INFO - [2025-01-28T12:47:22.851+0000] {dagbag.py:588} INFO - Filling up the DagBag from /opt/airflow/dags/idp.py
[2025-01-28T12:47:22.898+0000] {processor.py:925} INFO - DAG(s) 'idp' retrieved from /opt/airflow/dags/idp.py
[2025-01-28T12:47:22.914+0000] {logging_mixin.py:190} INFO - [2025-01-28T12:47:22.914+0000] {dag.py:3239} INFO - Sync 1 DAGs
[2025-01-28T12:47:22.931+0000] {logging_mixin.py:190} INFO - [2025-01-28T12:47:22.931+0000] {dag.py:4180} INFO - Setting next_dagrun for idp to 2025-01-27 00:00:00+00:00, run_after=2025-01-28 00:00:00+00:00
[2025-01-28T12:47:22.947+0000] {processor.py:208} INFO - Processing /opt/airflow/dags/idp.py took 0.106 seconds
[2025-01-28T12:47:53.424+0000] {processor.py:186} INFO - Started process (PID=510) to work on /opt/airflow/dags/idp.py
[2025-01-28T12:47:53.425+0000] {processor.py:914} INFO - Processing file /opt/airflow/dags/idp.py for tasks to queue
[2025-01-28T12:47:53.426+0000] {logging_mixin.py:190} INFO - [2025-01-28T12:47:53.426+0000] {dagbag.py:588} INFO - Filling up the DagBag from /opt/airflow/dags/idp.py
[2025-01-28T12:47:53.463+0000] {processor.py:925} INFO - DAG(s) 'idp' retrieved from /opt/airflow/dags/idp.py
[2025-01-28T12:47:53.474+0000] {logging_mixin.py:190} INFO - [2025-01-28T12:47:53.474+0000] {dag.py:3239} INFO - Sync 1 DAGs
[2025-01-28T12:47:53.484+0000] {logging_mixin.py:190} INFO - [2025-01-28T12:47:53.484+0000] {dag.py:4180} INFO - Setting next_dagrun for idp to 2025-01-27 00:00:00+00:00, run_after=2025-01-28 00:00:00+00:00
[2025-01-28T12:47:53.492+0000] {processor.py:208} INFO - Processing /opt/airflow/dags/idp.py took 0.076 seconds
[2025-01-28T12:48:23.866+0000] {processor.py:186} INFO - Started process (PID=576) to work on /opt/airflow/dags/idp.py
[2025-01-28T12:48:23.867+0000] {processor.py:914} INFO - Processing file /opt/airflow/dags/idp.py for tasks to queue
[2025-01-28T12:48:23.868+0000] {logging_mixin.py:190} INFO - [2025-01-28T12:48:23.868+0000] {dagbag.py:588} INFO - Filling up the DagBag from /opt/airflow/dags/idp.py
[2025-01-28T12:48:23.914+0000] {processor.py:925} INFO - DAG(s) 'idp' retrieved from /opt/airflow/dags/idp.py
[2025-01-28T12:48:23.927+0000] {logging_mixin.py:190} INFO - [2025-01-28T12:48:23.926+0000] {dag.py:3239} INFO - Sync 1 DAGs
[2025-01-28T12:48:23.938+0000] {logging_mixin.py:190} INFO - [2025-01-28T12:48:23.938+0000] {dag.py:4180} INFO - Setting next_dagrun for idp to 2025-01-27 00:00:00+00:00, run_after=2025-01-28 00:00:00+00:00
[2025-01-28T12:48:23.947+0000] {processor.py:208} INFO - Processing /opt/airflow/dags/idp.py took 0.086 seconds
[2025-01-28T12:48:54.102+0000] {processor.py:186} INFO - Started process (PID=642) to work on /opt/airflow/dags/idp.py
[2025-01-28T12:48:54.102+0000] {processor.py:914} INFO - Processing file /opt/airflow/dags/idp.py for tasks to queue
[2025-01-28T12:48:54.103+0000] {logging_mixin.py:190} INFO - [2025-01-28T12:48:54.103+0000] {dagbag.py:588} INFO - Filling up the DagBag from /opt/airflow/dags/idp.py
[2025-01-28T12:48:54.139+0000] {processor.py:925} INFO - DAG(s) 'idp' retrieved from /opt/airflow/dags/idp.py
[2025-01-28T12:48:54.151+0000] {logging_mixin.py:190} INFO - [2025-01-28T12:48:54.151+0000] {dag.py:3239} INFO - Sync 1 DAGs
[2025-01-28T12:48:54.163+0000] {logging_mixin.py:190} INFO - [2025-01-28T12:48:54.163+0000] {dag.py:4180} INFO - Setting next_dagrun for idp to 2025-01-27 00:00:00+00:00, run_after=2025-01-28 00:00:00+00:00
[2025-01-28T12:48:54.171+0000] {processor.py:208} INFO - Processing /opt/airflow/dags/idp.py took 0.076 seconds
[2025-01-28T12:49:24.293+0000] {processor.py:186} INFO - Started process (PID=708) to work on /opt/airflow/dags/idp.py
[2025-01-28T12:49:24.294+0000] {processor.py:914} INFO - Processing file /opt/airflow/dags/idp.py for tasks to queue
[2025-01-28T12:49:24.297+0000] {logging_mixin.py:190} INFO - [2025-01-28T12:49:24.297+0000] {dagbag.py:588} INFO - Filling up the DagBag from /opt/airflow/dags/idp.py
[2025-01-28T12:49:24.355+0000] {processor.py:925} INFO - DAG(s) 'idp' retrieved from /opt/airflow/dags/idp.py
[2025-01-28T12:49:24.368+0000] {logging_mixin.py:190} INFO - [2025-01-28T12:49:24.368+0000] {dag.py:3239} INFO - Sync 1 DAGs
[2025-01-28T12:49:24.389+0000] {logging_mixin.py:190} INFO - [2025-01-28T12:49:24.389+0000] {dag.py:4180} INFO - Setting next_dagrun for idp to 2025-01-27 00:00:00+00:00, run_after=2025-01-28 00:00:00+00:00
[2025-01-28T12:49:24.402+0000] {processor.py:208} INFO - Processing /opt/airflow/dags/idp.py took 0.115 seconds
[2025-01-28T12:49:54.602+0000] {processor.py:186} INFO - Started process (PID=774) to work on /opt/airflow/dags/idp.py
[2025-01-28T12:49:54.603+0000] {processor.py:914} INFO - Processing file /opt/airflow/dags/idp.py for tasks to queue
[2025-01-28T12:49:54.604+0000] {logging_mixin.py:190} INFO - [2025-01-28T12:49:54.604+0000] {dagbag.py:588} INFO - Filling up the DagBag from /opt/airflow/dags/idp.py
[2025-01-28T12:49:54.651+0000] {processor.py:925} INFO - DAG(s) 'idp' retrieved from /opt/airflow/dags/idp.py
[2025-01-28T12:49:54.668+0000] {logging_mixin.py:190} INFO - [2025-01-28T12:49:54.667+0000] {dag.py:3239} INFO - Sync 1 DAGs
[2025-01-28T12:49:54.685+0000] {logging_mixin.py:190} INFO - [2025-01-28T12:49:54.685+0000] {dag.py:4180} INFO - Setting next_dagrun for idp to 2025-01-27 00:00:00+00:00, run_after=2025-01-28 00:00:00+00:00
[2025-01-28T12:49:54.696+0000] {processor.py:208} INFO - Processing /opt/airflow/dags/idp.py took 0.098 seconds
[2025-01-28T12:50:24.995+0000] {processor.py:186} INFO - Started process (PID=840) to work on /opt/airflow/dags/idp.py
[2025-01-28T12:50:25.000+0000] {processor.py:914} INFO - Processing file /opt/airflow/dags/idp.py for tasks to queue
[2025-01-28T12:50:25.002+0000] {logging_mixin.py:190} INFO - [2025-01-28T12:50:25.002+0000] {dagbag.py:588} INFO - Filling up the DagBag from /opt/airflow/dags/idp.py
[2025-01-28T12:50:25.044+0000] {processor.py:925} INFO - DAG(s) 'idp' retrieved from /opt/airflow/dags/idp.py
[2025-01-28T12:50:25.054+0000] {logging_mixin.py:190} INFO - [2025-01-28T12:50:25.054+0000] {dag.py:3239} INFO - Sync 1 DAGs
[2025-01-28T12:50:25.064+0000] {logging_mixin.py:190} INFO - [2025-01-28T12:50:25.064+0000] {dag.py:4180} INFO - Setting next_dagrun for idp to 2025-01-27 00:00:00+00:00, run_after=2025-01-28 00:00:00+00:00
[2025-01-28T12:50:25.072+0000] {processor.py:208} INFO - Processing /opt/airflow/dags/idp.py took 0.080 seconds
[2025-01-28T12:50:55.504+0000] {processor.py:186} INFO - Started process (PID=906) to work on /opt/airflow/dags/idp.py
[2025-01-28T12:50:55.505+0000] {processor.py:914} INFO - Processing file /opt/airflow/dags/idp.py for tasks to queue
[2025-01-28T12:50:55.506+0000] {logging_mixin.py:190} INFO - [2025-01-28T12:50:55.506+0000] {dagbag.py:588} INFO - Filling up the DagBag from /opt/airflow/dags/idp.py
[2025-01-28T12:50:55.541+0000] {processor.py:925} INFO - DAG(s) 'idp' retrieved from /opt/airflow/dags/idp.py
[2025-01-28T12:50:55.550+0000] {logging_mixin.py:190} INFO - [2025-01-28T12:50:55.550+0000] {dag.py:3239} INFO - Sync 1 DAGs
[2025-01-28T12:50:55.560+0000] {logging_mixin.py:190} INFO - [2025-01-28T12:50:55.560+0000] {dag.py:4180} INFO - Setting next_dagrun for idp to 2025-01-27 00:00:00+00:00, run_after=2025-01-28 00:00:00+00:00
[2025-01-28T12:50:55.568+0000] {processor.py:208} INFO - Processing /opt/airflow/dags/idp.py took 0.067 seconds
[2025-01-28T12:51:25.978+0000] {processor.py:186} INFO - Started process (PID=972) to work on /opt/airflow/dags/idp.py
[2025-01-28T12:51:25.978+0000] {processor.py:914} INFO - Processing file /opt/airflow/dags/idp.py for tasks to queue
[2025-01-28T12:51:25.980+0000] {logging_mixin.py:190} INFO - [2025-01-28T12:51:25.980+0000] {dagbag.py:588} INFO - Filling up the DagBag from /opt/airflow/dags/idp.py
[2025-01-28T12:51:26.025+0000] {processor.py:925} INFO - DAG(s) 'idp' retrieved from /opt/airflow/dags/idp.py
[2025-01-28T12:51:26.037+0000] {logging_mixin.py:190} INFO - [2025-01-28T12:51:26.037+0000] {dag.py:3239} INFO - Sync 1 DAGs
[2025-01-28T12:51:26.051+0000] {logging_mixin.py:190} INFO - [2025-01-28T12:51:26.050+0000] {dag.py:4180} INFO - Setting next_dagrun for idp to 2025-01-27 00:00:00+00:00, run_after=2025-01-28 00:00:00+00:00
[2025-01-28T12:51:26.059+0000] {processor.py:208} INFO - Processing /opt/airflow/dags/idp.py took 0.090 seconds
[2025-01-28T12:51:56.501+0000] {processor.py:186} INFO - Started process (PID=1038) to work on /opt/airflow/dags/idp.py
[2025-01-28T12:51:56.501+0000] {processor.py:914} INFO - Processing file /opt/airflow/dags/idp.py for tasks to queue
[2025-01-28T12:51:56.503+0000] {logging_mixin.py:190} INFO - [2025-01-28T12:51:56.503+0000] {dagbag.py:588} INFO - Filling up the DagBag from /opt/airflow/dags/idp.py
[2025-01-28T12:51:56.540+0000] {processor.py:925} INFO - DAG(s) 'idp' retrieved from /opt/airflow/dags/idp.py
[2025-01-28T12:51:56.551+0000] {logging_mixin.py:190} INFO - [2025-01-28T12:51:56.551+0000] {dag.py:3239} INFO - Sync 1 DAGs
[2025-01-28T12:51:56.564+0000] {logging_mixin.py:190} INFO - [2025-01-28T12:51:56.564+0000] {dag.py:4180} INFO - Setting next_dagrun for idp to 2025-01-27 00:00:00+00:00, run_after=2025-01-28 00:00:00+00:00
[2025-01-28T12:51:56.572+0000] {processor.py:208} INFO - Processing /opt/airflow/dags/idp.py took 0.076 seconds
[2025-01-28T12:52:26.965+0000] {processor.py:186} INFO - Started process (PID=1104) to work on /opt/airflow/dags/idp.py
[2025-01-28T12:52:26.966+0000] {processor.py:914} INFO - Processing file /opt/airflow/dags/idp.py for tasks to queue
[2025-01-28T12:52:26.969+0000] {logging_mixin.py:190} INFO - [2025-01-28T12:52:26.969+0000] {dagbag.py:588} INFO - Filling up the DagBag from /opt/airflow/dags/idp.py
[2025-01-28T12:52:27.029+0000] {processor.py:925} INFO - DAG(s) 'idp' retrieved from /opt/airflow/dags/idp.py
[2025-01-28T12:52:27.043+0000] {logging_mixin.py:190} INFO - [2025-01-28T12:52:27.043+0000] {dag.py:3239} INFO - Sync 1 DAGs
[2025-01-28T12:52:27.056+0000] {logging_mixin.py:190} INFO - [2025-01-28T12:52:27.056+0000] {dag.py:4180} INFO - Setting next_dagrun for idp to 2025-01-27 00:00:00+00:00, run_after=2025-01-28 00:00:00+00:00
[2025-01-28T12:52:27.067+0000] {processor.py:208} INFO - Processing /opt/airflow/dags/idp.py took 0.107 seconds
[2025-01-28T12:52:57.468+0000] {processor.py:186} INFO - Started process (PID=1169) to work on /opt/airflow/dags/idp.py
[2025-01-28T12:52:57.468+0000] {processor.py:914} INFO - Processing file /opt/airflow/dags/idp.py for tasks to queue
[2025-01-28T12:52:57.470+0000] {logging_mixin.py:190} INFO - [2025-01-28T12:52:57.470+0000] {dagbag.py:588} INFO - Filling up the DagBag from /opt/airflow/dags/idp.py
[2025-01-28T12:52:57.512+0000] {processor.py:925} INFO - DAG(s) 'idp' retrieved from /opt/airflow/dags/idp.py
[2025-01-28T12:52:57.534+0000] {logging_mixin.py:190} INFO - [2025-01-28T12:52:57.534+0000] {dag.py:3239} INFO - Sync 1 DAGs
[2025-01-28T12:52:57.559+0000] {logging_mixin.py:190} INFO - [2025-01-28T12:52:57.559+0000] {dag.py:4180} INFO - Setting next_dagrun for idp to 2025-01-27 00:00:00+00:00, run_after=2025-01-28 00:00:00+00:00
[2025-01-28T12:52:57.570+0000] {processor.py:208} INFO - Processing /opt/airflow/dags/idp.py took 0.107 seconds
[2025-01-28T12:53:27.827+0000] {processor.py:186} INFO - Started process (PID=1235) to work on /opt/airflow/dags/idp.py
[2025-01-28T12:53:27.828+0000] {processor.py:914} INFO - Processing file /opt/airflow/dags/idp.py for tasks to queue
[2025-01-28T12:53:27.829+0000] {logging_mixin.py:190} INFO - [2025-01-28T12:53:27.829+0000] {dagbag.py:588} INFO - Filling up the DagBag from /opt/airflow/dags/idp.py
[2025-01-28T12:53:27.863+0000] {processor.py:925} INFO - DAG(s) 'idp' retrieved from /opt/airflow/dags/idp.py
[2025-01-28T12:53:27.873+0000] {logging_mixin.py:190} INFO - [2025-01-28T12:53:27.873+0000] {dag.py:3239} INFO - Sync 1 DAGs
[2025-01-28T12:53:27.883+0000] {logging_mixin.py:190} INFO - [2025-01-28T12:53:27.883+0000] {dag.py:4180} INFO - Setting next_dagrun for idp to 2025-01-27 00:00:00+00:00, run_after=2025-01-28 00:00:00+00:00
[2025-01-28T12:53:27.895+0000] {processor.py:208} INFO - Processing /opt/airflow/dags/idp.py took 0.075 seconds
[2025-01-28T12:53:58.263+0000] {processor.py:186} INFO - Started process (PID=1301) to work on /opt/airflow/dags/idp.py
[2025-01-28T12:53:58.265+0000] {processor.py:914} INFO - Processing file /opt/airflow/dags/idp.py for tasks to queue
[2025-01-28T12:53:58.266+0000] {logging_mixin.py:190} INFO - [2025-01-28T12:53:58.266+0000] {dagbag.py:588} INFO - Filling up the DagBag from /opt/airflow/dags/idp.py
[2025-01-28T12:53:58.321+0000] {processor.py:925} INFO - DAG(s) 'idp' retrieved from /opt/airflow/dags/idp.py
[2025-01-28T12:53:58.343+0000] {logging_mixin.py:190} INFO - [2025-01-28T12:53:58.343+0000] {dag.py:3239} INFO - Sync 1 DAGs
[2025-01-28T12:53:58.361+0000] {logging_mixin.py:190} INFO - [2025-01-28T12:53:58.361+0000] {dag.py:4180} INFO - Setting next_dagrun for idp to 2025-01-27 00:00:00+00:00, run_after=2025-01-28 00:00:00+00:00
[2025-01-28T12:53:58.384+0000] {processor.py:208} INFO - Processing /opt/airflow/dags/idp.py took 0.126 seconds
[2025-01-28T12:54:29.031+0000] {processor.py:186} INFO - Started process (PID=1367) to work on /opt/airflow/dags/idp.py
[2025-01-28T12:54:29.032+0000] {processor.py:914} INFO - Processing file /opt/airflow/dags/idp.py for tasks to queue
[2025-01-28T12:54:29.033+0000] {logging_mixin.py:190} INFO - [2025-01-28T12:54:29.033+0000] {dagbag.py:588} INFO - Filling up the DagBag from /opt/airflow/dags/idp.py
[2025-01-28T12:54:29.069+0000] {processor.py:925} INFO - DAG(s) 'idp' retrieved from /opt/airflow/dags/idp.py
[2025-01-28T12:54:29.083+0000] {logging_mixin.py:190} INFO - [2025-01-28T12:54:29.083+0000] {dag.py:3239} INFO - Sync 1 DAGs
[2025-01-28T12:54:29.096+0000] {logging_mixin.py:190} INFO - [2025-01-28T12:54:29.096+0000] {dag.py:4180} INFO - Setting next_dagrun for idp to 2025-01-27 00:00:00+00:00, run_after=2025-01-28 00:00:00+00:00
[2025-01-28T12:54:29.104+0000] {processor.py:208} INFO - Processing /opt/airflow/dags/idp.py took 0.079 seconds
[2025-01-28T12:54:59.383+0000] {processor.py:186} INFO - Started process (PID=1433) to work on /opt/airflow/dags/idp.py
[2025-01-28T12:54:59.384+0000] {processor.py:914} INFO - Processing file /opt/airflow/dags/idp.py for tasks to queue
[2025-01-28T12:54:59.386+0000] {logging_mixin.py:190} INFO - [2025-01-28T12:54:59.385+0000] {dagbag.py:588} INFO - Filling up the DagBag from /opt/airflow/dags/idp.py
[2025-01-28T12:54:59.420+0000] {processor.py:925} INFO - DAG(s) 'idp' retrieved from /opt/airflow/dags/idp.py
[2025-01-28T12:54:59.431+0000] {logging_mixin.py:190} INFO - [2025-01-28T12:54:59.430+0000] {dag.py:3239} INFO - Sync 1 DAGs
[2025-01-28T12:54:59.445+0000] {logging_mixin.py:190} INFO - [2025-01-28T12:54:59.445+0000] {dag.py:4180} INFO - Setting next_dagrun for idp to 2025-01-27 00:00:00+00:00, run_after=2025-01-28 00:00:00+00:00
[2025-01-28T12:54:59.455+0000] {processor.py:208} INFO - Processing /opt/airflow/dags/idp.py took 0.075 seconds
[2025-01-28T12:55:30.012+0000] {processor.py:186} INFO - Started process (PID=1499) to work on /opt/airflow/dags/idp.py
[2025-01-28T12:55:30.012+0000] {processor.py:914} INFO - Processing file /opt/airflow/dags/idp.py for tasks to queue
[2025-01-28T12:55:30.015+0000] {logging_mixin.py:190} INFO - [2025-01-28T12:55:30.015+0000] {dagbag.py:588} INFO - Filling up the DagBag from /opt/airflow/dags/idp.py
[2025-01-28T12:55:30.053+0000] {processor.py:925} INFO - DAG(s) 'idp' retrieved from /opt/airflow/dags/idp.py
[2025-01-28T12:55:30.063+0000] {logging_mixin.py:190} INFO - [2025-01-28T12:55:30.062+0000] {dag.py:3239} INFO - Sync 1 DAGs
[2025-01-28T12:55:30.073+0000] {logging_mixin.py:190} INFO - [2025-01-28T12:55:30.073+0000] {dag.py:4180} INFO - Setting next_dagrun for idp to 2025-01-27 00:00:00+00:00, run_after=2025-01-28 00:00:00+00:00
[2025-01-28T12:55:30.080+0000] {processor.py:208} INFO - Processing /opt/airflow/dags/idp.py took 0.073 seconds
[2025-01-28T12:56:00.376+0000] {processor.py:186} INFO - Started process (PID=1565) to work on /opt/airflow/dags/idp.py
[2025-01-28T12:56:00.377+0000] {processor.py:914} INFO - Processing file /opt/airflow/dags/idp.py for tasks to queue
[2025-01-28T12:56:00.379+0000] {logging_mixin.py:190} INFO - [2025-01-28T12:56:00.378+0000] {dagbag.py:588} INFO - Filling up the DagBag from /opt/airflow/dags/idp.py
[2025-01-28T12:56:00.419+0000] {processor.py:925} INFO - DAG(s) 'idp' retrieved from /opt/airflow/dags/idp.py
[2025-01-28T12:56:00.433+0000] {logging_mixin.py:190} INFO - [2025-01-28T12:56:00.433+0000] {dag.py:3239} INFO - Sync 1 DAGs
[2025-01-28T12:56:00.446+0000] {logging_mixin.py:190} INFO - [2025-01-28T12:56:00.446+0000] {dag.py:4180} INFO - Setting next_dagrun for idp to 2025-01-27 00:00:00+00:00, run_after=2025-01-28 00:00:00+00:00
[2025-01-28T12:56:00.455+0000] {processor.py:208} INFO - Processing /opt/airflow/dags/idp.py took 0.087 seconds
[2025-01-28T12:56:30.959+0000] {processor.py:186} INFO - Started process (PID=1631) to work on /opt/airflow/dags/idp.py
[2025-01-28T12:56:30.960+0000] {processor.py:914} INFO - Processing file /opt/airflow/dags/idp.py for tasks to queue
[2025-01-28T12:56:30.961+0000] {logging_mixin.py:190} INFO - [2025-01-28T12:56:30.961+0000] {dagbag.py:588} INFO - Filling up the DagBag from /opt/airflow/dags/idp.py
[2025-01-28T12:56:30.995+0000] {processor.py:925} INFO - DAG(s) 'idp' retrieved from /opt/airflow/dags/idp.py
[2025-01-28T12:56:31.006+0000] {logging_mixin.py:190} INFO - [2025-01-28T12:56:31.006+0000] {dag.py:3239} INFO - Sync 1 DAGs
[2025-01-28T12:56:31.017+0000] {logging_mixin.py:190} INFO - [2025-01-28T12:56:31.017+0000] {dag.py:4180} INFO - Setting next_dagrun for idp to 2025-01-27 00:00:00+00:00, run_after=2025-01-28 00:00:00+00:00
[2025-01-28T12:56:31.024+0000] {processor.py:208} INFO - Processing /opt/airflow/dags/idp.py took 0.069 seconds
[2025-01-28T12:57:01.414+0000] {processor.py:186} INFO - Started process (PID=1697) to work on /opt/airflow/dags/idp.py
[2025-01-28T12:57:01.415+0000] {processor.py:914} INFO - Processing file /opt/airflow/dags/idp.py for tasks to queue
[2025-01-28T12:57:01.417+0000] {logging_mixin.py:190} INFO - [2025-01-28T12:57:01.417+0000] {dagbag.py:588} INFO - Filling up the DagBag from /opt/airflow/dags/idp.py
[2025-01-28T12:57:01.453+0000] {processor.py:925} INFO - DAG(s) 'idp' retrieved from /opt/airflow/dags/idp.py
[2025-01-28T12:57:01.464+0000] {logging_mixin.py:190} INFO - [2025-01-28T12:57:01.464+0000] {dag.py:3239} INFO - Sync 1 DAGs
[2025-01-28T12:57:01.475+0000] {logging_mixin.py:190} INFO - [2025-01-28T12:57:01.474+0000] {dag.py:4180} INFO - Setting next_dagrun for idp to 2025-01-27 00:00:00+00:00, run_after=2025-01-28 00:00:00+00:00
[2025-01-28T12:57:01.485+0000] {processor.py:208} INFO - Processing /opt/airflow/dags/idp.py took 0.083 seconds
[2025-01-28T12:57:32.173+0000] {processor.py:186} INFO - Started process (PID=1763) to work on /opt/airflow/dags/idp.py
[2025-01-28T12:57:32.173+0000] {processor.py:914} INFO - Processing file /opt/airflow/dags/idp.py for tasks to queue
[2025-01-28T12:57:32.174+0000] {logging_mixin.py:190} INFO - [2025-01-28T12:57:32.174+0000] {dagbag.py:588} INFO - Filling up the DagBag from /opt/airflow/dags/idp.py
[2025-01-28T12:57:32.208+0000] {processor.py:925} INFO - DAG(s) 'idp' retrieved from /opt/airflow/dags/idp.py
[2025-01-28T12:57:32.219+0000] {logging_mixin.py:190} INFO - [2025-01-28T12:57:32.219+0000] {dag.py:3239} INFO - Sync 1 DAGs
[2025-01-28T12:57:32.229+0000] {logging_mixin.py:190} INFO - [2025-01-28T12:57:32.229+0000] {dag.py:4180} INFO - Setting next_dagrun for idp to 2025-01-27 00:00:00+00:00, run_after=2025-01-28 00:00:00+00:00
[2025-01-28T12:57:32.237+0000] {processor.py:208} INFO - Processing /opt/airflow/dags/idp.py took 0.068 seconds
[2025-01-28T12:58:02.481+0000] {processor.py:186} INFO - Started process (PID=1829) to work on /opt/airflow/dags/idp.py
[2025-01-28T12:58:02.482+0000] {processor.py:914} INFO - Processing file /opt/airflow/dags/idp.py for tasks to queue
[2025-01-28T12:58:02.483+0000] {logging_mixin.py:190} INFO - [2025-01-28T12:58:02.483+0000] {dagbag.py:588} INFO - Filling up the DagBag from /opt/airflow/dags/idp.py
[2025-01-28T12:58:02.519+0000] {processor.py:925} INFO - DAG(s) 'idp' retrieved from /opt/airflow/dags/idp.py
[2025-01-28T12:58:02.530+0000] {logging_mixin.py:190} INFO - [2025-01-28T12:58:02.530+0000] {dag.py:3239} INFO - Sync 1 DAGs
[2025-01-28T12:58:02.541+0000] {logging_mixin.py:190} INFO - [2025-01-28T12:58:02.541+0000] {dag.py:4180} INFO - Setting next_dagrun for idp to 2025-01-27 00:00:00+00:00, run_after=2025-01-28 00:00:00+00:00
[2025-01-28T12:58:02.549+0000] {processor.py:208} INFO - Processing /opt/airflow/dags/idp.py took 0.072 seconds
