[2025-01-28T07:55:13.332+0000] {processor.py:186} INFO - Started process (PID=47) to work on /opt/airflow/dags/orchestronic.py
[2025-01-28T07:55:13.335+0000] {processor.py:914} INFO - Processing file /opt/airflow/dags/orchestronic.py for tasks to queue
[2025-01-28T07:55:13.339+0000] {logging_mixin.py:190} INFO - [2025-01-28T07:55:13.339+0000] {dagbag.py:588} INFO - Filling up the DagBag from /opt/airflow/dags/orchestronic.py
[2025-01-28T07:55:13.441+0000] {processor.py:925} INFO - DAG(s) 'mongo_to_rabbitmq' retrieved from /opt/airflow/dags/orchestronic.py
[2025-01-28T07:55:13.648+0000] {logging_mixin.py:190} INFO - [2025-01-28T07:55:13.648+0000] {dag.py:3239} INFO - Sync 1 DAGs
[2025-01-28T07:55:13.670+0000] {logging_mixin.py:190} INFO - [2025-01-28T07:55:13.670+0000] {dag.py:4180} INFO - Setting next_dagrun for mongo_to_rabbitmq to 2025-01-27 00:00:00+00:00, run_after=2025-01-28 00:00:00+00:00
[2025-01-28T07:55:13.692+0000] {processor.py:208} INFO - Processing /opt/airflow/dags/orchestronic.py took 0.368 seconds
[2025-01-28T07:55:44.550+0000] {processor.py:186} INFO - Started process (PID=113) to work on /opt/airflow/dags/orchestronic.py
[2025-01-28T07:55:44.552+0000] {processor.py:914} INFO - Processing file /opt/airflow/dags/orchestronic.py for tasks to queue
[2025-01-28T07:55:44.556+0000] {logging_mixin.py:190} INFO - [2025-01-28T07:55:44.555+0000] {dagbag.py:588} INFO - Filling up the DagBag from /opt/airflow/dags/orchestronic.py
[2025-01-28T07:55:44.651+0000] {processor.py:925} INFO - DAG(s) 'mongo_to_rabbitmq' retrieved from /opt/airflow/dags/orchestronic.py
[2025-01-28T07:55:44.681+0000] {logging_mixin.py:190} INFO - [2025-01-28T07:55:44.681+0000] {dag.py:3239} INFO - Sync 1 DAGs
[2025-01-28T07:55:44.701+0000] {logging_mixin.py:190} INFO - [2025-01-28T07:55:44.701+0000] {dag.py:4180} INFO - Setting next_dagrun for mongo_to_rabbitmq to 2025-01-27 00:00:00+00:00, run_after=2025-01-28 00:00:00+00:00
[2025-01-28T07:55:44.713+0000] {processor.py:208} INFO - Processing /opt/airflow/dags/orchestronic.py took 0.175 seconds
[2025-01-28T07:56:15.191+0000] {processor.py:186} INFO - Started process (PID=185) to work on /opt/airflow/dags/orchestronic.py
[2025-01-28T07:56:15.193+0000] {processor.py:914} INFO - Processing file /opt/airflow/dags/orchestronic.py for tasks to queue
[2025-01-28T07:56:15.199+0000] {logging_mixin.py:190} INFO - [2025-01-28T07:56:15.198+0000] {dagbag.py:588} INFO - Filling up the DagBag from /opt/airflow/dags/orchestronic.py
[2025-01-28T07:56:15.290+0000] {processor.py:925} INFO - DAG(s) 'mongo_to_rabbitmq' retrieved from /opt/airflow/dags/orchestronic.py
[2025-01-28T07:56:15.311+0000] {logging_mixin.py:190} INFO - [2025-01-28T07:56:15.311+0000] {dag.py:3239} INFO - Sync 1 DAGs
[2025-01-28T07:56:15.330+0000] {logging_mixin.py:190} INFO - [2025-01-28T07:56:15.330+0000] {dag.py:4180} INFO - Setting next_dagrun for mongo_to_rabbitmq to 2025-01-27 00:00:00+00:00, run_after=2025-01-28 00:00:00+00:00
[2025-01-28T07:56:15.346+0000] {processor.py:208} INFO - Processing /opt/airflow/dags/orchestronic.py took 0.170 seconds
[2025-01-28T07:56:45.595+0000] {processor.py:186} INFO - Started process (PID=251) to work on /opt/airflow/dags/orchestronic.py
[2025-01-28T07:56:45.597+0000] {processor.py:914} INFO - Processing file /opt/airflow/dags/orchestronic.py for tasks to queue
[2025-01-28T07:56:45.601+0000] {logging_mixin.py:190} INFO - [2025-01-28T07:56:45.600+0000] {dagbag.py:588} INFO - Filling up the DagBag from /opt/airflow/dags/orchestronic.py
[2025-01-28T07:56:45.651+0000] {processor.py:925} INFO - DAG(s) 'mongo_to_rabbitmq' retrieved from /opt/airflow/dags/orchestronic.py
[2025-01-28T07:56:45.665+0000] {logging_mixin.py:190} INFO - [2025-01-28T07:56:45.665+0000] {dag.py:3239} INFO - Sync 1 DAGs
[2025-01-28T07:56:45.678+0000] {logging_mixin.py:190} INFO - [2025-01-28T07:56:45.678+0000] {dag.py:4180} INFO - Setting next_dagrun for mongo_to_rabbitmq to 2025-01-27 00:00:00+00:00, run_after=2025-01-28 00:00:00+00:00
[2025-01-28T07:56:45.691+0000] {processor.py:208} INFO - Processing /opt/airflow/dags/orchestronic.py took 0.104 seconds
[2025-01-28T07:57:15.831+0000] {processor.py:186} INFO - Started process (PID=317) to work on /opt/airflow/dags/orchestronic.py
[2025-01-28T07:57:15.832+0000] {processor.py:914} INFO - Processing file /opt/airflow/dags/orchestronic.py for tasks to queue
[2025-01-28T07:57:15.836+0000] {logging_mixin.py:190} INFO - [2025-01-28T07:57:15.835+0000] {dagbag.py:588} INFO - Filling up the DagBag from /opt/airflow/dags/orchestronic.py
[2025-01-28T07:57:15.898+0000] {processor.py:925} INFO - DAG(s) 'mongo_to_rabbitmq' retrieved from /opt/airflow/dags/orchestronic.py
[2025-01-28T07:57:15.913+0000] {logging_mixin.py:190} INFO - [2025-01-28T07:57:15.913+0000] {dag.py:3239} INFO - Sync 1 DAGs
[2025-01-28T07:57:15.932+0000] {logging_mixin.py:190} INFO - [2025-01-28T07:57:15.932+0000] {dag.py:4180} INFO - Setting next_dagrun for mongo_to_rabbitmq to 2025-01-27 00:00:00+00:00, run_after=2025-01-28 00:00:00+00:00
[2025-01-28T07:57:15.948+0000] {processor.py:208} INFO - Processing /opt/airflow/dags/orchestronic.py took 0.131 seconds
[2025-01-28T07:59:04.993+0000] {processor.py:186} INFO - Started process (PID=40) to work on /opt/airflow/dags/orchestronic.py
[2025-01-28T07:59:04.996+0000] {processor.py:914} INFO - Processing file /opt/airflow/dags/orchestronic.py for tasks to queue
[2025-01-28T07:59:05.000+0000] {logging_mixin.py:190} INFO - [2025-01-28T07:59:05.000+0000] {dagbag.py:588} INFO - Filling up the DagBag from /opt/airflow/dags/orchestronic.py
[2025-01-28T07:59:05.091+0000] {processor.py:925} INFO - DAG(s) 'mongo_to_rabbitmq' retrieved from /opt/airflow/dags/orchestronic.py
[2025-01-28T07:59:05.114+0000] {logging_mixin.py:190} INFO - [2025-01-28T07:59:05.114+0000] {dag.py:3239} INFO - Sync 1 DAGs
[2025-01-28T07:59:05.135+0000] {logging_mixin.py:190} INFO - [2025-01-28T07:59:05.135+0000] {dag.py:4180} INFO - Setting next_dagrun for mongo_to_rabbitmq to 2025-01-27 00:00:00+00:00, run_after=2025-01-28 00:00:00+00:00
[2025-01-28T07:59:05.163+0000] {processor.py:208} INFO - Processing /opt/airflow/dags/orchestronic.py took 0.176 seconds
[2025-01-28T07:59:35.414+0000] {processor.py:186} INFO - Started process (PID=106) to work on /opt/airflow/dags/orchestronic.py
[2025-01-28T07:59:35.416+0000] {processor.py:914} INFO - Processing file /opt/airflow/dags/orchestronic.py for tasks to queue
[2025-01-28T07:59:35.420+0000] {logging_mixin.py:190} INFO - [2025-01-28T07:59:35.419+0000] {dagbag.py:588} INFO - Filling up the DagBag from /opt/airflow/dags/orchestronic.py
[2025-01-28T07:59:35.492+0000] {processor.py:925} INFO - DAG(s) 'mongo_to_rabbitmq' retrieved from /opt/airflow/dags/orchestronic.py
[2025-01-28T07:59:35.509+0000] {logging_mixin.py:190} INFO - [2025-01-28T07:59:35.509+0000] {dag.py:3239} INFO - Sync 1 DAGs
[2025-01-28T07:59:35.526+0000] {logging_mixin.py:190} INFO - [2025-01-28T07:59:35.526+0000] {dag.py:4180} INFO - Setting next_dagrun for mongo_to_rabbitmq to 2025-01-27 00:00:00+00:00, run_after=2025-01-28 00:00:00+00:00
[2025-01-28T07:59:35.538+0000] {processor.py:208} INFO - Processing /opt/airflow/dags/orchestronic.py took 0.149 seconds
[2025-01-28T08:00:05.791+0000] {processor.py:186} INFO - Started process (PID=172) to work on /opt/airflow/dags/orchestronic.py
[2025-01-28T08:00:05.794+0000] {processor.py:914} INFO - Processing file /opt/airflow/dags/orchestronic.py for tasks to queue
[2025-01-28T08:00:05.809+0000] {logging_mixin.py:190} INFO - [2025-01-28T08:00:05.807+0000] {dagbag.py:588} INFO - Filling up the DagBag from /opt/airflow/dags/orchestronic.py
[2025-01-28T08:00:05.912+0000] {processor.py:925} INFO - DAG(s) 'mongo_to_rabbitmq' retrieved from /opt/airflow/dags/orchestronic.py
[2025-01-28T08:00:05.935+0000] {logging_mixin.py:190} INFO - [2025-01-28T08:00:05.934+0000] {dag.py:3239} INFO - Sync 1 DAGs
[2025-01-28T08:00:05.954+0000] {logging_mixin.py:190} INFO - [2025-01-28T08:00:05.954+0000] {dag.py:4180} INFO - Setting next_dagrun for mongo_to_rabbitmq to 2025-01-27 00:00:00+00:00, run_after=2025-01-28 00:00:00+00:00
[2025-01-28T08:00:05.970+0000] {processor.py:208} INFO - Processing /opt/airflow/dags/orchestronic.py took 0.192 seconds
[2025-01-28T08:00:36.227+0000] {processor.py:186} INFO - Started process (PID=244) to work on /opt/airflow/dags/orchestronic.py
[2025-01-28T08:00:36.227+0000] {processor.py:914} INFO - Processing file /opt/airflow/dags/orchestronic.py for tasks to queue
[2025-01-28T08:00:36.233+0000] {logging_mixin.py:190} INFO - [2025-01-28T08:00:36.232+0000] {dagbag.py:588} INFO - Filling up the DagBag from /opt/airflow/dags/orchestronic.py
[2025-01-28T08:00:36.319+0000] {processor.py:925} INFO - DAG(s) 'mongo_to_rabbitmq' retrieved from /opt/airflow/dags/orchestronic.py
[2025-01-28T08:00:36.342+0000] {logging_mixin.py:190} INFO - [2025-01-28T08:00:36.342+0000] {dag.py:3239} INFO - Sync 1 DAGs
[2025-01-28T08:00:36.364+0000] {logging_mixin.py:190} INFO - [2025-01-28T08:00:36.363+0000] {dag.py:4180} INFO - Setting next_dagrun for mongo_to_rabbitmq to 2025-01-27 00:00:00+00:00, run_after=2025-01-28 00:00:00+00:00
[2025-01-28T08:00:36.379+0000] {processor.py:208} INFO - Processing /opt/airflow/dags/orchestronic.py took 0.160 seconds
[2025-01-28T08:01:06.637+0000] {processor.py:186} INFO - Started process (PID=310) to work on /opt/airflow/dags/orchestronic.py
[2025-01-28T08:01:06.639+0000] {processor.py:914} INFO - Processing file /opt/airflow/dags/orchestronic.py for tasks to queue
[2025-01-28T08:01:06.642+0000] {logging_mixin.py:190} INFO - [2025-01-28T08:01:06.642+0000] {dagbag.py:588} INFO - Filling up the DagBag from /opt/airflow/dags/orchestronic.py
[2025-01-28T08:01:06.720+0000] {processor.py:925} INFO - DAG(s) 'mongo_to_rabbitmq' retrieved from /opt/airflow/dags/orchestronic.py
[2025-01-28T08:01:06.739+0000] {logging_mixin.py:190} INFO - [2025-01-28T08:01:06.739+0000] {dag.py:3239} INFO - Sync 1 DAGs
[2025-01-28T08:01:06.763+0000] {logging_mixin.py:190} INFO - [2025-01-28T08:01:06.763+0000] {dag.py:4180} INFO - Setting next_dagrun for mongo_to_rabbitmq to 2025-01-27 00:00:00+00:00, run_after=2025-01-28 00:00:00+00:00
[2025-01-28T08:01:06.776+0000] {processor.py:208} INFO - Processing /opt/airflow/dags/orchestronic.py took 0.147 seconds
[2025-01-28T08:01:37.062+0000] {processor.py:186} INFO - Started process (PID=376) to work on /opt/airflow/dags/orchestronic.py
[2025-01-28T08:01:37.065+0000] {processor.py:914} INFO - Processing file /opt/airflow/dags/orchestronic.py for tasks to queue
[2025-01-28T08:01:37.069+0000] {logging_mixin.py:190} INFO - [2025-01-28T08:01:37.069+0000] {dagbag.py:588} INFO - Filling up the DagBag from /opt/airflow/dags/orchestronic.py
[2025-01-28T08:01:37.126+0000] {processor.py:925} INFO - DAG(s) 'mongo_to_rabbitmq' retrieved from /opt/airflow/dags/orchestronic.py
[2025-01-28T08:01:37.142+0000] {logging_mixin.py:190} INFO - [2025-01-28T08:01:37.142+0000] {dag.py:3239} INFO - Sync 1 DAGs
[2025-01-28T08:01:37.158+0000] {logging_mixin.py:190} INFO - [2025-01-28T08:01:37.158+0000] {dag.py:4180} INFO - Setting next_dagrun for mongo_to_rabbitmq to 2025-01-27 00:00:00+00:00, run_after=2025-01-28 00:00:00+00:00
[2025-01-28T08:01:37.170+0000] {processor.py:208} INFO - Processing /opt/airflow/dags/orchestronic.py took 0.115 seconds
[2025-01-28T08:02:08.175+0000] {processor.py:186} INFO - Started process (PID=442) to work on /opt/airflow/dags/orchestronic.py
[2025-01-28T08:02:08.176+0000] {processor.py:914} INFO - Processing file /opt/airflow/dags/orchestronic.py for tasks to queue
[2025-01-28T08:02:08.180+0000] {logging_mixin.py:190} INFO - [2025-01-28T08:02:08.180+0000] {dagbag.py:588} INFO - Filling up the DagBag from /opt/airflow/dags/orchestronic.py
[2025-01-28T08:02:08.239+0000] {processor.py:925} INFO - DAG(s) 'mongo_to_rabbitmq' retrieved from /opt/airflow/dags/orchestronic.py
[2025-01-28T08:02:08.255+0000] {logging_mixin.py:190} INFO - [2025-01-28T08:02:08.255+0000] {dag.py:3239} INFO - Sync 1 DAGs
[2025-01-28T08:02:08.266+0000] {logging_mixin.py:190} INFO - [2025-01-28T08:02:08.266+0000] {dag.py:4180} INFO - Setting next_dagrun for mongo_to_rabbitmq to 2025-01-27 00:00:00+00:00, run_after=2025-01-28 00:00:00+00:00
[2025-01-28T08:02:08.279+0000] {processor.py:208} INFO - Processing /opt/airflow/dags/orchestronic.py took 0.110 seconds
[2025-01-28T08:02:38.339+0000] {processor.py:186} INFO - Started process (PID=508) to work on /opt/airflow/dags/orchestronic.py
[2025-01-28T08:02:38.340+0000] {processor.py:914} INFO - Processing file /opt/airflow/dags/orchestronic.py for tasks to queue
[2025-01-28T08:02:38.342+0000] {logging_mixin.py:190} INFO - [2025-01-28T08:02:38.342+0000] {dagbag.py:588} INFO - Filling up the DagBag from /opt/airflow/dags/orchestronic.py
[2025-01-28T08:02:38.392+0000] {processor.py:925} INFO - DAG(s) 'mongo_to_rabbitmq' retrieved from /opt/airflow/dags/orchestronic.py
[2025-01-28T08:02:38.405+0000] {logging_mixin.py:190} INFO - [2025-01-28T08:02:38.404+0000] {dag.py:3239} INFO - Sync 1 DAGs
[2025-01-28T08:02:38.421+0000] {logging_mixin.py:190} INFO - [2025-01-28T08:02:38.421+0000] {dag.py:4180} INFO - Setting next_dagrun for mongo_to_rabbitmq to 2025-01-27 00:00:00+00:00, run_after=2025-01-28 00:00:00+00:00
[2025-01-28T08:02:38.433+0000] {processor.py:208} INFO - Processing /opt/airflow/dags/orchestronic.py took 0.100 seconds
[2025-01-28T08:03:08.597+0000] {processor.py:186} INFO - Started process (PID=574) to work on /opt/airflow/dags/orchestronic.py
[2025-01-28T08:03:08.598+0000] {processor.py:914} INFO - Processing file /opt/airflow/dags/orchestronic.py for tasks to queue
[2025-01-28T08:03:08.602+0000] {logging_mixin.py:190} INFO - [2025-01-28T08:03:08.602+0000] {dagbag.py:588} INFO - Filling up the DagBag from /opt/airflow/dags/orchestronic.py
[2025-01-28T08:03:08.681+0000] {processor.py:925} INFO - DAG(s) 'mongo_to_rabbitmq' retrieved from /opt/airflow/dags/orchestronic.py
[2025-01-28T08:03:08.700+0000] {logging_mixin.py:190} INFO - [2025-01-28T08:03:08.700+0000] {dag.py:3239} INFO - Sync 1 DAGs
[2025-01-28T08:03:08.717+0000] {logging_mixin.py:190} INFO - [2025-01-28T08:03:08.717+0000] {dag.py:4180} INFO - Setting next_dagrun for mongo_to_rabbitmq to 2025-01-27 00:00:00+00:00, run_after=2025-01-28 00:00:00+00:00
[2025-01-28T08:03:08.726+0000] {processor.py:208} INFO - Processing /opt/airflow/dags/orchestronic.py took 0.139 seconds
[2025-01-28T08:03:39.109+0000] {processor.py:186} INFO - Started process (PID=640) to work on /opt/airflow/dags/orchestronic.py
[2025-01-28T08:03:39.111+0000] {processor.py:914} INFO - Processing file /opt/airflow/dags/orchestronic.py for tasks to queue
[2025-01-28T08:03:39.113+0000] {logging_mixin.py:190} INFO - [2025-01-28T08:03:39.113+0000] {dagbag.py:588} INFO - Filling up the DagBag from /opt/airflow/dags/orchestronic.py
[2025-01-28T08:03:39.160+0000] {processor.py:925} INFO - DAG(s) 'mongo_to_rabbitmq' retrieved from /opt/airflow/dags/orchestronic.py
[2025-01-28T08:03:39.172+0000] {logging_mixin.py:190} INFO - [2025-01-28T08:03:39.172+0000] {dag.py:3239} INFO - Sync 1 DAGs
[2025-01-28T08:03:39.184+0000] {logging_mixin.py:190} INFO - [2025-01-28T08:03:39.184+0000] {dag.py:4180} INFO - Setting next_dagrun for mongo_to_rabbitmq to 2025-01-27 00:00:00+00:00, run_after=2025-01-28 00:00:00+00:00
[2025-01-28T08:03:39.194+0000] {processor.py:208} INFO - Processing /opt/airflow/dags/orchestronic.py took 0.090 seconds
[2025-01-28T08:04:10.120+0000] {processor.py:186} INFO - Started process (PID=706) to work on /opt/airflow/dags/orchestronic.py
[2025-01-28T08:04:10.123+0000] {processor.py:914} INFO - Processing file /opt/airflow/dags/orchestronic.py for tasks to queue
[2025-01-28T08:04:10.132+0000] {logging_mixin.py:190} INFO - [2025-01-28T08:04:10.131+0000] {dagbag.py:588} INFO - Filling up the DagBag from /opt/airflow/dags/orchestronic.py
[2025-01-28T08:04:10.204+0000] {processor.py:925} INFO - DAG(s) 'mongo_to_rabbitmq' retrieved from /opt/airflow/dags/orchestronic.py
[2025-01-28T08:04:10.221+0000] {logging_mixin.py:190} INFO - [2025-01-28T08:04:10.221+0000] {dag.py:3239} INFO - Sync 1 DAGs
[2025-01-28T08:04:10.236+0000] {logging_mixin.py:190} INFO - [2025-01-28T08:04:10.235+0000] {dag.py:4180} INFO - Setting next_dagrun for mongo_to_rabbitmq to 2025-01-27 00:00:00+00:00, run_after=2025-01-28 00:00:00+00:00
[2025-01-28T08:04:10.248+0000] {processor.py:208} INFO - Processing /opt/airflow/dags/orchestronic.py took 0.138 seconds
[2025-01-28T08:04:40.497+0000] {processor.py:186} INFO - Started process (PID=771) to work on /opt/airflow/dags/orchestronic.py
[2025-01-28T08:04:40.498+0000] {processor.py:914} INFO - Processing file /opt/airflow/dags/orchestronic.py for tasks to queue
[2025-01-28T08:04:40.501+0000] {logging_mixin.py:190} INFO - [2025-01-28T08:04:40.500+0000] {dagbag.py:588} INFO - Filling up the DagBag from /opt/airflow/dags/orchestronic.py
[2025-01-28T08:04:40.557+0000] {processor.py:925} INFO - DAG(s) 'mongo_to_rabbitmq' retrieved from /opt/airflow/dags/orchestronic.py
[2025-01-28T08:04:40.574+0000] {logging_mixin.py:190} INFO - [2025-01-28T08:04:40.574+0000] {dag.py:3239} INFO - Sync 1 DAGs
[2025-01-28T08:04:40.593+0000] {logging_mixin.py:190} INFO - [2025-01-28T08:04:40.593+0000] {dag.py:4180} INFO - Setting next_dagrun for mongo_to_rabbitmq to 2025-01-27 00:00:00+00:00, run_after=2025-01-28 00:00:00+00:00
[2025-01-28T08:04:40.607+0000] {processor.py:208} INFO - Processing /opt/airflow/dags/orchestronic.py took 0.118 seconds
[2025-01-28T08:05:11.627+0000] {processor.py:186} INFO - Started process (PID=837) to work on /opt/airflow/dags/orchestronic.py
[2025-01-28T08:05:11.630+0000] {processor.py:914} INFO - Processing file /opt/airflow/dags/orchestronic.py for tasks to queue
[2025-01-28T08:05:11.637+0000] {logging_mixin.py:190} INFO - [2025-01-28T08:05:11.636+0000] {dagbag.py:588} INFO - Filling up the DagBag from /opt/airflow/dags/orchestronic.py
[2025-01-28T08:05:11.686+0000] {processor.py:925} INFO - DAG(s) 'mongo_to_rabbitmq' retrieved from /opt/airflow/dags/orchestronic.py
[2025-01-28T08:05:11.702+0000] {logging_mixin.py:190} INFO - [2025-01-28T08:05:11.701+0000] {dag.py:3239} INFO - Sync 1 DAGs
[2025-01-28T08:05:11.719+0000] {logging_mixin.py:190} INFO - [2025-01-28T08:05:11.718+0000] {dag.py:4180} INFO - Setting next_dagrun for mongo_to_rabbitmq to 2025-01-27 00:00:00+00:00, run_after=2025-01-28 00:00:00+00:00
[2025-01-28T08:05:11.733+0000] {processor.py:208} INFO - Processing /opt/airflow/dags/orchestronic.py took 0.118 seconds
[2025-01-28T08:05:41.851+0000] {processor.py:186} INFO - Started process (PID=903) to work on /opt/airflow/dags/orchestronic.py
[2025-01-28T08:05:41.851+0000] {processor.py:914} INFO - Processing file /opt/airflow/dags/orchestronic.py for tasks to queue
[2025-01-28T08:05:41.854+0000] {logging_mixin.py:190} INFO - [2025-01-28T08:05:41.854+0000] {dagbag.py:588} INFO - Filling up the DagBag from /opt/airflow/dags/orchestronic.py
[2025-01-28T08:05:41.900+0000] {processor.py:925} INFO - DAG(s) 'mongo_to_rabbitmq' retrieved from /opt/airflow/dags/orchestronic.py
[2025-01-28T08:05:41.913+0000] {logging_mixin.py:190} INFO - [2025-01-28T08:05:41.913+0000] {dag.py:3239} INFO - Sync 1 DAGs
[2025-01-28T08:05:41.926+0000] {logging_mixin.py:190} INFO - [2025-01-28T08:05:41.926+0000] {dag.py:4180} INFO - Setting next_dagrun for mongo_to_rabbitmq to 2025-01-27 00:00:00+00:00, run_after=2025-01-28 00:00:00+00:00
[2025-01-28T08:05:41.937+0000] {processor.py:208} INFO - Processing /opt/airflow/dags/orchestronic.py took 0.092 seconds
[2025-01-28T08:06:12.084+0000] {processor.py:186} INFO - Started process (PID=969) to work on /opt/airflow/dags/orchestronic.py
[2025-01-28T08:06:12.086+0000] {processor.py:914} INFO - Processing file /opt/airflow/dags/orchestronic.py for tasks to queue
[2025-01-28T08:06:12.093+0000] {logging_mixin.py:190} INFO - [2025-01-28T08:06:12.093+0000] {dagbag.py:588} INFO - Filling up the DagBag from /opt/airflow/dags/orchestronic.py
[2025-01-28T08:06:12.176+0000] {processor.py:925} INFO - DAG(s) 'mongo_to_rabbitmq' retrieved from /opt/airflow/dags/orchestronic.py
[2025-01-28T08:06:12.195+0000] {logging_mixin.py:190} INFO - [2025-01-28T08:06:12.195+0000] {dag.py:3239} INFO - Sync 1 DAGs
[2025-01-28T08:06:12.214+0000] {logging_mixin.py:190} INFO - [2025-01-28T08:06:12.214+0000] {dag.py:4180} INFO - Setting next_dagrun for mongo_to_rabbitmq to 2025-01-27 00:00:00+00:00, run_after=2025-01-28 00:00:00+00:00
[2025-01-28T08:06:12.228+0000] {processor.py:208} INFO - Processing /opt/airflow/dags/orchestronic.py took 0.157 seconds
[2025-01-28T08:06:42.385+0000] {processor.py:186} INFO - Started process (PID=1035) to work on /opt/airflow/dags/orchestronic.py
[2025-01-28T08:06:42.386+0000] {processor.py:914} INFO - Processing file /opt/airflow/dags/orchestronic.py for tasks to queue
[2025-01-28T08:06:42.388+0000] {logging_mixin.py:190} INFO - [2025-01-28T08:06:42.387+0000] {dagbag.py:588} INFO - Filling up the DagBag from /opt/airflow/dags/orchestronic.py
[2025-01-28T08:06:42.434+0000] {processor.py:925} INFO - DAG(s) 'mongo_to_rabbitmq' retrieved from /opt/airflow/dags/orchestronic.py
[2025-01-28T08:06:42.445+0000] {logging_mixin.py:190} INFO - [2025-01-28T08:06:42.445+0000] {dag.py:3239} INFO - Sync 1 DAGs
[2025-01-28T08:06:42.459+0000] {logging_mixin.py:190} INFO - [2025-01-28T08:06:42.459+0000] {dag.py:4180} INFO - Setting next_dagrun for mongo_to_rabbitmq to 2025-01-27 00:00:00+00:00, run_after=2025-01-28 00:00:00+00:00
[2025-01-28T08:06:42.472+0000] {processor.py:208} INFO - Processing /opt/airflow/dags/orchestronic.py took 0.096 seconds
[2025-01-28T08:07:12.709+0000] {processor.py:186} INFO - Started process (PID=1101) to work on /opt/airflow/dags/orchestronic.py
[2025-01-28T08:07:12.710+0000] {processor.py:914} INFO - Processing file /opt/airflow/dags/orchestronic.py for tasks to queue
[2025-01-28T08:07:12.711+0000] {logging_mixin.py:190} INFO - [2025-01-28T08:07:12.711+0000] {dagbag.py:588} INFO - Filling up the DagBag from /opt/airflow/dags/orchestronic.py
[2025-01-28T08:07:12.762+0000] {processor.py:925} INFO - DAG(s) 'mongo_to_rabbitmq' retrieved from /opt/airflow/dags/orchestronic.py
[2025-01-28T08:07:12.777+0000] {logging_mixin.py:190} INFO - [2025-01-28T08:07:12.777+0000] {dag.py:3239} INFO - Sync 1 DAGs
[2025-01-28T08:07:12.792+0000] {logging_mixin.py:190} INFO - [2025-01-28T08:07:12.792+0000] {dag.py:4180} INFO - Setting next_dagrun for mongo_to_rabbitmq to 2025-01-27 00:00:00+00:00, run_after=2025-01-28 00:00:00+00:00
[2025-01-28T08:07:12.810+0000] {processor.py:208} INFO - Processing /opt/airflow/dags/orchestronic.py took 0.108 seconds
[2025-01-28T08:07:43.282+0000] {processor.py:186} INFO - Started process (PID=1167) to work on /opt/airflow/dags/orchestronic.py
[2025-01-28T08:07:43.283+0000] {processor.py:914} INFO - Processing file /opt/airflow/dags/orchestronic.py for tasks to queue
[2025-01-28T08:07:43.285+0000] {logging_mixin.py:190} INFO - [2025-01-28T08:07:43.285+0000] {dagbag.py:588} INFO - Filling up the DagBag from /opt/airflow/dags/orchestronic.py
[2025-01-28T08:07:43.334+0000] {processor.py:925} INFO - DAG(s) 'mongo_to_rabbitmq' retrieved from /opt/airflow/dags/orchestronic.py
[2025-01-28T08:07:43.348+0000] {logging_mixin.py:190} INFO - [2025-01-28T08:07:43.348+0000] {dag.py:3239} INFO - Sync 1 DAGs
[2025-01-28T08:07:43.360+0000] {logging_mixin.py:190} INFO - [2025-01-28T08:07:43.360+0000] {dag.py:4180} INFO - Setting next_dagrun for mongo_to_rabbitmq to 2025-01-27 00:00:00+00:00, run_after=2025-01-28 00:00:00+00:00
[2025-01-28T08:07:43.371+0000] {processor.py:208} INFO - Processing /opt/airflow/dags/orchestronic.py took 0.095 seconds
[2025-01-28T08:08:14.285+0000] {processor.py:186} INFO - Started process (PID=1233) to work on /opt/airflow/dags/orchestronic.py
[2025-01-28T08:08:14.286+0000] {processor.py:914} INFO - Processing file /opt/airflow/dags/orchestronic.py for tasks to queue
[2025-01-28T08:08:14.288+0000] {logging_mixin.py:190} INFO - [2025-01-28T08:08:14.288+0000] {dagbag.py:588} INFO - Filling up the DagBag from /opt/airflow/dags/orchestronic.py
[2025-01-28T08:08:14.348+0000] {processor.py:925} INFO - DAG(s) 'mongo_to_rabbitmq' retrieved from /opt/airflow/dags/orchestronic.py
[2025-01-28T08:08:14.362+0000] {logging_mixin.py:190} INFO - [2025-01-28T08:08:14.362+0000] {dag.py:3239} INFO - Sync 1 DAGs
[2025-01-28T08:08:14.379+0000] {logging_mixin.py:190} INFO - [2025-01-28T08:08:14.379+0000] {dag.py:4180} INFO - Setting next_dagrun for mongo_to_rabbitmq to 2025-01-27 00:00:00+00:00, run_after=2025-01-28 00:00:00+00:00
[2025-01-28T08:08:14.389+0000] {processor.py:208} INFO - Processing /opt/airflow/dags/orchestronic.py took 0.111 seconds
[2025-01-28T08:08:44.496+0000] {processor.py:186} INFO - Started process (PID=1299) to work on /opt/airflow/dags/orchestronic.py
[2025-01-28T08:08:44.496+0000] {processor.py:914} INFO - Processing file /opt/airflow/dags/orchestronic.py for tasks to queue
[2025-01-28T08:08:44.499+0000] {logging_mixin.py:190} INFO - [2025-01-28T08:08:44.498+0000] {dagbag.py:588} INFO - Filling up the DagBag from /opt/airflow/dags/orchestronic.py
[2025-01-28T08:08:44.551+0000] {processor.py:925} INFO - DAG(s) 'mongo_to_rabbitmq' retrieved from /opt/airflow/dags/orchestronic.py
[2025-01-28T08:08:44.563+0000] {logging_mixin.py:190} INFO - [2025-01-28T08:08:44.563+0000] {dag.py:3239} INFO - Sync 1 DAGs
[2025-01-28T08:08:44.577+0000] {logging_mixin.py:190} INFO - [2025-01-28T08:08:44.577+0000] {dag.py:4180} INFO - Setting next_dagrun for mongo_to_rabbitmq to 2025-01-27 00:00:00+00:00, run_after=2025-01-28 00:00:00+00:00
[2025-01-28T08:08:44.589+0000] {processor.py:208} INFO - Processing /opt/airflow/dags/orchestronic.py took 0.101 seconds
[2025-01-28T08:09:14.718+0000] {processor.py:186} INFO - Started process (PID=1365) to work on /opt/airflow/dags/orchestronic.py
[2025-01-28T08:09:14.719+0000] {processor.py:914} INFO - Processing file /opt/airflow/dags/orchestronic.py for tasks to queue
[2025-01-28T08:09:14.721+0000] {logging_mixin.py:190} INFO - [2025-01-28T08:09:14.721+0000] {dagbag.py:588} INFO - Filling up the DagBag from /opt/airflow/dags/orchestronic.py
[2025-01-28T08:09:14.761+0000] {processor.py:925} INFO - DAG(s) 'mongo_to_rabbitmq' retrieved from /opt/airflow/dags/orchestronic.py
[2025-01-28T08:09:14.772+0000] {logging_mixin.py:190} INFO - [2025-01-28T08:09:14.772+0000] {dag.py:3239} INFO - Sync 1 DAGs
[2025-01-28T08:09:14.782+0000] {logging_mixin.py:190} INFO - [2025-01-28T08:09:14.782+0000] {dag.py:4180} INFO - Setting next_dagrun for mongo_to_rabbitmq to 2025-01-27 00:00:00+00:00, run_after=2025-01-28 00:00:00+00:00
[2025-01-28T08:09:14.793+0000] {processor.py:208} INFO - Processing /opt/airflow/dags/orchestronic.py took 0.081 seconds
[2025-01-28T08:09:45.794+0000] {processor.py:186} INFO - Started process (PID=1431) to work on /opt/airflow/dags/orchestronic.py
[2025-01-28T08:09:45.795+0000] {processor.py:914} INFO - Processing file /opt/airflow/dags/orchestronic.py for tasks to queue
[2025-01-28T08:09:45.797+0000] {logging_mixin.py:190} INFO - [2025-01-28T08:09:45.797+0000] {dagbag.py:588} INFO - Filling up the DagBag from /opt/airflow/dags/orchestronic.py
[2025-01-28T08:09:45.866+0000] {processor.py:925} INFO - DAG(s) 'mongo_to_rabbitmq' retrieved from /opt/airflow/dags/orchestronic.py
[2025-01-28T08:09:45.881+0000] {logging_mixin.py:190} INFO - [2025-01-28T08:09:45.880+0000] {dag.py:3239} INFO - Sync 1 DAGs
[2025-01-28T08:09:45.896+0000] {logging_mixin.py:190} INFO - [2025-01-28T08:09:45.896+0000] {dag.py:4180} INFO - Setting next_dagrun for mongo_to_rabbitmq to 2025-01-27 00:00:00+00:00, run_after=2025-01-28 00:00:00+00:00
[2025-01-28T08:09:45.907+0000] {processor.py:208} INFO - Processing /opt/airflow/dags/orchestronic.py took 0.121 seconds
[2025-01-28T08:10:16.278+0000] {processor.py:186} INFO - Started process (PID=1497) to work on /opt/airflow/dags/orchestronic.py
[2025-01-28T08:10:16.279+0000] {processor.py:914} INFO - Processing file /opt/airflow/dags/orchestronic.py for tasks to queue
[2025-01-28T08:10:16.282+0000] {logging_mixin.py:190} INFO - [2025-01-28T08:10:16.282+0000] {dagbag.py:588} INFO - Filling up the DagBag from /opt/airflow/dags/orchestronic.py
[2025-01-28T08:10:16.336+0000] {processor.py:925} INFO - DAG(s) 'mongo_to_rabbitmq' retrieved from /opt/airflow/dags/orchestronic.py
[2025-01-28T08:10:16.349+0000] {logging_mixin.py:190} INFO - [2025-01-28T08:10:16.349+0000] {dag.py:3239} INFO - Sync 1 DAGs
[2025-01-28T08:10:16.365+0000] {logging_mixin.py:190} INFO - [2025-01-28T08:10:16.365+0000] {dag.py:4180} INFO - Setting next_dagrun for mongo_to_rabbitmq to 2025-01-27 00:00:00+00:00, run_after=2025-01-28 00:00:00+00:00
[2025-01-28T08:10:16.377+0000] {processor.py:208} INFO - Processing /opt/airflow/dags/orchestronic.py took 0.108 seconds
[2025-01-28T08:10:46.640+0000] {processor.py:186} INFO - Started process (PID=1563) to work on /opt/airflow/dags/orchestronic.py
[2025-01-28T08:10:46.641+0000] {processor.py:914} INFO - Processing file /opt/airflow/dags/orchestronic.py for tasks to queue
[2025-01-28T08:10:46.643+0000] {logging_mixin.py:190} INFO - [2025-01-28T08:10:46.643+0000] {dagbag.py:588} INFO - Filling up the DagBag from /opt/airflow/dags/orchestronic.py
[2025-01-28T08:10:46.696+0000] {processor.py:925} INFO - DAG(s) 'mongo_to_rabbitmq' retrieved from /opt/airflow/dags/orchestronic.py
[2025-01-28T08:10:46.707+0000] {logging_mixin.py:190} INFO - [2025-01-28T08:10:46.707+0000] {dag.py:3239} INFO - Sync 1 DAGs
[2025-01-28T08:10:46.733+0000] {logging_mixin.py:190} INFO - [2025-01-28T08:10:46.733+0000] {dag.py:4180} INFO - Setting next_dagrun for mongo_to_rabbitmq to 2025-01-27 00:00:00+00:00, run_after=2025-01-28 00:00:00+00:00
[2025-01-28T08:10:46.747+0000] {processor.py:208} INFO - Processing /opt/airflow/dags/orchestronic.py took 0.115 seconds
[2025-01-28T08:14:15.018+0000] {processor.py:186} INFO - Started process (PID=1629) to work on /opt/airflow/dags/orchestronic.py
[2025-01-28T08:14:15.021+0000] {processor.py:914} INFO - Processing file /opt/airflow/dags/orchestronic.py for tasks to queue
[2025-01-28T08:14:15.030+0000] {logging_mixin.py:190} INFO - [2025-01-28T08:14:15.029+0000] {dagbag.py:588} INFO - Filling up the DagBag from /opt/airflow/dags/orchestronic.py
[2025-01-28T08:14:15.107+0000] {processor.py:925} INFO - DAG(s) 'mongo_to_rabbitmq' retrieved from /opt/airflow/dags/orchestronic.py
[2025-01-28T08:14:15.124+0000] {logging_mixin.py:190} INFO - [2025-01-28T08:14:15.124+0000] {dag.py:3239} INFO - Sync 1 DAGs
[2025-01-28T08:14:15.145+0000] {logging_mixin.py:190} INFO - [2025-01-28T08:14:15.145+0000] {dag.py:4180} INFO - Setting next_dagrun for mongo_to_rabbitmq to 2025-01-27 00:00:00+00:00, run_after=2025-01-28 00:00:00+00:00
[2025-01-28T08:14:15.160+0000] {processor.py:208} INFO - Processing /opt/airflow/dags/orchestronic.py took 0.148 seconds
[2025-01-28T08:14:45.485+0000] {processor.py:186} INFO - Started process (PID=1695) to work on /opt/airflow/dags/orchestronic.py
[2025-01-28T08:14:45.486+0000] {processor.py:914} INFO - Processing file /opt/airflow/dags/orchestronic.py for tasks to queue
[2025-01-28T08:14:45.490+0000] {logging_mixin.py:190} INFO - [2025-01-28T08:14:45.490+0000] {dagbag.py:588} INFO - Filling up the DagBag from /opt/airflow/dags/orchestronic.py
[2025-01-28T08:14:45.570+0000] {processor.py:925} INFO - DAG(s) 'mongo_to_rabbitmq' retrieved from /opt/airflow/dags/orchestronic.py
[2025-01-28T08:14:45.585+0000] {logging_mixin.py:190} INFO - [2025-01-28T08:14:45.584+0000] {dag.py:3239} INFO - Sync 1 DAGs
[2025-01-28T08:14:45.599+0000] {logging_mixin.py:190} INFO - [2025-01-28T08:14:45.598+0000] {dag.py:4180} INFO - Setting next_dagrun for mongo_to_rabbitmq to 2025-01-27 00:00:00+00:00, run_after=2025-01-28 00:00:00+00:00
[2025-01-28T08:14:45.610+0000] {processor.py:208} INFO - Processing /opt/airflow/dags/orchestronic.py took 0.135 seconds
[2025-01-28T12:44:01.865+0000] {processor.py:186} INFO - Started process (PID=48) to work on /opt/airflow/dags/orchestronic.py
[2025-01-28T12:44:01.868+0000] {processor.py:914} INFO - Processing file /opt/airflow/dags/orchestronic.py for tasks to queue
[2025-01-28T12:44:01.872+0000] {logging_mixin.py:190} INFO - [2025-01-28T12:44:01.871+0000] {dagbag.py:588} INFO - Filling up the DagBag from /opt/airflow/dags/orchestronic.py
[2025-01-28T12:44:01.999+0000] {processor.py:925} INFO - DAG(s) 'mongo_to_rabbitmq' retrieved from /opt/airflow/dags/orchestronic.py
[2025-01-28T12:44:02.085+0000] {logging_mixin.py:190} INFO - [2025-01-28T12:44:02.084+0000] {dag.py:3239} INFO - Sync 1 DAGs
[2025-01-28T12:44:02.114+0000] {logging_mixin.py:190} INFO - [2025-01-28T12:44:02.114+0000] {dag.py:4180} INFO - Setting next_dagrun for mongo_to_rabbitmq to 2025-01-27 00:00:00+00:00, run_after=2025-01-28 00:00:00+00:00
[2025-01-28T12:44:02.130+0000] {processor.py:208} INFO - Processing /opt/airflow/dags/orchestronic.py took 0.271 seconds
[2025-01-28T12:44:18.482+0000] {processor.py:186} INFO - Started process (PID=41) to work on /opt/airflow/dags/orchestronic.py
[2025-01-28T12:44:18.484+0000] {processor.py:914} INFO - Processing file /opt/airflow/dags/orchestronic.py for tasks to queue
[2025-01-28T12:44:18.493+0000] {logging_mixin.py:190} INFO - [2025-01-28T12:44:18.492+0000] {dagbag.py:588} INFO - Filling up the DagBag from /opt/airflow/dags/orchestronic.py
[2025-01-28T12:44:18.593+0000] {processor.py:925} INFO - DAG(s) 'mongo_to_rabbitmq' retrieved from /opt/airflow/dags/orchestronic.py
[2025-01-28T12:44:18.656+0000] {logging_mixin.py:190} INFO - [2025-01-28T12:44:18.655+0000] {dag.py:3239} INFO - Sync 1 DAGs
[2025-01-28T12:44:18.709+0000] {logging_mixin.py:190} INFO - [2025-01-28T12:44:18.709+0000] {dag.py:4180} INFO - Setting next_dagrun for mongo_to_rabbitmq to 2025-01-27 00:00:00+00:00, run_after=2025-01-28 00:00:00+00:00
[2025-01-28T12:44:18.735+0000] {processor.py:208} INFO - Processing /opt/airflow/dags/orchestronic.py took 0.261 seconds
[2025-01-28T12:44:49.367+0000] {processor.py:186} INFO - Started process (PID=112) to work on /opt/airflow/dags/orchestronic.py
[2025-01-28T12:44:49.368+0000] {processor.py:914} INFO - Processing file /opt/airflow/dags/orchestronic.py for tasks to queue
[2025-01-28T12:44:49.378+0000] {logging_mixin.py:190} INFO - [2025-01-28T12:44:49.378+0000] {dagbag.py:588} INFO - Filling up the DagBag from /opt/airflow/dags/orchestronic.py
[2025-01-28T12:44:49.480+0000] {processor.py:925} INFO - DAG(s) 'mongo_to_rabbitmq' retrieved from /opt/airflow/dags/orchestronic.py
[2025-01-28T12:44:49.506+0000] {logging_mixin.py:190} INFO - [2025-01-28T12:44:49.506+0000] {dag.py:3239} INFO - Sync 1 DAGs
[2025-01-28T12:44:49.530+0000] {logging_mixin.py:190} INFO - [2025-01-28T12:44:49.530+0000] {dag.py:4180} INFO - Setting next_dagrun for mongo_to_rabbitmq to 2025-01-27 00:00:00+00:00, run_after=2025-01-28 00:00:00+00:00
[2025-01-28T12:44:49.545+0000] {processor.py:208} INFO - Processing /opt/airflow/dags/orchestronic.py took 0.192 seconds
[2025-01-28T12:45:20.030+0000] {processor.py:186} INFO - Started process (PID=178) to work on /opt/airflow/dags/orchestronic.py
[2025-01-28T12:45:20.035+0000] {processor.py:914} INFO - Processing file /opt/airflow/dags/orchestronic.py for tasks to queue
[2025-01-28T12:45:20.039+0000] {logging_mixin.py:190} INFO - [2025-01-28T12:45:20.039+0000] {dagbag.py:588} INFO - Filling up the DagBag from /opt/airflow/dags/orchestronic.py
[2025-01-28T12:45:20.231+0000] {processor.py:925} INFO - DAG(s) 'mongo_to_rabbitmq' retrieved from /opt/airflow/dags/orchestronic.py
[2025-01-28T12:45:20.281+0000] {logging_mixin.py:190} INFO - [2025-01-28T12:45:20.281+0000] {dag.py:3239} INFO - Sync 1 DAGs
[2025-01-28T12:45:20.315+0000] {logging_mixin.py:190} INFO - [2025-01-28T12:45:20.315+0000] {dag.py:4180} INFO - Setting next_dagrun for mongo_to_rabbitmq to 2025-01-27 00:00:00+00:00, run_after=2025-01-28 00:00:00+00:00
[2025-01-28T12:45:20.341+0000] {processor.py:208} INFO - Processing /opt/airflow/dags/orchestronic.py took 0.321 seconds
[2025-01-28T12:45:50.555+0000] {processor.py:186} INFO - Started process (PID=244) to work on /opt/airflow/dags/orchestronic.py
[2025-01-28T12:45:50.557+0000] {processor.py:914} INFO - Processing file /opt/airflow/dags/orchestronic.py for tasks to queue
[2025-01-28T12:45:50.563+0000] {logging_mixin.py:190} INFO - [2025-01-28T12:45:50.562+0000] {dagbag.py:588} INFO - Filling up the DagBag from /opt/airflow/dags/orchestronic.py
[2025-01-28T12:45:50.654+0000] {processor.py:925} INFO - DAG(s) 'mongo_to_rabbitmq' retrieved from /opt/airflow/dags/orchestronic.py
[2025-01-28T12:45:50.674+0000] {logging_mixin.py:190} INFO - [2025-01-28T12:45:50.674+0000] {dag.py:3239} INFO - Sync 1 DAGs
[2025-01-28T12:45:50.699+0000] {logging_mixin.py:190} INFO - [2025-01-28T12:45:50.699+0000] {dag.py:4180} INFO - Setting next_dagrun for mongo_to_rabbitmq to 2025-01-27 00:00:00+00:00, run_after=2025-01-28 00:00:00+00:00
[2025-01-28T12:45:50.711+0000] {processor.py:208} INFO - Processing /opt/airflow/dags/orchestronic.py took 0.165 seconds
[2025-01-28T12:46:21.351+0000] {processor.py:186} INFO - Started process (PID=310) to work on /opt/airflow/dags/orchestronic.py
[2025-01-28T12:46:21.353+0000] {processor.py:914} INFO - Processing file /opt/airflow/dags/orchestronic.py for tasks to queue
[2025-01-28T12:46:21.360+0000] {logging_mixin.py:190} INFO - [2025-01-28T12:46:21.360+0000] {dagbag.py:588} INFO - Filling up the DagBag from /opt/airflow/dags/orchestronic.py
[2025-01-28T12:46:21.464+0000] {processor.py:925} INFO - DAG(s) 'mongo_to_rabbitmq' retrieved from /opt/airflow/dags/orchestronic.py
[2025-01-28T12:46:21.489+0000] {logging_mixin.py:190} INFO - [2025-01-28T12:46:21.489+0000] {dag.py:3239} INFO - Sync 1 DAGs
[2025-01-28T12:46:21.515+0000] {logging_mixin.py:190} INFO - [2025-01-28T12:46:21.514+0000] {dag.py:4180} INFO - Setting next_dagrun for mongo_to_rabbitmq to 2025-01-27 00:00:00+00:00, run_after=2025-01-28 00:00:00+00:00
[2025-01-28T12:46:21.529+0000] {processor.py:208} INFO - Processing /opt/airflow/dags/orchestronic.py took 0.192 seconds
[2025-01-28T12:46:51.896+0000] {processor.py:186} INFO - Started process (PID=376) to work on /opt/airflow/dags/orchestronic.py
[2025-01-28T12:46:51.899+0000] {processor.py:914} INFO - Processing file /opt/airflow/dags/orchestronic.py for tasks to queue
[2025-01-28T12:46:51.906+0000] {logging_mixin.py:190} INFO - [2025-01-28T12:46:51.906+0000] {dagbag.py:588} INFO - Filling up the DagBag from /opt/airflow/dags/orchestronic.py
[2025-01-28T12:46:52.002+0000] {processor.py:925} INFO - DAG(s) 'mongo_to_rabbitmq' retrieved from /opt/airflow/dags/orchestronic.py
[2025-01-28T12:46:52.041+0000] {logging_mixin.py:190} INFO - [2025-01-28T12:46:52.041+0000] {dag.py:3239} INFO - Sync 1 DAGs
[2025-01-28T12:46:52.070+0000] {logging_mixin.py:190} INFO - [2025-01-28T12:46:52.070+0000] {dag.py:4180} INFO - Setting next_dagrun for mongo_to_rabbitmq to 2025-01-27 00:00:00+00:00, run_after=2025-01-28 00:00:00+00:00
[2025-01-28T12:46:52.092+0000] {processor.py:208} INFO - Processing /opt/airflow/dags/orchestronic.py took 0.206 seconds
[2025-01-28T12:47:22.711+0000] {processor.py:186} INFO - Started process (PID=442) to work on /opt/airflow/dags/orchestronic.py
[2025-01-28T12:47:22.713+0000] {processor.py:914} INFO - Processing file /opt/airflow/dags/orchestronic.py for tasks to queue
[2025-01-28T12:47:22.719+0000] {logging_mixin.py:190} INFO - [2025-01-28T12:47:22.718+0000] {dagbag.py:588} INFO - Filling up the DagBag from /opt/airflow/dags/orchestronic.py
[2025-01-28T12:47:22.784+0000] {processor.py:925} INFO - DAG(s) 'mongo_to_rabbitmq' retrieved from /opt/airflow/dags/orchestronic.py
[2025-01-28T12:47:22.802+0000] {logging_mixin.py:190} INFO - [2025-01-28T12:47:22.802+0000] {dag.py:3239} INFO - Sync 1 DAGs
[2025-01-28T12:47:22.822+0000] {logging_mixin.py:190} INFO - [2025-01-28T12:47:22.821+0000] {dag.py:4180} INFO - Setting next_dagrun for mongo_to_rabbitmq to 2025-01-27 00:00:00+00:00, run_after=2025-01-28 00:00:00+00:00
[2025-01-28T12:47:22.835+0000] {processor.py:208} INFO - Processing /opt/airflow/dags/orchestronic.py took 0.136 seconds
[2025-01-28T12:47:53.280+0000] {processor.py:186} INFO - Started process (PID=508) to work on /opt/airflow/dags/orchestronic.py
[2025-01-28T12:47:53.280+0000] {processor.py:914} INFO - Processing file /opt/airflow/dags/orchestronic.py for tasks to queue
[2025-01-28T12:47:53.285+0000] {logging_mixin.py:190} INFO - [2025-01-28T12:47:53.285+0000] {dagbag.py:588} INFO - Filling up the DagBag from /opt/airflow/dags/orchestronic.py
[2025-01-28T12:47:53.358+0000] {processor.py:925} INFO - DAG(s) 'mongo_to_rabbitmq' retrieved from /opt/airflow/dags/orchestronic.py
[2025-01-28T12:47:53.376+0000] {logging_mixin.py:190} INFO - [2025-01-28T12:47:53.376+0000] {dag.py:3239} INFO - Sync 1 DAGs
[2025-01-28T12:47:53.392+0000] {logging_mixin.py:190} INFO - [2025-01-28T12:47:53.391+0000] {dag.py:4180} INFO - Setting next_dagrun for mongo_to_rabbitmq to 2025-01-27 00:00:00+00:00, run_after=2025-01-28 00:00:00+00:00
[2025-01-28T12:47:53.402+0000] {processor.py:208} INFO - Processing /opt/airflow/dags/orchestronic.py took 0.131 seconds
[2025-01-28T12:48:23.704+0000] {processor.py:186} INFO - Started process (PID=574) to work on /opt/airflow/dags/orchestronic.py
[2025-01-28T12:48:23.705+0000] {processor.py:914} INFO - Processing file /opt/airflow/dags/orchestronic.py for tasks to queue
[2025-01-28T12:48:23.711+0000] {logging_mixin.py:190} INFO - [2025-01-28T12:48:23.711+0000] {dagbag.py:588} INFO - Filling up the DagBag from /opt/airflow/dags/orchestronic.py
[2025-01-28T12:48:23.795+0000] {processor.py:925} INFO - DAG(s) 'mongo_to_rabbitmq' retrieved from /opt/airflow/dags/orchestronic.py
[2025-01-28T12:48:23.814+0000] {logging_mixin.py:190} INFO - [2025-01-28T12:48:23.814+0000] {dag.py:3239} INFO - Sync 1 DAGs
[2025-01-28T12:48:23.838+0000] {logging_mixin.py:190} INFO - [2025-01-28T12:48:23.838+0000] {dag.py:4180} INFO - Setting next_dagrun for mongo_to_rabbitmq to 2025-01-27 00:00:00+00:00, run_after=2025-01-28 00:00:00+00:00
[2025-01-28T12:48:23.851+0000] {processor.py:208} INFO - Processing /opt/airflow/dags/orchestronic.py took 0.154 seconds
[2025-01-28T12:48:53.927+0000] {processor.py:186} INFO - Started process (PID=640) to work on /opt/airflow/dags/orchestronic.py
[2025-01-28T12:48:53.929+0000] {processor.py:914} INFO - Processing file /opt/airflow/dags/orchestronic.py for tasks to queue
[2025-01-28T12:48:53.937+0000] {logging_mixin.py:190} INFO - [2025-01-28T12:48:53.936+0000] {dagbag.py:588} INFO - Filling up the DagBag from /opt/airflow/dags/orchestronic.py
[2025-01-28T12:48:54.027+0000] {processor.py:925} INFO - DAG(s) 'mongo_to_rabbitmq' retrieved from /opt/airflow/dags/orchestronic.py
[2025-01-28T12:48:54.050+0000] {logging_mixin.py:190} INFO - [2025-01-28T12:48:54.050+0000] {dag.py:3239} INFO - Sync 1 DAGs
[2025-01-28T12:48:54.071+0000] {logging_mixin.py:190} INFO - [2025-01-28T12:48:54.071+0000] {dag.py:4180} INFO - Setting next_dagrun for mongo_to_rabbitmq to 2025-01-27 00:00:00+00:00, run_after=2025-01-28 00:00:00+00:00
[2025-01-28T12:48:54.084+0000] {processor.py:208} INFO - Processing /opt/airflow/dags/orchestronic.py took 0.172 seconds
[2025-01-28T12:49:24.290+0000] {processor.py:186} INFO - Started process (PID=707) to work on /opt/airflow/dags/orchestronic.py
[2025-01-28T12:49:24.292+0000] {processor.py:914} INFO - Processing file /opt/airflow/dags/orchestronic.py for tasks to queue
[2025-01-28T12:49:24.293+0000] {logging_mixin.py:190} INFO - [2025-01-28T12:49:24.293+0000] {dagbag.py:588} INFO - Filling up the DagBag from /opt/airflow/dags/orchestronic.py
[2025-01-28T12:49:24.342+0000] {processor.py:925} INFO - DAG(s) 'mongo_to_rabbitmq' retrieved from /opt/airflow/dags/orchestronic.py
[2025-01-28T12:49:24.359+0000] {logging_mixin.py:190} INFO - [2025-01-28T12:49:24.359+0000] {dag.py:3239} INFO - Sync 1 DAGs
[2025-01-28T12:49:24.374+0000] {logging_mixin.py:190} INFO - [2025-01-28T12:49:24.374+0000] {dag.py:4180} INFO - Setting next_dagrun for mongo_to_rabbitmq to 2025-01-27 00:00:00+00:00, run_after=2025-01-28 00:00:00+00:00
[2025-01-28T12:49:24.389+0000] {processor.py:208} INFO - Processing /opt/airflow/dags/orchestronic.py took 0.104 seconds
[2025-01-28T12:49:54.601+0000] {processor.py:186} INFO - Started process (PID=773) to work on /opt/airflow/dags/orchestronic.py
[2025-01-28T12:49:54.601+0000] {processor.py:914} INFO - Processing file /opt/airflow/dags/orchestronic.py for tasks to queue
[2025-01-28T12:49:54.603+0000] {logging_mixin.py:190} INFO - [2025-01-28T12:49:54.603+0000] {dagbag.py:588} INFO - Filling up the DagBag from /opt/airflow/dags/orchestronic.py
[2025-01-28T12:49:54.645+0000] {processor.py:925} INFO - DAG(s) 'mongo_to_rabbitmq' retrieved from /opt/airflow/dags/orchestronic.py
[2025-01-28T12:49:54.662+0000] {logging_mixin.py:190} INFO - [2025-01-28T12:49:54.662+0000] {dag.py:3239} INFO - Sync 1 DAGs
[2025-01-28T12:49:54.678+0000] {logging_mixin.py:190} INFO - [2025-01-28T12:49:54.678+0000] {dag.py:4180} INFO - Setting next_dagrun for mongo_to_rabbitmq to 2025-01-27 00:00:00+00:00, run_after=2025-01-28 00:00:00+00:00
[2025-01-28T12:49:54.692+0000] {processor.py:208} INFO - Processing /opt/airflow/dags/orchestronic.py took 0.097 seconds
[2025-01-28T12:50:24.876+0000] {processor.py:186} INFO - Started process (PID=838) to work on /opt/airflow/dags/orchestronic.py
[2025-01-28T12:50:24.877+0000] {processor.py:914} INFO - Processing file /opt/airflow/dags/orchestronic.py for tasks to queue
[2025-01-28T12:50:24.882+0000] {logging_mixin.py:190} INFO - [2025-01-28T12:50:24.882+0000] {dagbag.py:588} INFO - Filling up the DagBag from /opt/airflow/dags/orchestronic.py
[2025-01-28T12:50:24.941+0000] {processor.py:925} INFO - DAG(s) 'mongo_to_rabbitmq' retrieved from /opt/airflow/dags/orchestronic.py
[2025-01-28T12:50:24.956+0000] {logging_mixin.py:190} INFO - [2025-01-28T12:50:24.956+0000] {dag.py:3239} INFO - Sync 1 DAGs
[2025-01-28T12:50:24.972+0000] {logging_mixin.py:190} INFO - [2025-01-28T12:50:24.972+0000] {dag.py:4180} INFO - Setting next_dagrun for mongo_to_rabbitmq to 2025-01-27 00:00:00+00:00, run_after=2025-01-28 00:00:00+00:00
[2025-01-28T12:50:24.983+0000] {processor.py:208} INFO - Processing /opt/airflow/dags/orchestronic.py took 0.120 seconds
[2025-01-28T12:50:55.362+0000] {processor.py:186} INFO - Started process (PID=904) to work on /opt/airflow/dags/orchestronic.py
[2025-01-28T12:50:55.363+0000] {processor.py:914} INFO - Processing file /opt/airflow/dags/orchestronic.py for tasks to queue
[2025-01-28T12:50:55.374+0000] {logging_mixin.py:190} INFO - [2025-01-28T12:50:55.374+0000] {dagbag.py:588} INFO - Filling up the DagBag from /opt/airflow/dags/orchestronic.py
[2025-01-28T12:50:55.447+0000] {processor.py:925} INFO - DAG(s) 'mongo_to_rabbitmq' retrieved from /opt/airflow/dags/orchestronic.py
[2025-01-28T12:50:55.466+0000] {logging_mixin.py:190} INFO - [2025-01-28T12:50:55.465+0000] {dag.py:3239} INFO - Sync 1 DAGs
[2025-01-28T12:50:55.481+0000] {logging_mixin.py:190} INFO - [2025-01-28T12:50:55.481+0000] {dag.py:4180} INFO - Setting next_dagrun for mongo_to_rabbitmq to 2025-01-27 00:00:00+00:00, run_after=2025-01-28 00:00:00+00:00
[2025-01-28T12:50:55.490+0000] {processor.py:208} INFO - Processing /opt/airflow/dags/orchestronic.py took 0.135 seconds
[2025-01-28T12:51:25.793+0000] {processor.py:186} INFO - Started process (PID=970) to work on /opt/airflow/dags/orchestronic.py
[2025-01-28T12:51:25.794+0000] {processor.py:914} INFO - Processing file /opt/airflow/dags/orchestronic.py for tasks to queue
[2025-01-28T12:51:25.799+0000] {logging_mixin.py:190} INFO - [2025-01-28T12:51:25.799+0000] {dagbag.py:588} INFO - Filling up the DagBag from /opt/airflow/dags/orchestronic.py
[2025-01-28T12:51:25.899+0000] {processor.py:925} INFO - DAG(s) 'mongo_to_rabbitmq' retrieved from /opt/airflow/dags/orchestronic.py
[2025-01-28T12:51:25.921+0000] {logging_mixin.py:190} INFO - [2025-01-28T12:51:25.921+0000] {dag.py:3239} INFO - Sync 1 DAGs
[2025-01-28T12:51:25.943+0000] {logging_mixin.py:190} INFO - [2025-01-28T12:51:25.943+0000] {dag.py:4180} INFO - Setting next_dagrun for mongo_to_rabbitmq to 2025-01-27 00:00:00+00:00, run_after=2025-01-28 00:00:00+00:00
[2025-01-28T12:51:25.959+0000] {processor.py:208} INFO - Processing /opt/airflow/dags/orchestronic.py took 0.176 seconds
[2025-01-28T12:51:56.343+0000] {processor.py:186} INFO - Started process (PID=1036) to work on /opt/airflow/dags/orchestronic.py
[2025-01-28T12:51:56.344+0000] {processor.py:914} INFO - Processing file /opt/airflow/dags/orchestronic.py for tasks to queue
[2025-01-28T12:51:56.352+0000] {logging_mixin.py:190} INFO - [2025-01-28T12:51:56.351+0000] {dagbag.py:588} INFO - Filling up the DagBag from /opt/airflow/dags/orchestronic.py
[2025-01-28T12:51:56.430+0000] {processor.py:925} INFO - DAG(s) 'mongo_to_rabbitmq' retrieved from /opt/airflow/dags/orchestronic.py
[2025-01-28T12:51:56.450+0000] {logging_mixin.py:190} INFO - [2025-01-28T12:51:56.450+0000] {dag.py:3239} INFO - Sync 1 DAGs
[2025-01-28T12:51:56.470+0000] {logging_mixin.py:190} INFO - [2025-01-28T12:51:56.470+0000] {dag.py:4180} INFO - Setting next_dagrun for mongo_to_rabbitmq to 2025-01-27 00:00:00+00:00, run_after=2025-01-28 00:00:00+00:00
[2025-01-28T12:51:56.484+0000] {processor.py:208} INFO - Processing /opt/airflow/dags/orchestronic.py took 0.153 seconds
[2025-01-28T12:52:26.818+0000] {processor.py:186} INFO - Started process (PID=1102) to work on /opt/airflow/dags/orchestronic.py
[2025-01-28T12:52:26.820+0000] {processor.py:914} INFO - Processing file /opt/airflow/dags/orchestronic.py for tasks to queue
[2025-01-28T12:52:26.825+0000] {logging_mixin.py:190} INFO - [2025-01-28T12:52:26.824+0000] {dagbag.py:588} INFO - Filling up the DagBag from /opt/airflow/dags/orchestronic.py
[2025-01-28T12:52:26.895+0000] {processor.py:925} INFO - DAG(s) 'mongo_to_rabbitmq' retrieved from /opt/airflow/dags/orchestronic.py
[2025-01-28T12:52:26.918+0000] {logging_mixin.py:190} INFO - [2025-01-28T12:52:26.918+0000] {dag.py:3239} INFO - Sync 1 DAGs
[2025-01-28T12:52:26.938+0000] {logging_mixin.py:190} INFO - [2025-01-28T12:52:26.938+0000] {dag.py:4180} INFO - Setting next_dagrun for mongo_to_rabbitmq to 2025-01-27 00:00:00+00:00, run_after=2025-01-28 00:00:00+00:00
[2025-01-28T12:52:26.956+0000] {processor.py:208} INFO - Processing /opt/airflow/dags/orchestronic.py took 0.154 seconds
[2025-01-28T12:52:57.266+0000] {processor.py:186} INFO - Started process (PID=1167) to work on /opt/airflow/dags/orchestronic.py
[2025-01-28T12:52:57.267+0000] {processor.py:914} INFO - Processing file /opt/airflow/dags/orchestronic.py for tasks to queue
[2025-01-28T12:52:57.273+0000] {logging_mixin.py:190} INFO - [2025-01-28T12:52:57.272+0000] {dagbag.py:588} INFO - Filling up the DagBag from /opt/airflow/dags/orchestronic.py
[2025-01-28T12:52:57.383+0000] {processor.py:925} INFO - DAG(s) 'mongo_to_rabbitmq' retrieved from /opt/airflow/dags/orchestronic.py
[2025-01-28T12:52:57.413+0000] {logging_mixin.py:190} INFO - [2025-01-28T12:52:57.413+0000] {dag.py:3239} INFO - Sync 1 DAGs
[2025-01-28T12:52:57.438+0000] {logging_mixin.py:190} INFO - [2025-01-28T12:52:57.437+0000] {dag.py:4180} INFO - Setting next_dagrun for mongo_to_rabbitmq to 2025-01-27 00:00:00+00:00, run_after=2025-01-28 00:00:00+00:00
[2025-01-28T12:52:57.451+0000] {processor.py:208} INFO - Processing /opt/airflow/dags/orchestronic.py took 0.198 seconds
[2025-01-28T12:53:27.630+0000] {processor.py:186} INFO - Started process (PID=1233) to work on /opt/airflow/dags/orchestronic.py
[2025-01-28T12:53:27.632+0000] {processor.py:914} INFO - Processing file /opt/airflow/dags/orchestronic.py for tasks to queue
[2025-01-28T12:53:27.641+0000] {logging_mixin.py:190} INFO - [2025-01-28T12:53:27.641+0000] {dagbag.py:588} INFO - Filling up the DagBag from /opt/airflow/dags/orchestronic.py
[2025-01-28T12:53:27.733+0000] {processor.py:925} INFO - DAG(s) 'mongo_to_rabbitmq' retrieved from /opt/airflow/dags/orchestronic.py
[2025-01-28T12:53:27.769+0000] {logging_mixin.py:190} INFO - [2025-01-28T12:53:27.769+0000] {dag.py:3239} INFO - Sync 1 DAGs
[2025-01-28T12:53:27.788+0000] {logging_mixin.py:190} INFO - [2025-01-28T12:53:27.787+0000] {dag.py:4180} INFO - Setting next_dagrun for mongo_to_rabbitmq to 2025-01-27 00:00:00+00:00, run_after=2025-01-28 00:00:00+00:00
[2025-01-28T12:53:27.804+0000] {processor.py:208} INFO - Processing /opt/airflow/dags/orchestronic.py took 0.187 seconds
[2025-01-28T12:53:58.009+0000] {processor.py:186} INFO - Started process (PID=1299) to work on /opt/airflow/dags/orchestronic.py
[2025-01-28T12:53:58.010+0000] {processor.py:914} INFO - Processing file /opt/airflow/dags/orchestronic.py for tasks to queue
[2025-01-28T12:53:58.024+0000] {logging_mixin.py:190} INFO - [2025-01-28T12:53:58.021+0000] {dagbag.py:588} INFO - Filling up the DagBag from /opt/airflow/dags/orchestronic.py
[2025-01-28T12:53:58.149+0000] {processor.py:925} INFO - DAG(s) 'mongo_to_rabbitmq' retrieved from /opt/airflow/dags/orchestronic.py
[2025-01-28T12:53:58.196+0000] {logging_mixin.py:190} INFO - [2025-01-28T12:53:58.195+0000] {dag.py:3239} INFO - Sync 1 DAGs
[2025-01-28T12:53:58.227+0000] {logging_mixin.py:190} INFO - [2025-01-28T12:53:58.227+0000] {dag.py:4180} INFO - Setting next_dagrun for mongo_to_rabbitmq to 2025-01-27 00:00:00+00:00, run_after=2025-01-28 00:00:00+00:00
[2025-01-28T12:53:58.244+0000] {processor.py:208} INFO - Processing /opt/airflow/dags/orchestronic.py took 0.255 seconds
[2025-01-28T12:54:28.853+0000] {processor.py:186} INFO - Started process (PID=1365) to work on /opt/airflow/dags/orchestronic.py
[2025-01-28T12:54:28.854+0000] {processor.py:914} INFO - Processing file /opt/airflow/dags/orchestronic.py for tasks to queue
[2025-01-28T12:54:28.861+0000] {logging_mixin.py:190} INFO - [2025-01-28T12:54:28.861+0000] {dagbag.py:588} INFO - Filling up the DagBag from /opt/airflow/dags/orchestronic.py
[2025-01-28T12:54:28.957+0000] {processor.py:925} INFO - DAG(s) 'mongo_to_rabbitmq' retrieved from /opt/airflow/dags/orchestronic.py
[2025-01-28T12:54:28.987+0000] {logging_mixin.py:190} INFO - [2025-01-28T12:54:28.986+0000] {dag.py:3239} INFO - Sync 1 DAGs
[2025-01-28T12:54:29.004+0000] {logging_mixin.py:190} INFO - [2025-01-28T12:54:29.003+0000] {dag.py:4180} INFO - Setting next_dagrun for mongo_to_rabbitmq to 2025-01-27 00:00:00+00:00, run_after=2025-01-28 00:00:00+00:00
[2025-01-28T12:54:29.015+0000] {processor.py:208} INFO - Processing /opt/airflow/dags/orchestronic.py took 0.177 seconds
[2025-01-28T12:54:59.158+0000] {processor.py:186} INFO - Started process (PID=1431) to work on /opt/airflow/dags/orchestronic.py
[2025-01-28T12:54:59.162+0000] {processor.py:914} INFO - Processing file /opt/airflow/dags/orchestronic.py for tasks to queue
[2025-01-28T12:54:59.172+0000] {logging_mixin.py:190} INFO - [2025-01-28T12:54:59.171+0000] {dagbag.py:588} INFO - Filling up the DagBag from /opt/airflow/dags/orchestronic.py
[2025-01-28T12:54:59.286+0000] {processor.py:925} INFO - DAG(s) 'mongo_to_rabbitmq' retrieved from /opt/airflow/dags/orchestronic.py
[2025-01-28T12:54:59.318+0000] {logging_mixin.py:190} INFO - [2025-01-28T12:54:59.318+0000] {dag.py:3239} INFO - Sync 1 DAGs
[2025-01-28T12:54:59.346+0000] {logging_mixin.py:190} INFO - [2025-01-28T12:54:59.346+0000] {dag.py:4180} INFO - Setting next_dagrun for mongo_to_rabbitmq to 2025-01-27 00:00:00+00:00, run_after=2025-01-28 00:00:00+00:00
[2025-01-28T12:54:59.368+0000] {processor.py:208} INFO - Processing /opt/airflow/dags/orchestronic.py took 0.225 seconds
[2025-01-28T12:55:29.837+0000] {processor.py:186} INFO - Started process (PID=1497) to work on /opt/airflow/dags/orchestronic.py
[2025-01-28T12:55:29.841+0000] {processor.py:914} INFO - Processing file /opt/airflow/dags/orchestronic.py for tasks to queue
[2025-01-28T12:55:29.850+0000] {logging_mixin.py:190} INFO - [2025-01-28T12:55:29.848+0000] {dagbag.py:588} INFO - Filling up the DagBag from /opt/airflow/dags/orchestronic.py
[2025-01-28T12:55:29.943+0000] {processor.py:925} INFO - DAG(s) 'mongo_to_rabbitmq' retrieved from /opt/airflow/dags/orchestronic.py
[2025-01-28T12:55:29.968+0000] {logging_mixin.py:190} INFO - [2025-01-28T12:55:29.968+0000] {dag.py:3239} INFO - Sync 1 DAGs
[2025-01-28T12:55:29.986+0000] {logging_mixin.py:190} INFO - [2025-01-28T12:55:29.985+0000] {dag.py:4180} INFO - Setting next_dagrun for mongo_to_rabbitmq to 2025-01-27 00:00:00+00:00, run_after=2025-01-28 00:00:00+00:00
[2025-01-28T12:55:29.997+0000] {processor.py:208} INFO - Processing /opt/airflow/dags/orchestronic.py took 0.177 seconds
[2025-01-28T12:56:00.168+0000] {processor.py:186} INFO - Started process (PID=1563) to work on /opt/airflow/dags/orchestronic.py
[2025-01-28T12:56:00.171+0000] {processor.py:914} INFO - Processing file /opt/airflow/dags/orchestronic.py for tasks to queue
[2025-01-28T12:56:00.179+0000] {logging_mixin.py:190} INFO - [2025-01-28T12:56:00.179+0000] {dagbag.py:588} INFO - Filling up the DagBag from /opt/airflow/dags/orchestronic.py
[2025-01-28T12:56:00.272+0000] {processor.py:925} INFO - DAG(s) 'mongo_to_rabbitmq' retrieved from /opt/airflow/dags/orchestronic.py
[2025-01-28T12:56:00.315+0000] {logging_mixin.py:190} INFO - [2025-01-28T12:56:00.315+0000] {dag.py:3239} INFO - Sync 1 DAGs
[2025-01-28T12:56:00.339+0000] {logging_mixin.py:190} INFO - [2025-01-28T12:56:00.338+0000] {dag.py:4180} INFO - Setting next_dagrun for mongo_to_rabbitmq to 2025-01-27 00:00:00+00:00, run_after=2025-01-28 00:00:00+00:00
[2025-01-28T12:56:00.353+0000] {processor.py:208} INFO - Processing /opt/airflow/dags/orchestronic.py took 0.198 seconds
[2025-01-28T12:56:30.765+0000] {processor.py:186} INFO - Started process (PID=1629) to work on /opt/airflow/dags/orchestronic.py
[2025-01-28T12:56:30.767+0000] {processor.py:914} INFO - Processing file /opt/airflow/dags/orchestronic.py for tasks to queue
[2025-01-28T12:56:30.777+0000] {logging_mixin.py:190} INFO - [2025-01-28T12:56:30.776+0000] {dagbag.py:588} INFO - Filling up the DagBag from /opt/airflow/dags/orchestronic.py
[2025-01-28T12:56:30.876+0000] {processor.py:925} INFO - DAG(s) 'mongo_to_rabbitmq' retrieved from /opt/airflow/dags/orchestronic.py
[2025-01-28T12:56:30.908+0000] {logging_mixin.py:190} INFO - [2025-01-28T12:56:30.907+0000] {dag.py:3239} INFO - Sync 1 DAGs
[2025-01-28T12:56:30.931+0000] {logging_mixin.py:190} INFO - [2025-01-28T12:56:30.931+0000] {dag.py:4180} INFO - Setting next_dagrun for mongo_to_rabbitmq to 2025-01-27 00:00:00+00:00, run_after=2025-01-28 00:00:00+00:00
[2025-01-28T12:56:30.943+0000] {processor.py:208} INFO - Processing /opt/airflow/dags/orchestronic.py took 0.197 seconds
[2025-01-28T12:57:01.205+0000] {processor.py:186} INFO - Started process (PID=1695) to work on /opt/airflow/dags/orchestronic.py
[2025-01-28T12:57:01.206+0000] {processor.py:914} INFO - Processing file /opt/airflow/dags/orchestronic.py for tasks to queue
[2025-01-28T12:57:01.223+0000] {logging_mixin.py:190} INFO - [2025-01-28T12:57:01.220+0000] {dagbag.py:588} INFO - Filling up the DagBag from /opt/airflow/dags/orchestronic.py
[2025-01-28T12:57:01.321+0000] {processor.py:925} INFO - DAG(s) 'mongo_to_rabbitmq' retrieved from /opt/airflow/dags/orchestronic.py
[2025-01-28T12:57:01.354+0000] {logging_mixin.py:190} INFO - [2025-01-28T12:57:01.354+0000] {dag.py:3239} INFO - Sync 1 DAGs
[2025-01-28T12:57:01.376+0000] {logging_mixin.py:190} INFO - [2025-01-28T12:57:01.376+0000] {dag.py:4180} INFO - Setting next_dagrun for mongo_to_rabbitmq to 2025-01-27 00:00:00+00:00, run_after=2025-01-28 00:00:00+00:00
[2025-01-28T12:57:01.391+0000] {processor.py:208} INFO - Processing /opt/airflow/dags/orchestronic.py took 0.195 seconds
[2025-01-28T12:57:31.949+0000] {processor.py:186} INFO - Started process (PID=1761) to work on /opt/airflow/dags/orchestronic.py
[2025-01-28T12:57:31.951+0000] {processor.py:914} INFO - Processing file /opt/airflow/dags/orchestronic.py for tasks to queue
[2025-01-28T12:57:31.958+0000] {logging_mixin.py:190} INFO - [2025-01-28T12:57:31.957+0000] {dagbag.py:588} INFO - Filling up the DagBag from /opt/airflow/dags/orchestronic.py
[2025-01-28T12:57:32.054+0000] {processor.py:925} INFO - DAG(s) 'mongo_to_rabbitmq' retrieved from /opt/airflow/dags/orchestronic.py
[2025-01-28T12:57:32.106+0000] {logging_mixin.py:190} INFO - [2025-01-28T12:57:32.106+0000] {dag.py:3239} INFO - Sync 1 DAGs
[2025-01-28T12:57:32.144+0000] {logging_mixin.py:190} INFO - [2025-01-28T12:57:32.143+0000] {dag.py:4180} INFO - Setting next_dagrun for mongo_to_rabbitmq to 2025-01-27 00:00:00+00:00, run_after=2025-01-28 00:00:00+00:00
[2025-01-28T12:57:32.159+0000] {processor.py:208} INFO - Processing /opt/airflow/dags/orchestronic.py took 0.219 seconds
[2025-01-28T12:58:02.325+0000] {processor.py:186} INFO - Started process (PID=1827) to work on /opt/airflow/dags/orchestronic.py
[2025-01-28T12:58:02.330+0000] {processor.py:914} INFO - Processing file /opt/airflow/dags/orchestronic.py for tasks to queue
[2025-01-28T12:58:02.336+0000] {logging_mixin.py:190} INFO - [2025-01-28T12:58:02.335+0000] {dagbag.py:588} INFO - Filling up the DagBag from /opt/airflow/dags/orchestronic.py
[2025-01-28T12:58:02.407+0000] {processor.py:925} INFO - DAG(s) 'mongo_to_rabbitmq' retrieved from /opt/airflow/dags/orchestronic.py
[2025-01-28T12:58:02.428+0000] {logging_mixin.py:190} INFO - [2025-01-28T12:58:02.428+0000] {dag.py:3239} INFO - Sync 1 DAGs
[2025-01-28T12:58:02.449+0000] {logging_mixin.py:190} INFO - [2025-01-28T12:58:02.448+0000] {dag.py:4180} INFO - Setting next_dagrun for mongo_to_rabbitmq to 2025-01-27 00:00:00+00:00, run_after=2025-01-28 00:00:00+00:00
[2025-01-28T12:58:02.466+0000] {processor.py:208} INFO - Processing /opt/airflow/dags/orchestronic.py took 0.152 seconds
