[2025-01-28T07:55:13.340+0000] {processor.py:186} INFO - Started process (PID=48) to work on /opt/airflow/dags/orchestronic_pipeline.py
[2025-01-28T07:55:13.345+0000] {processor.py:914} INFO - Processing file /opt/airflow/dags/orchestronic_pipeline.py for tasks to queue
[2025-01-28T07:55:13.348+0000] {logging_mixin.py:190} INFO - [2025-01-28T07:55:13.347+0000] {dagbag.py:588} INFO - Filling up the DagBag from /opt/airflow/dags/orchestronic_pipeline.py
[2025-01-28T07:55:13.441+0000] {processor.py:925} INFO - DAG(s) 'idp_resource_provisioning' retrieved from /opt/airflow/dags/orchestronic_pipeline.py
[2025-01-28T07:55:13.649+0000] {logging_mixin.py:190} INFO - [2025-01-28T07:55:13.649+0000] {dag.py:3239} INFO - Sync 1 DAGs
[2025-01-28T07:55:13.662+0000] {logging_mixin.py:190} INFO - [2025-01-28T07:55:13.662+0000] {dag.py:4180} INFO - Setting next_dagrun for idp_resource_provisioning to None, run_after=None
[2025-01-28T07:55:13.681+0000] {processor.py:208} INFO - Processing /opt/airflow/dags/orchestronic_pipeline.py took 0.352 seconds
[2025-01-28T07:55:44.550+0000] {processor.py:186} INFO - Started process (PID=114) to work on /opt/airflow/dags/orchestronic_pipeline.py
[2025-01-28T07:55:44.552+0000] {processor.py:914} INFO - Processing file /opt/airflow/dags/orchestronic_pipeline.py for tasks to queue
[2025-01-28T07:55:44.556+0000] {logging_mixin.py:190} INFO - [2025-01-28T07:55:44.556+0000] {dagbag.py:588} INFO - Filling up the DagBag from /opt/airflow/dags/orchestronic_pipeline.py
[2025-01-28T07:55:44.651+0000] {processor.py:925} INFO - DAG(s) 'idp_resource_provisioning' retrieved from /opt/airflow/dags/orchestronic_pipeline.py
[2025-01-28T07:55:44.681+0000] {logging_mixin.py:190} INFO - [2025-01-28T07:55:44.680+0000] {dag.py:3239} INFO - Sync 1 DAGs
[2025-01-28T07:55:44.693+0000] {logging_mixin.py:190} INFO - [2025-01-28T07:55:44.693+0000] {dag.py:4180} INFO - Setting next_dagrun for idp_resource_provisioning to None, run_after=None
[2025-01-28T07:55:44.705+0000] {processor.py:208} INFO - Processing /opt/airflow/dags/orchestronic_pipeline.py took 0.164 seconds
[2025-01-28T07:56:15.192+0000] {processor.py:186} INFO - Started process (PID=186) to work on /opt/airflow/dags/orchestronic_pipeline.py
[2025-01-28T07:56:15.196+0000] {processor.py:914} INFO - Processing file /opt/airflow/dags/orchestronic_pipeline.py for tasks to queue
[2025-01-28T07:56:15.200+0000] {logging_mixin.py:190} INFO - [2025-01-28T07:56:15.200+0000] {dagbag.py:588} INFO - Filling up the DagBag from /opt/airflow/dags/orchestronic_pipeline.py
[2025-01-28T07:56:15.289+0000] {processor.py:925} INFO - DAG(s) 'idp_resource_provisioning' retrieved from /opt/airflow/dags/orchestronic_pipeline.py
[2025-01-28T07:56:15.311+0000] {logging_mixin.py:190} INFO - [2025-01-28T07:56:15.310+0000] {dag.py:3239} INFO - Sync 1 DAGs
[2025-01-28T07:56:15.321+0000] {logging_mixin.py:190} INFO - [2025-01-28T07:56:15.320+0000] {dag.py:4180} INFO - Setting next_dagrun for idp_resource_provisioning to None, run_after=None
[2025-01-28T07:56:15.338+0000] {processor.py:208} INFO - Processing /opt/airflow/dags/orchestronic_pipeline.py took 0.156 seconds
[2025-01-28T07:56:45.600+0000] {processor.py:186} INFO - Started process (PID=252) to work on /opt/airflow/dags/orchestronic_pipeline.py
[2025-01-28T07:56:45.601+0000] {processor.py:914} INFO - Processing file /opt/airflow/dags/orchestronic_pipeline.py for tasks to queue
[2025-01-28T07:56:45.604+0000] {logging_mixin.py:190} INFO - [2025-01-28T07:56:45.603+0000] {dagbag.py:588} INFO - Filling up the DagBag from /opt/airflow/dags/orchestronic_pipeline.py
[2025-01-28T07:56:45.650+0000] {processor.py:925} INFO - DAG(s) 'idp_resource_provisioning' retrieved from /opt/airflow/dags/orchestronic_pipeline.py
[2025-01-28T07:56:45.665+0000] {logging_mixin.py:190} INFO - [2025-01-28T07:56:45.665+0000] {dag.py:3239} INFO - Sync 1 DAGs
[2025-01-28T07:56:45.673+0000] {logging_mixin.py:190} INFO - [2025-01-28T07:56:45.673+0000] {dag.py:4180} INFO - Setting next_dagrun for idp_resource_provisioning to None, run_after=None
[2025-01-28T07:56:45.686+0000] {processor.py:208} INFO - Processing /opt/airflow/dags/orchestronic_pipeline.py took 0.093 seconds
[2025-01-28T07:57:15.831+0000] {processor.py:186} INFO - Started process (PID=318) to work on /opt/airflow/dags/orchestronic_pipeline.py
[2025-01-28T07:57:15.833+0000] {processor.py:914} INFO - Processing file /opt/airflow/dags/orchestronic_pipeline.py for tasks to queue
[2025-01-28T07:57:15.837+0000] {logging_mixin.py:190} INFO - [2025-01-28T07:57:15.837+0000] {dagbag.py:588} INFO - Filling up the DagBag from /opt/airflow/dags/orchestronic_pipeline.py
[2025-01-28T07:57:15.898+0000] {processor.py:925} INFO - DAG(s) 'idp_resource_provisioning' retrieved from /opt/airflow/dags/orchestronic_pipeline.py
[2025-01-28T07:57:15.913+0000] {logging_mixin.py:190} INFO - [2025-01-28T07:57:15.913+0000] {dag.py:3239} INFO - Sync 1 DAGs
[2025-01-28T07:57:15.925+0000] {logging_mixin.py:190} INFO - [2025-01-28T07:57:15.925+0000] {dag.py:4180} INFO - Setting next_dagrun for idp_resource_provisioning to None, run_after=None
[2025-01-28T07:57:15.939+0000] {processor.py:208} INFO - Processing /opt/airflow/dags/orchestronic_pipeline.py took 0.119 seconds
[2025-01-28T07:59:04.998+0000] {processor.py:186} INFO - Started process (PID=41) to work on /opt/airflow/dags/orchestronic_pipeline.py
[2025-01-28T07:59:05.000+0000] {processor.py:914} INFO - Processing file /opt/airflow/dags/orchestronic_pipeline.py for tasks to queue
[2025-01-28T07:59:05.004+0000] {logging_mixin.py:190} INFO - [2025-01-28T07:59:05.003+0000] {dagbag.py:588} INFO - Filling up the DagBag from /opt/airflow/dags/orchestronic_pipeline.py
[2025-01-28T07:59:05.091+0000] {processor.py:925} INFO - DAG(s) 'idp_resource_provisioning' retrieved from /opt/airflow/dags/orchestronic_pipeline.py
[2025-01-28T07:59:05.114+0000] {logging_mixin.py:190} INFO - [2025-01-28T07:59:05.114+0000] {dag.py:3239} INFO - Sync 1 DAGs
[2025-01-28T07:59:05.127+0000] {logging_mixin.py:190} INFO - [2025-01-28T07:59:05.127+0000] {dag.py:4180} INFO - Setting next_dagrun for idp_resource_provisioning to None, run_after=None
[2025-01-28T07:59:05.154+0000] {processor.py:208} INFO - Processing /opt/airflow/dags/orchestronic_pipeline.py took 0.162 seconds
[2025-01-28T07:59:35.414+0000] {processor.py:186} INFO - Started process (PID=107) to work on /opt/airflow/dags/orchestronic_pipeline.py
[2025-01-28T07:59:35.416+0000] {processor.py:914} INFO - Processing file /opt/airflow/dags/orchestronic_pipeline.py for tasks to queue
[2025-01-28T07:59:35.420+0000] {logging_mixin.py:190} INFO - [2025-01-28T07:59:35.420+0000] {dagbag.py:588} INFO - Filling up the DagBag from /opt/airflow/dags/orchestronic_pipeline.py
[2025-01-28T07:59:35.492+0000] {processor.py:925} INFO - DAG(s) 'idp_resource_provisioning' retrieved from /opt/airflow/dags/orchestronic_pipeline.py
[2025-01-28T07:59:35.509+0000] {logging_mixin.py:190} INFO - [2025-01-28T07:59:35.509+0000] {dag.py:3239} INFO - Sync 1 DAGs
[2025-01-28T07:59:35.520+0000] {logging_mixin.py:190} INFO - [2025-01-28T07:59:35.519+0000] {dag.py:4180} INFO - Setting next_dagrun for idp_resource_provisioning to None, run_after=None
[2025-01-28T07:59:35.531+0000] {processor.py:208} INFO - Processing /opt/airflow/dags/orchestronic_pipeline.py took 0.123 seconds
[2025-01-28T08:00:05.791+0000] {processor.py:186} INFO - Started process (PID=173) to work on /opt/airflow/dags/orchestronic_pipeline.py
[2025-01-28T08:00:05.794+0000] {processor.py:914} INFO - Processing file /opt/airflow/dags/orchestronic_pipeline.py for tasks to queue
[2025-01-28T08:00:05.809+0000] {logging_mixin.py:190} INFO - [2025-01-28T08:00:05.807+0000] {dagbag.py:588} INFO - Filling up the DagBag from /opt/airflow/dags/orchestronic_pipeline.py
[2025-01-28T08:00:05.911+0000] {processor.py:925} INFO - DAG(s) 'idp_resource_provisioning' retrieved from /opt/airflow/dags/orchestronic_pipeline.py
[2025-01-28T08:00:05.935+0000] {logging_mixin.py:190} INFO - [2025-01-28T08:00:05.934+0000] {dag.py:3239} INFO - Sync 1 DAGs
[2025-01-28T08:00:05.947+0000] {logging_mixin.py:190} INFO - [2025-01-28T08:00:05.947+0000] {dag.py:4180} INFO - Setting next_dagrun for idp_resource_provisioning to None, run_after=None
[2025-01-28T08:00:05.963+0000] {processor.py:208} INFO - Processing /opt/airflow/dags/orchestronic_pipeline.py took 0.178 seconds
[2025-01-28T08:00:36.227+0000] {processor.py:186} INFO - Started process (PID=245) to work on /opt/airflow/dags/orchestronic_pipeline.py
[2025-01-28T08:00:36.227+0000] {processor.py:914} INFO - Processing file /opt/airflow/dags/orchestronic_pipeline.py for tasks to queue
[2025-01-28T08:00:36.232+0000] {logging_mixin.py:190} INFO - [2025-01-28T08:00:36.231+0000] {dagbag.py:588} INFO - Filling up the DagBag from /opt/airflow/dags/orchestronic_pipeline.py
[2025-01-28T08:00:36.319+0000] {processor.py:925} INFO - DAG(s) 'idp_resource_provisioning' retrieved from /opt/airflow/dags/orchestronic_pipeline.py
[2025-01-28T08:00:36.342+0000] {logging_mixin.py:190} INFO - [2025-01-28T08:00:36.342+0000] {dag.py:3239} INFO - Sync 1 DAGs
[2025-01-28T08:00:36.357+0000] {logging_mixin.py:190} INFO - [2025-01-28T08:00:36.357+0000] {dag.py:4180} INFO - Setting next_dagrun for idp_resource_provisioning to None, run_after=None
[2025-01-28T08:00:36.374+0000] {processor.py:208} INFO - Processing /opt/airflow/dags/orchestronic_pipeline.py took 0.155 seconds
[2025-01-28T08:01:06.637+0000] {processor.py:186} INFO - Started process (PID=311) to work on /opt/airflow/dags/orchestronic_pipeline.py
[2025-01-28T08:01:06.639+0000] {processor.py:914} INFO - Processing file /opt/airflow/dags/orchestronic_pipeline.py for tasks to queue
[2025-01-28T08:01:06.643+0000] {logging_mixin.py:190} INFO - [2025-01-28T08:01:06.642+0000] {dagbag.py:588} INFO - Filling up the DagBag from /opt/airflow/dags/orchestronic_pipeline.py
[2025-01-28T08:01:06.720+0000] {processor.py:925} INFO - DAG(s) 'idp_resource_provisioning' retrieved from /opt/airflow/dags/orchestronic_pipeline.py
[2025-01-28T08:01:06.739+0000] {logging_mixin.py:190} INFO - [2025-01-28T08:01:06.739+0000] {dag.py:3239} INFO - Sync 1 DAGs
[2025-01-28T08:01:06.755+0000] {logging_mixin.py:190} INFO - [2025-01-28T08:01:06.754+0000] {dag.py:4180} INFO - Setting next_dagrun for idp_resource_provisioning to None, run_after=None
[2025-01-28T08:01:06.770+0000] {processor.py:208} INFO - Processing /opt/airflow/dags/orchestronic_pipeline.py took 0.140 seconds
[2025-01-28T08:01:37.065+0000] {processor.py:186} INFO - Started process (PID=377) to work on /opt/airflow/dags/orchestronic_pipeline.py
[2025-01-28T08:01:37.067+0000] {processor.py:914} INFO - Processing file /opt/airflow/dags/orchestronic_pipeline.py for tasks to queue
[2025-01-28T08:01:37.069+0000] {logging_mixin.py:190} INFO - [2025-01-28T08:01:37.069+0000] {dagbag.py:588} INFO - Filling up the DagBag from /opt/airflow/dags/orchestronic_pipeline.py
[2025-01-28T08:01:37.126+0000] {processor.py:925} INFO - DAG(s) 'idp_resource_provisioning' retrieved from /opt/airflow/dags/orchestronic_pipeline.py
[2025-01-28T08:01:37.142+0000] {logging_mixin.py:190} INFO - [2025-01-28T08:01:37.142+0000] {dag.py:3239} INFO - Sync 1 DAGs
[2025-01-28T08:01:37.152+0000] {logging_mixin.py:190} INFO - [2025-01-28T08:01:37.152+0000] {dag.py:4180} INFO - Setting next_dagrun for idp_resource_provisioning to None, run_after=None
[2025-01-28T08:01:37.165+0000] {processor.py:208} INFO - Processing /opt/airflow/dags/orchestronic_pipeline.py took 0.106 seconds
[2025-01-28T08:02:08.176+0000] {processor.py:186} INFO - Started process (PID=443) to work on /opt/airflow/dags/orchestronic_pipeline.py
[2025-01-28T08:02:08.178+0000] {processor.py:914} INFO - Processing file /opt/airflow/dags/orchestronic_pipeline.py for tasks to queue
[2025-01-28T08:02:08.181+0000] {logging_mixin.py:190} INFO - [2025-01-28T08:02:08.181+0000] {dagbag.py:588} INFO - Filling up the DagBag from /opt/airflow/dags/orchestronic_pipeline.py
[2025-01-28T08:02:08.245+0000] {processor.py:925} INFO - DAG(s) 'idp_resource_provisioning' retrieved from /opt/airflow/dags/orchestronic_pipeline.py
[2025-01-28T08:02:08.255+0000] {logging_mixin.py:190} INFO - [2025-01-28T08:02:08.255+0000] {dag.py:3239} INFO - Sync 1 DAGs
[2025-01-28T08:02:08.265+0000] {logging_mixin.py:190} INFO - [2025-01-28T08:02:08.265+0000] {dag.py:4180} INFO - Setting next_dagrun for idp_resource_provisioning to None, run_after=None
[2025-01-28T08:02:08.278+0000] {processor.py:208} INFO - Processing /opt/airflow/dags/orchestronic_pipeline.py took 0.108 seconds
[2025-01-28T08:02:38.342+0000] {processor.py:186} INFO - Started process (PID=509) to work on /opt/airflow/dags/orchestronic_pipeline.py
[2025-01-28T08:02:38.342+0000] {processor.py:914} INFO - Processing file /opt/airflow/dags/orchestronic_pipeline.py for tasks to queue
[2025-01-28T08:02:38.344+0000] {logging_mixin.py:190} INFO - [2025-01-28T08:02:38.344+0000] {dagbag.py:588} INFO - Filling up the DagBag from /opt/airflow/dags/orchestronic_pipeline.py
[2025-01-28T08:02:38.391+0000] {processor.py:925} INFO - DAG(s) 'idp_resource_provisioning' retrieved from /opt/airflow/dags/orchestronic_pipeline.py
[2025-01-28T08:02:38.404+0000] {logging_mixin.py:190} INFO - [2025-01-28T08:02:38.404+0000] {dag.py:3239} INFO - Sync 1 DAGs
[2025-01-28T08:02:38.411+0000] {logging_mixin.py:190} INFO - [2025-01-28T08:02:38.411+0000] {dag.py:4180} INFO - Setting next_dagrun for idp_resource_provisioning to None, run_after=None
[2025-01-28T08:02:38.420+0000] {processor.py:208} INFO - Processing /opt/airflow/dags/orchestronic_pipeline.py took 0.083 seconds
[2025-01-28T08:03:08.597+0000] {processor.py:186} INFO - Started process (PID=575) to work on /opt/airflow/dags/orchestronic_pipeline.py
[2025-01-28T08:03:08.599+0000] {processor.py:914} INFO - Processing file /opt/airflow/dags/orchestronic_pipeline.py for tasks to queue
[2025-01-28T08:03:08.602+0000] {logging_mixin.py:190} INFO - [2025-01-28T08:03:08.601+0000] {dagbag.py:588} INFO - Filling up the DagBag from /opt/airflow/dags/orchestronic_pipeline.py
[2025-01-28T08:03:08.681+0000] {processor.py:925} INFO - DAG(s) 'idp_resource_provisioning' retrieved from /opt/airflow/dags/orchestronic_pipeline.py
[2025-01-28T08:03:08.700+0000] {logging_mixin.py:190} INFO - [2025-01-28T08:03:08.700+0000] {dag.py:3239} INFO - Sync 1 DAGs
[2025-01-28T08:03:08.711+0000] {logging_mixin.py:190} INFO - [2025-01-28T08:03:08.711+0000] {dag.py:4180} INFO - Setting next_dagrun for idp_resource_provisioning to None, run_after=None
[2025-01-28T08:03:08.723+0000] {processor.py:208} INFO - Processing /opt/airflow/dags/orchestronic_pipeline.py took 0.131 seconds
[2025-01-28T08:03:39.113+0000] {processor.py:186} INFO - Started process (PID=641) to work on /opt/airflow/dags/orchestronic_pipeline.py
[2025-01-28T08:03:39.114+0000] {processor.py:914} INFO - Processing file /opt/airflow/dags/orchestronic_pipeline.py for tasks to queue
[2025-01-28T08:03:39.116+0000] {logging_mixin.py:190} INFO - [2025-01-28T08:03:39.116+0000] {dagbag.py:588} INFO - Filling up the DagBag from /opt/airflow/dags/orchestronic_pipeline.py
[2025-01-28T08:03:39.160+0000] {processor.py:925} INFO - DAG(s) 'idp_resource_provisioning' retrieved from /opt/airflow/dags/orchestronic_pipeline.py
[2025-01-28T08:03:39.172+0000] {logging_mixin.py:190} INFO - [2025-01-28T08:03:39.172+0000] {dag.py:3239} INFO - Sync 1 DAGs
[2025-01-28T08:03:39.179+0000] {logging_mixin.py:190} INFO - [2025-01-28T08:03:39.179+0000] {dag.py:4180} INFO - Setting next_dagrun for idp_resource_provisioning to None, run_after=None
[2025-01-28T08:03:39.189+0000] {processor.py:208} INFO - Processing /opt/airflow/dags/orchestronic_pipeline.py took 0.080 seconds
[2025-01-28T08:04:10.138+0000] {processor.py:186} INFO - Started process (PID=707) to work on /opt/airflow/dags/orchestronic_pipeline.py
[2025-01-28T08:04:10.141+0000] {processor.py:914} INFO - Processing file /opt/airflow/dags/orchestronic_pipeline.py for tasks to queue
[2025-01-28T08:04:10.148+0000] {logging_mixin.py:190} INFO - [2025-01-28T08:04:10.148+0000] {dagbag.py:588} INFO - Filling up the DagBag from /opt/airflow/dags/orchestronic_pipeline.py
[2025-01-28T08:04:10.203+0000] {processor.py:925} INFO - DAG(s) 'idp_resource_provisioning' retrieved from /opt/airflow/dags/orchestronic_pipeline.py
[2025-01-28T08:04:10.221+0000] {logging_mixin.py:190} INFO - [2025-01-28T08:04:10.221+0000] {dag.py:3239} INFO - Sync 1 DAGs
[2025-01-28T08:04:10.230+0000] {logging_mixin.py:190} INFO - [2025-01-28T08:04:10.230+0000] {dag.py:4180} INFO - Setting next_dagrun for idp_resource_provisioning to None, run_after=None
[2025-01-28T08:04:10.241+0000] {processor.py:208} INFO - Processing /opt/airflow/dags/orchestronic_pipeline.py took 0.117 seconds
[2025-01-28T08:04:40.501+0000] {processor.py:186} INFO - Started process (PID=772) to work on /opt/airflow/dags/orchestronic_pipeline.py
[2025-01-28T08:04:40.502+0000] {processor.py:914} INFO - Processing file /opt/airflow/dags/orchestronic_pipeline.py for tasks to queue
[2025-01-28T08:04:40.504+0000] {logging_mixin.py:190} INFO - [2025-01-28T08:04:40.504+0000] {dagbag.py:588} INFO - Filling up the DagBag from /opt/airflow/dags/orchestronic_pipeline.py
[2025-01-28T08:04:40.557+0000] {processor.py:925} INFO - DAG(s) 'idp_resource_provisioning' retrieved from /opt/airflow/dags/orchestronic_pipeline.py
[2025-01-28T08:04:40.574+0000] {logging_mixin.py:190} INFO - [2025-01-28T08:04:40.574+0000] {dag.py:3239} INFO - Sync 1 DAGs
[2025-01-28T08:04:40.584+0000] {logging_mixin.py:190} INFO - [2025-01-28T08:04:40.584+0000] {dag.py:4180} INFO - Setting next_dagrun for idp_resource_provisioning to None, run_after=None
[2025-01-28T08:04:40.598+0000] {processor.py:208} INFO - Processing /opt/airflow/dags/orchestronic_pipeline.py took 0.101 seconds
[2025-01-28T08:05:11.630+0000] {processor.py:186} INFO - Started process (PID=838) to work on /opt/airflow/dags/orchestronic_pipeline.py
[2025-01-28T08:05:11.632+0000] {processor.py:914} INFO - Processing file /opt/airflow/dags/orchestronic_pipeline.py for tasks to queue
[2025-01-28T08:05:11.636+0000] {logging_mixin.py:190} INFO - [2025-01-28T08:05:11.635+0000] {dagbag.py:588} INFO - Filling up the DagBag from /opt/airflow/dags/orchestronic_pipeline.py
[2025-01-28T08:05:11.686+0000] {processor.py:925} INFO - DAG(s) 'idp_resource_provisioning' retrieved from /opt/airflow/dags/orchestronic_pipeline.py
[2025-01-28T08:05:11.702+0000] {logging_mixin.py:190} INFO - [2025-01-28T08:05:11.702+0000] {dag.py:3239} INFO - Sync 1 DAGs
[2025-01-28T08:05:11.713+0000] {logging_mixin.py:190} INFO - [2025-01-28T08:05:11.713+0000] {dag.py:4180} INFO - Setting next_dagrun for idp_resource_provisioning to None, run_after=None
[2025-01-28T08:05:11.731+0000] {processor.py:208} INFO - Processing /opt/airflow/dags/orchestronic_pipeline.py took 0.110 seconds
[2025-01-28T08:05:41.854+0000] {processor.py:186} INFO - Started process (PID=904) to work on /opt/airflow/dags/orchestronic_pipeline.py
[2025-01-28T08:05:41.855+0000] {processor.py:914} INFO - Processing file /opt/airflow/dags/orchestronic_pipeline.py for tasks to queue
[2025-01-28T08:05:41.856+0000] {logging_mixin.py:190} INFO - [2025-01-28T08:05:41.856+0000] {dagbag.py:588} INFO - Filling up the DagBag from /opt/airflow/dags/orchestronic_pipeline.py
[2025-01-28T08:05:41.901+0000] {processor.py:925} INFO - DAG(s) 'idp_resource_provisioning' retrieved from /opt/airflow/dags/orchestronic_pipeline.py
[2025-01-28T08:05:41.913+0000] {logging_mixin.py:190} INFO - [2025-01-28T08:05:41.913+0000] {dag.py:3239} INFO - Sync 1 DAGs
[2025-01-28T08:05:41.924+0000] {logging_mixin.py:190} INFO - [2025-01-28T08:05:41.924+0000] {dag.py:4180} INFO - Setting next_dagrun for idp_resource_provisioning to None, run_after=None
[2025-01-28T08:05:41.936+0000] {processor.py:208} INFO - Processing /opt/airflow/dags/orchestronic_pipeline.py took 0.086 seconds
[2025-01-28T08:06:12.093+0000] {processor.py:186} INFO - Started process (PID=970) to work on /opt/airflow/dags/orchestronic_pipeline.py
[2025-01-28T08:06:12.095+0000] {processor.py:914} INFO - Processing file /opt/airflow/dags/orchestronic_pipeline.py for tasks to queue
[2025-01-28T08:06:12.099+0000] {logging_mixin.py:190} INFO - [2025-01-28T08:06:12.099+0000] {dagbag.py:588} INFO - Filling up the DagBag from /opt/airflow/dags/orchestronic_pipeline.py
[2025-01-28T08:06:12.176+0000] {processor.py:925} INFO - DAG(s) 'idp_resource_provisioning' retrieved from /opt/airflow/dags/orchestronic_pipeline.py
[2025-01-28T08:06:12.196+0000] {logging_mixin.py:190} INFO - [2025-01-28T08:06:12.196+0000] {dag.py:3239} INFO - Sync 1 DAGs
[2025-01-28T08:06:12.206+0000] {logging_mixin.py:190} INFO - [2025-01-28T08:06:12.206+0000] {dag.py:4180} INFO - Setting next_dagrun for idp_resource_provisioning to None, run_after=None
[2025-01-28T08:06:12.222+0000] {processor.py:208} INFO - Processing /opt/airflow/dags/orchestronic_pipeline.py took 0.135 seconds
[2025-01-28T08:06:42.388+0000] {processor.py:186} INFO - Started process (PID=1036) to work on /opt/airflow/dags/orchestronic_pipeline.py
[2025-01-28T08:06:42.388+0000] {processor.py:914} INFO - Processing file /opt/airflow/dags/orchestronic_pipeline.py for tasks to queue
[2025-01-28T08:06:42.390+0000] {logging_mixin.py:190} INFO - [2025-01-28T08:06:42.390+0000] {dagbag.py:588} INFO - Filling up the DagBag from /opt/airflow/dags/orchestronic_pipeline.py
[2025-01-28T08:06:42.434+0000] {processor.py:925} INFO - DAG(s) 'idp_resource_provisioning' retrieved from /opt/airflow/dags/orchestronic_pipeline.py
[2025-01-28T08:06:42.446+0000] {logging_mixin.py:190} INFO - [2025-01-28T08:06:42.446+0000] {dag.py:3239} INFO - Sync 1 DAGs
[2025-01-28T08:06:42.453+0000] {logging_mixin.py:190} INFO - [2025-01-28T08:06:42.453+0000] {dag.py:4180} INFO - Setting next_dagrun for idp_resource_provisioning to None, run_after=None
[2025-01-28T08:06:42.465+0000] {processor.py:208} INFO - Processing /opt/airflow/dags/orchestronic_pipeline.py took 0.082 seconds
[2025-01-28T08:07:12.711+0000] {processor.py:186} INFO - Started process (PID=1102) to work on /opt/airflow/dags/orchestronic_pipeline.py
[2025-01-28T08:07:12.713+0000] {processor.py:914} INFO - Processing file /opt/airflow/dags/orchestronic_pipeline.py for tasks to queue
[2025-01-28T08:07:12.714+0000] {logging_mixin.py:190} INFO - [2025-01-28T08:07:12.714+0000] {dagbag.py:588} INFO - Filling up the DagBag from /opt/airflow/dags/orchestronic_pipeline.py
[2025-01-28T08:07:12.761+0000] {processor.py:925} INFO - DAG(s) 'idp_resource_provisioning' retrieved from /opt/airflow/dags/orchestronic_pipeline.py
[2025-01-28T08:07:12.775+0000] {logging_mixin.py:190} INFO - [2025-01-28T08:07:12.775+0000] {dag.py:3239} INFO - Sync 1 DAGs
[2025-01-28T08:07:12.784+0000] {logging_mixin.py:190} INFO - [2025-01-28T08:07:12.784+0000] {dag.py:4180} INFO - Setting next_dagrun for idp_resource_provisioning to None, run_after=None
[2025-01-28T08:07:12.799+0000] {processor.py:208} INFO - Processing /opt/airflow/dags/orchestronic_pipeline.py took 0.092 seconds
[2025-01-28T08:07:43.285+0000] {processor.py:186} INFO - Started process (PID=1168) to work on /opt/airflow/dags/orchestronic_pipeline.py
[2025-01-28T08:07:43.286+0000] {processor.py:914} INFO - Processing file /opt/airflow/dags/orchestronic_pipeline.py for tasks to queue
[2025-01-28T08:07:43.288+0000] {logging_mixin.py:190} INFO - [2025-01-28T08:07:43.288+0000] {dagbag.py:588} INFO - Filling up the DagBag from /opt/airflow/dags/orchestronic_pipeline.py
[2025-01-28T08:07:43.333+0000] {processor.py:925} INFO - DAG(s) 'idp_resource_provisioning' retrieved from /opt/airflow/dags/orchestronic_pipeline.py
[2025-01-28T08:07:43.346+0000] {logging_mixin.py:190} INFO - [2025-01-28T08:07:43.346+0000] {dag.py:3239} INFO - Sync 1 DAGs
[2025-01-28T08:07:43.353+0000] {logging_mixin.py:190} INFO - [2025-01-28T08:07:43.353+0000] {dag.py:4180} INFO - Setting next_dagrun for idp_resource_provisioning to None, run_after=None
[2025-01-28T08:07:43.362+0000] {processor.py:208} INFO - Processing /opt/airflow/dags/orchestronic_pipeline.py took 0.082 seconds
[2025-01-28T08:08:14.288+0000] {processor.py:186} INFO - Started process (PID=1234) to work on /opt/airflow/dags/orchestronic_pipeline.py
[2025-01-28T08:08:14.289+0000] {processor.py:914} INFO - Processing file /opt/airflow/dags/orchestronic_pipeline.py for tasks to queue
[2025-01-28T08:08:14.294+0000] {logging_mixin.py:190} INFO - [2025-01-28T08:08:14.294+0000] {dagbag.py:588} INFO - Filling up the DagBag from /opt/airflow/dags/orchestronic_pipeline.py
[2025-01-28T08:08:14.348+0000] {processor.py:925} INFO - DAG(s) 'idp_resource_provisioning' retrieved from /opt/airflow/dags/orchestronic_pipeline.py
[2025-01-28T08:08:14.362+0000] {logging_mixin.py:190} INFO - [2025-01-28T08:08:14.362+0000] {dag.py:3239} INFO - Sync 1 DAGs
[2025-01-28T08:08:14.371+0000] {logging_mixin.py:190} INFO - [2025-01-28T08:08:14.371+0000] {dag.py:4180} INFO - Setting next_dagrun for idp_resource_provisioning to None, run_after=None
[2025-01-28T08:08:14.383+0000] {processor.py:208} INFO - Processing /opt/airflow/dags/orchestronic_pipeline.py took 0.100 seconds
[2025-01-28T08:08:44.498+0000] {processor.py:186} INFO - Started process (PID=1300) to work on /opt/airflow/dags/orchestronic_pipeline.py
[2025-01-28T08:08:44.500+0000] {processor.py:914} INFO - Processing file /opt/airflow/dags/orchestronic_pipeline.py for tasks to queue
[2025-01-28T08:08:44.501+0000] {logging_mixin.py:190} INFO - [2025-01-28T08:08:44.501+0000] {dagbag.py:588} INFO - Filling up the DagBag from /opt/airflow/dags/orchestronic_pipeline.py
[2025-01-28T08:08:44.550+0000] {processor.py:925} INFO - DAG(s) 'idp_resource_provisioning' retrieved from /opt/airflow/dags/orchestronic_pipeline.py
[2025-01-28T08:08:44.563+0000] {logging_mixin.py:190} INFO - [2025-01-28T08:08:44.563+0000] {dag.py:3239} INFO - Sync 1 DAGs
[2025-01-28T08:08:44.571+0000] {logging_mixin.py:190} INFO - [2025-01-28T08:08:44.571+0000] {dag.py:4180} INFO - Setting next_dagrun for idp_resource_provisioning to None, run_after=None
[2025-01-28T08:08:44.584+0000] {processor.py:208} INFO - Processing /opt/airflow/dags/orchestronic_pipeline.py took 0.090 seconds
[2025-01-28T08:09:14.719+0000] {processor.py:186} INFO - Started process (PID=1366) to work on /opt/airflow/dags/orchestronic_pipeline.py
[2025-01-28T08:09:14.720+0000] {processor.py:914} INFO - Processing file /opt/airflow/dags/orchestronic_pipeline.py for tasks to queue
[2025-01-28T08:09:14.721+0000] {logging_mixin.py:190} INFO - [2025-01-28T08:09:14.721+0000] {dagbag.py:588} INFO - Filling up the DagBag from /opt/airflow/dags/orchestronic_pipeline.py
[2025-01-28T08:09:14.761+0000] {processor.py:925} INFO - DAG(s) 'idp_resource_provisioning' retrieved from /opt/airflow/dags/orchestronic_pipeline.py
[2025-01-28T08:09:14.777+0000] {logging_mixin.py:190} INFO - [2025-01-28T08:09:14.777+0000] {dag.py:3239} INFO - Sync 1 DAGs
[2025-01-28T08:09:14.783+0000] {logging_mixin.py:190} INFO - [2025-01-28T08:09:14.783+0000] {dag.py:4180} INFO - Setting next_dagrun for idp_resource_provisioning to None, run_after=None
[2025-01-28T08:09:14.793+0000] {processor.py:208} INFO - Processing /opt/airflow/dags/orchestronic_pipeline.py took 0.077 seconds
[2025-01-28T08:09:45.796+0000] {processor.py:186} INFO - Started process (PID=1432) to work on /opt/airflow/dags/orchestronic_pipeline.py
[2025-01-28T08:09:45.797+0000] {processor.py:914} INFO - Processing file /opt/airflow/dags/orchestronic_pipeline.py for tasks to queue
[2025-01-28T08:09:45.803+0000] {logging_mixin.py:190} INFO - [2025-01-28T08:09:45.802+0000] {dagbag.py:588} INFO - Filling up the DagBag from /opt/airflow/dags/orchestronic_pipeline.py
[2025-01-28T08:09:45.865+0000] {processor.py:925} INFO - DAG(s) 'idp_resource_provisioning' retrieved from /opt/airflow/dags/orchestronic_pipeline.py
[2025-01-28T08:09:45.880+0000] {logging_mixin.py:190} INFO - [2025-01-28T08:09:45.880+0000] {dag.py:3239} INFO - Sync 1 DAGs
[2025-01-28T08:09:45.890+0000] {logging_mixin.py:190} INFO - [2025-01-28T08:09:45.890+0000] {dag.py:4180} INFO - Setting next_dagrun for idp_resource_provisioning to None, run_after=None
[2025-01-28T08:09:45.903+0000] {processor.py:208} INFO - Processing /opt/airflow/dags/orchestronic_pipeline.py took 0.112 seconds
[2025-01-28T08:10:16.281+0000] {processor.py:186} INFO - Started process (PID=1498) to work on /opt/airflow/dags/orchestronic_pipeline.py
[2025-01-28T08:10:16.282+0000] {processor.py:914} INFO - Processing file /opt/airflow/dags/orchestronic_pipeline.py for tasks to queue
[2025-01-28T08:10:16.284+0000] {logging_mixin.py:190} INFO - [2025-01-28T08:10:16.284+0000] {dagbag.py:588} INFO - Filling up the DagBag from /opt/airflow/dags/orchestronic_pipeline.py
[2025-01-28T08:10:16.336+0000] {processor.py:925} INFO - DAG(s) 'idp_resource_provisioning' retrieved from /opt/airflow/dags/orchestronic_pipeline.py
[2025-01-28T08:10:16.350+0000] {logging_mixin.py:190} INFO - [2025-01-28T08:10:16.350+0000] {dag.py:3239} INFO - Sync 1 DAGs
[2025-01-28T08:10:16.359+0000] {logging_mixin.py:190} INFO - [2025-01-28T08:10:16.359+0000] {dag.py:4180} INFO - Setting next_dagrun for idp_resource_provisioning to None, run_after=None
[2025-01-28T08:10:16.372+0000] {processor.py:208} INFO - Processing /opt/airflow/dags/orchestronic_pipeline.py took 0.096 seconds
[2025-01-28T08:10:46.642+0000] {processor.py:186} INFO - Started process (PID=1564) to work on /opt/airflow/dags/orchestronic_pipeline.py
[2025-01-28T08:10:46.643+0000] {processor.py:914} INFO - Processing file /opt/airflow/dags/orchestronic_pipeline.py for tasks to queue
[2025-01-28T08:10:46.647+0000] {logging_mixin.py:190} INFO - [2025-01-28T08:10:46.647+0000] {dagbag.py:588} INFO - Filling up the DagBag from /opt/airflow/dags/orchestronic_pipeline.py
[2025-01-28T08:10:46.694+0000] {processor.py:925} INFO - DAG(s) 'idp_resource_provisioning' retrieved from /opt/airflow/dags/orchestronic_pipeline.py
[2025-01-28T08:10:46.709+0000] {logging_mixin.py:190} INFO - [2025-01-28T08:10:46.708+0000] {dag.py:3239} INFO - Sync 1 DAGs
[2025-01-28T08:10:46.733+0000] {logging_mixin.py:190} INFO - [2025-01-28T08:10:46.733+0000] {dag.py:4180} INFO - Setting next_dagrun for idp_resource_provisioning to None, run_after=None
[2025-01-28T08:10:46.747+0000] {processor.py:208} INFO - Processing /opt/airflow/dags/orchestronic_pipeline.py took 0.110 seconds
[2025-01-28T08:14:15.018+0000] {processor.py:186} INFO - Started process (PID=1630) to work on /opt/airflow/dags/orchestronic_pipeline.py
[2025-01-28T08:14:15.019+0000] {processor.py:914} INFO - Processing file /opt/airflow/dags/orchestronic_pipeline.py for tasks to queue
[2025-01-28T08:14:15.030+0000] {logging_mixin.py:190} INFO - [2025-01-28T08:14:15.029+0000] {dagbag.py:588} INFO - Filling up the DagBag from /opt/airflow/dags/orchestronic_pipeline.py
[2025-01-28T08:14:15.107+0000] {processor.py:925} INFO - DAG(s) 'idp_resource_provisioning' retrieved from /opt/airflow/dags/orchestronic_pipeline.py
[2025-01-28T08:14:15.124+0000] {logging_mixin.py:190} INFO - [2025-01-28T08:14:15.124+0000] {dag.py:3239} INFO - Sync 1 DAGs
[2025-01-28T08:14:15.137+0000] {logging_mixin.py:190} INFO - [2025-01-28T08:14:15.136+0000] {dag.py:4180} INFO - Setting next_dagrun for idp_resource_provisioning to None, run_after=None
[2025-01-28T08:14:15.151+0000] {processor.py:208} INFO - Processing /opt/airflow/dags/orchestronic_pipeline.py took 0.138 seconds
[2025-01-28T08:14:45.485+0000] {processor.py:186} INFO - Started process (PID=1696) to work on /opt/airflow/dags/orchestronic_pipeline.py
[2025-01-28T08:14:45.488+0000] {processor.py:914} INFO - Processing file /opt/airflow/dags/orchestronic_pipeline.py for tasks to queue
[2025-01-28T08:14:45.491+0000] {logging_mixin.py:190} INFO - [2025-01-28T08:14:45.490+0000] {dagbag.py:588} INFO - Filling up the DagBag from /opt/airflow/dags/orchestronic_pipeline.py
[2025-01-28T08:14:45.570+0000] {processor.py:925} INFO - DAG(s) 'idp_resource_provisioning' retrieved from /opt/airflow/dags/orchestronic_pipeline.py
[2025-01-28T08:14:45.585+0000] {logging_mixin.py:190} INFO - [2025-01-28T08:14:45.585+0000] {dag.py:3239} INFO - Sync 1 DAGs
[2025-01-28T08:14:45.595+0000] {logging_mixin.py:190} INFO - [2025-01-28T08:14:45.595+0000] {dag.py:4180} INFO - Setting next_dagrun for idp_resource_provisioning to None, run_after=None
[2025-01-28T08:14:45.607+0000] {processor.py:208} INFO - Processing /opt/airflow/dags/orchestronic_pipeline.py took 0.126 seconds
[2025-01-28T12:44:01.881+0000] {processor.py:186} INFO - Started process (PID=49) to work on /opt/airflow/dags/orchestronic_pipeline.py
[2025-01-28T12:44:01.883+0000] {processor.py:914} INFO - Processing file /opt/airflow/dags/orchestronic_pipeline.py for tasks to queue
[2025-01-28T12:44:01.887+0000] {logging_mixin.py:190} INFO - [2025-01-28T12:44:01.887+0000] {dagbag.py:588} INFO - Filling up the DagBag from /opt/airflow/dags/orchestronic_pipeline.py
[2025-01-28T12:44:02.002+0000] {processor.py:925} INFO - DAG(s) 'idp_resource_provisioning' retrieved from /opt/airflow/dags/orchestronic_pipeline.py
[2025-01-28T12:44:02.073+0000] {logging_mixin.py:190} INFO - [2025-01-28T12:44:02.072+0000] {dag.py:3239} INFO - Sync 1 DAGs
[2025-01-28T12:44:02.087+0000] {logging_mixin.py:190} INFO - [2025-01-28T12:44:02.087+0000] {dag.py:4180} INFO - Setting next_dagrun for idp_resource_provisioning to None, run_after=None
[2025-01-28T12:44:02.106+0000] {processor.py:208} INFO - Processing /opt/airflow/dags/orchestronic_pipeline.py took 0.233 seconds
[2025-01-28T12:44:18.491+0000] {processor.py:186} INFO - Started process (PID=42) to work on /opt/airflow/dags/orchestronic_pipeline.py
[2025-01-28T12:44:18.492+0000] {processor.py:914} INFO - Processing file /opt/airflow/dags/orchestronic_pipeline.py for tasks to queue
[2025-01-28T12:44:18.495+0000] {logging_mixin.py:190} INFO - [2025-01-28T12:44:18.495+0000] {dagbag.py:588} INFO - Filling up the DagBag from /opt/airflow/dags/orchestronic_pipeline.py
[2025-01-28T12:44:18.651+0000] {processor.py:925} INFO - DAG(s) 'idp_resource_provisioning' retrieved from /opt/airflow/dags/orchestronic_pipeline.py
[2025-01-28T12:44:18.669+0000] {logging_mixin.py:190} INFO - [2025-01-28T12:44:18.669+0000] {dag.py:3239} INFO - Sync 1 DAGs
[2025-01-28T12:44:18.679+0000] {logging_mixin.py:190} INFO - [2025-01-28T12:44:18.679+0000] {dag.py:4180} INFO - Setting next_dagrun for idp_resource_provisioning to None, run_after=None
[2025-01-28T12:44:18.694+0000] {processor.py:208} INFO - Processing /opt/airflow/dags/orchestronic_pipeline.py took 0.210 seconds
[2025-01-28T12:44:49.366+0000] {processor.py:186} INFO - Started process (PID=113) to work on /opt/airflow/dags/orchestronic_pipeline.py
[2025-01-28T12:44:49.368+0000] {processor.py:914} INFO - Processing file /opt/airflow/dags/orchestronic_pipeline.py for tasks to queue
[2025-01-28T12:44:49.378+0000] {logging_mixin.py:190} INFO - [2025-01-28T12:44:49.378+0000] {dagbag.py:588} INFO - Filling up the DagBag from /opt/airflow/dags/orchestronic_pipeline.py
[2025-01-28T12:44:49.480+0000] {processor.py:925} INFO - DAG(s) 'idp_resource_provisioning' retrieved from /opt/airflow/dags/orchestronic_pipeline.py
[2025-01-28T12:44:49.506+0000] {logging_mixin.py:190} INFO - [2025-01-28T12:44:49.506+0000] {dag.py:3239} INFO - Sync 1 DAGs
[2025-01-28T12:44:49.523+0000] {logging_mixin.py:190} INFO - [2025-01-28T12:44:49.523+0000] {dag.py:4180} INFO - Setting next_dagrun for idp_resource_provisioning to None, run_after=None
[2025-01-28T12:44:49.538+0000] {processor.py:208} INFO - Processing /opt/airflow/dags/orchestronic_pipeline.py took 0.184 seconds
[2025-01-28T12:45:20.030+0000] {processor.py:186} INFO - Started process (PID=179) to work on /opt/airflow/dags/orchestronic_pipeline.py
[2025-01-28T12:45:20.033+0000] {processor.py:914} INFO - Processing file /opt/airflow/dags/orchestronic_pipeline.py for tasks to queue
[2025-01-28T12:45:20.039+0000] {logging_mixin.py:190} INFO - [2025-01-28T12:45:20.038+0000] {dagbag.py:588} INFO - Filling up the DagBag from /opt/airflow/dags/orchestronic_pipeline.py
[2025-01-28T12:45:20.226+0000] {processor.py:925} INFO - DAG(s) 'idp_resource_provisioning' retrieved from /opt/airflow/dags/orchestronic_pipeline.py
[2025-01-28T12:45:20.281+0000] {logging_mixin.py:190} INFO - [2025-01-28T12:45:20.281+0000] {dag.py:3239} INFO - Sync 1 DAGs
[2025-01-28T12:45:20.299+0000] {logging_mixin.py:190} INFO - [2025-01-28T12:45:20.299+0000] {dag.py:4180} INFO - Setting next_dagrun for idp_resource_provisioning to None, run_after=None
[2025-01-28T12:45:20.327+0000] {processor.py:208} INFO - Processing /opt/airflow/dags/orchestronic_pipeline.py took 0.301 seconds
[2025-01-28T12:45:50.556+0000] {processor.py:186} INFO - Started process (PID=245) to work on /opt/airflow/dags/orchestronic_pipeline.py
[2025-01-28T12:45:50.557+0000] {processor.py:914} INFO - Processing file /opt/airflow/dags/orchestronic_pipeline.py for tasks to queue
[2025-01-28T12:45:50.563+0000] {logging_mixin.py:190} INFO - [2025-01-28T12:45:50.562+0000] {dagbag.py:588} INFO - Filling up the DagBag from /opt/airflow/dags/orchestronic_pipeline.py
[2025-01-28T12:45:50.654+0000] {processor.py:925} INFO - DAG(s) 'idp_resource_provisioning' retrieved from /opt/airflow/dags/orchestronic_pipeline.py
[2025-01-28T12:45:50.674+0000] {logging_mixin.py:190} INFO - [2025-01-28T12:45:50.674+0000] {dag.py:3239} INFO - Sync 1 DAGs
[2025-01-28T12:45:50.692+0000] {logging_mixin.py:190} INFO - [2025-01-28T12:45:50.692+0000] {dag.py:4180} INFO - Setting next_dagrun for idp_resource_provisioning to None, run_after=None
[2025-01-28T12:45:50.707+0000] {processor.py:208} INFO - Processing /opt/airflow/dags/orchestronic_pipeline.py took 0.155 seconds
[2025-01-28T12:46:21.351+0000] {processor.py:186} INFO - Started process (PID=311) to work on /opt/airflow/dags/orchestronic_pipeline.py
[2025-01-28T12:46:21.354+0000] {processor.py:914} INFO - Processing file /opt/airflow/dags/orchestronic_pipeline.py for tasks to queue
[2025-01-28T12:46:21.360+0000] {logging_mixin.py:190} INFO - [2025-01-28T12:46:21.360+0000] {dagbag.py:588} INFO - Filling up the DagBag from /opt/airflow/dags/orchestronic_pipeline.py
[2025-01-28T12:46:21.465+0000] {processor.py:925} INFO - DAG(s) 'idp_resource_provisioning' retrieved from /opt/airflow/dags/orchestronic_pipeline.py
[2025-01-28T12:46:21.489+0000] {logging_mixin.py:190} INFO - [2025-01-28T12:46:21.489+0000] {dag.py:3239} INFO - Sync 1 DAGs
[2025-01-28T12:46:21.507+0000] {logging_mixin.py:190} INFO - [2025-01-28T12:46:21.507+0000] {dag.py:4180} INFO - Setting next_dagrun for idp_resource_provisioning to None, run_after=None
[2025-01-28T12:46:21.523+0000] {processor.py:208} INFO - Processing /opt/airflow/dags/orchestronic_pipeline.py took 0.179 seconds
[2025-01-28T12:46:51.897+0000] {processor.py:186} INFO - Started process (PID=377) to work on /opt/airflow/dags/orchestronic_pipeline.py
[2025-01-28T12:46:51.899+0000] {processor.py:914} INFO - Processing file /opt/airflow/dags/orchestronic_pipeline.py for tasks to queue
[2025-01-28T12:46:51.905+0000] {logging_mixin.py:190} INFO - [2025-01-28T12:46:51.904+0000] {dagbag.py:588} INFO - Filling up the DagBag from /opt/airflow/dags/orchestronic_pipeline.py
[2025-01-28T12:46:52.001+0000] {processor.py:925} INFO - DAG(s) 'idp_resource_provisioning' retrieved from /opt/airflow/dags/orchestronic_pipeline.py
[2025-01-28T12:46:52.041+0000] {logging_mixin.py:190} INFO - [2025-01-28T12:46:52.040+0000] {dag.py:3239} INFO - Sync 1 DAGs
[2025-01-28T12:46:52.058+0000] {logging_mixin.py:190} INFO - [2025-01-28T12:46:52.058+0000] {dag.py:4180} INFO - Setting next_dagrun for idp_resource_provisioning to None, run_after=None
[2025-01-28T12:46:52.084+0000] {processor.py:208} INFO - Processing /opt/airflow/dags/orchestronic_pipeline.py took 0.191 seconds
[2025-01-28T12:47:22.711+0000] {processor.py:186} INFO - Started process (PID=443) to work on /opt/airflow/dags/orchestronic_pipeline.py
[2025-01-28T12:47:22.713+0000] {processor.py:914} INFO - Processing file /opt/airflow/dags/orchestronic_pipeline.py for tasks to queue
[2025-01-28T12:47:22.718+0000] {logging_mixin.py:190} INFO - [2025-01-28T12:47:22.717+0000] {dagbag.py:588} INFO - Filling up the DagBag from /opt/airflow/dags/orchestronic_pipeline.py
[2025-01-28T12:47:22.784+0000] {processor.py:925} INFO - DAG(s) 'idp_resource_provisioning' retrieved from /opt/airflow/dags/orchestronic_pipeline.py
[2025-01-28T12:47:22.802+0000] {logging_mixin.py:190} INFO - [2025-01-28T12:47:22.801+0000] {dag.py:3239} INFO - Sync 1 DAGs
[2025-01-28T12:47:22.812+0000] {logging_mixin.py:190} INFO - [2025-01-28T12:47:22.812+0000] {dag.py:4180} INFO - Setting next_dagrun for idp_resource_provisioning to None, run_after=None
[2025-01-28T12:47:22.829+0000] {processor.py:208} INFO - Processing /opt/airflow/dags/orchestronic_pipeline.py took 0.125 seconds
[2025-01-28T12:47:53.281+0000] {processor.py:186} INFO - Started process (PID=509) to work on /opt/airflow/dags/orchestronic_pipeline.py
[2025-01-28T12:47:53.285+0000] {processor.py:914} INFO - Processing file /opt/airflow/dags/orchestronic_pipeline.py for tasks to queue
[2025-01-28T12:47:53.288+0000] {logging_mixin.py:190} INFO - [2025-01-28T12:47:53.287+0000] {dagbag.py:588} INFO - Filling up the DagBag from /opt/airflow/dags/orchestronic_pipeline.py
[2025-01-28T12:47:53.358+0000] {processor.py:925} INFO - DAG(s) 'idp_resource_provisioning' retrieved from /opt/airflow/dags/orchestronic_pipeline.py
[2025-01-28T12:47:53.378+0000] {logging_mixin.py:190} INFO - [2025-01-28T12:47:53.377+0000] {dag.py:3239} INFO - Sync 1 DAGs
[2025-01-28T12:47:53.390+0000] {logging_mixin.py:190} INFO - [2025-01-28T12:47:53.389+0000] {dag.py:4180} INFO - Setting next_dagrun for idp_resource_provisioning to None, run_after=None
[2025-01-28T12:47:53.401+0000] {processor.py:208} INFO - Processing /opt/airflow/dags/orchestronic_pipeline.py took 0.125 seconds
[2025-01-28T12:48:23.704+0000] {processor.py:186} INFO - Started process (PID=575) to work on /opt/airflow/dags/orchestronic_pipeline.py
[2025-01-28T12:48:23.706+0000] {processor.py:914} INFO - Processing file /opt/airflow/dags/orchestronic_pipeline.py for tasks to queue
[2025-01-28T12:48:23.711+0000] {logging_mixin.py:190} INFO - [2025-01-28T12:48:23.711+0000] {dagbag.py:588} INFO - Filling up the DagBag from /opt/airflow/dags/orchestronic_pipeline.py
[2025-01-28T12:48:23.796+0000] {processor.py:925} INFO - DAG(s) 'idp_resource_provisioning' retrieved from /opt/airflow/dags/orchestronic_pipeline.py
[2025-01-28T12:48:23.814+0000] {logging_mixin.py:190} INFO - [2025-01-28T12:48:23.814+0000] {dag.py:3239} INFO - Sync 1 DAGs
[2025-01-28T12:48:23.828+0000] {logging_mixin.py:190} INFO - [2025-01-28T12:48:23.827+0000] {dag.py:4180} INFO - Setting next_dagrun for idp_resource_provisioning to None, run_after=None
[2025-01-28T12:48:23.846+0000] {processor.py:208} INFO - Processing /opt/airflow/dags/orchestronic_pipeline.py took 0.147 seconds
[2025-01-28T12:48:53.927+0000] {processor.py:186} INFO - Started process (PID=641) to work on /opt/airflow/dags/orchestronic_pipeline.py
[2025-01-28T12:48:53.929+0000] {processor.py:914} INFO - Processing file /opt/airflow/dags/orchestronic_pipeline.py for tasks to queue
[2025-01-28T12:48:53.937+0000] {logging_mixin.py:190} INFO - [2025-01-28T12:48:53.936+0000] {dagbag.py:588} INFO - Filling up the DagBag from /opt/airflow/dags/orchestronic_pipeline.py
[2025-01-28T12:48:54.028+0000] {processor.py:925} INFO - DAG(s) 'idp_resource_provisioning' retrieved from /opt/airflow/dags/orchestronic_pipeline.py
[2025-01-28T12:48:54.050+0000] {logging_mixin.py:190} INFO - [2025-01-28T12:48:54.050+0000] {dag.py:3239} INFO - Sync 1 DAGs
[2025-01-28T12:48:54.064+0000] {logging_mixin.py:190} INFO - [2025-01-28T12:48:54.063+0000] {dag.py:4180} INFO - Setting next_dagrun for idp_resource_provisioning to None, run_after=None
[2025-01-28T12:48:54.080+0000] {processor.py:208} INFO - Processing /opt/airflow/dags/orchestronic_pipeline.py took 0.167 seconds
[2025-01-28T12:49:24.130+0000] {processor.py:186} INFO - Started process (PID=706) to work on /opt/airflow/dags/orchestronic_pipeline.py
[2025-01-28T12:49:24.131+0000] {processor.py:914} INFO - Processing file /opt/airflow/dags/orchestronic_pipeline.py for tasks to queue
[2025-01-28T12:49:24.137+0000] {logging_mixin.py:190} INFO - [2025-01-28T12:49:24.137+0000] {dagbag.py:588} INFO - Filling up the DagBag from /opt/airflow/dags/orchestronic_pipeline.py
[2025-01-28T12:49:24.217+0000] {processor.py:925} INFO - DAG(s) 'idp_resource_provisioning' retrieved from /opt/airflow/dags/orchestronic_pipeline.py
[2025-01-28T12:49:24.242+0000] {logging_mixin.py:190} INFO - [2025-01-28T12:49:24.242+0000] {dag.py:3239} INFO - Sync 1 DAGs
[2025-01-28T12:49:24.255+0000] {logging_mixin.py:190} INFO - [2025-01-28T12:49:24.255+0000] {dag.py:4180} INFO - Setting next_dagrun for idp_resource_provisioning to None, run_after=None
[2025-01-28T12:49:24.268+0000] {processor.py:208} INFO - Processing /opt/airflow/dags/orchestronic_pipeline.py took 0.149 seconds
[2025-01-28T12:49:54.413+0000] {processor.py:186} INFO - Started process (PID=772) to work on /opt/airflow/dags/orchestronic_pipeline.py
[2025-01-28T12:49:54.414+0000] {processor.py:914} INFO - Processing file /opt/airflow/dags/orchestronic_pipeline.py for tasks to queue
[2025-01-28T12:49:54.420+0000] {logging_mixin.py:190} INFO - [2025-01-28T12:49:54.420+0000] {dagbag.py:588} INFO - Filling up the DagBag from /opt/airflow/dags/orchestronic_pipeline.py
[2025-01-28T12:49:54.505+0000] {processor.py:925} INFO - DAG(s) 'idp_resource_provisioning' retrieved from /opt/airflow/dags/orchestronic_pipeline.py
[2025-01-28T12:49:54.527+0000] {logging_mixin.py:190} INFO - [2025-01-28T12:49:54.527+0000] {dag.py:3239} INFO - Sync 1 DAGs
[2025-01-28T12:49:54.563+0000] {logging_mixin.py:190} INFO - [2025-01-28T12:49:54.563+0000] {dag.py:4180} INFO - Setting next_dagrun for idp_resource_provisioning to None, run_after=None
[2025-01-28T12:49:54.578+0000] {processor.py:208} INFO - Processing /opt/airflow/dags/orchestronic_pipeline.py took 0.175 seconds
[2025-01-28T12:50:24.880+0000] {processor.py:186} INFO - Started process (PID=839) to work on /opt/airflow/dags/orchestronic_pipeline.py
[2025-01-28T12:50:24.881+0000] {processor.py:914} INFO - Processing file /opt/airflow/dags/orchestronic_pipeline.py for tasks to queue
[2025-01-28T12:50:24.882+0000] {logging_mixin.py:190} INFO - [2025-01-28T12:50:24.882+0000] {dagbag.py:588} INFO - Filling up the DagBag from /opt/airflow/dags/orchestronic_pipeline.py
[2025-01-28T12:50:24.942+0000] {processor.py:925} INFO - DAG(s) 'idp_resource_provisioning' retrieved from /opt/airflow/dags/orchestronic_pipeline.py
[2025-01-28T12:50:24.956+0000] {logging_mixin.py:190} INFO - [2025-01-28T12:50:24.956+0000] {dag.py:3239} INFO - Sync 1 DAGs
[2025-01-28T12:50:24.965+0000] {logging_mixin.py:190} INFO - [2025-01-28T12:50:24.965+0000] {dag.py:4180} INFO - Setting next_dagrun for idp_resource_provisioning to None, run_after=None
[2025-01-28T12:50:24.976+0000] {processor.py:208} INFO - Processing /opt/airflow/dags/orchestronic_pipeline.py took 0.103 seconds
[2025-01-28T12:50:55.362+0000] {processor.py:186} INFO - Started process (PID=905) to work on /opt/airflow/dags/orchestronic_pipeline.py
[2025-01-28T12:50:55.367+0000] {processor.py:914} INFO - Processing file /opt/airflow/dags/orchestronic_pipeline.py for tasks to queue
[2025-01-28T12:50:55.375+0000] {logging_mixin.py:190} INFO - [2025-01-28T12:50:55.375+0000] {dagbag.py:588} INFO - Filling up the DagBag from /opt/airflow/dags/orchestronic_pipeline.py
[2025-01-28T12:50:55.447+0000] {processor.py:925} INFO - DAG(s) 'idp_resource_provisioning' retrieved from /opt/airflow/dags/orchestronic_pipeline.py
[2025-01-28T12:50:55.466+0000] {logging_mixin.py:190} INFO - [2025-01-28T12:50:55.466+0000] {dag.py:3239} INFO - Sync 1 DAGs
[2025-01-28T12:50:55.476+0000] {logging_mixin.py:190} INFO - [2025-01-28T12:50:55.476+0000] {dag.py:4180} INFO - Setting next_dagrun for idp_resource_provisioning to None, run_after=None
[2025-01-28T12:50:55.488+0000] {processor.py:208} INFO - Processing /opt/airflow/dags/orchestronic_pipeline.py took 0.130 seconds
[2025-01-28T12:51:25.793+0000] {processor.py:186} INFO - Started process (PID=971) to work on /opt/airflow/dags/orchestronic_pipeline.py
[2025-01-28T12:51:25.794+0000] {processor.py:914} INFO - Processing file /opt/airflow/dags/orchestronic_pipeline.py for tasks to queue
[2025-01-28T12:51:25.798+0000] {logging_mixin.py:190} INFO - [2025-01-28T12:51:25.798+0000] {dagbag.py:588} INFO - Filling up the DagBag from /opt/airflow/dags/orchestronic_pipeline.py
[2025-01-28T12:51:25.892+0000] {processor.py:925} INFO - DAG(s) 'idp_resource_provisioning' retrieved from /opt/airflow/dags/orchestronic_pipeline.py
[2025-01-28T12:51:25.921+0000] {logging_mixin.py:190} INFO - [2025-01-28T12:51:25.921+0000] {dag.py:3239} INFO - Sync 1 DAGs
[2025-01-28T12:51:25.937+0000] {logging_mixin.py:190} INFO - [2025-01-28T12:51:25.936+0000] {dag.py:4180} INFO - Setting next_dagrun for idp_resource_provisioning to None, run_after=None
[2025-01-28T12:51:25.950+0000] {processor.py:208} INFO - Processing /opt/airflow/dags/orchestronic_pipeline.py took 0.167 seconds
[2025-01-28T12:51:56.345+0000] {processor.py:186} INFO - Started process (PID=1037) to work on /opt/airflow/dags/orchestronic_pipeline.py
[2025-01-28T12:51:56.349+0000] {processor.py:914} INFO - Processing file /opt/airflow/dags/orchestronic_pipeline.py for tasks to queue
[2025-01-28T12:51:56.352+0000] {logging_mixin.py:190} INFO - [2025-01-28T12:51:56.352+0000] {dagbag.py:588} INFO - Filling up the DagBag from /opt/airflow/dags/orchestronic_pipeline.py
[2025-01-28T12:51:56.430+0000] {processor.py:925} INFO - DAG(s) 'idp_resource_provisioning' retrieved from /opt/airflow/dags/orchestronic_pipeline.py
[2025-01-28T12:51:56.450+0000] {logging_mixin.py:190} INFO - [2025-01-28T12:51:56.450+0000] {dag.py:3239} INFO - Sync 1 DAGs
[2025-01-28T12:51:56.462+0000] {logging_mixin.py:190} INFO - [2025-01-28T12:51:56.462+0000] {dag.py:4180} INFO - Setting next_dagrun for idp_resource_provisioning to None, run_after=None
[2025-01-28T12:51:56.478+0000] {processor.py:208} INFO - Processing /opt/airflow/dags/orchestronic_pipeline.py took 0.139 seconds
[2025-01-28T12:52:26.826+0000] {processor.py:186} INFO - Started process (PID=1103) to work on /opt/airflow/dags/orchestronic_pipeline.py
[2025-01-28T12:52:26.828+0000] {processor.py:914} INFO - Processing file /opt/airflow/dags/orchestronic_pipeline.py for tasks to queue
[2025-01-28T12:52:26.831+0000] {logging_mixin.py:190} INFO - [2025-01-28T12:52:26.830+0000] {dagbag.py:588} INFO - Filling up the DagBag from /opt/airflow/dags/orchestronic_pipeline.py
[2025-01-28T12:52:26.895+0000] {processor.py:925} INFO - DAG(s) 'idp_resource_provisioning' retrieved from /opt/airflow/dags/orchestronic_pipeline.py
[2025-01-28T12:52:26.916+0000] {logging_mixin.py:190} INFO - [2025-01-28T12:52:26.916+0000] {dag.py:3239} INFO - Sync 1 DAGs
[2025-01-28T12:52:26.926+0000] {logging_mixin.py:190} INFO - [2025-01-28T12:52:26.926+0000] {dag.py:4180} INFO - Setting next_dagrun for idp_resource_provisioning to None, run_after=None
[2025-01-28T12:52:26.943+0000] {processor.py:208} INFO - Processing /opt/airflow/dags/orchestronic_pipeline.py took 0.128 seconds
[2025-01-28T12:52:57.267+0000] {processor.py:186} INFO - Started process (PID=1168) to work on /opt/airflow/dags/orchestronic_pipeline.py
[2025-01-28T12:52:57.271+0000] {processor.py:914} INFO - Processing file /opt/airflow/dags/orchestronic_pipeline.py for tasks to queue
[2025-01-28T12:52:57.276+0000] {logging_mixin.py:190} INFO - [2025-01-28T12:52:57.276+0000] {dagbag.py:588} INFO - Filling up the DagBag from /opt/airflow/dags/orchestronic_pipeline.py
[2025-01-28T12:52:57.384+0000] {processor.py:925} INFO - DAG(s) 'idp_resource_provisioning' retrieved from /opt/airflow/dags/orchestronic_pipeline.py
[2025-01-28T12:52:57.412+0000] {logging_mixin.py:190} INFO - [2025-01-28T12:52:57.412+0000] {dag.py:3239} INFO - Sync 1 DAGs
[2025-01-28T12:52:57.428+0000] {logging_mixin.py:190} INFO - [2025-01-28T12:52:57.428+0000] {dag.py:4180} INFO - Setting next_dagrun for idp_resource_provisioning to None, run_after=None
[2025-01-28T12:52:57.443+0000] {processor.py:208} INFO - Processing /opt/airflow/dags/orchestronic_pipeline.py took 0.184 seconds
[2025-01-28T12:53:27.635+0000] {processor.py:186} INFO - Started process (PID=1234) to work on /opt/airflow/dags/orchestronic_pipeline.py
[2025-01-28T12:53:27.638+0000] {processor.py:914} INFO - Processing file /opt/airflow/dags/orchestronic_pipeline.py for tasks to queue
[2025-01-28T12:53:27.642+0000] {logging_mixin.py:190} INFO - [2025-01-28T12:53:27.641+0000] {dagbag.py:588} INFO - Filling up the DagBag from /opt/airflow/dags/orchestronic_pipeline.py
[2025-01-28T12:53:27.733+0000] {processor.py:925} INFO - DAG(s) 'idp_resource_provisioning' retrieved from /opt/airflow/dags/orchestronic_pipeline.py
[2025-01-28T12:53:27.768+0000] {logging_mixin.py:190} INFO - [2025-01-28T12:53:27.768+0000] {dag.py:3239} INFO - Sync 1 DAGs
[2025-01-28T12:53:27.781+0000] {logging_mixin.py:190} INFO - [2025-01-28T12:53:27.781+0000] {dag.py:4180} INFO - Setting next_dagrun for idp_resource_provisioning to None, run_after=None
[2025-01-28T12:53:27.801+0000] {processor.py:208} INFO - Processing /opt/airflow/dags/orchestronic_pipeline.py took 0.176 seconds
[2025-01-28T12:53:58.013+0000] {processor.py:186} INFO - Started process (PID=1300) to work on /opt/airflow/dags/orchestronic_pipeline.py
[2025-01-28T12:53:58.016+0000] {processor.py:914} INFO - Processing file /opt/airflow/dags/orchestronic_pipeline.py for tasks to queue
[2025-01-28T12:53:58.029+0000] {logging_mixin.py:190} INFO - [2025-01-28T12:53:58.028+0000] {dagbag.py:588} INFO - Filling up the DagBag from /opt/airflow/dags/orchestronic_pipeline.py
[2025-01-28T12:53:58.151+0000] {processor.py:925} INFO - DAG(s) 'idp_resource_provisioning' retrieved from /opt/airflow/dags/orchestronic_pipeline.py
[2025-01-28T12:53:58.195+0000] {logging_mixin.py:190} INFO - [2025-01-28T12:53:58.194+0000] {dag.py:3239} INFO - Sync 1 DAGs
[2025-01-28T12:53:58.218+0000] {logging_mixin.py:190} INFO - [2025-01-28T12:53:58.218+0000] {dag.py:4180} INFO - Setting next_dagrun for idp_resource_provisioning to None, run_after=None
[2025-01-28T12:53:58.238+0000] {processor.py:208} INFO - Processing /opt/airflow/dags/orchestronic_pipeline.py took 0.238 seconds
[2025-01-28T12:54:28.857+0000] {processor.py:186} INFO - Started process (PID=1366) to work on /opt/airflow/dags/orchestronic_pipeline.py
[2025-01-28T12:54:28.859+0000] {processor.py:914} INFO - Processing file /opt/airflow/dags/orchestronic_pipeline.py for tasks to queue
[2025-01-28T12:54:28.862+0000] {logging_mixin.py:190} INFO - [2025-01-28T12:54:28.862+0000] {dagbag.py:588} INFO - Filling up the DagBag from /opt/airflow/dags/orchestronic_pipeline.py
[2025-01-28T12:54:28.958+0000] {processor.py:925} INFO - DAG(s) 'idp_resource_provisioning' retrieved from /opt/airflow/dags/orchestronic_pipeline.py
[2025-01-28T12:54:28.987+0000] {logging_mixin.py:190} INFO - [2025-01-28T12:54:28.986+0000] {dag.py:3239} INFO - Sync 1 DAGs
[2025-01-28T12:54:28.998+0000] {logging_mixin.py:190} INFO - [2025-01-28T12:54:28.997+0000] {dag.py:4180} INFO - Setting next_dagrun for idp_resource_provisioning to None, run_after=None
[2025-01-28T12:54:29.010+0000] {processor.py:208} INFO - Processing /opt/airflow/dags/orchestronic_pipeline.py took 0.159 seconds
[2025-01-28T12:54:59.162+0000] {processor.py:186} INFO - Started process (PID=1432) to work on /opt/airflow/dags/orchestronic_pipeline.py
[2025-01-28T12:54:59.168+0000] {processor.py:914} INFO - Processing file /opt/airflow/dags/orchestronic_pipeline.py for tasks to queue
[2025-01-28T12:54:59.173+0000] {logging_mixin.py:190} INFO - [2025-01-28T12:54:59.172+0000] {dagbag.py:588} INFO - Filling up the DagBag from /opt/airflow/dags/orchestronic_pipeline.py
[2025-01-28T12:54:59.285+0000] {processor.py:925} INFO - DAG(s) 'idp_resource_provisioning' retrieved from /opt/airflow/dags/orchestronic_pipeline.py
[2025-01-28T12:54:59.319+0000] {logging_mixin.py:190} INFO - [2025-01-28T12:54:59.319+0000] {dag.py:3239} INFO - Sync 1 DAGs
[2025-01-28T12:54:59.338+0000] {logging_mixin.py:190} INFO - [2025-01-28T12:54:59.338+0000] {dag.py:4180} INFO - Setting next_dagrun for idp_resource_provisioning to None, run_after=None
[2025-01-28T12:54:59.355+0000] {processor.py:208} INFO - Processing /opt/airflow/dags/orchestronic_pipeline.py took 0.205 seconds
[2025-01-28T12:55:29.844+0000] {processor.py:186} INFO - Started process (PID=1498) to work on /opt/airflow/dags/orchestronic_pipeline.py
[2025-01-28T12:55:29.846+0000] {processor.py:914} INFO - Processing file /opt/airflow/dags/orchestronic_pipeline.py for tasks to queue
[2025-01-28T12:55:29.853+0000] {logging_mixin.py:190} INFO - [2025-01-28T12:55:29.852+0000] {dagbag.py:588} INFO - Filling up the DagBag from /opt/airflow/dags/orchestronic_pipeline.py
[2025-01-28T12:55:29.942+0000] {processor.py:925} INFO - DAG(s) 'idp_resource_provisioning' retrieved from /opt/airflow/dags/orchestronic_pipeline.py
[2025-01-28T12:55:29.967+0000] {logging_mixin.py:190} INFO - [2025-01-28T12:55:29.967+0000] {dag.py:3239} INFO - Sync 1 DAGs
[2025-01-28T12:55:29.979+0000] {logging_mixin.py:190} INFO - [2025-01-28T12:55:29.978+0000] {dag.py:4180} INFO - Setting next_dagrun for idp_resource_provisioning to None, run_after=None
[2025-01-28T12:55:29.995+0000] {processor.py:208} INFO - Processing /opt/airflow/dags/orchestronic_pipeline.py took 0.167 seconds
[2025-01-28T12:56:00.183+0000] {processor.py:186} INFO - Started process (PID=1564) to work on /opt/airflow/dags/orchestronic_pipeline.py
[2025-01-28T12:56:00.188+0000] {processor.py:914} INFO - Processing file /opt/airflow/dags/orchestronic_pipeline.py for tasks to queue
[2025-01-28T12:56:00.192+0000] {logging_mixin.py:190} INFO - [2025-01-28T12:56:00.192+0000] {dagbag.py:588} INFO - Filling up the DagBag from /opt/airflow/dags/orchestronic_pipeline.py
[2025-01-28T12:56:00.295+0000] {processor.py:925} INFO - DAG(s) 'idp_resource_provisioning' retrieved from /opt/airflow/dags/orchestronic_pipeline.py
[2025-01-28T12:56:00.320+0000] {logging_mixin.py:190} INFO - [2025-01-28T12:56:00.320+0000] {dag.py:3239} INFO - Sync 1 DAGs
[2025-01-28T12:56:00.333+0000] {logging_mixin.py:190} INFO - [2025-01-28T12:56:00.333+0000] {dag.py:4180} INFO - Setting next_dagrun for idp_resource_provisioning to None, run_after=None
[2025-01-28T12:56:00.349+0000] {processor.py:208} INFO - Processing /opt/airflow/dags/orchestronic_pipeline.py took 0.177 seconds
[2025-01-28T12:56:30.775+0000] {processor.py:186} INFO - Started process (PID=1630) to work on /opt/airflow/dags/orchestronic_pipeline.py
[2025-01-28T12:56:30.777+0000] {processor.py:914} INFO - Processing file /opt/airflow/dags/orchestronic_pipeline.py for tasks to queue
[2025-01-28T12:56:30.785+0000] {logging_mixin.py:190} INFO - [2025-01-28T12:56:30.784+0000] {dagbag.py:588} INFO - Filling up the DagBag from /opt/airflow/dags/orchestronic_pipeline.py
[2025-01-28T12:56:30.876+0000] {processor.py:925} INFO - DAG(s) 'idp_resource_provisioning' retrieved from /opt/airflow/dags/orchestronic_pipeline.py
[2025-01-28T12:56:30.908+0000] {logging_mixin.py:190} INFO - [2025-01-28T12:56:30.908+0000] {dag.py:3239} INFO - Sync 1 DAGs
[2025-01-28T12:56:30.922+0000] {logging_mixin.py:190} INFO - [2025-01-28T12:56:30.922+0000] {dag.py:4180} INFO - Setting next_dagrun for idp_resource_provisioning to None, run_after=None
[2025-01-28T12:56:30.938+0000] {processor.py:208} INFO - Processing /opt/airflow/dags/orchestronic_pipeline.py took 0.174 seconds
[2025-01-28T12:57:01.209+0000] {processor.py:186} INFO - Started process (PID=1696) to work on /opt/airflow/dags/orchestronic_pipeline.py
[2025-01-28T12:57:01.211+0000] {processor.py:914} INFO - Processing file /opt/airflow/dags/orchestronic_pipeline.py for tasks to queue
[2025-01-28T12:57:01.222+0000] {logging_mixin.py:190} INFO - [2025-01-28T12:57:01.220+0000] {dagbag.py:588} INFO - Filling up the DagBag from /opt/airflow/dags/orchestronic_pipeline.py
[2025-01-28T12:57:01.320+0000] {processor.py:925} INFO - DAG(s) 'idp_resource_provisioning' retrieved from /opt/airflow/dags/orchestronic_pipeline.py
[2025-01-28T12:57:01.354+0000] {logging_mixin.py:190} INFO - [2025-01-28T12:57:01.354+0000] {dag.py:3239} INFO - Sync 1 DAGs
[2025-01-28T12:57:01.371+0000] {logging_mixin.py:190} INFO - [2025-01-28T12:57:01.370+0000] {dag.py:4180} INFO - Setting next_dagrun for idp_resource_provisioning to None, run_after=None
[2025-01-28T12:57:01.385+0000] {processor.py:208} INFO - Processing /opt/airflow/dags/orchestronic_pipeline.py took 0.184 seconds
[2025-01-28T12:57:31.950+0000] {processor.py:186} INFO - Started process (PID=1762) to work on /opt/airflow/dags/orchestronic_pipeline.py
[2025-01-28T12:57:31.952+0000] {processor.py:914} INFO - Processing file /opt/airflow/dags/orchestronic_pipeline.py for tasks to queue
[2025-01-28T12:57:31.959+0000] {logging_mixin.py:190} INFO - [2025-01-28T12:57:31.959+0000] {dagbag.py:588} INFO - Filling up the DagBag from /opt/airflow/dags/orchestronic_pipeline.py
[2025-01-28T12:57:32.055+0000] {processor.py:925} INFO - DAG(s) 'idp_resource_provisioning' retrieved from /opt/airflow/dags/orchestronic_pipeline.py
[2025-01-28T12:57:32.115+0000] {logging_mixin.py:190} INFO - [2025-01-28T12:57:32.115+0000] {dag.py:3239} INFO - Sync 1 DAGs
[2025-01-28T12:57:32.134+0000] {logging_mixin.py:190} INFO - [2025-01-28T12:57:32.134+0000] {dag.py:4180} INFO - Setting next_dagrun for idp_resource_provisioning to None, run_after=None
[2025-01-28T12:57:32.152+0000] {processor.py:208} INFO - Processing /opt/airflow/dags/orchestronic_pipeline.py took 0.209 seconds
[2025-01-28T12:58:02.333+0000] {processor.py:186} INFO - Started process (PID=1828) to work on /opt/airflow/dags/orchestronic_pipeline.py
[2025-01-28T12:58:02.336+0000] {processor.py:914} INFO - Processing file /opt/airflow/dags/orchestronic_pipeline.py for tasks to queue
[2025-01-28T12:58:02.342+0000] {logging_mixin.py:190} INFO - [2025-01-28T12:58:02.341+0000] {dagbag.py:588} INFO - Filling up the DagBag from /opt/airflow/dags/orchestronic_pipeline.py
[2025-01-28T12:58:02.406+0000] {processor.py:925} INFO - DAG(s) 'idp_resource_provisioning' retrieved from /opt/airflow/dags/orchestronic_pipeline.py
[2025-01-28T12:58:02.428+0000] {logging_mixin.py:190} INFO - [2025-01-28T12:58:02.428+0000] {dag.py:3239} INFO - Sync 1 DAGs
[2025-01-28T12:58:02.442+0000] {logging_mixin.py:190} INFO - [2025-01-28T12:58:02.442+0000] {dag.py:4180} INFO - Setting next_dagrun for idp_resource_provisioning to None, run_after=None
[2025-01-28T12:58:02.457+0000] {processor.py:208} INFO - Processing /opt/airflow/dags/orchestronic_pipeline.py took 0.137 seconds
