[2025-02-14T06:29:49.075+0000] {local_task_job_runner.py:123} INFO - ::group::Pre task execution logs
[2025-02-14T06:29:49.087+0000] {taskinstance.py:2613} INFO - Dependencies all met for dep_context=non-requeueable deps ti=<TaskInstance: idp.fetch_from_mongo scheduled__2025-02-13T00:00:00+00:00 [queued]>
[2025-02-14T06:29:49.091+0000] {taskinstance.py:2613} INFO - Dependencies all met for dep_context=requeueable deps ti=<TaskInstance: idp.fetch_from_mongo scheduled__2025-02-13T00:00:00+00:00 [queued]>
[2025-02-14T06:29:49.091+0000] {taskinstance.py:2866} INFO - Starting attempt 1 of 2
[2025-02-14T06:29:49.099+0000] {taskinstance.py:2889} INFO - Executing <Task(PythonOperator): fetch_from_mongo> on 2025-02-13 00:00:00+00:00
[2025-02-14T06:29:49.105+0000] {warnings.py:112} WARNING - /home/***/.local/lib/python3.12/site-packages/***/task/task_runner/standard_task_runner.py:70: DeprecationWarning: This process (pid=73) is multi-threaded, use of fork() may lead to deadlocks in the child.
  pid = os.fork()

[2025-02-14T06:29:49.106+0000] {standard_task_runner.py:72} INFO - Started process 74 to run task
[2025-02-14T06:29:49.107+0000] {standard_task_runner.py:104} INFO - Running: ['***', 'tasks', 'run', 'idp', 'fetch_from_mongo', 'scheduled__2025-02-13T00:00:00+00:00', '--job-id', '318', '--raw', '--subdir', 'DAGS_FOLDER/idp.py', '--cfg-path', '/tmp/tmplwfnfbim']
[2025-02-14T06:29:49.107+0000] {standard_task_runner.py:105} INFO - Job 318: Subtask fetch_from_mongo
[2025-02-14T06:29:49.132+0000] {task_command.py:467} INFO - Running <TaskInstance: idp.fetch_from_mongo scheduled__2025-02-13T00:00:00+00:00 [running]> on host 3aa1f743f988
[2025-02-14T06:29:49.184+0000] {taskinstance.py:3132} INFO - Exporting env vars: AIRFLOW_CTX_DAG_OWNER='***' AIRFLOW_CTX_DAG_ID='idp' AIRFLOW_CTX_TASK_ID='fetch_from_mongo' AIRFLOW_CTX_EXECUTION_DATE='2025-02-13T00:00:00+00:00' AIRFLOW_CTX_TRY_NUMBER='1' AIRFLOW_CTX_DAG_RUN_ID='scheduled__2025-02-13T00:00:00+00:00'
[2025-02-14T06:29:49.185+0000] {logging_mixin.py:190} INFO - Task instance is in running state
[2025-02-14T06:29:49.185+0000] {logging_mixin.py:190} INFO -  Previous state of the Task instance: queued
[2025-02-14T06:29:49.186+0000] {logging_mixin.py:190} INFO - Current task name:fetch_from_mongo state:running start_date:2025-02-14 06:29:49.088013+00:00
[2025-02-14T06:29:49.186+0000] {logging_mixin.py:190} INFO - Dag name:idp and current dag run status:running
[2025-02-14T06:29:49.186+0000] {taskinstance.py:731} INFO - ::endgroup::
[2025-02-14T06:29:49.186+0000] {logging_mixin.py:190} INFO - Received message from XCom: 
[2025-02-14T06:29:49.879+0000] {logging_mixin.py:190} INFO - Fetched data: []
[2025-02-14T06:29:49.916+0000] {python.py:240} INFO - Done. Returned value was: []
[2025-02-14T06:29:49.930+0000] {taskinstance.py:340} INFO - ::group::Post task execution logs
[2025-02-14T06:29:49.930+0000] {taskinstance.py:352} INFO - Marking task as SUCCESS. dag_id=idp, task_id=fetch_from_mongo, run_id=scheduled__2025-02-13T00:00:00+00:00, execution_date=20250213T000000, start_date=20250214T062949, end_date=20250214T062949
[2025-02-14T06:29:49.937+0000] {logging_mixin.py:190} INFO - Task instance in success state
[2025-02-14T06:29:49.937+0000] {logging_mixin.py:190} INFO -  Previous state of the Task instance: running
[2025-02-14T06:29:49.937+0000] {logging_mixin.py:190} INFO - Dag name:idp queued_at:2025-02-14 06:29:43.627241+00:00
[2025-02-14T06:29:49.937+0000] {logging_mixin.py:190} INFO - Task hostname:3aa1f743f988 operator:PythonOperator
[2025-02-14T06:29:49.944+0000] {local_task_job_runner.py:266} INFO - Task exited with return code 0
[2025-02-14T06:29:49.955+0000] {taskinstance.py:3895} INFO - 0 downstream tasks scheduled from follow-on schedule check
[2025-02-14T06:29:49.956+0000] {local_task_job_runner.py:245} INFO - ::endgroup::
