[2025-02-07T08:11:34.077+0000] {local_task_job_runner.py:123} INFO - ::group::Pre task execution logs
[2025-02-07T08:11:34.088+0000] {taskinstance.py:2613} INFO - Dependencies all met for dep_context=non-requeueable deps ti=<TaskInstance: idp.rabbitmq_consumer manual__2025-02-07T08:11:31.744317+00:00 [queued]>
[2025-02-07T08:11:34.093+0000] {taskinstance.py:2613} INFO - Dependencies all met for dep_context=requeueable deps ti=<TaskInstance: idp.rabbitmq_consumer manual__2025-02-07T08:11:31.744317+00:00 [queued]>
[2025-02-07T08:11:34.094+0000] {taskinstance.py:2866} INFO - Starting attempt 1 of 2
[2025-02-07T08:11:34.101+0000] {taskinstance.py:2889} INFO - Executing <Task(PythonOperator): rabbitmq_consumer> on 2025-02-07 08:11:31.744317+00:00
[2025-02-07T08:11:34.106+0000] {warnings.py:112} WARNING - /home/***/.local/lib/python3.12/site-packages/***/task/task_runner/standard_task_runner.py:70: DeprecationWarning: This process (pid=756) is multi-threaded, use of fork() may lead to deadlocks in the child.
  pid = os.fork()

[2025-02-07T08:11:34.108+0000] {standard_task_runner.py:72} INFO - Started process 757 to run task
[2025-02-07T08:11:34.108+0000] {standard_task_runner.py:104} INFO - Running: ['***', 'tasks', 'run', 'idp', 'rabbitmq_consumer', 'manual__2025-02-07T08:11:31.744317+00:00', '--job-id', '260', '--raw', '--subdir', 'DAGS_FOLDER/idp.py', '--cfg-path', '/tmp/tmpp0swgu6d']
[2025-02-07T08:11:34.110+0000] {standard_task_runner.py:105} INFO - Job 260: Subtask rabbitmq_consumer
[2025-02-07T08:11:34.143+0000] {task_command.py:467} INFO - Running <TaskInstance: idp.rabbitmq_consumer manual__2025-02-07T08:11:31.744317+00:00 [running]> on host 3aa1f743f988
[2025-02-07T08:11:34.193+0000] {taskinstance.py:3132} INFO - Exporting env vars: AIRFLOW_CTX_DAG_OWNER='***' AIRFLOW_CTX_DAG_ID='idp' AIRFLOW_CTX_TASK_ID='rabbitmq_consumer' AIRFLOW_CTX_EXECUTION_DATE='2025-02-07T08:11:31.744317+00:00' AIRFLOW_CTX_TRY_NUMBER='1' AIRFLOW_CTX_DAG_RUN_ID='manual__2025-02-07T08:11:31.744317+00:00'
[2025-02-07T08:11:34.194+0000] {logging_mixin.py:190} INFO - Task instance is in running state
[2025-02-07T08:11:34.195+0000] {logging_mixin.py:190} INFO -  Previous state of the Task instance: queued
[2025-02-07T08:11:34.195+0000] {logging_mixin.py:190} INFO - Current task name:rabbitmq_consumer state:running start_date:2025-02-07 08:11:34.089054+00:00
[2025-02-07T08:11:34.195+0000] {logging_mixin.py:190} INFO - Dag name:idp and current dag run status:running
[2025-02-07T08:11:34.196+0000] {taskinstance.py:731} INFO - ::endgroup::
[2025-02-07T08:11:34.198+0000] {logging_mixin.py:190} INFO - RABBITMQ_URL: amqp://rabbitmq:rabbitmq@rabbitmq:5672
[2025-02-07T08:11:34.198+0000] {logging_mixin.py:190} INFO - RabbitMQ Host: rabbitmq
[2025-02-07T08:11:34.198+0000] {logging_mixin.py:190} INFO - RabbitMQ Port: 5672
[2025-02-07T08:11:34.207+0000] {connection_workflow.py:179} INFO - Pika version 1.3.2 connecting to ('172.19.0.4', 5672)
[2025-02-07T08:11:34.211+0000] {io_services_utils.py:345} INFO - Socket connected: <socket.socket fd=93, family=2, type=1, proto=6, laddr=('172.19.0.5', 36908), raddr=('172.19.0.4', 5672)>
[2025-02-07T08:11:34.215+0000] {connection_workflow.py:428} INFO - Streaming transport linked up: (<pika.adapters.utils.io_services_utils._AsyncPlaintextTransport object at 0xffff91e90080>, _StreamingProtocolShim: <SelectConnection PROTOCOL transport=<pika.adapters.utils.io_services_utils._AsyncPlaintextTransport object at 0xffff91e90080> params=<ConnectionParameters host=rabbitmq port=5672 virtual_host=/ ssl=False>>).
[2025-02-07T08:11:34.225+0000] {connection_workflow.py:293} INFO - AMQPConnector - reporting success: <SelectConnection OPEN transport=<pika.adapters.utils.io_services_utils._AsyncPlaintextTransport object at 0xffff91e90080> params=<ConnectionParameters host=rabbitmq port=5672 virtual_host=/ ssl=False>>
[2025-02-07T08:11:34.226+0000] {connection_workflow.py:725} INFO - AMQPConnectionWorkflow - reporting success: <SelectConnection OPEN transport=<pika.adapters.utils.io_services_utils._AsyncPlaintextTransport object at 0xffff91e90080> params=<ConnectionParameters host=rabbitmq port=5672 virtual_host=/ ssl=False>>
[2025-02-07T08:11:34.226+0000] {blocking_connection.py:453} INFO - Connection workflow succeeded: <SelectConnection OPEN transport=<pika.adapters.utils.io_services_utils._AsyncPlaintextTransport object at 0xffff91e90080> params=<ConnectionParameters host=rabbitmq port=5672 virtual_host=/ ssl=False>>
[2025-02-07T08:11:34.227+0000] {blocking_connection.py:1264} INFO - Created channel=1
[2025-02-07T08:11:34.228+0000] {channel.py:1080} WARNING - Received remote Channel.Close (406): "PRECONDITION_FAILED - inequivalent arg 'durable' for queue '675266f7b8c017a58d37feaf' in vhost '/': received 'false' but current is 'true'" on <Channel number=1 OPEN conn=<SelectConnection OPEN transport=<pika.adapters.utils.io_services_utils._AsyncPlaintextTransport object at 0xffff91e90080> params=<ConnectionParameters host=rabbitmq port=5672 virtual_host=/ ssl=False>>>
[2025-02-07T08:11:34.229+0000] {logging_mixin.py:190} INFO - Error in listener: (406, "PRECONDITION_FAILED - inequivalent arg 'durable' for queue '675266f7b8c017a58d37feaf' in vhost '/': received 'false' but current is 'true'")
[2025-02-07T08:11:34.229+0000] {blocking_connection.py:802} INFO - Closing connection (200): Normal shutdown
[2025-02-07T08:11:34.229+0000] {connection.py:1316} INFO - Closing connection (200): 'Normal shutdown'
[2025-02-07T08:11:34.230+0000] {io_services_utils.py:731} INFO - Aborting transport connection: state=1; <socket.socket fd=93, family=2, type=1, proto=6, laddr=('172.19.0.5', 36908), raddr=('172.19.0.4', 5672)>
[2025-02-07T08:11:34.231+0000] {io_services_utils.py:904} INFO - _AsyncTransportBase._initate_abort(): Initiating abrupt asynchronous transport shutdown: state=1; error=None; <socket.socket fd=93, family=2, type=1, proto=6, laddr=('172.19.0.5', 36908), raddr=('172.19.0.4', 5672)>
[2025-02-07T08:11:34.231+0000] {io_services_utils.py:869} INFO - Deactivating transport: state=1; <socket.socket fd=93, family=2, type=1, proto=6, laddr=('172.19.0.5', 36908), raddr=('172.19.0.4', 5672)>
[2025-02-07T08:11:34.231+0000] {connection.py:2017} INFO - AMQP stack terminated, failed to connect, or aborted: opened=True, error-arg=None; pending-error=ConnectionClosedByClient: (200) 'Normal shutdown'
[2025-02-07T08:11:34.232+0000] {connection.py:2086} INFO - Stack terminated due to ConnectionClosedByClient: (200) 'Normal shutdown'
[2025-02-07T08:11:34.232+0000] {io_services_utils.py:882} INFO - Closing transport socket and unlinking: state=3; <socket.socket fd=93, family=2, type=1, proto=6, laddr=('172.19.0.5', 36908), raddr=('172.19.0.4', 5672)>
[2025-02-07T08:11:34.232+0000] {blocking_connection.py:525} INFO - User-initiated close: result=(<SelectConnection CLOSED transport=None params=<ConnectionParameters host=rabbitmq port=5672 virtual_host=/ ssl=False>>, ConnectionClosedByClient: (200) 'Normal shutdown')
[2025-02-07T08:11:34.233+0000] {logging_mixin.py:190} INFO - Listener stopped.
[2025-02-07T08:11:34.234+0000] {taskinstance.py:3311} ERROR - Task failed with exception
Traceback (most recent call last):
  File "/home/airflow/.local/lib/python3.12/site-packages/airflow/models/taskinstance.py", line 767, in _execute_task
    result = _execute_callable(context=context, **execute_callable_kwargs)
             ^^^^^^^^^^^^^^^^^^^^^^^^^^^^^^^^^^^^^^^^^^^^^^^^^^^^^^^^^^^^^
  File "/home/airflow/.local/lib/python3.12/site-packages/airflow/models/taskinstance.py", line 733, in _execute_callable
    return ExecutionCallableRunner(
           ^^^^^^^^^^^^^^^^^^^^^^^^
  File "/home/airflow/.local/lib/python3.12/site-packages/airflow/utils/operator_helpers.py", line 252, in run
    return self.func(*args, **kwargs)
           ^^^^^^^^^^^^^^^^^^^^^^^^^^
  File "/home/airflow/.local/lib/python3.12/site-packages/airflow/models/baseoperator.py", line 422, in wrapper
    return func(self, *args, **kwargs)
           ^^^^^^^^^^^^^^^^^^^^^^^^^^^
  File "/home/airflow/.local/lib/python3.12/site-packages/airflow/operators/python.py", line 238, in execute
    return_value = self.execute_callable()
                   ^^^^^^^^^^^^^^^^^^^^^^^
  File "/home/airflow/.local/lib/python3.12/site-packages/airflow/operators/python.py", line 256, in execute_callable
    return runner.run(*self.op_args, **self.op_kwargs)
           ^^^^^^^^^^^^^^^^^^^^^^^^^^^^^^^^^^^^^^^^^^^
  File "/home/airflow/.local/lib/python3.12/site-packages/airflow/utils/operator_helpers.py", line 252, in run
    return self.func(*args, **kwargs)
           ^^^^^^^^^^^^^^^^^^^^^^^^^^
  File "/opt/airflow/dags/idp.py", line 72, in rabbitmq_consumer
    channel.queue_declare(queue=queue_name)
  File "/home/airflow/.local/lib/python3.12/site-packages/pika/adapters/blocking_connection.py", line 2524, in queue_declare
    self._flush_output(declare_ok_result.is_ready)
  File "/home/airflow/.local/lib/python3.12/site-packages/pika/adapters/blocking_connection.py", line 1357, in _flush_output
    raise self._closing_reason  # pylint: disable=E0702
    ^^^^^^^^^^^^^^^^^^^^^^^^^^
pika.exceptions.ChannelClosedByBroker: (406, "PRECONDITION_FAILED - inequivalent arg 'durable' for queue '675266f7b8c017a58d37feaf' in vhost '/': received 'false' but current is 'true'")
[2025-02-07T08:11:34.249+0000] {logging_mixin.py:190} INFO - Task instance in failure state
[2025-02-07T08:11:34.249+0000] {logging_mixin.py:190} INFO - Task start:2025-02-07 08:11:34.089054+00:00 end:2025-02-07 08:11:34.247696+00:00 duration:0.158642
[2025-02-07T08:11:34.250+0000] {logging_mixin.py:190} INFO - Task:<Task(PythonOperator): rabbitmq_consumer> dag:<DAG: idp> dagrun:<DagRun idp @ 2025-02-07 08:11:31.744317+00:00: manual__2025-02-07T08:11:31.744317+00:00, state:running, queued_at: 2025-02-07 08:11:31.754556+00:00. externally triggered: True>
[2025-02-07T08:11:34.251+0000] {logging_mixin.py:190} INFO - Failure caused by (406, "PRECONDITION_FAILED - inequivalent arg 'durable' for queue '675266f7b8c017a58d37feaf' in vhost '/': received 'false' but current is 'true'")
[2025-02-07T08:11:34.251+0000] {taskinstance.py:1225} INFO - Marking task as UP_FOR_RETRY. dag_id=idp, task_id=rabbitmq_consumer, run_id=manual__2025-02-07T08:11:31.744317+00:00, execution_date=20250207T081131, start_date=20250207T081134, end_date=20250207T081134
[2025-02-07T08:11:34.264+0000] {taskinstance.py:340} INFO - ::group::Post task execution logs
[2025-02-07T08:11:34.267+0000] {standard_task_runner.py:124} ERROR - Failed to execute job 260 for task rabbitmq_consumer ((406, "PRECONDITION_FAILED - inequivalent arg 'durable' for queue '675266f7b8c017a58d37feaf' in vhost '/': received 'false' but current is 'true'"); 757)
Traceback (most recent call last):
  File "/home/airflow/.local/lib/python3.12/site-packages/airflow/task/task_runner/standard_task_runner.py", line 117, in _start_by_fork
    ret = args.func(args, dag=self.dag)
          ^^^^^^^^^^^^^^^^^^^^^^^^^^^^^
  File "/home/airflow/.local/lib/python3.12/site-packages/airflow/cli/cli_config.py", line 49, in command
    return func(*args, **kwargs)
           ^^^^^^^^^^^^^^^^^^^^^
  File "/home/airflow/.local/lib/python3.12/site-packages/airflow/utils/cli.py", line 116, in wrapper
    return f(*args, **kwargs)
           ^^^^^^^^^^^^^^^^^^
  File "/home/airflow/.local/lib/python3.12/site-packages/airflow/cli/commands/task_command.py", line 483, in task_run
    task_return_code = _run_task_by_selected_method(args, _dag, ti)
                       ^^^^^^^^^^^^^^^^^^^^^^^^^^^^^^^^^^^^^^^^^^^^
  File "/home/airflow/.local/lib/python3.12/site-packages/airflow/cli/commands/task_command.py", line 256, in _run_task_by_selected_method
    return _run_raw_task(args, ti)
           ^^^^^^^^^^^^^^^^^^^^^^^
  File "/home/airflow/.local/lib/python3.12/site-packages/airflow/cli/commands/task_command.py", line 341, in _run_raw_task
    return ti._run_raw_task(
           ^^^^^^^^^^^^^^^^^
  File "/home/airflow/.local/lib/python3.12/site-packages/airflow/utils/session.py", line 97, in wrapper
    return func(*args, session=session, **kwargs)
           ^^^^^^^^^^^^^^^^^^^^^^^^^^^^^^^^^^^^^^
  File "/home/airflow/.local/lib/python3.12/site-packages/airflow/models/taskinstance.py", line 3005, in _run_raw_task
    return _run_raw_task(
           ^^^^^^^^^^^^^^
  File "/home/airflow/.local/lib/python3.12/site-packages/airflow/models/taskinstance.py", line 273, in _run_raw_task
    TaskInstance._execute_task_with_callbacks(
  File "/home/airflow/.local/lib/python3.12/site-packages/airflow/models/taskinstance.py", line 3159, in _execute_task_with_callbacks
    result = self._execute_task(context, task_orig)
             ^^^^^^^^^^^^^^^^^^^^^^^^^^^^^^^^^^^^^^
  File "/home/airflow/.local/lib/python3.12/site-packages/airflow/models/taskinstance.py", line 3183, in _execute_task
    return _execute_task(self, context, task_orig)
           ^^^^^^^^^^^^^^^^^^^^^^^^^^^^^^^^^^^^^^^
  File "/home/airflow/.local/lib/python3.12/site-packages/airflow/models/taskinstance.py", line 767, in _execute_task
    result = _execute_callable(context=context, **execute_callable_kwargs)
             ^^^^^^^^^^^^^^^^^^^^^^^^^^^^^^^^^^^^^^^^^^^^^^^^^^^^^^^^^^^^^
  File "/home/airflow/.local/lib/python3.12/site-packages/airflow/models/taskinstance.py", line 733, in _execute_callable
    return ExecutionCallableRunner(
           ^^^^^^^^^^^^^^^^^^^^^^^^
  File "/home/airflow/.local/lib/python3.12/site-packages/airflow/utils/operator_helpers.py", line 252, in run
    return self.func(*args, **kwargs)
           ^^^^^^^^^^^^^^^^^^^^^^^^^^
  File "/home/airflow/.local/lib/python3.12/site-packages/airflow/models/baseoperator.py", line 422, in wrapper
    return func(self, *args, **kwargs)
           ^^^^^^^^^^^^^^^^^^^^^^^^^^^
  File "/home/airflow/.local/lib/python3.12/site-packages/airflow/operators/python.py", line 238, in execute
    return_value = self.execute_callable()
                   ^^^^^^^^^^^^^^^^^^^^^^^
  File "/home/airflow/.local/lib/python3.12/site-packages/airflow/operators/python.py", line 256, in execute_callable
    return runner.run(*self.op_args, **self.op_kwargs)
           ^^^^^^^^^^^^^^^^^^^^^^^^^^^^^^^^^^^^^^^^^^^
  File "/home/airflow/.local/lib/python3.12/site-packages/airflow/utils/operator_helpers.py", line 252, in run
    return self.func(*args, **kwargs)
           ^^^^^^^^^^^^^^^^^^^^^^^^^^
  File "/opt/airflow/dags/idp.py", line 72, in rabbitmq_consumer
    channel.queue_declare(queue=queue_name)
  File "/home/airflow/.local/lib/python3.12/site-packages/pika/adapters/blocking_connection.py", line 2524, in queue_declare
    self._flush_output(declare_ok_result.is_ready)
  File "/home/airflow/.local/lib/python3.12/site-packages/pika/adapters/blocking_connection.py", line 1357, in _flush_output
    raise self._closing_reason  # pylint: disable=E0702
    ^^^^^^^^^^^^^^^^^^^^^^^^^^
pika.exceptions.ChannelClosedByBroker: (406, "PRECONDITION_FAILED - inequivalent arg 'durable' for queue '675266f7b8c017a58d37feaf' in vhost '/': received 'false' but current is 'true'")
[2025-02-07T08:11:34.290+0000] {local_task_job_runner.py:266} INFO - Task exited with return code 1
[2025-02-07T08:11:34.304+0000] {taskinstance.py:3895} INFO - 0 downstream tasks scheduled from follow-on schedule check
[2025-02-07T08:11:34.305+0000] {local_task_job_runner.py:245} INFO - ::endgroup::
