[2025-02-07T09:18:15.094+0000] {local_task_job_runner.py:123} INFO - ::group::Pre task execution logs
[2025-02-07T09:18:15.104+0000] {taskinstance.py:2613} INFO - Dependencies all met for dep_context=non-requeueable deps ti=<TaskInstance: idp.fetch_from_mongo manual__2025-02-07T09:18:11.678352+00:00 [queued]>
[2025-02-07T09:18:15.108+0000] {taskinstance.py:2613} INFO - Dependencies all met for dep_context=requeueable deps ti=<TaskInstance: idp.fetch_from_mongo manual__2025-02-07T09:18:11.678352+00:00 [queued]>
[2025-02-07T09:18:15.108+0000] {taskinstance.py:2866} INFO - Starting attempt 1 of 2
[2025-02-07T09:18:15.115+0000] {taskinstance.py:2889} INFO - Executing <Task(PythonOperator): fetch_from_mongo> on 2025-02-07 09:18:11.678352+00:00
[2025-02-07T09:18:15.119+0000] {warnings.py:112} WARNING - /home/***/.local/lib/python3.12/site-packages/***/task/task_runner/standard_task_runner.py:70: DeprecationWarning: This process (pid=1744) is multi-threaded, use of fork() may lead to deadlocks in the child.
  pid = os.fork()

[2025-02-07T09:18:15.120+0000] {standard_task_runner.py:72} INFO - Started process 1745 to run task
[2025-02-07T09:18:15.121+0000] {standard_task_runner.py:104} INFO - Running: ['***', 'tasks', 'run', 'idp', 'fetch_from_mongo', 'manual__2025-02-07T09:18:11.678352+00:00', '--job-id', '290', '--raw', '--subdir', 'DAGS_FOLDER/idp.py', '--cfg-path', '/tmp/tmpr9o9wrgv']
[2025-02-07T09:18:15.122+0000] {standard_task_runner.py:105} INFO - Job 290: Subtask fetch_from_mongo
[2025-02-07T09:18:15.147+0000] {task_command.py:467} INFO - Running <TaskInstance: idp.fetch_from_mongo manual__2025-02-07T09:18:11.678352+00:00 [running]> on host 3aa1f743f988
[2025-02-07T09:18:15.190+0000] {taskinstance.py:3132} INFO - Exporting env vars: AIRFLOW_CTX_DAG_OWNER='***' AIRFLOW_CTX_DAG_ID='idp' AIRFLOW_CTX_TASK_ID='fetch_from_mongo' AIRFLOW_CTX_EXECUTION_DATE='2025-02-07T09:18:11.678352+00:00' AIRFLOW_CTX_TRY_NUMBER='1' AIRFLOW_CTX_DAG_RUN_ID='manual__2025-02-07T09:18:11.678352+00:00'
[2025-02-07T09:18:15.191+0000] {logging_mixin.py:190} INFO - Task instance is in running state
[2025-02-07T09:18:15.191+0000] {logging_mixin.py:190} INFO -  Previous state of the Task instance: queued
[2025-02-07T09:18:15.191+0000] {logging_mixin.py:190} INFO - Current task name:fetch_from_mongo state:running start_date:2025-02-07 09:18:15.104422+00:00
[2025-02-07T09:18:15.191+0000] {logging_mixin.py:190} INFO - Dag name:idp and current dag run status:running
[2025-02-07T09:18:15.191+0000] {taskinstance.py:731} INFO - ::endgroup::
[2025-02-07T09:18:15.191+0000] {logging_mixin.py:190} INFO - Received message from XCom: "675266f7b8c017a58d37feaf"
[2025-02-07T09:18:15.758+0000] {logging_mixin.py:190} INFO - Fetched data: []
[2025-02-07T09:18:15.795+0000] {python.py:240} INFO - Done. Returned value was: []
[2025-02-07T09:18:15.820+0000] {taskinstance.py:340} INFO - ::group::Post task execution logs
[2025-02-07T09:18:15.820+0000] {taskinstance.py:352} INFO - Marking task as SUCCESS. dag_id=idp, task_id=fetch_from_mongo, run_id=manual__2025-02-07T09:18:11.678352+00:00, execution_date=20250207T091811, start_date=20250207T091815, end_date=20250207T091815
[2025-02-07T09:18:15.827+0000] {logging_mixin.py:190} INFO - Task instance in success state
[2025-02-07T09:18:15.828+0000] {logging_mixin.py:190} INFO -  Previous state of the Task instance: running
[2025-02-07T09:18:15.828+0000] {logging_mixin.py:190} INFO - Dag name:idp queued_at:2025-02-07 09:18:11.689722+00:00
[2025-02-07T09:18:15.828+0000] {logging_mixin.py:190} INFO - Task hostname:3aa1f743f988 operator:PythonOperator
[2025-02-07T09:18:15.838+0000] {local_task_job_runner.py:266} INFO - Task exited with return code 0
[2025-02-07T09:18:15.851+0000] {taskinstance.py:3895} INFO - 0 downstream tasks scheduled from follow-on schedule check
[2025-02-07T09:18:15.852+0000] {local_task_job_runner.py:245} INFO - ::endgroup::
