[2025-02-01T06:51:17.565+0000] {local_task_job_runner.py:123} INFO - ::group::Pre task execution logs
[2025-02-01T06:51:17.579+0000] {taskinstance.py:2613} INFO - Dependencies all met for dep_context=non-requeueable deps ti=<TaskInstance: idp.load_requests manual__2025-02-01T06:51:15.587520+00:00 [queued]>
[2025-02-01T06:51:17.584+0000] {taskinstance.py:2613} INFO - Dependencies all met for dep_context=requeueable deps ti=<TaskInstance: idp.load_requests manual__2025-02-01T06:51:15.587520+00:00 [queued]>
[2025-02-01T06:51:17.584+0000] {taskinstance.py:2866} INFO - Starting attempt 1 of 2
[2025-02-01T06:51:17.595+0000] {taskinstance.py:2889} INFO - Executing <Task(PythonOperator): load_requests> on 2025-02-01 06:51:15.587520+00:00
[2025-02-01T06:51:17.602+0000] {warnings.py:112} WARNING - /home/***/.local/lib/python3.12/site-packages/***/task/task_runner/standard_task_runner.py:70: DeprecationWarning: This process (pid=130) is multi-threaded, use of fork() may lead to deadlocks in the child.
  pid = os.fork()

[2025-02-01T06:51:17.603+0000] {standard_task_runner.py:72} INFO - Started process 131 to run task
[2025-02-01T06:51:17.603+0000] {standard_task_runner.py:104} INFO - Running: ['***', 'tasks', 'run', 'idp', 'load_requests', 'manual__2025-02-01T06:51:15.587520+00:00', '--job-id', '87', '--raw', '--subdir', 'DAGS_FOLDER/idp.py', '--cfg-path', '/tmp/tmp8n5dqnvq']
[2025-02-01T06:51:17.604+0000] {standard_task_runner.py:105} INFO - Job 87: Subtask load_requests
[2025-02-01T06:51:17.641+0000] {task_command.py:467} INFO - Running <TaskInstance: idp.load_requests manual__2025-02-01T06:51:15.587520+00:00 [running]> on host e5b454575580
[2025-02-01T06:51:17.692+0000] {taskinstance.py:3132} INFO - Exporting env vars: AIRFLOW_CTX_DAG_OWNER='***' AIRFLOW_CTX_DAG_ID='idp' AIRFLOW_CTX_TASK_ID='load_requests' AIRFLOW_CTX_EXECUTION_DATE='2025-02-01T06:51:15.587520+00:00' AIRFLOW_CTX_TRY_NUMBER='1' AIRFLOW_CTX_DAG_RUN_ID='manual__2025-02-01T06:51:15.587520+00:00'
[2025-02-01T06:51:17.693+0000] {logging_mixin.py:190} INFO - Task instance is in running state
[2025-02-01T06:51:17.693+0000] {logging_mixin.py:190} INFO -  Previous state of the Task instance: queued
[2025-02-01T06:51:17.694+0000] {logging_mixin.py:190} INFO - Current task name:load_requests state:running start_date:2025-02-01 06:51:17.580309+00:00
[2025-02-01T06:51:17.694+0000] {logging_mixin.py:190} INFO - Dag name:idp and current dag run status:running
[2025-02-01T06:51:17.694+0000] {taskinstance.py:731} INFO - ::endgroup::
[2025-02-01T06:51:17.695+0000] {logging_mixin.py:190} INFO - MongoDB connection failed: MONGODB_URI is not set!
[2025-02-01T06:51:17.695+0000] {python.py:240} INFO - Done. Returned value was: []
[2025-02-01T06:51:17.707+0000] {taskinstance.py:340} INFO - ::group::Post task execution logs
[2025-02-01T06:51:17.708+0000] {taskinstance.py:352} INFO - Marking task as SUCCESS. dag_id=idp, task_id=load_requests, run_id=manual__2025-02-01T06:51:15.587520+00:00, execution_date=20250201T065115, start_date=20250201T065117, end_date=20250201T065117
[2025-02-01T06:51:17.714+0000] {logging_mixin.py:190} INFO - Task instance in success state
[2025-02-01T06:51:17.714+0000] {logging_mixin.py:190} INFO -  Previous state of the Task instance: running
[2025-02-01T06:51:17.714+0000] {logging_mixin.py:190} INFO - Dag name:idp queued_at:2025-02-01 06:51:15.631192+00:00
[2025-02-01T06:51:17.714+0000] {logging_mixin.py:190} INFO - Task hostname:e5b454575580 operator:PythonOperator
[2025-02-01T06:51:17.748+0000] {local_task_job_runner.py:266} INFO - Task exited with return code 0
[2025-02-01T06:51:17.758+0000] {taskinstance.py:3895} INFO - 0 downstream tasks scheduled from follow-on schedule check
[2025-02-01T06:51:17.759+0000] {local_task_job_runner.py:245} INFO - ::endgroup::
