[2025-02-23T13:04:21.437+0000] {local_task_job_runner.py:123} INFO - ::group::Pre task execution logs
[2025-02-23T13:04:22.876+0000] {taskinstance.py:2613} INFO - Dependencies all met for dep_context=non-requeueable deps ti=<TaskInstance: idp.fetch_from_mongo manual__2025-02-23T13:02:58.235178+00:00 [queued]>
[2025-02-23T13:04:23.062+0000] {taskinstance.py:2613} INFO - Dependencies all met for dep_context=requeueable deps ti=<TaskInstance: idp.fetch_from_mongo manual__2025-02-23T13:02:58.235178+00:00 [queued]>
[2025-02-23T13:04:23.080+0000] {taskinstance.py:2866} INFO - Starting attempt 1 of 2
[2025-02-23T13:04:23.438+0000] {taskinstance.py:2889} INFO - Executing <Task(PythonOperator): fetch_from_mongo> on 2025-02-23 13:02:58.235178+00:00
[2025-02-23T13:04:23.570+0000] {standard_task_runner.py:104} INFO - Running: ['***', 'tasks', 'run', 'idp', 'fetch_from_mongo', 'manual__2025-02-23T13:02:58.235178+00:00', '--job-id', '405', '--raw', '--subdir', 'DAGS_FOLDER/idp.py', '--cfg-path', '/tmp/tmpd0iqm_m9']
[2025-02-23T13:04:23.580+0000] {standard_task_runner.py:105} INFO - Job 405: Subtask fetch_from_mongo
[2025-02-23T13:04:23.573+0000] {warnings.py:112} WARNING - /home/***/.local/lib/python3.12/site-packages/***/task/task_runner/standard_task_runner.py:70: DeprecationWarning: This process (pid=221) is multi-threaded, use of fork() may lead to deadlocks in the child.
  pid = os.fork()

[2025-02-23T13:04:23.601+0000] {standard_task_runner.py:72} INFO - Started process 229 to run task
[2025-02-23T13:04:24.030+0000] {task_command.py:467} INFO - Running <TaskInstance: idp.fetch_from_mongo manual__2025-02-23T13:02:58.235178+00:00 [running]> on host 9d363d0f65d2
[2025-02-23T13:04:24.798+0000] {taskinstance.py:3132} INFO - Exporting env vars: AIRFLOW_CTX_DAG_OWNER='***' AIRFLOW_CTX_DAG_ID='idp' AIRFLOW_CTX_TASK_ID='fetch_from_mongo' AIRFLOW_CTX_EXECUTION_DATE='2025-02-23T13:02:58.235178+00:00' AIRFLOW_CTX_TRY_NUMBER='1' AIRFLOW_CTX_DAG_RUN_ID='manual__2025-02-23T13:02:58.235178+00:00'
[2025-02-23T13:04:24.860+0000] {logging_mixin.py:190} INFO - Task instance is in running state
[2025-02-23T13:04:24.869+0000] {logging_mixin.py:190} INFO -  Previous state of the Task instance: queued
[2025-02-23T13:04:24.883+0000] {logging_mixin.py:190} INFO - Current task name:fetch_from_mongo state:running start_date:2025-02-23 13:04:22.903539+00:00
[2025-02-23T13:04:24.891+0000] {logging_mixin.py:190} INFO - Dag name:idp and current dag run status:running
[2025-02-23T13:04:24.900+0000] {taskinstance.py:731} INFO - ::endgroup::
[2025-02-23T13:04:24.925+0000] {logging_mixin.py:190} INFO - Received message from XCom: 675266f7b8c017a58d37feaf
[2025-02-23T13:04:30.642+0000] {logging_mixin.py:190} INFO - Fetched data: [{'_id': ObjectId('6753b9cf35a9b131c31aa825'), 'userid': '12345', 'vmname': 'vm-testing', 'vmsize': 'Standard_A1_v2', 'region': 'East Asia', 'os': 'Ubuntu', 'type': 'Virtual Machine', 'username': 'admin-orchestronic1', 'password': 'SecureP@ss123', 'allocationip': 'Static', 'projectid': '675266f7b8c017a58d37feaf', '__v': 0}, {'_id': ObjectId('67582f17d6f4134db9805eaa'), 'userid': '12345', 'vmname': 'vm-development', 'vmsize': 'Standard_A1_v2', 'region': 'East Asia', 'os': 'Ubuntu', 'type': 'Virtual Machine', 'username': 'admin-orchestronic2', 'password': 'SecureP@ss123', 'allocationip': 'Static', 'projectid': '675266f7b8c017a58d37feaf', '__v': 0}]
[2025-02-23T13:04:30.731+0000] {python.py:240} INFO - Done. Returned value was: [{"_id": {"$oid": "6753b9cf35a9b131c31aa825"}, "userid": "12345", "vmname": "vm-testing", "vmsize": "Standard_A1_v2", "region": "East Asia", "os": "Ubuntu", "type": "Virtual Machine", "username": "admin-orchestronic1", "password": "SecureP@ss123", "allocationip": "Static", "projectid": "675266f7b8c017a58d37feaf", "__v": 0}, {"_id": {"$oid": "67582f17d6f4134db9805eaa"}, "userid": "12345", "vmname": "vm-development", "vmsize": "Standard_A1_v2", "region": "East Asia", "os": "Ubuntu", "type": "Virtual Machine", "username": "admin-orchestronic2", "password": "SecureP@ss123", "allocationip": "Static", "projectid": "675266f7b8c017a58d37feaf", "__v": 0}]
[2025-02-23T13:04:32.020+0000] {taskinstance.py:340} INFO - ::group::Post task execution logs
[2025-02-23T13:04:32.128+0000] {taskinstance.py:352} INFO - Marking task as SUCCESS. dag_id=idp, task_id=fetch_from_mongo, run_id=manual__2025-02-23T13:02:58.235178+00:00, execution_date=20250223T130258, start_date=20250223T130422, end_date=20250223T130432
[2025-02-23T13:04:34.147+0000] {logging_mixin.py:190} INFO - Task instance in success state
[2025-02-23T13:04:34.220+0000] {logging_mixin.py:190} INFO -  Previous state of the Task instance: running
[2025-02-23T13:04:34.234+0000] {logging_mixin.py:190} INFO - Dag name:idp queued_at:2025-02-23 13:02:58.274410+00:00
[2025-02-23T13:04:34.242+0000] {logging_mixin.py:190} INFO - Task hostname:9d363d0f65d2 operator:PythonOperator
[2025-02-23T13:04:35.041+0000] {local_task_job_runner.py:266} INFO - Task exited with return code 0
[2025-02-23T13:04:35.386+0000] {taskinstance.py:3895} INFO - 1 downstream tasks scheduled from follow-on schedule check
[2025-02-23T13:04:35.411+0000] {local_task_job_runner.py:245} INFO - ::endgroup::
