[2025-02-23T13:24:28.381+0000] {local_task_job_runner.py:123} INFO - ::group::Pre task execution logs
[2025-02-23T13:24:28.410+0000] {taskinstance.py:2613} INFO - Dependencies all met for dep_context=non-requeueable deps ti=<TaskInstance: idp.fetch_from_mongo manual__2025-02-23T13:23:54.653402+00:00 [queued]>
[2025-02-23T13:24:28.434+0000] {taskinstance.py:2613} INFO - Dependencies all met for dep_context=requeueable deps ti=<TaskInstance: idp.fetch_from_mongo manual__2025-02-23T13:23:54.653402+00:00 [queued]>
[2025-02-23T13:24:28.437+0000] {taskinstance.py:2866} INFO - Starting attempt 1 of 2
[2025-02-23T13:24:28.474+0000] {taskinstance.py:2889} INFO - Executing <Task(PythonOperator): fetch_from_mongo> on 2025-02-23 13:23:54.653402+00:00
[2025-02-23T13:24:28.488+0000] {warnings.py:112} WARNING - /home/***/.local/lib/python3.12/site-packages/***/task/task_runner/standard_task_runner.py:70: DeprecationWarning: This process (pid=463) is multi-threaded, use of fork() may lead to deadlocks in the child.
  pid = os.fork()

[2025-02-23T13:24:28.495+0000] {standard_task_runner.py:72} INFO - Started process 464 to run task
[2025-02-23T13:24:28.497+0000] {standard_task_runner.py:104} INFO - Running: ['***', 'tasks', 'run', 'idp', 'fetch_from_mongo', 'manual__2025-02-23T13:23:54.653402+00:00', '--job-id', '411', '--raw', '--subdir', 'DAGS_FOLDER/idp.py', '--cfg-path', '/tmp/tmp7_tkuwl6']
[2025-02-23T13:24:28.500+0000] {standard_task_runner.py:105} INFO - Job 411: Subtask fetch_from_mongo
[2025-02-23T13:24:28.715+0000] {task_command.py:467} INFO - Running <TaskInstance: idp.fetch_from_mongo manual__2025-02-23T13:23:54.653402+00:00 [running]> on host 9d363d0f65d2
[2025-02-23T13:24:28.964+0000] {taskinstance.py:3132} INFO - Exporting env vars: AIRFLOW_CTX_DAG_OWNER='***' AIRFLOW_CTX_DAG_ID='idp' AIRFLOW_CTX_TASK_ID='fetch_from_mongo' AIRFLOW_CTX_EXECUTION_DATE='2025-02-23T13:23:54.653402+00:00' AIRFLOW_CTX_TRY_NUMBER='1' AIRFLOW_CTX_DAG_RUN_ID='manual__2025-02-23T13:23:54.653402+00:00'
[2025-02-23T13:24:28.972+0000] {logging_mixin.py:190} INFO - Task instance is in running state
[2025-02-23T13:24:28.972+0000] {logging_mixin.py:190} INFO -  Previous state of the Task instance: queued
[2025-02-23T13:24:28.973+0000] {logging_mixin.py:190} INFO - Current task name:fetch_from_mongo state:running start_date:2025-02-23 13:24:28.411990+00:00
[2025-02-23T13:24:28.973+0000] {logging_mixin.py:190} INFO - Dag name:idp and current dag run status:running
[2025-02-23T13:24:28.975+0000] {taskinstance.py:731} INFO - ::endgroup::
[2025-02-23T13:24:28.977+0000] {logging_mixin.py:190} INFO - Received message from XCom: 675266f7b8c017a58d37feaf
[2025-02-23T13:24:30.132+0000] {logging_mixin.py:190} INFO - Fetched data: [{'_id': ObjectId('6753b9cf35a9b131c31aa825'), 'userid': '12345', 'vmname': 'vm-testing', 'vmsize': 'Standard_A1_v2', 'region': 'East Asia', 'os': 'Ubuntu', 'type': 'Virtual Machine', 'username': 'admin-orchestronic1', 'password': 'SecureP@ss123', 'allocationip': 'Static', 'projectid': '675266f7b8c017a58d37feaf', '__v': 0}, {'_id': ObjectId('67582f17d6f4134db9805eaa'), 'userid': '12345', 'vmname': 'vm-development', 'vmsize': 'Standard_A1_v2', 'region': 'East Asia', 'os': 'Ubuntu', 'type': 'Virtual Machine', 'username': 'admin-orchestronic2', 'password': 'SecureP@ss123', 'allocationip': 'Static', 'projectid': '675266f7b8c017a58d37feaf', '__v': 0}]
[2025-02-23T13:24:30.190+0000] {python.py:240} INFO - Done. Returned value was: [{"_id": {"$oid": "6753b9cf35a9b131c31aa825"}, "userid": "12345", "vmname": "vm-testing", "vmsize": "Standard_A1_v2", "region": "East Asia", "os": "Ubuntu", "type": "Virtual Machine", "username": "admin-orchestronic1", "password": "SecureP@ss123", "allocationip": "Static", "projectid": "675266f7b8c017a58d37feaf", "__v": 0}, {"_id": {"$oid": "67582f17d6f4134db9805eaa"}, "userid": "12345", "vmname": "vm-development", "vmsize": "Standard_A1_v2", "region": "East Asia", "os": "Ubuntu", "type": "Virtual Machine", "username": "admin-orchestronic2", "password": "SecureP@ss123", "allocationip": "Static", "projectid": "675266f7b8c017a58d37feaf", "__v": 0}]
[2025-02-23T13:24:30.299+0000] {taskinstance.py:340} INFO - ::group::Post task execution logs
[2025-02-23T13:24:30.300+0000] {taskinstance.py:352} INFO - Marking task as SUCCESS. dag_id=idp, task_id=fetch_from_mongo, run_id=manual__2025-02-23T13:23:54.653402+00:00, execution_date=20250223T132354, start_date=20250223T132428, end_date=20250223T132430
[2025-02-23T13:24:30.351+0000] {logging_mixin.py:190} INFO - Task instance in success state
[2025-02-23T13:24:30.356+0000] {logging_mixin.py:190} INFO -  Previous state of the Task instance: running
[2025-02-23T13:24:30.368+0000] {logging_mixin.py:190} INFO - Dag name:idp queued_at:2025-02-23 13:23:55.272314+00:00
[2025-02-23T13:24:30.368+0000] {logging_mixin.py:190} INFO - Task hostname:9d363d0f65d2 operator:PythonOperator
[2025-02-23T13:24:30.436+0000] {local_task_job_runner.py:266} INFO - Task exited with return code 0
[2025-02-23T13:24:30.536+0000] {taskinstance.py:3895} INFO - 1 downstream tasks scheduled from follow-on schedule check
[2025-02-23T13:24:30.544+0000] {local_task_job_runner.py:245} INFO - ::endgroup::
