[2025-02-02T08:10:03.049+0000] {local_task_job_runner.py:123} INFO - ::group::Pre task execution logs
[2025-02-02T08:10:03.057+0000] {taskinstance.py:2613} INFO - Dependencies all met for dep_context=non-requeueable deps ti=<TaskInstance: idp_fetch_mongo.fetch_from_mongo manual__2025-02-02T08:09:33.187171+00:00 [queued]>
[2025-02-02T08:10:03.060+0000] {taskinstance.py:2613} INFO - Dependencies all met for dep_context=requeueable deps ti=<TaskInstance: idp_fetch_mongo.fetch_from_mongo manual__2025-02-02T08:09:33.187171+00:00 [queued]>
[2025-02-02T08:10:03.061+0000] {taskinstance.py:2866} INFO - Starting attempt 1 of 2
[2025-02-02T08:10:03.067+0000] {taskinstance.py:2889} INFO - Executing <Task(PythonOperator): fetch_from_mongo> on 2025-02-02 08:09:33.187171+00:00
[2025-02-02T08:10:03.072+0000] {warnings.py:112} WARNING - /home/***/.local/lib/python3.12/site-packages/***/task/task_runner/standard_task_runner.py:70: DeprecationWarning: This process (pid=665) is multi-threaded, use of fork() may lead to deadlocks in the child.
  pid = os.fork()

[2025-02-02T08:10:03.074+0000] {standard_task_runner.py:72} INFO - Started process 666 to run task
[2025-02-02T08:10:03.074+0000] {standard_task_runner.py:104} INFO - Running: ['***', 'tasks', 'run', 'idp_fetch_mongo', 'fetch_from_mongo', 'manual__2025-02-02T08:09:33.187171+00:00', '--job-id', '117', '--raw', '--subdir', 'DAGS_FOLDER/idp.py', '--cfg-path', '/tmp/tmpx7nagb4y']
[2025-02-02T08:10:03.075+0000] {standard_task_runner.py:105} INFO - Job 117: Subtask fetch_from_mongo
[2025-02-02T08:10:03.110+0000] {task_command.py:467} INFO - Running <TaskInstance: idp_fetch_mongo.fetch_from_mongo manual__2025-02-02T08:09:33.187171+00:00 [running]> on host 3aa1f743f988
[2025-02-02T08:10:03.149+0000] {taskinstance.py:3132} INFO - Exporting env vars: AIRFLOW_CTX_DAG_OWNER='***' AIRFLOW_CTX_DAG_ID='idp_fetch_mongo' AIRFLOW_CTX_TASK_ID='fetch_from_mongo' AIRFLOW_CTX_EXECUTION_DATE='2025-02-02T08:09:33.187171+00:00' AIRFLOW_CTX_TRY_NUMBER='1' AIRFLOW_CTX_DAG_RUN_ID='manual__2025-02-02T08:09:33.187171+00:00'
[2025-02-02T08:10:03.150+0000] {logging_mixin.py:190} INFO - Task instance is in running state
[2025-02-02T08:10:03.150+0000] {logging_mixin.py:190} INFO -  Previous state of the Task instance: queued
[2025-02-02T08:10:03.150+0000] {logging_mixin.py:190} INFO - Current task name:fetch_from_mongo state:running start_date:2025-02-02 08:10:03.057780+00:00
[2025-02-02T08:10:03.150+0000] {logging_mixin.py:190} INFO - Dag name:idp_fetch_mongo and current dag run status:running
[2025-02-02T08:10:03.150+0000] {taskinstance.py:731} INFO - ::endgroup::
[2025-02-02T08:10:03.158+0000] {base.py:84} INFO - Retrieving connection 'mongoid'
[2025-02-02T08:10:03.161+0000] {logging_mixin.py:190} INFO - Error fetching from MongoDB: Bad database name "/admin:***@cluster0"
[2025-02-02T08:10:03.162+0000] {python.py:240} INFO - Done. Returned value was: []
[2025-02-02T08:10:03.172+0000] {taskinstance.py:340} INFO - ::group::Post task execution logs
[2025-02-02T08:10:03.173+0000] {taskinstance.py:352} INFO - Marking task as SUCCESS. dag_id=idp_fetch_mongo, task_id=fetch_from_mongo, run_id=manual__2025-02-02T08:09:33.187171+00:00, execution_date=20250202T080933, start_date=20250202T081003, end_date=20250202T081003
[2025-02-02T08:10:03.185+0000] {logging_mixin.py:190} INFO - Task instance in success state
[2025-02-02T08:10:03.186+0000] {logging_mixin.py:190} INFO -  Previous state of the Task instance: running
[2025-02-02T08:10:03.186+0000] {logging_mixin.py:190} INFO - Dag name:idp_fetch_mongo queued_at:2025-02-02 08:09:33.209308+00:00
[2025-02-02T08:10:03.186+0000] {logging_mixin.py:190} INFO - Task hostname:3aa1f743f988 operator:PythonOperator
[2025-02-02T08:10:03.218+0000] {local_task_job_runner.py:266} INFO - Task exited with return code 0
[2025-02-02T08:10:03.230+0000] {taskinstance.py:3895} INFO - 0 downstream tasks scheduled from follow-on schedule check
[2025-02-02T08:10:03.231+0000] {local_task_job_runner.py:245} INFO - ::endgroup::
