[2025-02-23T11:31:11.515+0000] {local_task_job_runner.py:123} INFO - ::group::Pre task execution logs
[2025-02-23T11:31:11.588+0000] {taskinstance.py:2613} INFO - Dependencies all met for dep_context=non-requeueable deps ti=<TaskInstance: idp.fetch_from_mongo manual__2025-02-23T10:58:33.806381+00:00 [queued]>
[2025-02-23T11:31:11.644+0000] {taskinstance.py:2613} INFO - Dependencies all met for dep_context=requeueable deps ti=<TaskInstance: idp.fetch_from_mongo manual__2025-02-23T10:58:33.806381+00:00 [queued]>
[2025-02-23T11:31:11.647+0000] {taskinstance.py:2866} INFO - Starting attempt 1 of 2
[2025-02-23T11:31:11.734+0000] {taskinstance.py:2889} INFO - Executing <Task(PythonOperator): fetch_from_mongo> on 2025-02-23 10:58:33.806381+00:00
[2025-02-23T11:31:11.804+0000] {warnings.py:112} WARNING - /home/***/.local/lib/python3.12/site-packages/***/task/task_runner/standard_task_runner.py:70: DeprecationWarning: This process (pid=2640) is multi-threaded, use of fork() may lead to deadlocks in the child.
  pid = os.fork()

[2025-02-23T11:31:11.817+0000] {standard_task_runner.py:72} INFO - Started process 2648 to run task
[2025-02-23T11:31:11.837+0000] {standard_task_runner.py:104} INFO - Running: ['***', 'tasks', 'run', 'idp', 'fetch_from_mongo', 'manual__2025-02-23T10:58:33.806381+00:00', '--job-id', '396', '--raw', '--subdir', 'DAGS_FOLDER/idp.py', '--cfg-path', '/tmp/tmptxcqpg0c']
[2025-02-23T11:31:11.840+0000] {standard_task_runner.py:105} INFO - Job 396: Subtask fetch_from_mongo
[2025-02-23T11:31:12.149+0000] {task_command.py:467} INFO - Running <TaskInstance: idp.fetch_from_mongo manual__2025-02-23T10:58:33.806381+00:00 [running]> on host 9d363d0f65d2
[2025-02-23T11:31:12.520+0000] {taskinstance.py:3132} INFO - Exporting env vars: AIRFLOW_CTX_DAG_OWNER='***' AIRFLOW_CTX_DAG_ID='idp' AIRFLOW_CTX_TASK_ID='fetch_from_mongo' AIRFLOW_CTX_EXECUTION_DATE='2025-02-23T10:58:33.806381+00:00' AIRFLOW_CTX_TRY_NUMBER='1' AIRFLOW_CTX_DAG_RUN_ID='manual__2025-02-23T10:58:33.806381+00:00'
[2025-02-23T11:31:12.526+0000] {logging_mixin.py:190} INFO - Task instance is in running state
[2025-02-23T11:31:12.527+0000] {logging_mixin.py:190} INFO -  Previous state of the Task instance: queued
[2025-02-23T11:31:12.528+0000] {logging_mixin.py:190} INFO - Current task name:fetch_from_mongo state:running start_date:2025-02-23 11:31:11.589148+00:00
[2025-02-23T11:31:12.531+0000] {logging_mixin.py:190} INFO - Dag name:idp and current dag run status:running
[2025-02-23T11:31:12.532+0000] {taskinstance.py:731} INFO - ::endgroup::
[2025-02-23T11:31:12.537+0000] {logging_mixin.py:190} INFO - Received message from XCom: 
[2025-02-23T11:31:13.613+0000] {logging_mixin.py:190} INFO - Fetched data: []
[2025-02-23T11:31:13.655+0000] {python.py:240} INFO - Done. Returned value was: []
[2025-02-23T11:31:13.765+0000] {taskinstance.py:340} INFO - ::group::Post task execution logs
[2025-02-23T11:31:13.768+0000] {taskinstance.py:352} INFO - Marking task as SUCCESS. dag_id=idp, task_id=fetch_from_mongo, run_id=manual__2025-02-23T10:58:33.806381+00:00, execution_date=20250223T105833, start_date=20250223T113111, end_date=20250223T113113
[2025-02-23T11:31:13.793+0000] {logging_mixin.py:190} INFO - Task instance in success state
[2025-02-23T11:31:13.808+0000] {logging_mixin.py:190} INFO -  Previous state of the Task instance: running
[2025-02-23T11:31:13.813+0000] {logging_mixin.py:190} INFO - Dag name:idp queued_at:2025-02-23 10:58:34.071506+00:00
[2025-02-23T11:31:13.814+0000] {logging_mixin.py:190} INFO - Task hostname:9d363d0f65d2 operator:PythonOperator
[2025-02-23T11:31:13.882+0000] {local_task_job_runner.py:266} INFO - Task exited with return code 0
[2025-02-23T11:31:14.008+0000] {taskinstance.py:3895} INFO - 1 downstream tasks scheduled from follow-on schedule check
[2025-02-23T11:31:14.015+0000] {local_task_job_runner.py:245} INFO - ::endgroup::
