[2025-02-07T07:48:00.678+0000] {local_task_job_runner.py:123} INFO - ::group::Pre task execution logs
[2025-02-07T07:48:00.688+0000] {taskinstance.py:2613} INFO - Dependencies all met for dep_context=non-requeueable deps ti=<TaskInstance: idp.rabbitmq_consumer manual__2025-02-07T07:47:58.538152+00:00 [queued]>
[2025-02-07T07:48:00.692+0000] {taskinstance.py:2613} INFO - Dependencies all met for dep_context=requeueable deps ti=<TaskInstance: idp.rabbitmq_consumer manual__2025-02-07T07:47:58.538152+00:00 [queued]>
[2025-02-07T07:48:00.692+0000] {taskinstance.py:2866} INFO - Starting attempt 1 of 2
[2025-02-07T07:48:00.699+0000] {taskinstance.py:2889} INFO - Executing <Task(PythonOperator): rabbitmq_consumer> on 2025-02-07 07:47:58.538152+00:00
[2025-02-07T07:48:00.706+0000] {warnings.py:112} WARNING - /home/***/.local/lib/python3.12/site-packages/***/task/task_runner/standard_task_runner.py:70: DeprecationWarning: This process (pid=375) is multi-threaded, use of fork() may lead to deadlocks in the child.
  pid = os.fork()

[2025-02-07T07:48:00.708+0000] {standard_task_runner.py:72} INFO - Started process 376 to run task
[2025-02-07T07:48:00.708+0000] {standard_task_runner.py:104} INFO - Running: ['***', 'tasks', 'run', 'idp', 'rabbitmq_consumer', 'manual__2025-02-07T07:47:58.538152+00:00', '--job-id', '248', '--raw', '--subdir', 'DAGS_FOLDER/idp.py', '--cfg-path', '/tmp/tmpr007i593']
[2025-02-07T07:48:00.709+0000] {standard_task_runner.py:105} INFO - Job 248: Subtask rabbitmq_consumer
[2025-02-07T07:48:00.743+0000] {task_command.py:467} INFO - Running <TaskInstance: idp.rabbitmq_consumer manual__2025-02-07T07:47:58.538152+00:00 [running]> on host 3aa1f743f988
[2025-02-07T07:48:00.802+0000] {taskinstance.py:3132} INFO - Exporting env vars: AIRFLOW_CTX_DAG_OWNER='***' AIRFLOW_CTX_DAG_ID='idp' AIRFLOW_CTX_TASK_ID='rabbitmq_consumer' AIRFLOW_CTX_EXECUTION_DATE='2025-02-07T07:47:58.538152+00:00' AIRFLOW_CTX_TRY_NUMBER='1' AIRFLOW_CTX_DAG_RUN_ID='manual__2025-02-07T07:47:58.538152+00:00'
[2025-02-07T07:48:00.803+0000] {logging_mixin.py:190} INFO - Task instance is in running state
[2025-02-07T07:48:00.803+0000] {logging_mixin.py:190} INFO -  Previous state of the Task instance: queued
[2025-02-07T07:48:00.803+0000] {logging_mixin.py:190} INFO - Current task name:rabbitmq_consumer state:running start_date:2025-02-07 07:48:00.688409+00:00
[2025-02-07T07:48:00.804+0000] {logging_mixin.py:190} INFO - Dag name:idp and current dag run status:running
[2025-02-07T07:48:00.804+0000] {taskinstance.py:731} INFO - ::endgroup::
[2025-02-07T07:48:00.805+0000] {logging_mixin.py:190} INFO - RABBITMQ_URL: amqp://rabbitmq:rabbitmq@localhost:5672
[2025-02-07T07:48:00.806+0000] {logging_mixin.py:190} INFO - RabbitMQ Host: localhost
[2025-02-07T07:48:00.806+0000] {logging_mixin.py:190} INFO - RabbitMQ Port: 5672
[2025-02-07T07:48:00.806+0000] {logging_mixin.py:190} INFO - Error in listener: AMQPConnectionWorkflow.__init__() got an unexpected keyword argument 'host'
[2025-02-07T07:48:00.806+0000] {logging_mixin.py:190} INFO - Listener stopped.
[2025-02-07T07:48:00.806+0000] {python.py:240} INFO - Done. Returned value was: None
[2025-02-07T07:48:00.812+0000] {taskinstance.py:340} INFO - ::group::Post task execution logs
[2025-02-07T07:48:00.812+0000] {taskinstance.py:352} INFO - Marking task as SUCCESS. dag_id=idp, task_id=rabbitmq_consumer, run_id=manual__2025-02-07T07:47:58.538152+00:00, execution_date=20250207T074758, start_date=20250207T074800, end_date=20250207T074800
[2025-02-07T07:48:00.817+0000] {logging_mixin.py:190} INFO - Task instance in success state
[2025-02-07T07:48:00.818+0000] {logging_mixin.py:190} INFO -  Previous state of the Task instance: running
[2025-02-07T07:48:00.818+0000] {logging_mixin.py:190} INFO - Dag name:idp queued_at:2025-02-07 07:47:58.553067+00:00
[2025-02-07T07:48:00.818+0000] {logging_mixin.py:190} INFO - Task hostname:3aa1f743f988 operator:PythonOperator
[2025-02-07T07:48:00.852+0000] {local_task_job_runner.py:266} INFO - Task exited with return code 0
[2025-02-07T07:48:00.864+0000] {taskinstance.py:3895} INFO - 0 downstream tasks scheduled from follow-on schedule check
[2025-02-07T07:48:00.865+0000] {local_task_job_runner.py:245} INFO - ::endgroup::
