[2025-02-23T07:33:05.134+0000] {local_task_job_runner.py:123} INFO - ::group::Pre task execution logs
[2025-02-23T07:33:05.144+0000] {taskinstance.py:2613} INFO - Dependencies all met for dep_context=non-requeueable deps ti=<TaskInstance: idp.fetch_from_mongo manual__2025-02-22T04:57:18.035764+00:00 [queued]>
[2025-02-23T07:33:05.150+0000] {taskinstance.py:2613} INFO - Dependencies all met for dep_context=requeueable deps ti=<TaskInstance: idp.fetch_from_mongo manual__2025-02-22T04:57:18.035764+00:00 [queued]>
[2025-02-23T07:33:05.150+0000] {taskinstance.py:2866} INFO - Starting attempt 1 of 2
[2025-02-23T07:33:05.158+0000] {taskinstance.py:2889} INFO - Executing <Task(PythonOperator): fetch_from_mongo> on 2025-02-22 04:57:18.035764+00:00
[2025-02-23T07:33:05.164+0000] {warnings.py:112} WARNING - /home/***/.local/lib/python3.12/site-packages/***/task/task_runner/standard_task_runner.py:70: DeprecationWarning: This process (pid=151) is multi-threaded, use of fork() may lead to deadlocks in the child.
  pid = os.fork()

[2025-02-23T07:33:05.165+0000] {standard_task_runner.py:72} INFO - Started process 152 to run task
[2025-02-23T07:33:05.166+0000] {standard_task_runner.py:104} INFO - Running: ['***', 'tasks', 'run', 'idp', 'fetch_from_mongo', 'manual__2025-02-22T04:57:18.035764+00:00', '--job-id', '370', '--raw', '--subdir', 'DAGS_FOLDER/idp.py', '--cfg-path', '/tmp/tmpb9mivla3']
[2025-02-23T07:33:05.167+0000] {standard_task_runner.py:105} INFO - Job 370: Subtask fetch_from_mongo
[2025-02-23T07:33:05.200+0000] {task_command.py:467} INFO - Running <TaskInstance: idp.fetch_from_mongo manual__2025-02-22T04:57:18.035764+00:00 [running]> on host 9d363d0f65d2
[2025-02-23T07:33:05.278+0000] {taskinstance.py:3132} INFO - Exporting env vars: AIRFLOW_CTX_DAG_OWNER='***' AIRFLOW_CTX_DAG_ID='idp' AIRFLOW_CTX_TASK_ID='fetch_from_mongo' AIRFLOW_CTX_EXECUTION_DATE='2025-02-22T04:57:18.035764+00:00' AIRFLOW_CTX_TRY_NUMBER='1' AIRFLOW_CTX_DAG_RUN_ID='manual__2025-02-22T04:57:18.035764+00:00'
[2025-02-23T07:33:05.279+0000] {logging_mixin.py:190} INFO - Task instance is in running state
[2025-02-23T07:33:05.280+0000] {logging_mixin.py:190} INFO -  Previous state of the Task instance: queued
[2025-02-23T07:33:05.280+0000] {logging_mixin.py:190} INFO - Current task name:fetch_from_mongo state:running start_date:2025-02-23 07:33:05.144735+00:00
[2025-02-23T07:33:05.280+0000] {logging_mixin.py:190} INFO - Dag name:idp and current dag run status:running
[2025-02-23T07:33:05.280+0000] {taskinstance.py:731} INFO - ::endgroup::
[2025-02-23T07:33:05.281+0000] {logging_mixin.py:190} INFO - Received message from XCom: 
[2025-02-23T07:33:05.938+0000] {logging_mixin.py:190} INFO - Fetched data: []
[2025-02-23T07:33:05.973+0000] {python.py:240} INFO - Done. Returned value was: []
[2025-02-23T07:33:05.990+0000] {taskinstance.py:340} INFO - ::group::Post task execution logs
[2025-02-23T07:33:05.992+0000] {taskinstance.py:352} INFO - Marking task as SUCCESS. dag_id=idp, task_id=fetch_from_mongo, run_id=manual__2025-02-22T04:57:18.035764+00:00, execution_date=20250222T045718, start_date=20250223T073305, end_date=20250223T073305
[2025-02-23T07:33:05.998+0000] {logging_mixin.py:190} INFO - Task instance in success state
[2025-02-23T07:33:05.999+0000] {logging_mixin.py:190} INFO -  Previous state of the Task instance: running
[2025-02-23T07:33:05.999+0000] {logging_mixin.py:190} INFO - Dag name:idp queued_at:2025-02-22 04:57:18.045064+00:00
[2025-02-23T07:33:06.003+0000] {logging_mixin.py:190} INFO - Task hostname:9d363d0f65d2 operator:PythonOperator
[2025-02-23T07:33:06.022+0000] {local_task_job_runner.py:266} INFO - Task exited with return code 0
[2025-02-23T07:33:06.040+0000] {taskinstance.py:3895} INFO - 0 downstream tasks scheduled from follow-on schedule check
[2025-02-23T07:33:06.041+0000] {local_task_job_runner.py:245} INFO - ::endgroup::
