[2025-02-07T06:14:32.106+0000] {local_task_job_runner.py:123} INFO - ::group::Pre task execution logs
[2025-02-07T06:14:32.214+0000] {taskinstance.py:2613} INFO - Dependencies all met for dep_context=non-requeueable deps ti=<TaskInstance: idp_fetch_mongo.rabbitmq_consumer manual__2025-02-07T06:14:27.215288+00:00 [queued]>
[2025-02-07T06:14:32.219+0000] {taskinstance.py:2613} INFO - Dependencies all met for dep_context=requeueable deps ti=<TaskInstance: idp_fetch_mongo.rabbitmq_consumer manual__2025-02-07T06:14:27.215288+00:00 [queued]>
[2025-02-07T06:14:32.219+0000] {taskinstance.py:2866} INFO - Starting attempt 1 of 2
[2025-02-07T06:14:32.226+0000] {taskinstance.py:2889} INFO - Executing <Task(PythonOperator): rabbitmq_consumer> on 2025-02-07 06:14:27.215288+00:00
[2025-02-07T06:14:32.232+0000] {warnings.py:112} WARNING - /home/***/.local/lib/python3.12/site-packages/***/task/task_runner/standard_task_runner.py:70: DeprecationWarning: This process (pid=873) is multi-threaded, use of fork() may lead to deadlocks in the child.
  pid = os.fork()

[2025-02-07T06:14:32.233+0000] {standard_task_runner.py:72} INFO - Started process 874 to run task
[2025-02-07T06:14:32.234+0000] {standard_task_runner.py:104} INFO - Running: ['***', 'tasks', 'run', 'idp_fetch_mongo', 'rabbitmq_consumer', 'manual__2025-02-07T06:14:27.215288+00:00', '--job-id', '207', '--raw', '--subdir', 'DAGS_FOLDER/idp.py', '--cfg-path', '/tmp/tmpf2wrpytx']
[2025-02-07T06:14:32.235+0000] {standard_task_runner.py:105} INFO - Job 207: Subtask rabbitmq_consumer
[2025-02-07T06:14:32.271+0000] {task_command.py:467} INFO - Running <TaskInstance: idp_fetch_mongo.rabbitmq_consumer manual__2025-02-07T06:14:27.215288+00:00 [running]> on host 3aa1f743f988
[2025-02-07T06:14:32.322+0000] {taskinstance.py:3132} INFO - Exporting env vars: AIRFLOW_CTX_DAG_OWNER='***' AIRFLOW_CTX_DAG_ID='idp_fetch_mongo' AIRFLOW_CTX_TASK_ID='rabbitmq_consumer' AIRFLOW_CTX_EXECUTION_DATE='2025-02-07T06:14:27.215288+00:00' AIRFLOW_CTX_TRY_NUMBER='1' AIRFLOW_CTX_DAG_RUN_ID='manual__2025-02-07T06:14:27.215288+00:00'
[2025-02-07T06:14:32.323+0000] {logging_mixin.py:190} INFO - Task instance is in running state
[2025-02-07T06:14:32.323+0000] {logging_mixin.py:190} INFO -  Previous state of the Task instance: queued
[2025-02-07T06:14:32.324+0000] {logging_mixin.py:190} INFO - Current task name:rabbitmq_consumer state:running start_date:2025-02-07 06:14:32.215385+00:00
[2025-02-07T06:14:32.324+0000] {logging_mixin.py:190} INFO - Dag name:idp_fetch_mongo and current dag run status:running
[2025-02-07T06:14:32.324+0000] {taskinstance.py:731} INFO - ::endgroup::
[2025-02-07T06:14:32.325+0000] {logging_mixin.py:190} INFO - Error in listener: 'NoneType' object is not subscriptable
[2025-02-07T06:14:32.325+0000] {python.py:240} INFO - Done. Returned value was: None
[2025-02-07T06:14:32.330+0000] {taskinstance.py:340} INFO - ::group::Post task execution logs
[2025-02-07T06:14:32.331+0000] {taskinstance.py:352} INFO - Marking task as SUCCESS. dag_id=idp_fetch_mongo, task_id=rabbitmq_consumer, run_id=manual__2025-02-07T06:14:27.215288+00:00, execution_date=20250207T061427, start_date=20250207T061432, end_date=20250207T061432
[2025-02-07T06:14:32.336+0000] {logging_mixin.py:190} INFO - Task instance in success state
[2025-02-07T06:14:32.337+0000] {logging_mixin.py:190} INFO -  Previous state of the Task instance: running
[2025-02-07T06:14:32.337+0000] {logging_mixin.py:190} INFO - Dag name:idp_fetch_mongo queued_at:2025-02-07 06:14:27.290078+00:00
[2025-02-07T06:14:32.337+0000] {logging_mixin.py:190} INFO - Task hostname:3aa1f743f988 operator:PythonOperator
[2025-02-07T06:14:32.378+0000] {local_task_job_runner.py:266} INFO - Task exited with return code 0
[2025-02-07T06:14:32.389+0000] {taskinstance.py:3895} INFO - 0 downstream tasks scheduled from follow-on schedule check
[2025-02-07T06:14:32.390+0000] {local_task_job_runner.py:245} INFO - ::endgroup::
